[2024-04-25T11:07:12.769+0800] {local_task_job_runner.py:120} INFO - ::group::Pre task execution logs
[2024-04-25T11:07:12.840+0800] {taskinstance.py:2073} INFO - Dependencies all met for dep_context=non-requeueable deps ti=<TaskInstance: 3107_project.clean_linkedin_jobs__2 manual__2024-04-25T01:42:19.198356+00:00 [queued]>
[2024-04-25T11:07:12.853+0800] {taskinstance.py:2073} INFO - Dependencies all met for dep_context=requeueable deps ti=<TaskInstance: 3107_project.clean_linkedin_jobs__2 manual__2024-04-25T01:42:19.198356+00:00 [queued]>
[2024-04-25T11:07:12.854+0800] {taskinstance.py:2303} INFO - Starting attempt 1 of 1
[2024-04-25T11:07:12.896+0800] {taskinstance.py:2327} INFO - Executing <Task(_PythonDecoratedOperator): clean_linkedin_jobs__2> on 2024-04-25 01:42:19.198356+00:00
[2024-04-25T11:07:12.900+0800] {standard_task_runner.py:63} INFO - Started process 1905462 to run task
[2024-04-25T11:07:12.904+0800] {standard_task_runner.py:90} INFO - Running: ['airflow', 'tasks', 'run', '3107_project', 'clean_linkedin_jobs__2', 'manual__2024-04-25T01:42:19.198356+00:00', '--job-id', '548', '--raw', '--subdir', 'DAGS_FOLDER/dag.py', '--cfg-path', '/tmp/tmpa2p_7taw']
[2024-04-25T11:07:12.906+0800] {standard_task_runner.py:91} INFO - Job 548: Subtask clean_linkedin_jobs__2
[2024-04-25T11:07:12.978+0800] {task_command.py:426} INFO - Running <TaskInstance: 3107_project.clean_linkedin_jobs__2 manual__2024-04-25T01:42:19.198356+00:00 [running]> on host DESKTOP-COSTHAS.
[2024-04-25T11:07:13.132+0800] {taskinstance.py:2644} INFO - Exporting env vars: AIRFLOW_CTX_DAG_OWNER='airflow' AIRFLOW_CTX_DAG_ID='3107_project' AIRFLOW_CTX_TASK_ID='clean_linkedin_jobs__2' AIRFLOW_CTX_EXECUTION_DATE='2024-04-25T01:42:19.198356+00:00' AIRFLOW_CTX_TRY_NUMBER='1' AIRFLOW_CTX_DAG_RUN_ID='manual__2024-04-25T01:42:19.198356+00:00'
[2024-04-25T11:07:13.133+0800] {taskinstance.py:430} INFO - ::endgroup::
[2024-04-25T11:07:13.195+0800] {python.py:237} INFO - Done. Returned value was:                                                    url  ...              location
1    https://www.linkedin.com/jobs/collections/reco...  ...             Singapore
2    https://www.linkedin.com/jobs/collections/reco...  ...  Singapore, Singapore
3    https://www.linkedin.com/jobs/collections/reco...  ...             Singapore
4    https://www.linkedin.com/jobs/collections/reco...  ...  Singapore, Singapore
6    https://www.linkedin.com/jobs/collections/reco...  ...             Singapore
..                                                 ...  ...                   ...
443  https://www.linkedin.com/jobs/collections/reco...  ...  Singapore, Singapore
445  https://www.linkedin.com/jobs/collections/reco...  ...  Singapore, Singapore
446  https://www.linkedin.com/jobs/collections/reco...  ...  Singapore, Singapore
447  https://www.linkedin.com/jobs/collections/reco...  ...  Singapore, Singapore
448  https://www.linkedin.com/jobs/collections/reco...  ...  Singapore, Singapore

[277 rows x 6 columns]
[2024-04-25T11:07:13.217+0800] {taskinstance.py:441} INFO - ::group::Post task execution logs
[2024-04-25T11:07:13.425+0800] {taskinstance.py:1205} INFO - Marking task as SUCCESS. dag_id=3107_project, task_id=clean_linkedin_jobs__2, execution_date=20240425T014219, start_date=20240425T030712, end_date=20240425T030713
[2024-04-25T11:07:13.485+0800] {local_task_job_runner.py:240} INFO - Task exited with return code 0
[2024-04-25T11:07:13.514+0800] {taskinstance.py:3482} INFO - 0 downstream tasks scheduled from follow-on schedule check
[2024-04-25T11:07:13.516+0800] {local_task_job_runner.py:222} INFO - ::endgroup::
