[2024-04-25T11:08:01.330+0800] {local_task_job_runner.py:120} INFO - ::group::Pre task execution logs
[2024-04-25T11:08:01.416+0800] {taskinstance.py:2073} INFO - Dependencies all met for dep_context=non-requeueable deps ti=<TaskInstance: 3107_project.clean_linkedin_jobs__4 manual__2024-04-25T01:42:19.198356+00:00 [queued]>
[2024-04-25T11:08:01.432+0800] {taskinstance.py:2073} INFO - Dependencies all met for dep_context=requeueable deps ti=<TaskInstance: 3107_project.clean_linkedin_jobs__4 manual__2024-04-25T01:42:19.198356+00:00 [queued]>
[2024-04-25T11:08:01.434+0800] {taskinstance.py:2303} INFO - Starting attempt 1 of 1
[2024-04-25T11:08:01.476+0800] {taskinstance.py:2327} INFO - Executing <Task(_PythonDecoratedOperator): clean_linkedin_jobs__4> on 2024-04-25 01:42:19.198356+00:00
[2024-04-25T11:08:01.482+0800] {standard_task_runner.py:63} INFO - Started process 1905917 to run task
[2024-04-25T11:08:01.488+0800] {standard_task_runner.py:90} INFO - Running: ['airflow', 'tasks', 'run', '3107_project', 'clean_linkedin_jobs__4', 'manual__2024-04-25T01:42:19.198356+00:00', '--job-id', '550', '--raw', '--subdir', 'DAGS_FOLDER/dag.py', '--cfg-path', '/tmp/tmpov6mxvct']
[2024-04-25T11:08:01.490+0800] {standard_task_runner.py:91} INFO - Job 550: Subtask clean_linkedin_jobs__4
[2024-04-25T11:08:01.601+0800] {task_command.py:426} INFO - Running <TaskInstance: 3107_project.clean_linkedin_jobs__4 manual__2024-04-25T01:42:19.198356+00:00 [running]> on host DESKTOP-COSTHAS.
[2024-04-25T11:08:01.794+0800] {taskinstance.py:2644} INFO - Exporting env vars: AIRFLOW_CTX_DAG_OWNER='airflow' AIRFLOW_CTX_DAG_ID='3107_project' AIRFLOW_CTX_TASK_ID='clean_linkedin_jobs__4' AIRFLOW_CTX_EXECUTION_DATE='2024-04-25T01:42:19.198356+00:00' AIRFLOW_CTX_TRY_NUMBER='1' AIRFLOW_CTX_DAG_RUN_ID='manual__2024-04-25T01:42:19.198356+00:00'
[2024-04-25T11:08:01.797+0800] {taskinstance.py:430} INFO - ::endgroup::
[2024-04-25T11:08:01.866+0800] {python.py:237} INFO - Done. Returned value was:                                                    url  ...              location
1    https://www.linkedin.com/jobs/collections/reco...  ...  Singapore, Singapore
2    https://www.linkedin.com/jobs/collections/reco...  ...  Singapore, Singapore
3    https://www.linkedin.com/jobs/collections/reco...  ...             Singapore
4    https://www.linkedin.com/jobs/collections/reco...  ...             Singapore
6    https://www.linkedin.com/jobs/collections/reco...  ...             Singapore
..                                                 ...  ...                   ...
315  https://www.linkedin.com/jobs/collections/reco...  ...  Singapore, Singapore
317  https://www.linkedin.com/jobs/collections/reco...  ...  Singapore, Singapore
318  https://www.linkedin.com/jobs/collections/reco...  ...             Singapore
319  https://www.linkedin.com/jobs/collections/reco...  ...  Singapore, Singapore
321  https://www.linkedin.com/jobs/collections/reco...  ...  Singapore, Singapore

[252 rows x 6 columns]
[2024-04-25T11:08:01.893+0800] {taskinstance.py:441} INFO - ::group::Post task execution logs
[2024-04-25T11:08:02.152+0800] {taskinstance.py:1205} INFO - Marking task as SUCCESS. dag_id=3107_project, task_id=clean_linkedin_jobs__4, execution_date=20240425T014219, start_date=20240425T030801, end_date=20240425T030802
[2024-04-25T11:08:02.224+0800] {local_task_job_runner.py:240} INFO - Task exited with return code 0
[2024-04-25T11:08:02.293+0800] {taskinstance.py:3482} INFO - 0 downstream tasks scheduled from follow-on schedule check
[2024-04-25T11:08:02.298+0800] {local_task_job_runner.py:222} INFO - ::endgroup::
