[2024-04-25T11:05:58.146+0800] {local_task_job_runner.py:120} INFO - ::group::Pre task execution logs
[2024-04-25T11:05:58.589+0800] {taskinstance.py:2073} INFO - Dependencies all met for dep_context=non-requeueable deps ti=<TaskInstance: 3107_project.clean_linkedin_jobs manual__2024-04-25T01:42:19.198356+00:00 [queued]>
[2024-04-25T11:05:58.649+0800] {taskinstance.py:2073} INFO - Dependencies all met for dep_context=requeueable deps ti=<TaskInstance: 3107_project.clean_linkedin_jobs manual__2024-04-25T01:42:19.198356+00:00 [queued]>
[2024-04-25T11:05:58.654+0800] {taskinstance.py:2303} INFO - Starting attempt 1 of 1
[2024-04-25T11:05:58.794+0800] {taskinstance.py:2327} INFO - Executing <Task(_PythonDecoratedOperator): clean_linkedin_jobs> on 2024-04-25 01:42:19.198356+00:00
[2024-04-25T11:05:58.810+0800] {standard_task_runner.py:63} INFO - Started process 1904768 to run task
[2024-04-25T11:05:58.823+0800] {standard_task_runner.py:90} INFO - Running: ['airflow', 'tasks', 'run', '3107_project', 'clean_linkedin_jobs', 'manual__2024-04-25T01:42:19.198356+00:00', '--job-id', '546', '--raw', '--subdir', 'DAGS_FOLDER/dag.py', '--cfg-path', '/tmp/tmp7sz7kr45']
[2024-04-25T11:05:58.828+0800] {standard_task_runner.py:91} INFO - Job 546: Subtask clean_linkedin_jobs
[2024-04-25T11:05:59.231+0800] {task_command.py:426} INFO - Running <TaskInstance: 3107_project.clean_linkedin_jobs manual__2024-04-25T01:42:19.198356+00:00 [running]> on host DESKTOP-COSTHAS.
[2024-04-25T11:06:00.460+0800] {taskinstance.py:2644} INFO - Exporting env vars: AIRFLOW_CTX_DAG_OWNER='airflow' AIRFLOW_CTX_DAG_ID='3107_project' AIRFLOW_CTX_TASK_ID='clean_linkedin_jobs' AIRFLOW_CTX_EXECUTION_DATE='2024-04-25T01:42:19.198356+00:00' AIRFLOW_CTX_TRY_NUMBER='1' AIRFLOW_CTX_DAG_RUN_ID='manual__2024-04-25T01:42:19.198356+00:00'
[2024-04-25T11:06:00.466+0800] {taskinstance.py:430} INFO - ::endgroup::
[2024-04-25T11:06:01.171+0800] {python.py:237} INFO - Done. Returned value was:                                                    url  ...              location
0    https://www.linkedin.com/jobs/collections/reco...  ...             Singapore
1    https://www.linkedin.com/jobs/collections/reco...  ...             Singapore
2    https://www.linkedin.com/jobs/collections/reco...  ...             Singapore
5    https://www.linkedin.com/jobs/collections/reco...  ...  Singapore, Singapore
7    https://www.linkedin.com/jobs/collections/reco...  ...  Singapore, Singapore
..                                                 ...  ...                   ...
330  https://www.linkedin.com/jobs/collections/reco...  ...             Singapore
336  https://www.linkedin.com/jobs/collections/reco...  ...  Singapore, Singapore
342  https://www.linkedin.com/jobs/collections/reco...  ...  Singapore, Singapore
344  https://www.linkedin.com/jobs/collections/reco...  ...  Singapore, Singapore
346  https://www.linkedin.com/jobs/collections/reco...  ...             Singapore

[240 rows x 6 columns]
[2024-04-25T11:06:01.357+0800] {taskinstance.py:441} INFO - ::group::Post task execution logs
[2024-04-25T11:06:02.922+0800] {taskinstance.py:1205} INFO - Marking task as SUCCESS. dag_id=3107_project, task_id=clean_linkedin_jobs, execution_date=20240425T014219, start_date=20240425T030558, end_date=20240425T030602
[2024-04-25T11:06:03.095+0800] {local_task_job_runner.py:240} INFO - Task exited with return code 0
[2024-04-25T11:06:03.163+0800] {taskinstance.py:3482} INFO - 0 downstream tasks scheduled from follow-on schedule check
[2024-04-25T11:06:03.169+0800] {local_task_job_runner.py:222} INFO - ::endgroup::
