[2024-04-25T09:39:49.559+0800] {processor.py:161} INFO - Started process (PID=1859839) to work on /mnt/c/Users/Jason/Desktop/IS3107/is3107_DataEngineering/.venv/lib/python3.8/site-packages/airflow/example_dags/example_branch_labels.py
[2024-04-25T09:39:49.565+0800] {processor.py:830} INFO - Processing file /mnt/c/Users/Jason/Desktop/IS3107/is3107_DataEngineering/.venv/lib/python3.8/site-packages/airflow/example_dags/example_branch_labels.py for tasks to queue
[2024-04-25T09:39:49.571+0800] {logging_mixin.py:188} INFO - [2024-04-25T09:39:49.569+0800] {dagbag.py:540} INFO - Filling up the DagBag from /mnt/c/Users/Jason/Desktop/IS3107/is3107_DataEngineering/.venv/lib/python3.8/site-packages/airflow/example_dags/example_branch_labels.py
[2024-04-25T09:39:49.907+0800] {processor.py:840} INFO - DAG(s) 'example_branch_labels' retrieved from /mnt/c/Users/Jason/Desktop/IS3107/is3107_DataEngineering/.venv/lib/python3.8/site-packages/airflow/example_dags/example_branch_labels.py
[2024-04-25T09:39:51.929+0800] {logging_mixin.py:188} INFO - [2024-04-25T09:39:51.928+0800] {dag.py:3096} INFO - Sync 1 DAGs
[2024-04-25T09:39:52.153+0800] {logging_mixin.py:188} INFO - [2024-04-25T09:39:52.151+0800] {dag.py:3954} INFO - Setting next_dagrun for example_branch_labels to 2024-04-24 00:00:00+00:00, run_after=2024-04-25 00:00:00+00:00
[2024-04-25T09:39:52.279+0800] {processor.py:183} INFO - Processing /mnt/c/Users/Jason/Desktop/IS3107/is3107_DataEngineering/.venv/lib/python3.8/site-packages/airflow/example_dags/example_branch_labels.py took 2.750 seconds
[2024-04-25T11:50:26.521+0800] {processor.py:161} INFO - Started process (PID=1928119) to work on /mnt/c/Users/Jason/Desktop/IS3107/is3107_DataEngineering/.venv/lib/python3.8/site-packages/airflow/example_dags/example_branch_labels.py
[2024-04-25T11:50:26.523+0800] {processor.py:830} INFO - Processing file /mnt/c/Users/Jason/Desktop/IS3107/is3107_DataEngineering/.venv/lib/python3.8/site-packages/airflow/example_dags/example_branch_labels.py for tasks to queue
[2024-04-25T11:50:26.525+0800] {logging_mixin.py:188} INFO - [2024-04-25T11:50:26.525+0800] {dagbag.py:540} INFO - Filling up the DagBag from /mnt/c/Users/Jason/Desktop/IS3107/is3107_DataEngineering/.venv/lib/python3.8/site-packages/airflow/example_dags/example_branch_labels.py
[2024-04-25T11:50:26.558+0800] {processor.py:840} INFO - DAG(s) 'example_branch_labels' retrieved from /mnt/c/Users/Jason/Desktop/IS3107/is3107_DataEngineering/.venv/lib/python3.8/site-packages/airflow/example_dags/example_branch_labels.py
[2024-04-25T11:50:28.047+0800] {logging_mixin.py:188} INFO - [2024-04-25T11:50:28.045+0800] {dag.py:3096} INFO - Sync 1 DAGs
[2024-04-25T11:50:28.092+0800] {logging_mixin.py:188} INFO - [2024-04-25T11:50:28.090+0800] {dag.py:3954} INFO - Setting next_dagrun for example_branch_labels to 2024-04-24 00:00:00+00:00, run_after=2024-04-25 00:00:00+00:00
[2024-04-25T11:50:28.289+0800] {processor.py:183} INFO - Processing /mnt/c/Users/Jason/Desktop/IS3107/is3107_DataEngineering/.venv/lib/python3.8/site-packages/airflow/example_dags/example_branch_labels.py took 1.782 seconds
[2024-04-25T11:53:10.087+0800] {processor.py:161} INFO - Started process (PID=1929632) to work on /mnt/c/Users/Jason/Desktop/IS3107/is3107_DataEngineering/.venv/lib/python3.8/site-packages/airflow/example_dags/example_branch_labels.py
[2024-04-25T11:53:10.089+0800] {processor.py:830} INFO - Processing file /mnt/c/Users/Jason/Desktop/IS3107/is3107_DataEngineering/.venv/lib/python3.8/site-packages/airflow/example_dags/example_branch_labels.py for tasks to queue
[2024-04-25T11:53:10.093+0800] {logging_mixin.py:188} INFO - [2024-04-25T11:53:10.091+0800] {dagbag.py:540} INFO - Filling up the DagBag from /mnt/c/Users/Jason/Desktop/IS3107/is3107_DataEngineering/.venv/lib/python3.8/site-packages/airflow/example_dags/example_branch_labels.py
[2024-04-25T11:53:10.133+0800] {processor.py:840} INFO - DAG(s) 'example_branch_labels' retrieved from /mnt/c/Users/Jason/Desktop/IS3107/is3107_DataEngineering/.venv/lib/python3.8/site-packages/airflow/example_dags/example_branch_labels.py
[2024-04-25T11:53:10.172+0800] {logging_mixin.py:188} INFO - [2024-04-25T11:53:10.170+0800] {dag.py:3096} INFO - Sync 1 DAGs
[2024-04-25T11:53:10.208+0800] {logging_mixin.py:188} INFO - [2024-04-25T11:53:10.206+0800] {dag.py:3954} INFO - Setting next_dagrun for example_branch_labels to 2024-04-24 00:00:00+00:00, run_after=2024-04-25 00:00:00+00:00
[2024-04-25T11:53:10.310+0800] {processor.py:183} INFO - Processing /mnt/c/Users/Jason/Desktop/IS3107/is3107_DataEngineering/.venv/lib/python3.8/site-packages/airflow/example_dags/example_branch_labels.py took 0.238 seconds
[2024-04-25T11:55:04.504+0800] {processor.py:161} INFO - Started process (PID=1930695) to work on /mnt/c/Users/Jason/Desktop/IS3107/is3107_DataEngineering/.venv/lib/python3.8/site-packages/airflow/example_dags/example_branch_labels.py
[2024-04-25T11:55:04.509+0800] {processor.py:830} INFO - Processing file /mnt/c/Users/Jason/Desktop/IS3107/is3107_DataEngineering/.venv/lib/python3.8/site-packages/airflow/example_dags/example_branch_labels.py for tasks to queue
[2024-04-25T11:55:04.515+0800] {logging_mixin.py:188} INFO - [2024-04-25T11:55:04.512+0800] {dagbag.py:540} INFO - Filling up the DagBag from /mnt/c/Users/Jason/Desktop/IS3107/is3107_DataEngineering/.venv/lib/python3.8/site-packages/airflow/example_dags/example_branch_labels.py
[2024-04-25T11:55:04.590+0800] {processor.py:840} INFO - DAG(s) 'example_branch_labels' retrieved from /mnt/c/Users/Jason/Desktop/IS3107/is3107_DataEngineering/.venv/lib/python3.8/site-packages/airflow/example_dags/example_branch_labels.py
[2024-04-25T11:55:04.663+0800] {logging_mixin.py:188} INFO - [2024-04-25T11:55:04.661+0800] {dag.py:3096} INFO - Sync 1 DAGs
[2024-04-25T11:55:04.731+0800] {logging_mixin.py:188} INFO - [2024-04-25T11:55:04.729+0800] {dag.py:3954} INFO - Setting next_dagrun for example_branch_labels to 2024-04-24 00:00:00+00:00, run_after=2024-04-25 00:00:00+00:00
[2024-04-25T11:55:04.894+0800] {processor.py:183} INFO - Processing /mnt/c/Users/Jason/Desktop/IS3107/is3107_DataEngineering/.venv/lib/python3.8/site-packages/airflow/example_dags/example_branch_labels.py took 0.420 seconds
[2024-04-25T11:56:16.612+0800] {processor.py:161} INFO - Started process (PID=1931406) to work on /mnt/c/Users/Jason/Desktop/IS3107/is3107_DataEngineering/.venv/lib/python3.8/site-packages/airflow/example_dags/example_branch_labels.py
[2024-04-25T11:56:16.614+0800] {processor.py:830} INFO - Processing file /mnt/c/Users/Jason/Desktop/IS3107/is3107_DataEngineering/.venv/lib/python3.8/site-packages/airflow/example_dags/example_branch_labels.py for tasks to queue
[2024-04-25T11:56:16.616+0800] {logging_mixin.py:188} INFO - [2024-04-25T11:56:16.616+0800] {dagbag.py:540} INFO - Filling up the DagBag from /mnt/c/Users/Jason/Desktop/IS3107/is3107_DataEngineering/.venv/lib/python3.8/site-packages/airflow/example_dags/example_branch_labels.py
[2024-04-25T11:56:16.643+0800] {processor.py:840} INFO - DAG(s) 'example_branch_labels' retrieved from /mnt/c/Users/Jason/Desktop/IS3107/is3107_DataEngineering/.venv/lib/python3.8/site-packages/airflow/example_dags/example_branch_labels.py
[2024-04-25T11:56:16.670+0800] {logging_mixin.py:188} INFO - [2024-04-25T11:56:16.669+0800] {dag.py:3096} INFO - Sync 1 DAGs
[2024-04-25T11:56:16.704+0800] {logging_mixin.py:188} INFO - [2024-04-25T11:56:16.703+0800] {dag.py:3954} INFO - Setting next_dagrun for example_branch_labels to 2024-04-24 00:00:00+00:00, run_after=2024-04-25 00:00:00+00:00
[2024-04-25T11:56:16.776+0800] {processor.py:183} INFO - Processing /mnt/c/Users/Jason/Desktop/IS3107/is3107_DataEngineering/.venv/lib/python3.8/site-packages/airflow/example_dags/example_branch_labels.py took 0.174 seconds
[2024-04-25T11:57:22.404+0800] {processor.py:161} INFO - Started process (PID=1932024) to work on /mnt/c/Users/Jason/Desktop/IS3107/is3107_DataEngineering/.venv/lib/python3.8/site-packages/airflow/example_dags/example_branch_labels.py
[2024-04-25T11:57:22.406+0800] {processor.py:830} INFO - Processing file /mnt/c/Users/Jason/Desktop/IS3107/is3107_DataEngineering/.venv/lib/python3.8/site-packages/airflow/example_dags/example_branch_labels.py for tasks to queue
[2024-04-25T11:57:22.408+0800] {logging_mixin.py:188} INFO - [2024-04-25T11:57:22.407+0800] {dagbag.py:540} INFO - Filling up the DagBag from /mnt/c/Users/Jason/Desktop/IS3107/is3107_DataEngineering/.venv/lib/python3.8/site-packages/airflow/example_dags/example_branch_labels.py
[2024-04-25T11:57:22.440+0800] {processor.py:840} INFO - DAG(s) 'example_branch_labels' retrieved from /mnt/c/Users/Jason/Desktop/IS3107/is3107_DataEngineering/.venv/lib/python3.8/site-packages/airflow/example_dags/example_branch_labels.py
[2024-04-25T11:57:22.469+0800] {logging_mixin.py:188} INFO - [2024-04-25T11:57:22.468+0800] {dag.py:3096} INFO - Sync 1 DAGs
[2024-04-25T11:57:22.496+0800] {logging_mixin.py:188} INFO - [2024-04-25T11:57:22.495+0800] {dag.py:3954} INFO - Setting next_dagrun for example_branch_labels to 2024-04-24 00:00:00+00:00, run_after=2024-04-25 00:00:00+00:00
[2024-04-25T11:57:22.586+0800] {processor.py:183} INFO - Processing /mnt/c/Users/Jason/Desktop/IS3107/is3107_DataEngineering/.venv/lib/python3.8/site-packages/airflow/example_dags/example_branch_labels.py took 0.196 seconds
[2024-04-25T11:58:26.143+0800] {processor.py:161} INFO - Started process (PID=1932642) to work on /mnt/c/Users/Jason/Desktop/IS3107/is3107_DataEngineering/.venv/lib/python3.8/site-packages/airflow/example_dags/example_branch_labels.py
[2024-04-25T11:58:26.145+0800] {processor.py:830} INFO - Processing file /mnt/c/Users/Jason/Desktop/IS3107/is3107_DataEngineering/.venv/lib/python3.8/site-packages/airflow/example_dags/example_branch_labels.py for tasks to queue
[2024-04-25T11:58:26.149+0800] {logging_mixin.py:188} INFO - [2024-04-25T11:58:26.147+0800] {dagbag.py:540} INFO - Filling up the DagBag from /mnt/c/Users/Jason/Desktop/IS3107/is3107_DataEngineering/.venv/lib/python3.8/site-packages/airflow/example_dags/example_branch_labels.py
[2024-04-25T11:58:26.179+0800] {processor.py:840} INFO - DAG(s) 'example_branch_labels' retrieved from /mnt/c/Users/Jason/Desktop/IS3107/is3107_DataEngineering/.venv/lib/python3.8/site-packages/airflow/example_dags/example_branch_labels.py
[2024-04-25T11:58:26.208+0800] {logging_mixin.py:188} INFO - [2024-04-25T11:58:26.207+0800] {dag.py:3096} INFO - Sync 1 DAGs
[2024-04-25T11:58:26.232+0800] {logging_mixin.py:188} INFO - [2024-04-25T11:58:26.232+0800] {dag.py:3954} INFO - Setting next_dagrun for example_branch_labels to 2024-04-24 00:00:00+00:00, run_after=2024-04-25 00:00:00+00:00
[2024-04-25T11:58:26.301+0800] {processor.py:183} INFO - Processing /mnt/c/Users/Jason/Desktop/IS3107/is3107_DataEngineering/.venv/lib/python3.8/site-packages/airflow/example_dags/example_branch_labels.py took 0.173 seconds
[2024-04-25T11:59:35.526+0800] {processor.py:161} INFO - Started process (PID=1933310) to work on /mnt/c/Users/Jason/Desktop/IS3107/is3107_DataEngineering/.venv/lib/python3.8/site-packages/airflow/example_dags/example_branch_labels.py
[2024-04-25T11:59:35.528+0800] {processor.py:830} INFO - Processing file /mnt/c/Users/Jason/Desktop/IS3107/is3107_DataEngineering/.venv/lib/python3.8/site-packages/airflow/example_dags/example_branch_labels.py for tasks to queue
[2024-04-25T11:59:35.530+0800] {logging_mixin.py:188} INFO - [2024-04-25T11:59:35.529+0800] {dagbag.py:540} INFO - Filling up the DagBag from /mnt/c/Users/Jason/Desktop/IS3107/is3107_DataEngineering/.venv/lib/python3.8/site-packages/airflow/example_dags/example_branch_labels.py
[2024-04-25T11:59:35.557+0800] {processor.py:840} INFO - DAG(s) 'example_branch_labels' retrieved from /mnt/c/Users/Jason/Desktop/IS3107/is3107_DataEngineering/.venv/lib/python3.8/site-packages/airflow/example_dags/example_branch_labels.py
[2024-04-25T11:59:35.590+0800] {logging_mixin.py:188} INFO - [2024-04-25T11:59:35.589+0800] {dag.py:3096} INFO - Sync 1 DAGs
[2024-04-25T11:59:35.620+0800] {logging_mixin.py:188} INFO - [2024-04-25T11:59:35.618+0800] {dag.py:3954} INFO - Setting next_dagrun for example_branch_labels to 2024-04-24 00:00:00+00:00, run_after=2024-04-25 00:00:00+00:00
[2024-04-25T11:59:35.686+0800] {processor.py:183} INFO - Processing /mnt/c/Users/Jason/Desktop/IS3107/is3107_DataEngineering/.venv/lib/python3.8/site-packages/airflow/example_dags/example_branch_labels.py took 0.172 seconds
[2024-04-25T12:00:51.756+0800] {processor.py:161} INFO - Started process (PID=1934055) to work on /mnt/c/Users/Jason/Desktop/IS3107/is3107_DataEngineering/.venv/lib/python3.8/site-packages/airflow/example_dags/example_branch_labels.py
[2024-04-25T12:00:51.759+0800] {processor.py:830} INFO - Processing file /mnt/c/Users/Jason/Desktop/IS3107/is3107_DataEngineering/.venv/lib/python3.8/site-packages/airflow/example_dags/example_branch_labels.py for tasks to queue
[2024-04-25T12:00:51.765+0800] {logging_mixin.py:188} INFO - [2024-04-25T12:00:51.762+0800] {dagbag.py:540} INFO - Filling up the DagBag from /mnt/c/Users/Jason/Desktop/IS3107/is3107_DataEngineering/.venv/lib/python3.8/site-packages/airflow/example_dags/example_branch_labels.py
[2024-04-25T12:00:51.822+0800] {processor.py:840} INFO - DAG(s) 'example_branch_labels' retrieved from /mnt/c/Users/Jason/Desktop/IS3107/is3107_DataEngineering/.venv/lib/python3.8/site-packages/airflow/example_dags/example_branch_labels.py
[2024-04-25T12:00:51.882+0800] {logging_mixin.py:188} INFO - [2024-04-25T12:00:51.878+0800] {dag.py:3096} INFO - Sync 1 DAGs
[2024-04-25T12:00:51.946+0800] {logging_mixin.py:188} INFO - [2024-04-25T12:00:51.943+0800] {dag.py:3954} INFO - Setting next_dagrun for example_branch_labels to 2024-04-24 00:00:00+00:00, run_after=2024-04-25 00:00:00+00:00
[2024-04-25T12:00:52.085+0800] {processor.py:183} INFO - Processing /mnt/c/Users/Jason/Desktop/IS3107/is3107_DataEngineering/.venv/lib/python3.8/site-packages/airflow/example_dags/example_branch_labels.py took 0.355 seconds
[2024-04-25T12:02:09.431+0800] {processor.py:161} INFO - Started process (PID=1934779) to work on /mnt/c/Users/Jason/Desktop/IS3107/is3107_DataEngineering/.venv/lib/python3.8/site-packages/airflow/example_dags/example_branch_labels.py
[2024-04-25T12:02:09.433+0800] {processor.py:830} INFO - Processing file /mnt/c/Users/Jason/Desktop/IS3107/is3107_DataEngineering/.venv/lib/python3.8/site-packages/airflow/example_dags/example_branch_labels.py for tasks to queue
[2024-04-25T12:02:09.436+0800] {logging_mixin.py:188} INFO - [2024-04-25T12:02:09.435+0800] {dagbag.py:540} INFO - Filling up the DagBag from /mnt/c/Users/Jason/Desktop/IS3107/is3107_DataEngineering/.venv/lib/python3.8/site-packages/airflow/example_dags/example_branch_labels.py
[2024-04-25T12:02:09.475+0800] {processor.py:840} INFO - DAG(s) 'example_branch_labels' retrieved from /mnt/c/Users/Jason/Desktop/IS3107/is3107_DataEngineering/.venv/lib/python3.8/site-packages/airflow/example_dags/example_branch_labels.py
[2024-04-25T12:02:09.546+0800] {logging_mixin.py:188} INFO - [2024-04-25T12:02:09.545+0800] {dag.py:3096} INFO - Sync 1 DAGs
[2024-04-25T12:02:09.589+0800] {logging_mixin.py:188} INFO - [2024-04-25T12:02:09.587+0800] {dag.py:3954} INFO - Setting next_dagrun for example_branch_labels to 2024-04-24 00:00:00+00:00, run_after=2024-04-25 00:00:00+00:00
[2024-04-25T12:02:09.695+0800] {processor.py:183} INFO - Processing /mnt/c/Users/Jason/Desktop/IS3107/is3107_DataEngineering/.venv/lib/python3.8/site-packages/airflow/example_dags/example_branch_labels.py took 0.277 seconds
[2024-04-25T12:03:19.250+0800] {processor.py:161} INFO - Started process (PID=1935472) to work on /mnt/c/Users/Jason/Desktop/IS3107/is3107_DataEngineering/.venv/lib/python3.8/site-packages/airflow/example_dags/example_branch_labels.py
[2024-04-25T12:03:19.252+0800] {processor.py:830} INFO - Processing file /mnt/c/Users/Jason/Desktop/IS3107/is3107_DataEngineering/.venv/lib/python3.8/site-packages/airflow/example_dags/example_branch_labels.py for tasks to queue
[2024-04-25T12:03:19.254+0800] {logging_mixin.py:188} INFO - [2024-04-25T12:03:19.253+0800] {dagbag.py:540} INFO - Filling up the DagBag from /mnt/c/Users/Jason/Desktop/IS3107/is3107_DataEngineering/.venv/lib/python3.8/site-packages/airflow/example_dags/example_branch_labels.py
[2024-04-25T12:03:19.284+0800] {processor.py:840} INFO - DAG(s) 'example_branch_labels' retrieved from /mnt/c/Users/Jason/Desktop/IS3107/is3107_DataEngineering/.venv/lib/python3.8/site-packages/airflow/example_dags/example_branch_labels.py
[2024-04-25T12:03:19.312+0800] {logging_mixin.py:188} INFO - [2024-04-25T12:03:19.311+0800] {dag.py:3096} INFO - Sync 1 DAGs
[2024-04-25T12:03:19.335+0800] {logging_mixin.py:188} INFO - [2024-04-25T12:03:19.334+0800] {dag.py:3954} INFO - Setting next_dagrun for example_branch_labels to 2024-04-24 00:00:00+00:00, run_after=2024-04-25 00:00:00+00:00
[2024-04-25T12:03:19.414+0800] {processor.py:183} INFO - Processing /mnt/c/Users/Jason/Desktop/IS3107/is3107_DataEngineering/.venv/lib/python3.8/site-packages/airflow/example_dags/example_branch_labels.py took 0.174 seconds
[2024-04-25T12:04:31.580+0800] {processor.py:161} INFO - Started process (PID=1936150) to work on /mnt/c/Users/Jason/Desktop/IS3107/is3107_DataEngineering/.venv/lib/python3.8/site-packages/airflow/example_dags/example_branch_labels.py
[2024-04-25T12:04:31.583+0800] {processor.py:830} INFO - Processing file /mnt/c/Users/Jason/Desktop/IS3107/is3107_DataEngineering/.venv/lib/python3.8/site-packages/airflow/example_dags/example_branch_labels.py for tasks to queue
[2024-04-25T12:04:31.589+0800] {logging_mixin.py:188} INFO - [2024-04-25T12:04:31.586+0800] {dagbag.py:540} INFO - Filling up the DagBag from /mnt/c/Users/Jason/Desktop/IS3107/is3107_DataEngineering/.venv/lib/python3.8/site-packages/airflow/example_dags/example_branch_labels.py
[2024-04-25T12:04:31.646+0800] {processor.py:840} INFO - DAG(s) 'example_branch_labels' retrieved from /mnt/c/Users/Jason/Desktop/IS3107/is3107_DataEngineering/.venv/lib/python3.8/site-packages/airflow/example_dags/example_branch_labels.py
[2024-04-25T12:04:31.709+0800] {logging_mixin.py:188} INFO - [2024-04-25T12:04:31.707+0800] {dag.py:3096} INFO - Sync 1 DAGs
[2024-04-25T12:04:31.762+0800] {logging_mixin.py:188} INFO - [2024-04-25T12:04:31.761+0800] {dag.py:3954} INFO - Setting next_dagrun for example_branch_labels to 2024-04-24 00:00:00+00:00, run_after=2024-04-25 00:00:00+00:00
[2024-04-25T12:04:31.892+0800] {processor.py:183} INFO - Processing /mnt/c/Users/Jason/Desktop/IS3107/is3107_DataEngineering/.venv/lib/python3.8/site-packages/airflow/example_dags/example_branch_labels.py took 0.334 seconds
[2024-04-25T12:05:42.348+0800] {processor.py:161} INFO - Started process (PID=1936822) to work on /mnt/c/Users/Jason/Desktop/IS3107/is3107_DataEngineering/.venv/lib/python3.8/site-packages/airflow/example_dags/example_branch_labels.py
[2024-04-25T12:05:42.350+0800] {processor.py:830} INFO - Processing file /mnt/c/Users/Jason/Desktop/IS3107/is3107_DataEngineering/.venv/lib/python3.8/site-packages/airflow/example_dags/example_branch_labels.py for tasks to queue
[2024-04-25T12:05:42.353+0800] {logging_mixin.py:188} INFO - [2024-04-25T12:05:42.352+0800] {dagbag.py:540} INFO - Filling up the DagBag from /mnt/c/Users/Jason/Desktop/IS3107/is3107_DataEngineering/.venv/lib/python3.8/site-packages/airflow/example_dags/example_branch_labels.py
[2024-04-25T12:05:42.391+0800] {processor.py:840} INFO - DAG(s) 'example_branch_labels' retrieved from /mnt/c/Users/Jason/Desktop/IS3107/is3107_DataEngineering/.venv/lib/python3.8/site-packages/airflow/example_dags/example_branch_labels.py
[2024-04-25T12:05:42.427+0800] {logging_mixin.py:188} INFO - [2024-04-25T12:05:42.426+0800] {dag.py:3096} INFO - Sync 1 DAGs
[2024-04-25T12:05:42.453+0800] {logging_mixin.py:188} INFO - [2024-04-25T12:05:42.452+0800] {dag.py:3954} INFO - Setting next_dagrun for example_branch_labels to 2024-04-24 00:00:00+00:00, run_after=2024-04-25 00:00:00+00:00
[2024-04-25T12:05:42.539+0800] {processor.py:183} INFO - Processing /mnt/c/Users/Jason/Desktop/IS3107/is3107_DataEngineering/.venv/lib/python3.8/site-packages/airflow/example_dags/example_branch_labels.py took 0.208 seconds
[2024-04-25T12:06:44.039+0800] {processor.py:161} INFO - Started process (PID=1937428) to work on /mnt/c/Users/Jason/Desktop/IS3107/is3107_DataEngineering/.venv/lib/python3.8/site-packages/airflow/example_dags/example_branch_labels.py
[2024-04-25T12:06:44.040+0800] {processor.py:830} INFO - Processing file /mnt/c/Users/Jason/Desktop/IS3107/is3107_DataEngineering/.venv/lib/python3.8/site-packages/airflow/example_dags/example_branch_labels.py for tasks to queue
[2024-04-25T12:06:44.042+0800] {logging_mixin.py:188} INFO - [2024-04-25T12:06:44.041+0800] {dagbag.py:540} INFO - Filling up the DagBag from /mnt/c/Users/Jason/Desktop/IS3107/is3107_DataEngineering/.venv/lib/python3.8/site-packages/airflow/example_dags/example_branch_labels.py
[2024-04-25T12:06:44.067+0800] {processor.py:840} INFO - DAG(s) 'example_branch_labels' retrieved from /mnt/c/Users/Jason/Desktop/IS3107/is3107_DataEngineering/.venv/lib/python3.8/site-packages/airflow/example_dags/example_branch_labels.py
[2024-04-25T12:06:44.097+0800] {logging_mixin.py:188} INFO - [2024-04-25T12:06:44.096+0800] {dag.py:3096} INFO - Sync 1 DAGs
[2024-04-25T12:06:44.122+0800] {logging_mixin.py:188} INFO - [2024-04-25T12:06:44.121+0800] {dag.py:3954} INFO - Setting next_dagrun for example_branch_labels to 2024-04-24 00:00:00+00:00, run_after=2024-04-25 00:00:00+00:00
[2024-04-25T12:06:44.210+0800] {processor.py:183} INFO - Processing /mnt/c/Users/Jason/Desktop/IS3107/is3107_DataEngineering/.venv/lib/python3.8/site-packages/airflow/example_dags/example_branch_labels.py took 0.183 seconds
[2024-04-25T12:07:44.530+0800] {processor.py:161} INFO - Started process (PID=1938026) to work on /mnt/c/Users/Jason/Desktop/IS3107/is3107_DataEngineering/.venv/lib/python3.8/site-packages/airflow/example_dags/example_branch_labels.py
[2024-04-25T12:07:44.532+0800] {processor.py:830} INFO - Processing file /mnt/c/Users/Jason/Desktop/IS3107/is3107_DataEngineering/.venv/lib/python3.8/site-packages/airflow/example_dags/example_branch_labels.py for tasks to queue
[2024-04-25T12:07:44.534+0800] {logging_mixin.py:188} INFO - [2024-04-25T12:07:44.533+0800] {dagbag.py:540} INFO - Filling up the DagBag from /mnt/c/Users/Jason/Desktop/IS3107/is3107_DataEngineering/.venv/lib/python3.8/site-packages/airflow/example_dags/example_branch_labels.py
[2024-04-25T12:07:44.557+0800] {processor.py:840} INFO - DAG(s) 'example_branch_labels' retrieved from /mnt/c/Users/Jason/Desktop/IS3107/is3107_DataEngineering/.venv/lib/python3.8/site-packages/airflow/example_dags/example_branch_labels.py
[2024-04-25T12:07:44.581+0800] {logging_mixin.py:188} INFO - [2024-04-25T12:07:44.580+0800] {dag.py:3096} INFO - Sync 1 DAGs
[2024-04-25T12:07:44.600+0800] {logging_mixin.py:188} INFO - [2024-04-25T12:07:44.599+0800] {dag.py:3954} INFO - Setting next_dagrun for example_branch_labels to 2024-04-24 00:00:00+00:00, run_after=2024-04-25 00:00:00+00:00
[2024-04-25T12:07:44.653+0800] {processor.py:183} INFO - Processing /mnt/c/Users/Jason/Desktop/IS3107/is3107_DataEngineering/.venv/lib/python3.8/site-packages/airflow/example_dags/example_branch_labels.py took 0.134 seconds
[2024-04-25T12:08:41.852+0800] {processor.py:161} INFO - Started process (PID=1938588) to work on /mnt/c/Users/Jason/Desktop/IS3107/is3107_DataEngineering/.venv/lib/python3.8/site-packages/airflow/example_dags/example_branch_labels.py
[2024-04-25T12:08:41.853+0800] {processor.py:830} INFO - Processing file /mnt/c/Users/Jason/Desktop/IS3107/is3107_DataEngineering/.venv/lib/python3.8/site-packages/airflow/example_dags/example_branch_labels.py for tasks to queue
[2024-04-25T12:08:41.855+0800] {logging_mixin.py:188} INFO - [2024-04-25T12:08:41.854+0800] {dagbag.py:540} INFO - Filling up the DagBag from /mnt/c/Users/Jason/Desktop/IS3107/is3107_DataEngineering/.venv/lib/python3.8/site-packages/airflow/example_dags/example_branch_labels.py
[2024-04-25T12:08:41.878+0800] {processor.py:840} INFO - DAG(s) 'example_branch_labels' retrieved from /mnt/c/Users/Jason/Desktop/IS3107/is3107_DataEngineering/.venv/lib/python3.8/site-packages/airflow/example_dags/example_branch_labels.py
[2024-04-25T12:08:41.905+0800] {logging_mixin.py:188} INFO - [2024-04-25T12:08:41.904+0800] {dag.py:3096} INFO - Sync 1 DAGs
[2024-04-25T12:08:41.927+0800] {logging_mixin.py:188} INFO - [2024-04-25T12:08:41.926+0800] {dag.py:3954} INFO - Setting next_dagrun for example_branch_labels to 2024-04-24 00:00:00+00:00, run_after=2024-04-25 00:00:00+00:00
[2024-04-25T12:08:41.985+0800] {processor.py:183} INFO - Processing /mnt/c/Users/Jason/Desktop/IS3107/is3107_DataEngineering/.venv/lib/python3.8/site-packages/airflow/example_dags/example_branch_labels.py took 0.143 seconds
[2024-04-25T12:09:44.001+0800] {processor.py:161} INFO - Started process (PID=1939201) to work on /mnt/c/Users/Jason/Desktop/IS3107/is3107_DataEngineering/.venv/lib/python3.8/site-packages/airflow/example_dags/example_branch_labels.py
[2024-04-25T12:09:44.006+0800] {processor.py:830} INFO - Processing file /mnt/c/Users/Jason/Desktop/IS3107/is3107_DataEngineering/.venv/lib/python3.8/site-packages/airflow/example_dags/example_branch_labels.py for tasks to queue
[2024-04-25T12:09:44.015+0800] {logging_mixin.py:188} INFO - [2024-04-25T12:09:44.010+0800] {dagbag.py:540} INFO - Filling up the DagBag from /mnt/c/Users/Jason/Desktop/IS3107/is3107_DataEngineering/.venv/lib/python3.8/site-packages/airflow/example_dags/example_branch_labels.py
[2024-04-25T12:09:44.105+0800] {processor.py:840} INFO - DAG(s) 'example_branch_labels' retrieved from /mnt/c/Users/Jason/Desktop/IS3107/is3107_DataEngineering/.venv/lib/python3.8/site-packages/airflow/example_dags/example_branch_labels.py
[2024-04-25T12:09:44.211+0800] {logging_mixin.py:188} INFO - [2024-04-25T12:09:44.208+0800] {dag.py:3096} INFO - Sync 1 DAGs
[2024-04-25T12:09:44.334+0800] {logging_mixin.py:188} INFO - [2024-04-25T12:09:44.331+0800] {dag.py:3954} INFO - Setting next_dagrun for example_branch_labels to 2024-04-24 00:00:00+00:00, run_after=2024-04-25 00:00:00+00:00
[2024-04-25T12:09:44.538+0800] {processor.py:183} INFO - Processing /mnt/c/Users/Jason/Desktop/IS3107/is3107_DataEngineering/.venv/lib/python3.8/site-packages/airflow/example_dags/example_branch_labels.py took 0.569 seconds
[2024-04-25T12:11:02.293+0800] {processor.py:161} INFO - Started process (PID=1939929) to work on /mnt/c/Users/Jason/Desktop/IS3107/is3107_DataEngineering/.venv/lib/python3.8/site-packages/airflow/example_dags/example_branch_labels.py
[2024-04-25T12:11:02.296+0800] {processor.py:830} INFO - Processing file /mnt/c/Users/Jason/Desktop/IS3107/is3107_DataEngineering/.venv/lib/python3.8/site-packages/airflow/example_dags/example_branch_labels.py for tasks to queue
[2024-04-25T12:11:02.301+0800] {logging_mixin.py:188} INFO - [2024-04-25T12:11:02.299+0800] {dagbag.py:540} INFO - Filling up the DagBag from /mnt/c/Users/Jason/Desktop/IS3107/is3107_DataEngineering/.venv/lib/python3.8/site-packages/airflow/example_dags/example_branch_labels.py
[2024-04-25T12:11:02.358+0800] {processor.py:840} INFO - DAG(s) 'example_branch_labels' retrieved from /mnt/c/Users/Jason/Desktop/IS3107/is3107_DataEngineering/.venv/lib/python3.8/site-packages/airflow/example_dags/example_branch_labels.py
[2024-04-25T12:11:02.413+0800] {logging_mixin.py:188} INFO - [2024-04-25T12:11:02.411+0800] {dag.py:3096} INFO - Sync 1 DAGs
[2024-04-25T12:11:02.457+0800] {logging_mixin.py:188} INFO - [2024-04-25T12:11:02.455+0800] {dag.py:3954} INFO - Setting next_dagrun for example_branch_labels to 2024-04-24 00:00:00+00:00, run_after=2024-04-25 00:00:00+00:00
[2024-04-25T12:11:02.580+0800] {processor.py:183} INFO - Processing /mnt/c/Users/Jason/Desktop/IS3107/is3107_DataEngineering/.venv/lib/python3.8/site-packages/airflow/example_dags/example_branch_labels.py took 0.309 seconds
[2024-04-25T12:12:18.148+0800] {processor.py:161} INFO - Started process (PID=1940669) to work on /mnt/c/Users/Jason/Desktop/IS3107/is3107_DataEngineering/.venv/lib/python3.8/site-packages/airflow/example_dags/example_branch_labels.py
[2024-04-25T12:12:18.149+0800] {processor.py:830} INFO - Processing file /mnt/c/Users/Jason/Desktop/IS3107/is3107_DataEngineering/.venv/lib/python3.8/site-packages/airflow/example_dags/example_branch_labels.py for tasks to queue
[2024-04-25T12:12:18.152+0800] {logging_mixin.py:188} INFO - [2024-04-25T12:12:18.151+0800] {dagbag.py:540} INFO - Filling up the DagBag from /mnt/c/Users/Jason/Desktop/IS3107/is3107_DataEngineering/.venv/lib/python3.8/site-packages/airflow/example_dags/example_branch_labels.py
[2024-04-25T12:12:18.180+0800] {processor.py:840} INFO - DAG(s) 'example_branch_labels' retrieved from /mnt/c/Users/Jason/Desktop/IS3107/is3107_DataEngineering/.venv/lib/python3.8/site-packages/airflow/example_dags/example_branch_labels.py
[2024-04-25T12:12:18.232+0800] {logging_mixin.py:188} INFO - [2024-04-25T12:12:18.231+0800] {dag.py:3096} INFO - Sync 1 DAGs
[2024-04-25T12:12:18.260+0800] {logging_mixin.py:188} INFO - [2024-04-25T12:12:18.260+0800] {dag.py:3954} INFO - Setting next_dagrun for example_branch_labels to 2024-04-24 00:00:00+00:00, run_after=2024-04-25 00:00:00+00:00
[2024-04-25T12:12:18.327+0800] {processor.py:183} INFO - Processing /mnt/c/Users/Jason/Desktop/IS3107/is3107_DataEngineering/.venv/lib/python3.8/site-packages/airflow/example_dags/example_branch_labels.py took 0.195 seconds
[2024-04-25T12:13:25.876+0800] {processor.py:161} INFO - Started process (PID=1941310) to work on /mnt/c/Users/Jason/Desktop/IS3107/is3107_DataEngineering/.venv/lib/python3.8/site-packages/airflow/example_dags/example_branch_labels.py
[2024-04-25T12:13:25.878+0800] {processor.py:830} INFO - Processing file /mnt/c/Users/Jason/Desktop/IS3107/is3107_DataEngineering/.venv/lib/python3.8/site-packages/airflow/example_dags/example_branch_labels.py for tasks to queue
[2024-04-25T12:13:25.880+0800] {logging_mixin.py:188} INFO - [2024-04-25T12:13:25.879+0800] {dagbag.py:540} INFO - Filling up the DagBag from /mnt/c/Users/Jason/Desktop/IS3107/is3107_DataEngineering/.venv/lib/python3.8/site-packages/airflow/example_dags/example_branch_labels.py
[2024-04-25T12:13:25.905+0800] {processor.py:840} INFO - DAG(s) 'example_branch_labels' retrieved from /mnt/c/Users/Jason/Desktop/IS3107/is3107_DataEngineering/.venv/lib/python3.8/site-packages/airflow/example_dags/example_branch_labels.py
[2024-04-25T12:13:25.929+0800] {logging_mixin.py:188} INFO - [2024-04-25T12:13:25.929+0800] {dag.py:3096} INFO - Sync 1 DAGs
[2024-04-25T12:13:25.952+0800] {logging_mixin.py:188} INFO - [2024-04-25T12:13:25.951+0800] {dag.py:3954} INFO - Setting next_dagrun for example_branch_labels to 2024-04-24 00:00:00+00:00, run_after=2024-04-25 00:00:00+00:00
[2024-04-25T12:13:26.013+0800] {processor.py:183} INFO - Processing /mnt/c/Users/Jason/Desktop/IS3107/is3107_DataEngineering/.venv/lib/python3.8/site-packages/airflow/example_dags/example_branch_labels.py took 0.147 seconds
