[2024-04-25T11:51:03.033+0800] {processor.py:161} INFO - Started process (PID=1928461) to work on /mnt/c/Users/Jason/Desktop/IS3107/is3107_DataEngineering/.venv/lib/python3.8/site-packages/airflow/example_dags/example_kubernetes_executor.py
[2024-04-25T11:51:03.035+0800] {processor.py:830} INFO - Processing file /mnt/c/Users/Jason/Desktop/IS3107/is3107_DataEngineering/.venv/lib/python3.8/site-packages/airflow/example_dags/example_kubernetes_executor.py for tasks to queue
[2024-04-25T11:51:03.038+0800] {logging_mixin.py:188} INFO - [2024-04-25T11:51:03.037+0800] {dagbag.py:540} INFO - Filling up the DagBag from /mnt/c/Users/Jason/Desktop/IS3107/is3107_DataEngineering/.venv/lib/python3.8/site-packages/airflow/example_dags/example_kubernetes_executor.py
[2024-04-25T11:51:03.063+0800] {logging_mixin.py:188} INFO - [2024-04-25T11:51:03.062+0800] {example_kubernetes_executor.py:39} WARNING - The example_kubernetes_executor example DAG requires the kubernetes provider. Please install it with: pip install apache-airflow[cncf.kubernetes]
[2024-04-25T11:51:03.064+0800] {processor.py:842} WARNING - No viable dags retrieved from /mnt/c/Users/Jason/Desktop/IS3107/is3107_DataEngineering/.venv/lib/python3.8/site-packages/airflow/example_dags/example_kubernetes_executor.py
[2024-04-25T11:51:03.088+0800] {processor.py:183} INFO - Processing /mnt/c/Users/Jason/Desktop/IS3107/is3107_DataEngineering/.venv/lib/python3.8/site-packages/airflow/example_dags/example_kubernetes_executor.py took 0.069 seconds
[2024-04-25T11:53:28.674+0800] {processor.py:161} INFO - Started process (PID=1929787) to work on /mnt/c/Users/Jason/Desktop/IS3107/is3107_DataEngineering/.venv/lib/python3.8/site-packages/airflow/example_dags/example_kubernetes_executor.py
[2024-04-25T11:53:28.677+0800] {processor.py:830} INFO - Processing file /mnt/c/Users/Jason/Desktop/IS3107/is3107_DataEngineering/.venv/lib/python3.8/site-packages/airflow/example_dags/example_kubernetes_executor.py for tasks to queue
[2024-04-25T11:53:28.681+0800] {logging_mixin.py:188} INFO - [2024-04-25T11:53:28.679+0800] {dagbag.py:540} INFO - Filling up the DagBag from /mnt/c/Users/Jason/Desktop/IS3107/is3107_DataEngineering/.venv/lib/python3.8/site-packages/airflow/example_dags/example_kubernetes_executor.py
[2024-04-25T11:53:28.711+0800] {logging_mixin.py:188} INFO - [2024-04-25T11:53:28.709+0800] {example_kubernetes_executor.py:39} WARNING - The example_kubernetes_executor example DAG requires the kubernetes provider. Please install it with: pip install apache-airflow[cncf.kubernetes]
[2024-04-25T11:53:28.713+0800] {processor.py:842} WARNING - No viable dags retrieved from /mnt/c/Users/Jason/Desktop/IS3107/is3107_DataEngineering/.venv/lib/python3.8/site-packages/airflow/example_dags/example_kubernetes_executor.py
[2024-04-25T11:53:28.762+0800] {processor.py:183} INFO - Processing /mnt/c/Users/Jason/Desktop/IS3107/is3107_DataEngineering/.venv/lib/python3.8/site-packages/airflow/example_dags/example_kubernetes_executor.py took 0.115 seconds
[2024-04-25T11:55:23.199+0800] {processor.py:161} INFO - Started process (PID=1930862) to work on /mnt/c/Users/Jason/Desktop/IS3107/is3107_DataEngineering/.venv/lib/python3.8/site-packages/airflow/example_dags/example_kubernetes_executor.py
[2024-04-25T11:55:23.201+0800] {processor.py:830} INFO - Processing file /mnt/c/Users/Jason/Desktop/IS3107/is3107_DataEngineering/.venv/lib/python3.8/site-packages/airflow/example_dags/example_kubernetes_executor.py for tasks to queue
[2024-04-25T11:55:23.204+0800] {logging_mixin.py:188} INFO - [2024-04-25T11:55:23.203+0800] {dagbag.py:540} INFO - Filling up the DagBag from /mnt/c/Users/Jason/Desktop/IS3107/is3107_DataEngineering/.venv/lib/python3.8/site-packages/airflow/example_dags/example_kubernetes_executor.py
[2024-04-25T11:55:23.227+0800] {logging_mixin.py:188} INFO - [2024-04-25T11:55:23.226+0800] {example_kubernetes_executor.py:39} WARNING - The example_kubernetes_executor example DAG requires the kubernetes provider. Please install it with: pip install apache-airflow[cncf.kubernetes]
[2024-04-25T11:55:23.228+0800] {processor.py:842} WARNING - No viable dags retrieved from /mnt/c/Users/Jason/Desktop/IS3107/is3107_DataEngineering/.venv/lib/python3.8/site-packages/airflow/example_dags/example_kubernetes_executor.py
[2024-04-25T11:55:23.250+0800] {processor.py:183} INFO - Processing /mnt/c/Users/Jason/Desktop/IS3107/is3107_DataEngineering/.venv/lib/python3.8/site-packages/airflow/example_dags/example_kubernetes_executor.py took 0.064 seconds
[2024-04-25T11:57:31.895+0800] {processor.py:161} INFO - Started process (PID=1932108) to work on /mnt/c/Users/Jason/Desktop/IS3107/is3107_DataEngineering/.venv/lib/python3.8/site-packages/airflow/example_dags/example_kubernetes_executor.py
[2024-04-25T11:57:31.897+0800] {processor.py:830} INFO - Processing file /mnt/c/Users/Jason/Desktop/IS3107/is3107_DataEngineering/.venv/lib/python3.8/site-packages/airflow/example_dags/example_kubernetes_executor.py for tasks to queue
[2024-04-25T11:57:31.900+0800] {logging_mixin.py:188} INFO - [2024-04-25T11:57:31.899+0800] {dagbag.py:540} INFO - Filling up the DagBag from /mnt/c/Users/Jason/Desktop/IS3107/is3107_DataEngineering/.venv/lib/python3.8/site-packages/airflow/example_dags/example_kubernetes_executor.py
[2024-04-25T11:57:31.933+0800] {logging_mixin.py:188} INFO - [2024-04-25T11:57:31.931+0800] {example_kubernetes_executor.py:39} WARNING - The example_kubernetes_executor example DAG requires the kubernetes provider. Please install it with: pip install apache-airflow[cncf.kubernetes]
[2024-04-25T11:57:31.934+0800] {processor.py:842} WARNING - No viable dags retrieved from /mnt/c/Users/Jason/Desktop/IS3107/is3107_DataEngineering/.venv/lib/python3.8/site-packages/airflow/example_dags/example_kubernetes_executor.py
[2024-04-25T11:57:31.962+0800] {processor.py:183} INFO - Processing /mnt/c/Users/Jason/Desktop/IS3107/is3107_DataEngineering/.venv/lib/python3.8/site-packages/airflow/example_dags/example_kubernetes_executor.py took 0.082 seconds
[2024-04-25T11:59:52.356+0800] {processor.py:161} INFO - Started process (PID=1933474) to work on /mnt/c/Users/Jason/Desktop/IS3107/is3107_DataEngineering/.venv/lib/python3.8/site-packages/airflow/example_dags/example_kubernetes_executor.py
[2024-04-25T11:59:52.358+0800] {processor.py:830} INFO - Processing file /mnt/c/Users/Jason/Desktop/IS3107/is3107_DataEngineering/.venv/lib/python3.8/site-packages/airflow/example_dags/example_kubernetes_executor.py for tasks to queue
[2024-04-25T11:59:52.361+0800] {logging_mixin.py:188} INFO - [2024-04-25T11:59:52.360+0800] {dagbag.py:540} INFO - Filling up the DagBag from /mnt/c/Users/Jason/Desktop/IS3107/is3107_DataEngineering/.venv/lib/python3.8/site-packages/airflow/example_dags/example_kubernetes_executor.py
[2024-04-25T11:59:52.386+0800] {logging_mixin.py:188} INFO - [2024-04-25T11:59:52.385+0800] {example_kubernetes_executor.py:39} WARNING - The example_kubernetes_executor example DAG requires the kubernetes provider. Please install it with: pip install apache-airflow[cncf.kubernetes]
[2024-04-25T11:59:52.387+0800] {processor.py:842} WARNING - No viable dags retrieved from /mnt/c/Users/Jason/Desktop/IS3107/is3107_DataEngineering/.venv/lib/python3.8/site-packages/airflow/example_dags/example_kubernetes_executor.py
[2024-04-25T11:59:52.412+0800] {processor.py:183} INFO - Processing /mnt/c/Users/Jason/Desktop/IS3107/is3107_DataEngineering/.venv/lib/python3.8/site-packages/airflow/example_dags/example_kubernetes_executor.py took 0.073 seconds
[2024-04-25T12:02:23.144+0800] {processor.py:161} INFO - Started process (PID=1934921) to work on /mnt/c/Users/Jason/Desktop/IS3107/is3107_DataEngineering/.venv/lib/python3.8/site-packages/airflow/example_dags/example_kubernetes_executor.py
[2024-04-25T12:02:23.146+0800] {processor.py:830} INFO - Processing file /mnt/c/Users/Jason/Desktop/IS3107/is3107_DataEngineering/.venv/lib/python3.8/site-packages/airflow/example_dags/example_kubernetes_executor.py for tasks to queue
[2024-04-25T12:02:23.148+0800] {logging_mixin.py:188} INFO - [2024-04-25T12:02:23.147+0800] {dagbag.py:540} INFO - Filling up the DagBag from /mnt/c/Users/Jason/Desktop/IS3107/is3107_DataEngineering/.venv/lib/python3.8/site-packages/airflow/example_dags/example_kubernetes_executor.py
[2024-04-25T12:02:23.165+0800] {logging_mixin.py:188} INFO - [2024-04-25T12:02:23.165+0800] {example_kubernetes_executor.py:39} WARNING - The example_kubernetes_executor example DAG requires the kubernetes provider. Please install it with: pip install apache-airflow[cncf.kubernetes]
[2024-04-25T12:02:23.166+0800] {processor.py:842} WARNING - No viable dags retrieved from /mnt/c/Users/Jason/Desktop/IS3107/is3107_DataEngineering/.venv/lib/python3.8/site-packages/airflow/example_dags/example_kubernetes_executor.py
[2024-04-25T12:02:23.186+0800] {processor.py:183} INFO - Processing /mnt/c/Users/Jason/Desktop/IS3107/is3107_DataEngineering/.venv/lib/python3.8/site-packages/airflow/example_dags/example_kubernetes_executor.py took 0.053 seconds
[2024-04-25T12:04:47.876+0800] {processor.py:161} INFO - Started process (PID=1936300) to work on /mnt/c/Users/Jason/Desktop/IS3107/is3107_DataEngineering/.venv/lib/python3.8/site-packages/airflow/example_dags/example_kubernetes_executor.py
[2024-04-25T12:04:47.878+0800] {processor.py:830} INFO - Processing file /mnt/c/Users/Jason/Desktop/IS3107/is3107_DataEngineering/.venv/lib/python3.8/site-packages/airflow/example_dags/example_kubernetes_executor.py for tasks to queue
[2024-04-25T12:04:47.882+0800] {logging_mixin.py:188} INFO - [2024-04-25T12:04:47.880+0800] {dagbag.py:540} INFO - Filling up the DagBag from /mnt/c/Users/Jason/Desktop/IS3107/is3107_DataEngineering/.venv/lib/python3.8/site-packages/airflow/example_dags/example_kubernetes_executor.py
[2024-04-25T12:04:47.910+0800] {logging_mixin.py:188} INFO - [2024-04-25T12:04:47.909+0800] {example_kubernetes_executor.py:39} WARNING - The example_kubernetes_executor example DAG requires the kubernetes provider. Please install it with: pip install apache-airflow[cncf.kubernetes]
[2024-04-25T12:04:47.912+0800] {processor.py:842} WARNING - No viable dags retrieved from /mnt/c/Users/Jason/Desktop/IS3107/is3107_DataEngineering/.venv/lib/python3.8/site-packages/airflow/example_dags/example_kubernetes_executor.py
[2024-04-25T12:04:47.932+0800] {processor.py:183} INFO - Processing /mnt/c/Users/Jason/Desktop/IS3107/is3107_DataEngineering/.venv/lib/python3.8/site-packages/airflow/example_dags/example_kubernetes_executor.py took 0.067 seconds
[2024-04-25T12:06:54.882+0800] {processor.py:161} INFO - Started process (PID=1937517) to work on /mnt/c/Users/Jason/Desktop/IS3107/is3107_DataEngineering/.venv/lib/python3.8/site-packages/airflow/example_dags/example_kubernetes_executor.py
[2024-04-25T12:06:54.884+0800] {processor.py:830} INFO - Processing file /mnt/c/Users/Jason/Desktop/IS3107/is3107_DataEngineering/.venv/lib/python3.8/site-packages/airflow/example_dags/example_kubernetes_executor.py for tasks to queue
[2024-04-25T12:06:54.886+0800] {logging_mixin.py:188} INFO - [2024-04-25T12:06:54.885+0800] {dagbag.py:540} INFO - Filling up the DagBag from /mnt/c/Users/Jason/Desktop/IS3107/is3107_DataEngineering/.venv/lib/python3.8/site-packages/airflow/example_dags/example_kubernetes_executor.py
[2024-04-25T12:06:54.903+0800] {logging_mixin.py:188} INFO - [2024-04-25T12:06:54.902+0800] {example_kubernetes_executor.py:39} WARNING - The example_kubernetes_executor example DAG requires the kubernetes provider. Please install it with: pip install apache-airflow[cncf.kubernetes]
[2024-04-25T12:06:54.904+0800] {processor.py:842} WARNING - No viable dags retrieved from /mnt/c/Users/Jason/Desktop/IS3107/is3107_DataEngineering/.venv/lib/python3.8/site-packages/airflow/example_dags/example_kubernetes_executor.py
[2024-04-25T12:06:54.923+0800] {processor.py:183} INFO - Processing /mnt/c/Users/Jason/Desktop/IS3107/is3107_DataEngineering/.venv/lib/python3.8/site-packages/airflow/example_dags/example_kubernetes_executor.py took 0.055 seconds
[2024-04-25T12:08:52.603+0800] {processor.py:161} INFO - Started process (PID=1938692) to work on /mnt/c/Users/Jason/Desktop/IS3107/is3107_DataEngineering/.venv/lib/python3.8/site-packages/airflow/example_dags/example_kubernetes_executor.py
[2024-04-25T12:08:52.606+0800] {processor.py:830} INFO - Processing file /mnt/c/Users/Jason/Desktop/IS3107/is3107_DataEngineering/.venv/lib/python3.8/site-packages/airflow/example_dags/example_kubernetes_executor.py for tasks to queue
[2024-04-25T12:08:52.609+0800] {logging_mixin.py:188} INFO - [2024-04-25T12:08:52.607+0800] {dagbag.py:540} INFO - Filling up the DagBag from /mnt/c/Users/Jason/Desktop/IS3107/is3107_DataEngineering/.venv/lib/python3.8/site-packages/airflow/example_dags/example_kubernetes_executor.py
[2024-04-25T12:08:52.628+0800] {logging_mixin.py:188} INFO - [2024-04-25T12:08:52.627+0800] {example_kubernetes_executor.py:39} WARNING - The example_kubernetes_executor example DAG requires the kubernetes provider. Please install it with: pip install apache-airflow[cncf.kubernetes]
[2024-04-25T12:08:52.629+0800] {processor.py:842} WARNING - No viable dags retrieved from /mnt/c/Users/Jason/Desktop/IS3107/is3107_DataEngineering/.venv/lib/python3.8/site-packages/airflow/example_dags/example_kubernetes_executor.py
[2024-04-25T12:08:52.653+0800] {processor.py:183} INFO - Processing /mnt/c/Users/Jason/Desktop/IS3107/is3107_DataEngineering/.venv/lib/python3.8/site-packages/airflow/example_dags/example_kubernetes_executor.py took 0.066 seconds
[2024-04-25T12:11:20.678+0800] {processor.py:161} INFO - Started process (PID=1940114) to work on /mnt/c/Users/Jason/Desktop/IS3107/is3107_DataEngineering/.venv/lib/python3.8/site-packages/airflow/example_dags/example_kubernetes_executor.py
[2024-04-25T12:11:20.681+0800] {processor.py:830} INFO - Processing file /mnt/c/Users/Jason/Desktop/IS3107/is3107_DataEngineering/.venv/lib/python3.8/site-packages/airflow/example_dags/example_kubernetes_executor.py for tasks to queue
[2024-04-25T12:11:20.684+0800] {logging_mixin.py:188} INFO - [2024-04-25T12:11:20.683+0800] {dagbag.py:540} INFO - Filling up the DagBag from /mnt/c/Users/Jason/Desktop/IS3107/is3107_DataEngineering/.venv/lib/python3.8/site-packages/airflow/example_dags/example_kubernetes_executor.py
[2024-04-25T12:11:20.716+0800] {logging_mixin.py:188} INFO - [2024-04-25T12:11:20.714+0800] {example_kubernetes_executor.py:39} WARNING - The example_kubernetes_executor example DAG requires the kubernetes provider. Please install it with: pip install apache-airflow[cncf.kubernetes]
[2024-04-25T12:11:20.718+0800] {processor.py:842} WARNING - No viable dags retrieved from /mnt/c/Users/Jason/Desktop/IS3107/is3107_DataEngineering/.venv/lib/python3.8/site-packages/airflow/example_dags/example_kubernetes_executor.py
[2024-04-25T12:11:20.746+0800] {processor.py:183} INFO - Processing /mnt/c/Users/Jason/Desktop/IS3107/is3107_DataEngineering/.venv/lib/python3.8/site-packages/airflow/example_dags/example_kubernetes_executor.py took 0.084 seconds
[2024-04-25T12:13:38.541+0800] {processor.py:161} INFO - Started process (PID=1941440) to work on /mnt/c/Users/Jason/Desktop/IS3107/is3107_DataEngineering/.venv/lib/python3.8/site-packages/airflow/example_dags/example_kubernetes_executor.py
[2024-04-25T12:13:38.543+0800] {processor.py:830} INFO - Processing file /mnt/c/Users/Jason/Desktop/IS3107/is3107_DataEngineering/.venv/lib/python3.8/site-packages/airflow/example_dags/example_kubernetes_executor.py for tasks to queue
[2024-04-25T12:13:38.545+0800] {logging_mixin.py:188} INFO - [2024-04-25T12:13:38.544+0800] {dagbag.py:540} INFO - Filling up the DagBag from /mnt/c/Users/Jason/Desktop/IS3107/is3107_DataEngineering/.venv/lib/python3.8/site-packages/airflow/example_dags/example_kubernetes_executor.py
[2024-04-25T12:13:38.566+0800] {logging_mixin.py:188} INFO - [2024-04-25T12:13:38.565+0800] {example_kubernetes_executor.py:39} WARNING - The example_kubernetes_executor example DAG requires the kubernetes provider. Please install it with: pip install apache-airflow[cncf.kubernetes]
[2024-04-25T12:13:38.567+0800] {processor.py:842} WARNING - No viable dags retrieved from /mnt/c/Users/Jason/Desktop/IS3107/is3107_DataEngineering/.venv/lib/python3.8/site-packages/airflow/example_dags/example_kubernetes_executor.py
[2024-04-25T12:13:38.596+0800] {processor.py:183} INFO - Processing /mnt/c/Users/Jason/Desktop/IS3107/is3107_DataEngineering/.venv/lib/python3.8/site-packages/airflow/example_dags/example_kubernetes_executor.py took 0.069 seconds
