[2024-04-25T11:51:30.793+0800] {processor.py:161} INFO - Started process (PID=1928676) to work on /mnt/c/Users/Jason/Desktop/IS3107/is3107_DataEngineering/.venv/lib/python3.8/site-packages/airflow/example_dags/example_sensor_decorator.py
[2024-04-25T11:51:30.795+0800] {processor.py:830} INFO - Processing file /mnt/c/Users/Jason/Desktop/IS3107/is3107_DataEngineering/.venv/lib/python3.8/site-packages/airflow/example_dags/example_sensor_decorator.py for tasks to queue
[2024-04-25T11:51:30.798+0800] {logging_mixin.py:188} INFO - [2024-04-25T11:51:30.797+0800] {dagbag.py:540} INFO - Filling up the DagBag from /mnt/c/Users/Jason/Desktop/IS3107/is3107_DataEngineering/.venv/lib/python3.8/site-packages/airflow/example_dags/example_sensor_decorator.py
[2024-04-25T11:51:30.821+0800] {processor.py:840} INFO - DAG(s) 'example_sensor_decorator' retrieved from /mnt/c/Users/Jason/Desktop/IS3107/is3107_DataEngineering/.venv/lib/python3.8/site-packages/airflow/example_dags/example_sensor_decorator.py
[2024-04-25T11:51:32.003+0800] {logging_mixin.py:188} INFO - [2024-04-25T11:51:32.001+0800] {dag.py:3096} INFO - Sync 1 DAGs
[2024-04-25T11:51:32.027+0800] {logging_mixin.py:188} INFO - [2024-04-25T11:51:32.025+0800] {dag.py:3954} INFO - Setting next_dagrun for example_sensor_decorator to None, run_after=None
[2024-04-25T11:51:32.152+0800] {processor.py:183} INFO - Processing /mnt/c/Users/Jason/Desktop/IS3107/is3107_DataEngineering/.venv/lib/python3.8/site-packages/airflow/example_dags/example_sensor_decorator.py took 1.370 seconds
[2024-04-25T11:53:45.672+0800] {processor.py:161} INFO - Started process (PID=1929979) to work on /mnt/c/Users/Jason/Desktop/IS3107/is3107_DataEngineering/.venv/lib/python3.8/site-packages/airflow/example_dags/example_sensor_decorator.py
[2024-04-25T11:53:45.674+0800] {processor.py:830} INFO - Processing file /mnt/c/Users/Jason/Desktop/IS3107/is3107_DataEngineering/.venv/lib/python3.8/site-packages/airflow/example_dags/example_sensor_decorator.py for tasks to queue
[2024-04-25T11:53:45.678+0800] {logging_mixin.py:188} INFO - [2024-04-25T11:53:45.676+0800] {dagbag.py:540} INFO - Filling up the DagBag from /mnt/c/Users/Jason/Desktop/IS3107/is3107_DataEngineering/.venv/lib/python3.8/site-packages/airflow/example_dags/example_sensor_decorator.py
[2024-04-25T11:53:45.708+0800] {processor.py:840} INFO - DAG(s) 'example_sensor_decorator' retrieved from /mnt/c/Users/Jason/Desktop/IS3107/is3107_DataEngineering/.venv/lib/python3.8/site-packages/airflow/example_dags/example_sensor_decorator.py
[2024-04-25T11:53:45.759+0800] {logging_mixin.py:188} INFO - [2024-04-25T11:53:45.758+0800] {dag.py:3096} INFO - Sync 1 DAGs
[2024-04-25T11:53:45.787+0800] {logging_mixin.py:188} INFO - [2024-04-25T11:53:45.786+0800] {dag.py:3954} INFO - Setting next_dagrun for example_sensor_decorator to None, run_after=None
[2024-04-25T11:53:45.898+0800] {processor.py:183} INFO - Processing /mnt/c/Users/Jason/Desktop/IS3107/is3107_DataEngineering/.venv/lib/python3.8/site-packages/airflow/example_dags/example_sensor_decorator.py took 0.247 seconds
[2024-04-25T11:56:37.156+0800] {processor.py:161} INFO - Started process (PID=1931573) to work on /mnt/c/Users/Jason/Desktop/IS3107/is3107_DataEngineering/.venv/lib/python3.8/site-packages/airflow/example_dags/example_sensor_decorator.py
[2024-04-25T11:56:37.159+0800] {processor.py:830} INFO - Processing file /mnt/c/Users/Jason/Desktop/IS3107/is3107_DataEngineering/.venv/lib/python3.8/site-packages/airflow/example_dags/example_sensor_decorator.py for tasks to queue
[2024-04-25T11:56:37.163+0800] {logging_mixin.py:188} INFO - [2024-04-25T11:56:37.161+0800] {dagbag.py:540} INFO - Filling up the DagBag from /mnt/c/Users/Jason/Desktop/IS3107/is3107_DataEngineering/.venv/lib/python3.8/site-packages/airflow/example_dags/example_sensor_decorator.py
[2024-04-25T11:56:37.196+0800] {processor.py:840} INFO - DAG(s) 'example_sensor_decorator' retrieved from /mnt/c/Users/Jason/Desktop/IS3107/is3107_DataEngineering/.venv/lib/python3.8/site-packages/airflow/example_dags/example_sensor_decorator.py
[2024-04-25T11:56:37.341+0800] {logging_mixin.py:188} INFO - [2024-04-25T11:56:37.339+0800] {dag.py:3096} INFO - Sync 1 DAGs
[2024-04-25T11:56:37.363+0800] {logging_mixin.py:188} INFO - [2024-04-25T11:56:37.362+0800] {dag.py:3954} INFO - Setting next_dagrun for example_sensor_decorator to None, run_after=None
[2024-04-25T11:56:37.456+0800] {processor.py:183} INFO - Processing /mnt/c/Users/Jason/Desktop/IS3107/is3107_DataEngineering/.venv/lib/python3.8/site-packages/airflow/example_dags/example_sensor_decorator.py took 0.321 seconds
[2024-04-25T11:58:44.428+0800] {processor.py:161} INFO - Started process (PID=1932815) to work on /mnt/c/Users/Jason/Desktop/IS3107/is3107_DataEngineering/.venv/lib/python3.8/site-packages/airflow/example_dags/example_sensor_decorator.py
[2024-04-25T11:58:44.430+0800] {processor.py:830} INFO - Processing file /mnt/c/Users/Jason/Desktop/IS3107/is3107_DataEngineering/.venv/lib/python3.8/site-packages/airflow/example_dags/example_sensor_decorator.py for tasks to queue
[2024-04-25T11:58:44.433+0800] {logging_mixin.py:188} INFO - [2024-04-25T11:58:44.432+0800] {dagbag.py:540} INFO - Filling up the DagBag from /mnt/c/Users/Jason/Desktop/IS3107/is3107_DataEngineering/.venv/lib/python3.8/site-packages/airflow/example_dags/example_sensor_decorator.py
[2024-04-25T11:58:44.461+0800] {processor.py:840} INFO - DAG(s) 'example_sensor_decorator' retrieved from /mnt/c/Users/Jason/Desktop/IS3107/is3107_DataEngineering/.venv/lib/python3.8/site-packages/airflow/example_dags/example_sensor_decorator.py
[2024-04-25T11:58:44.491+0800] {logging_mixin.py:188} INFO - [2024-04-25T11:58:44.490+0800] {dag.py:3096} INFO - Sync 1 DAGs
[2024-04-25T11:58:44.510+0800] {logging_mixin.py:188} INFO - [2024-04-25T11:58:44.508+0800] {dag.py:3954} INFO - Setting next_dagrun for example_sensor_decorator to None, run_after=None
[2024-04-25T11:58:44.589+0800] {processor.py:183} INFO - Processing /mnt/c/Users/Jason/Desktop/IS3107/is3107_DataEngineering/.venv/lib/python3.8/site-packages/airflow/example_dags/example_sensor_decorator.py took 0.174 seconds
[2024-04-25T12:01:15.438+0800] {processor.py:161} INFO - Started process (PID=1934265) to work on /mnt/c/Users/Jason/Desktop/IS3107/is3107_DataEngineering/.venv/lib/python3.8/site-packages/airflow/example_dags/example_sensor_decorator.py
[2024-04-25T12:01:15.441+0800] {processor.py:830} INFO - Processing file /mnt/c/Users/Jason/Desktop/IS3107/is3107_DataEngineering/.venv/lib/python3.8/site-packages/airflow/example_dags/example_sensor_decorator.py for tasks to queue
[2024-04-25T12:01:15.444+0800] {logging_mixin.py:188} INFO - [2024-04-25T12:01:15.443+0800] {dagbag.py:540} INFO - Filling up the DagBag from /mnt/c/Users/Jason/Desktop/IS3107/is3107_DataEngineering/.venv/lib/python3.8/site-packages/airflow/example_dags/example_sensor_decorator.py
[2024-04-25T12:01:15.473+0800] {processor.py:840} INFO - DAG(s) 'example_sensor_decorator' retrieved from /mnt/c/Users/Jason/Desktop/IS3107/is3107_DataEngineering/.venv/lib/python3.8/site-packages/airflow/example_dags/example_sensor_decorator.py
[2024-04-25T12:01:15.511+0800] {logging_mixin.py:188} INFO - [2024-04-25T12:01:15.510+0800] {dag.py:3096} INFO - Sync 1 DAGs
[2024-04-25T12:01:15.539+0800] {logging_mixin.py:188} INFO - [2024-04-25T12:01:15.537+0800] {dag.py:3954} INFO - Setting next_dagrun for example_sensor_decorator to None, run_after=None
[2024-04-25T12:01:15.623+0800] {processor.py:183} INFO - Processing /mnt/c/Users/Jason/Desktop/IS3107/is3107_DataEngineering/.venv/lib/python3.8/site-packages/airflow/example_dags/example_sensor_decorator.py took 0.202 seconds
[2024-04-25T12:03:39.908+0800] {processor.py:161} INFO - Started process (PID=1935651) to work on /mnt/c/Users/Jason/Desktop/IS3107/is3107_DataEngineering/.venv/lib/python3.8/site-packages/airflow/example_dags/example_sensor_decorator.py
[2024-04-25T12:03:39.910+0800] {processor.py:830} INFO - Processing file /mnt/c/Users/Jason/Desktop/IS3107/is3107_DataEngineering/.venv/lib/python3.8/site-packages/airflow/example_dags/example_sensor_decorator.py for tasks to queue
[2024-04-25T12:03:39.912+0800] {logging_mixin.py:188} INFO - [2024-04-25T12:03:39.911+0800] {dagbag.py:540} INFO - Filling up the DagBag from /mnt/c/Users/Jason/Desktop/IS3107/is3107_DataEngineering/.venv/lib/python3.8/site-packages/airflow/example_dags/example_sensor_decorator.py
[2024-04-25T12:03:39.933+0800] {processor.py:840} INFO - DAG(s) 'example_sensor_decorator' retrieved from /mnt/c/Users/Jason/Desktop/IS3107/is3107_DataEngineering/.venv/lib/python3.8/site-packages/airflow/example_dags/example_sensor_decorator.py
[2024-04-25T12:03:39.961+0800] {logging_mixin.py:188} INFO - [2024-04-25T12:03:39.960+0800] {dag.py:3096} INFO - Sync 1 DAGs
[2024-04-25T12:03:39.980+0800] {logging_mixin.py:188} INFO - [2024-04-25T12:03:39.979+0800] {dag.py:3954} INFO - Setting next_dagrun for example_sensor_decorator to None, run_after=None
[2024-04-25T12:03:40.060+0800] {processor.py:183} INFO - Processing /mnt/c/Users/Jason/Desktop/IS3107/is3107_DataEngineering/.venv/lib/python3.8/site-packages/airflow/example_dags/example_sensor_decorator.py took 0.165 seconds
[2024-04-25T12:05:59.828+0800] {processor.py:161} INFO - Started process (PID=1937001) to work on /mnt/c/Users/Jason/Desktop/IS3107/is3107_DataEngineering/.venv/lib/python3.8/site-packages/airflow/example_dags/example_sensor_decorator.py
[2024-04-25T12:05:59.831+0800] {processor.py:830} INFO - Processing file /mnt/c/Users/Jason/Desktop/IS3107/is3107_DataEngineering/.venv/lib/python3.8/site-packages/airflow/example_dags/example_sensor_decorator.py for tasks to queue
[2024-04-25T12:05:59.835+0800] {logging_mixin.py:188} INFO - [2024-04-25T12:05:59.833+0800] {dagbag.py:540} INFO - Filling up the DagBag from /mnt/c/Users/Jason/Desktop/IS3107/is3107_DataEngineering/.venv/lib/python3.8/site-packages/airflow/example_dags/example_sensor_decorator.py
[2024-04-25T12:05:59.864+0800] {processor.py:840} INFO - DAG(s) 'example_sensor_decorator' retrieved from /mnt/c/Users/Jason/Desktop/IS3107/is3107_DataEngineering/.venv/lib/python3.8/site-packages/airflow/example_dags/example_sensor_decorator.py
[2024-04-25T12:05:59.906+0800] {logging_mixin.py:188} INFO - [2024-04-25T12:05:59.905+0800] {dag.py:3096} INFO - Sync 1 DAGs
[2024-04-25T12:05:59.929+0800] {logging_mixin.py:188} INFO - [2024-04-25T12:05:59.927+0800] {dag.py:3954} INFO - Setting next_dagrun for example_sensor_decorator to None, run_after=None
[2024-04-25T12:06:00.031+0800] {processor.py:183} INFO - Processing /mnt/c/Users/Jason/Desktop/IS3107/is3107_DataEngineering/.venv/lib/python3.8/site-packages/airflow/example_dags/example_sensor_decorator.py took 0.219 seconds
[2024-04-25T12:07:59.641+0800] {processor.py:161} INFO - Started process (PID=1938168) to work on /mnt/c/Users/Jason/Desktop/IS3107/is3107_DataEngineering/.venv/lib/python3.8/site-packages/airflow/example_dags/example_sensor_decorator.py
[2024-04-25T12:07:59.643+0800] {processor.py:830} INFO - Processing file /mnt/c/Users/Jason/Desktop/IS3107/is3107_DataEngineering/.venv/lib/python3.8/site-packages/airflow/example_dags/example_sensor_decorator.py for tasks to queue
[2024-04-25T12:07:59.646+0800] {logging_mixin.py:188} INFO - [2024-04-25T12:07:59.645+0800] {dagbag.py:540} INFO - Filling up the DagBag from /mnt/c/Users/Jason/Desktop/IS3107/is3107_DataEngineering/.venv/lib/python3.8/site-packages/airflow/example_dags/example_sensor_decorator.py
[2024-04-25T12:07:59.665+0800] {processor.py:840} INFO - DAG(s) 'example_sensor_decorator' retrieved from /mnt/c/Users/Jason/Desktop/IS3107/is3107_DataEngineering/.venv/lib/python3.8/site-packages/airflow/example_dags/example_sensor_decorator.py
[2024-04-25T12:07:59.692+0800] {logging_mixin.py:188} INFO - [2024-04-25T12:07:59.691+0800] {dag.py:3096} INFO - Sync 1 DAGs
[2024-04-25T12:07:59.707+0800] {logging_mixin.py:188} INFO - [2024-04-25T12:07:59.706+0800] {dag.py:3954} INFO - Setting next_dagrun for example_sensor_decorator to None, run_after=None
[2024-04-25T12:07:59.777+0800] {processor.py:183} INFO - Processing /mnt/c/Users/Jason/Desktop/IS3107/is3107_DataEngineering/.venv/lib/python3.8/site-packages/airflow/example_dags/example_sensor_decorator.py took 0.146 seconds
[2024-04-25T12:10:06.714+0800] {processor.py:161} INFO - Started process (PID=1939410) to work on /mnt/c/Users/Jason/Desktop/IS3107/is3107_DataEngineering/.venv/lib/python3.8/site-packages/airflow/example_dags/example_sensor_decorator.py
[2024-04-25T12:10:06.717+0800] {processor.py:830} INFO - Processing file /mnt/c/Users/Jason/Desktop/IS3107/is3107_DataEngineering/.venv/lib/python3.8/site-packages/airflow/example_dags/example_sensor_decorator.py for tasks to queue
[2024-04-25T12:10:06.721+0800] {logging_mixin.py:188} INFO - [2024-04-25T12:10:06.719+0800] {dagbag.py:540} INFO - Filling up the DagBag from /mnt/c/Users/Jason/Desktop/IS3107/is3107_DataEngineering/.venv/lib/python3.8/site-packages/airflow/example_dags/example_sensor_decorator.py
[2024-04-25T12:10:06.750+0800] {processor.py:840} INFO - DAG(s) 'example_sensor_decorator' retrieved from /mnt/c/Users/Jason/Desktop/IS3107/is3107_DataEngineering/.venv/lib/python3.8/site-packages/airflow/example_dags/example_sensor_decorator.py
[2024-04-25T12:10:06.803+0800] {logging_mixin.py:188} INFO - [2024-04-25T12:10:06.800+0800] {dag.py:3096} INFO - Sync 1 DAGs
[2024-04-25T12:10:06.835+0800] {logging_mixin.py:188} INFO - [2024-04-25T12:10:06.833+0800] {dag.py:3954} INFO - Setting next_dagrun for example_sensor_decorator to None, run_after=None
[2024-04-25T12:10:06.998+0800] {processor.py:183} INFO - Processing /mnt/c/Users/Jason/Desktop/IS3107/is3107_DataEngineering/.venv/lib/python3.8/site-packages/airflow/example_dags/example_sensor_decorator.py took 0.302 seconds
[2024-04-25T12:12:40.874+0800] {processor.py:161} INFO - Started process (PID=1940881) to work on /mnt/c/Users/Jason/Desktop/IS3107/is3107_DataEngineering/.venv/lib/python3.8/site-packages/airflow/example_dags/example_sensor_decorator.py
[2024-04-25T12:12:40.878+0800] {processor.py:830} INFO - Processing file /mnt/c/Users/Jason/Desktop/IS3107/is3107_DataEngineering/.venv/lib/python3.8/site-packages/airflow/example_dags/example_sensor_decorator.py for tasks to queue
[2024-04-25T12:12:40.882+0800] {logging_mixin.py:188} INFO - [2024-04-25T12:12:40.880+0800] {dagbag.py:540} INFO - Filling up the DagBag from /mnt/c/Users/Jason/Desktop/IS3107/is3107_DataEngineering/.venv/lib/python3.8/site-packages/airflow/example_dags/example_sensor_decorator.py
[2024-04-25T12:12:40.926+0800] {processor.py:840} INFO - DAG(s) 'example_sensor_decorator' retrieved from /mnt/c/Users/Jason/Desktop/IS3107/is3107_DataEngineering/.venv/lib/python3.8/site-packages/airflow/example_dags/example_sensor_decorator.py
[2024-04-25T12:12:41.040+0800] {logging_mixin.py:188} INFO - [2024-04-25T12:12:41.038+0800] {dag.py:3096} INFO - Sync 1 DAGs
[2024-04-25T12:12:41.316+0800] {logging_mixin.py:188} INFO - [2024-04-25T12:12:41.314+0800] {dag.py:3954} INFO - Setting next_dagrun for example_sensor_decorator to None, run_after=None
[2024-04-25T12:12:41.673+0800] {processor.py:183} INFO - Processing /mnt/c/Users/Jason/Desktop/IS3107/is3107_DataEngineering/.venv/lib/python3.8/site-packages/airflow/example_dags/example_sensor_decorator.py took 0.827 seconds
