[2024-04-25T11:51:52.193+0800] {processor.py:161} INFO - Started process (PID=1928893) to work on /mnt/c/Users/Jason/Desktop/IS3107/is3107_DataEngineering/.venv/lib/python3.8/site-packages/airflow/example_dags/example_task_group.py
[2024-04-25T11:51:52.195+0800] {processor.py:830} INFO - Processing file /mnt/c/Users/Jason/Desktop/IS3107/is3107_DataEngineering/.venv/lib/python3.8/site-packages/airflow/example_dags/example_task_group.py for tasks to queue
[2024-04-25T11:51:52.197+0800] {logging_mixin.py:188} INFO - [2024-04-25T11:51:52.196+0800] {dagbag.py:540} INFO - Filling up the DagBag from /mnt/c/Users/Jason/Desktop/IS3107/is3107_DataEngineering/.venv/lib/python3.8/site-packages/airflow/example_dags/example_task_group.py
[2024-04-25T11:51:52.218+0800] {processor.py:840} INFO - DAG(s) 'example_task_group' retrieved from /mnt/c/Users/Jason/Desktop/IS3107/is3107_DataEngineering/.venv/lib/python3.8/site-packages/airflow/example_dags/example_task_group.py
[2024-04-25T11:51:53.380+0800] {logging_mixin.py:188} INFO - [2024-04-25T11:51:53.379+0800] {dag.py:3096} INFO - Sync 1 DAGs
[2024-04-25T11:51:53.414+0800] {logging_mixin.py:188} INFO - [2024-04-25T11:51:53.413+0800] {dag.py:3954} INFO - Setting next_dagrun for example_task_group to 2024-04-24 00:00:00+00:00, run_after=2024-04-25 00:00:00+00:00
[2024-04-25T11:51:53.501+0800] {processor.py:183} INFO - Processing /mnt/c/Users/Jason/Desktop/IS3107/is3107_DataEngineering/.venv/lib/python3.8/site-packages/airflow/example_dags/example_task_group.py took 1.318 seconds
[2024-04-25T11:53:57.231+0800] {processor.py:161} INFO - Started process (PID=1930070) to work on /mnt/c/Users/Jason/Desktop/IS3107/is3107_DataEngineering/.venv/lib/python3.8/site-packages/airflow/example_dags/example_task_group.py
[2024-04-25T11:53:57.234+0800] {processor.py:830} INFO - Processing file /mnt/c/Users/Jason/Desktop/IS3107/is3107_DataEngineering/.venv/lib/python3.8/site-packages/airflow/example_dags/example_task_group.py for tasks to queue
[2024-04-25T11:53:57.237+0800] {logging_mixin.py:188} INFO - [2024-04-25T11:53:57.236+0800] {dagbag.py:540} INFO - Filling up the DagBag from /mnt/c/Users/Jason/Desktop/IS3107/is3107_DataEngineering/.venv/lib/python3.8/site-packages/airflow/example_dags/example_task_group.py
[2024-04-25T11:53:57.268+0800] {processor.py:840} INFO - DAG(s) 'example_task_group' retrieved from /mnt/c/Users/Jason/Desktop/IS3107/is3107_DataEngineering/.venv/lib/python3.8/site-packages/airflow/example_dags/example_task_group.py
[2024-04-25T11:53:57.308+0800] {logging_mixin.py:188} INFO - [2024-04-25T11:53:57.306+0800] {dag.py:3096} INFO - Sync 1 DAGs
[2024-04-25T11:53:57.354+0800] {logging_mixin.py:188} INFO - [2024-04-25T11:53:57.353+0800] {dag.py:3954} INFO - Setting next_dagrun for example_task_group to 2024-04-24 00:00:00+00:00, run_after=2024-04-25 00:00:00+00:00
[2024-04-25T11:53:57.451+0800] {processor.py:183} INFO - Processing /mnt/c/Users/Jason/Desktop/IS3107/is3107_DataEngineering/.venv/lib/python3.8/site-packages/airflow/example_dags/example_task_group.py took 0.237 seconds
[2024-04-25T11:56:47.530+0800] {processor.py:161} INFO - Started process (PID=1931703) to work on /mnt/c/Users/Jason/Desktop/IS3107/is3107_DataEngineering/.venv/lib/python3.8/site-packages/airflow/example_dags/example_task_group.py
[2024-04-25T11:56:47.533+0800] {processor.py:830} INFO - Processing file /mnt/c/Users/Jason/Desktop/IS3107/is3107_DataEngineering/.venv/lib/python3.8/site-packages/airflow/example_dags/example_task_group.py for tasks to queue
[2024-04-25T11:56:47.536+0800] {logging_mixin.py:188} INFO - [2024-04-25T11:56:47.535+0800] {dagbag.py:540} INFO - Filling up the DagBag from /mnt/c/Users/Jason/Desktop/IS3107/is3107_DataEngineering/.venv/lib/python3.8/site-packages/airflow/example_dags/example_task_group.py
[2024-04-25T11:56:47.562+0800] {processor.py:840} INFO - DAG(s) 'example_task_group' retrieved from /mnt/c/Users/Jason/Desktop/IS3107/is3107_DataEngineering/.venv/lib/python3.8/site-packages/airflow/example_dags/example_task_group.py
[2024-04-25T11:56:47.588+0800] {logging_mixin.py:188} INFO - [2024-04-25T11:56:47.588+0800] {dag.py:3096} INFO - Sync 1 DAGs
[2024-04-25T11:56:47.617+0800] {logging_mixin.py:188} INFO - [2024-04-25T11:56:47.616+0800] {dag.py:3954} INFO - Setting next_dagrun for example_task_group to 2024-04-24 00:00:00+00:00, run_after=2024-04-25 00:00:00+00:00
[2024-04-25T11:56:47.680+0800] {processor.py:183} INFO - Processing /mnt/c/Users/Jason/Desktop/IS3107/is3107_DataEngineering/.venv/lib/python3.8/site-packages/airflow/example_dags/example_task_group.py took 0.164 seconds
[2024-04-25T11:58:55.382+0800] {processor.py:161} INFO - Started process (PID=1932912) to work on /mnt/c/Users/Jason/Desktop/IS3107/is3107_DataEngineering/.venv/lib/python3.8/site-packages/airflow/example_dags/example_task_group.py
[2024-04-25T11:58:55.384+0800] {processor.py:830} INFO - Processing file /mnt/c/Users/Jason/Desktop/IS3107/is3107_DataEngineering/.venv/lib/python3.8/site-packages/airflow/example_dags/example_task_group.py for tasks to queue
[2024-04-25T11:58:55.386+0800] {logging_mixin.py:188} INFO - [2024-04-25T11:58:55.385+0800] {dagbag.py:540} INFO - Filling up the DagBag from /mnt/c/Users/Jason/Desktop/IS3107/is3107_DataEngineering/.venv/lib/python3.8/site-packages/airflow/example_dags/example_task_group.py
[2024-04-25T11:58:55.408+0800] {processor.py:840} INFO - DAG(s) 'example_task_group' retrieved from /mnt/c/Users/Jason/Desktop/IS3107/is3107_DataEngineering/.venv/lib/python3.8/site-packages/airflow/example_dags/example_task_group.py
[2024-04-25T11:58:55.461+0800] {logging_mixin.py:188} INFO - [2024-04-25T11:58:55.460+0800] {dag.py:3096} INFO - Sync 1 DAGs
[2024-04-25T11:58:55.509+0800] {logging_mixin.py:188} INFO - [2024-04-25T11:58:55.508+0800] {dag.py:3954} INFO - Setting next_dagrun for example_task_group to 2024-04-24 00:00:00+00:00, run_after=2024-04-25 00:00:00+00:00
[2024-04-25T11:58:55.592+0800] {processor.py:183} INFO - Processing /mnt/c/Users/Jason/Desktop/IS3107/is3107_DataEngineering/.venv/lib/python3.8/site-packages/airflow/example_dags/example_task_group.py took 0.222 seconds
[2024-04-25T12:01:25.106+0800] {processor.py:161} INFO - Started process (PID=1934354) to work on /mnt/c/Users/Jason/Desktop/IS3107/is3107_DataEngineering/.venv/lib/python3.8/site-packages/airflow/example_dags/example_task_group.py
[2024-04-25T12:01:25.108+0800] {processor.py:830} INFO - Processing file /mnt/c/Users/Jason/Desktop/IS3107/is3107_DataEngineering/.venv/lib/python3.8/site-packages/airflow/example_dags/example_task_group.py for tasks to queue
[2024-04-25T12:01:25.110+0800] {logging_mixin.py:188} INFO - [2024-04-25T12:01:25.109+0800] {dagbag.py:540} INFO - Filling up the DagBag from /mnt/c/Users/Jason/Desktop/IS3107/is3107_DataEngineering/.venv/lib/python3.8/site-packages/airflow/example_dags/example_task_group.py
[2024-04-25T12:01:25.135+0800] {processor.py:840} INFO - DAG(s) 'example_task_group' retrieved from /mnt/c/Users/Jason/Desktop/IS3107/is3107_DataEngineering/.venv/lib/python3.8/site-packages/airflow/example_dags/example_task_group.py
[2024-04-25T12:01:25.174+0800] {logging_mixin.py:188} INFO - [2024-04-25T12:01:25.173+0800] {dag.py:3096} INFO - Sync 1 DAGs
[2024-04-25T12:01:25.211+0800] {logging_mixin.py:188} INFO - [2024-04-25T12:01:25.210+0800] {dag.py:3954} INFO - Setting next_dagrun for example_task_group to 2024-04-24 00:00:00+00:00, run_after=2024-04-25 00:00:00+00:00
[2024-04-25T12:01:25.304+0800] {processor.py:183} INFO - Processing /mnt/c/Users/Jason/Desktop/IS3107/is3107_DataEngineering/.venv/lib/python3.8/site-packages/airflow/example_dags/example_task_group.py took 0.212 seconds
[2024-04-25T12:03:50.353+0800] {processor.py:161} INFO - Started process (PID=1935755) to work on /mnt/c/Users/Jason/Desktop/IS3107/is3107_DataEngineering/.venv/lib/python3.8/site-packages/airflow/example_dags/example_task_group.py
[2024-04-25T12:03:50.355+0800] {processor.py:830} INFO - Processing file /mnt/c/Users/Jason/Desktop/IS3107/is3107_DataEngineering/.venv/lib/python3.8/site-packages/airflow/example_dags/example_task_group.py for tasks to queue
[2024-04-25T12:03:50.357+0800] {logging_mixin.py:188} INFO - [2024-04-25T12:03:50.356+0800] {dagbag.py:540} INFO - Filling up the DagBag from /mnt/c/Users/Jason/Desktop/IS3107/is3107_DataEngineering/.venv/lib/python3.8/site-packages/airflow/example_dags/example_task_group.py
[2024-04-25T12:03:50.377+0800] {processor.py:840} INFO - DAG(s) 'example_task_group' retrieved from /mnt/c/Users/Jason/Desktop/IS3107/is3107_DataEngineering/.venv/lib/python3.8/site-packages/airflow/example_dags/example_task_group.py
[2024-04-25T12:03:50.407+0800] {logging_mixin.py:188} INFO - [2024-04-25T12:03:50.406+0800] {dag.py:3096} INFO - Sync 1 DAGs
[2024-04-25T12:03:50.433+0800] {logging_mixin.py:188} INFO - [2024-04-25T12:03:50.433+0800] {dag.py:3954} INFO - Setting next_dagrun for example_task_group to 2024-04-24 00:00:00+00:00, run_after=2024-04-25 00:00:00+00:00
[2024-04-25T12:03:50.501+0800] {processor.py:183} INFO - Processing /mnt/c/Users/Jason/Desktop/IS3107/is3107_DataEngineering/.venv/lib/python3.8/site-packages/airflow/example_dags/example_task_group.py took 0.158 seconds
[2024-04-25T12:06:09.298+0800] {processor.py:161} INFO - Started process (PID=1937081) to work on /mnt/c/Users/Jason/Desktop/IS3107/is3107_DataEngineering/.venv/lib/python3.8/site-packages/airflow/example_dags/example_task_group.py
[2024-04-25T12:06:09.301+0800] {processor.py:830} INFO - Processing file /mnt/c/Users/Jason/Desktop/IS3107/is3107_DataEngineering/.venv/lib/python3.8/site-packages/airflow/example_dags/example_task_group.py for tasks to queue
[2024-04-25T12:06:09.304+0800] {logging_mixin.py:188} INFO - [2024-04-25T12:06:09.303+0800] {dagbag.py:540} INFO - Filling up the DagBag from /mnt/c/Users/Jason/Desktop/IS3107/is3107_DataEngineering/.venv/lib/python3.8/site-packages/airflow/example_dags/example_task_group.py
[2024-04-25T12:06:09.332+0800] {processor.py:840} INFO - DAG(s) 'example_task_group' retrieved from /mnt/c/Users/Jason/Desktop/IS3107/is3107_DataEngineering/.venv/lib/python3.8/site-packages/airflow/example_dags/example_task_group.py
[2024-04-25T12:06:09.365+0800] {logging_mixin.py:188} INFO - [2024-04-25T12:06:09.364+0800] {dag.py:3096} INFO - Sync 1 DAGs
[2024-04-25T12:06:09.394+0800] {logging_mixin.py:188} INFO - [2024-04-25T12:06:09.393+0800] {dag.py:3954} INFO - Setting next_dagrun for example_task_group to 2024-04-24 00:00:00+00:00, run_after=2024-04-25 00:00:00+00:00
[2024-04-25T12:06:09.446+0800] {processor.py:183} INFO - Processing /mnt/c/Users/Jason/Desktop/IS3107/is3107_DataEngineering/.venv/lib/python3.8/site-packages/airflow/example_dags/example_task_group.py took 0.164 seconds
[2024-04-25T12:08:09.177+0800] {processor.py:161} INFO - Started process (PID=1938264) to work on /mnt/c/Users/Jason/Desktop/IS3107/is3107_DataEngineering/.venv/lib/python3.8/site-packages/airflow/example_dags/example_task_group.py
[2024-04-25T12:08:09.179+0800] {processor.py:830} INFO - Processing file /mnt/c/Users/Jason/Desktop/IS3107/is3107_DataEngineering/.venv/lib/python3.8/site-packages/airflow/example_dags/example_task_group.py for tasks to queue
[2024-04-25T12:08:09.181+0800] {logging_mixin.py:188} INFO - [2024-04-25T12:08:09.180+0800] {dagbag.py:540} INFO - Filling up the DagBag from /mnt/c/Users/Jason/Desktop/IS3107/is3107_DataEngineering/.venv/lib/python3.8/site-packages/airflow/example_dags/example_task_group.py
[2024-04-25T12:08:09.196+0800] {processor.py:840} INFO - DAG(s) 'example_task_group' retrieved from /mnt/c/Users/Jason/Desktop/IS3107/is3107_DataEngineering/.venv/lib/python3.8/site-packages/airflow/example_dags/example_task_group.py
[2024-04-25T12:08:09.218+0800] {logging_mixin.py:188} INFO - [2024-04-25T12:08:09.218+0800] {dag.py:3096} INFO - Sync 1 DAGs
[2024-04-25T12:08:09.241+0800] {logging_mixin.py:188} INFO - [2024-04-25T12:08:09.240+0800] {dag.py:3954} INFO - Setting next_dagrun for example_task_group to 2024-04-24 00:00:00+00:00, run_after=2024-04-25 00:00:00+00:00
[2024-04-25T12:08:09.314+0800] {processor.py:183} INFO - Processing /mnt/c/Users/Jason/Desktop/IS3107/is3107_DataEngineering/.venv/lib/python3.8/site-packages/airflow/example_dags/example_task_group.py took 0.146 seconds
[2024-04-25T12:10:17.456+0800] {processor.py:161} INFO - Started process (PID=1939493) to work on /mnt/c/Users/Jason/Desktop/IS3107/is3107_DataEngineering/.venv/lib/python3.8/site-packages/airflow/example_dags/example_task_group.py
[2024-04-25T12:10:17.459+0800] {processor.py:830} INFO - Processing file /mnt/c/Users/Jason/Desktop/IS3107/is3107_DataEngineering/.venv/lib/python3.8/site-packages/airflow/example_dags/example_task_group.py for tasks to queue
[2024-04-25T12:10:17.463+0800] {logging_mixin.py:188} INFO - [2024-04-25T12:10:17.461+0800] {dagbag.py:540} INFO - Filling up the DagBag from /mnt/c/Users/Jason/Desktop/IS3107/is3107_DataEngineering/.venv/lib/python3.8/site-packages/airflow/example_dags/example_task_group.py
[2024-04-25T12:10:17.500+0800] {processor.py:840} INFO - DAG(s) 'example_task_group' retrieved from /mnt/c/Users/Jason/Desktop/IS3107/is3107_DataEngineering/.venv/lib/python3.8/site-packages/airflow/example_dags/example_task_group.py
[2024-04-25T12:10:17.538+0800] {logging_mixin.py:188} INFO - [2024-04-25T12:10:17.537+0800] {dag.py:3096} INFO - Sync 1 DAGs
[2024-04-25T12:10:17.581+0800] {logging_mixin.py:188} INFO - [2024-04-25T12:10:17.580+0800] {dag.py:3954} INFO - Setting next_dagrun for example_task_group to 2024-04-24 00:00:00+00:00, run_after=2024-04-25 00:00:00+00:00
[2024-04-25T12:10:17.665+0800] {processor.py:183} INFO - Processing /mnt/c/Users/Jason/Desktop/IS3107/is3107_DataEngineering/.venv/lib/python3.8/site-packages/airflow/example_dags/example_task_group.py took 0.226 seconds
[2024-04-25T12:12:51.120+0800] {processor.py:161} INFO - Started process (PID=1940973) to work on /mnt/c/Users/Jason/Desktop/IS3107/is3107_DataEngineering/.venv/lib/python3.8/site-packages/airflow/example_dags/example_task_group.py
[2024-04-25T12:12:51.122+0800] {processor.py:830} INFO - Processing file /mnt/c/Users/Jason/Desktop/IS3107/is3107_DataEngineering/.venv/lib/python3.8/site-packages/airflow/example_dags/example_task_group.py for tasks to queue
[2024-04-25T12:12:51.125+0800] {logging_mixin.py:188} INFO - [2024-04-25T12:12:51.124+0800] {dagbag.py:540} INFO - Filling up the DagBag from /mnt/c/Users/Jason/Desktop/IS3107/is3107_DataEngineering/.venv/lib/python3.8/site-packages/airflow/example_dags/example_task_group.py
[2024-04-25T12:12:51.152+0800] {processor.py:840} INFO - DAG(s) 'example_task_group' retrieved from /mnt/c/Users/Jason/Desktop/IS3107/is3107_DataEngineering/.venv/lib/python3.8/site-packages/airflow/example_dags/example_task_group.py
[2024-04-25T12:12:51.197+0800] {logging_mixin.py:188} INFO - [2024-04-25T12:12:51.195+0800] {dag.py:3096} INFO - Sync 1 DAGs
[2024-04-25T12:12:51.245+0800] {logging_mixin.py:188} INFO - [2024-04-25T12:12:51.244+0800] {dag.py:3954} INFO - Setting next_dagrun for example_task_group to 2024-04-24 00:00:00+00:00, run_after=2024-04-25 00:00:00+00:00
[2024-04-25T12:12:51.341+0800] {processor.py:183} INFO - Processing /mnt/c/Users/Jason/Desktop/IS3107/is3107_DataEngineering/.venv/lib/python3.8/site-packages/airflow/example_dags/example_task_group.py took 0.234 seconds
