[2024-04-25T09:39:59.739+0800] {processor.py:161} INFO - Started process (PID=1859906) to work on /mnt/c/Users/Jason/Desktop/IS3107/is3107_DataEngineering/.venv/lib/python3.8/site-packages/airflow/example_dags/example_branch_python_dop_operator_3.py
[2024-04-25T09:39:59.741+0800] {processor.py:830} INFO - Processing file /mnt/c/Users/Jason/Desktop/IS3107/is3107_DataEngineering/.venv/lib/python3.8/site-packages/airflow/example_dags/example_branch_python_dop_operator_3.py for tasks to queue
[2024-04-25T09:39:59.746+0800] {logging_mixin.py:188} INFO - [2024-04-25T09:39:59.744+0800] {dagbag.py:540} INFO - Filling up the DagBag from /mnt/c/Users/Jason/Desktop/IS3107/is3107_DataEngineering/.venv/lib/python3.8/site-packages/airflow/example_dags/example_branch_python_dop_operator_3.py
[2024-04-25T09:39:59.883+0800] {processor.py:840} INFO - DAG(s) 'example_branch_dop_operator_v3' retrieved from /mnt/c/Users/Jason/Desktop/IS3107/is3107_DataEngineering/.venv/lib/python3.8/site-packages/airflow/example_dags/example_branch_python_dop_operator_3.py
[2024-04-25T09:40:01.696+0800] {logging_mixin.py:188} INFO - [2024-04-25T09:40:01.694+0800] {dag.py:3096} INFO - Sync 1 DAGs
[2024-04-25T09:40:01.879+0800] {logging_mixin.py:188} INFO - [2024-04-25T09:40:01.878+0800] {dag.py:3954} INFO - Setting next_dagrun for example_branch_dop_operator_v3 to 2024-04-25 01:39:00+00:00, run_after=2024-04-25 01:40:00+00:00
[2024-04-25T09:40:01.970+0800] {processor.py:183} INFO - Processing /mnt/c/Users/Jason/Desktop/IS3107/is3107_DataEngineering/.venv/lib/python3.8/site-packages/airflow/example_dags/example_branch_python_dop_operator_3.py took 2.249 seconds
[2024-04-25T11:50:35.970+0800] {processor.py:161} INFO - Started process (PID=1928210) to work on /mnt/c/Users/Jason/Desktop/IS3107/is3107_DataEngineering/.venv/lib/python3.8/site-packages/airflow/example_dags/example_branch_python_dop_operator_3.py
[2024-04-25T11:50:35.974+0800] {processor.py:830} INFO - Processing file /mnt/c/Users/Jason/Desktop/IS3107/is3107_DataEngineering/.venv/lib/python3.8/site-packages/airflow/example_dags/example_branch_python_dop_operator_3.py for tasks to queue
[2024-04-25T11:50:35.979+0800] {logging_mixin.py:188} INFO - [2024-04-25T11:50:35.977+0800] {dagbag.py:540} INFO - Filling up the DagBag from /mnt/c/Users/Jason/Desktop/IS3107/is3107_DataEngineering/.venv/lib/python3.8/site-packages/airflow/example_dags/example_branch_python_dop_operator_3.py
[2024-04-25T11:50:36.018+0800] {processor.py:840} INFO - DAG(s) 'example_branch_dop_operator_v3' retrieved from /mnt/c/Users/Jason/Desktop/IS3107/is3107_DataEngineering/.venv/lib/python3.8/site-packages/airflow/example_dags/example_branch_python_dop_operator_3.py
[2024-04-25T11:50:37.836+0800] {logging_mixin.py:188} INFO - [2024-04-25T11:50:37.834+0800] {dag.py:3096} INFO - Sync 1 DAGs
[2024-04-25T11:50:37.907+0800] {logging_mixin.py:188} INFO - [2024-04-25T11:50:37.905+0800] {dag.py:3954} INFO - Setting next_dagrun for example_branch_dop_operator_v3 to 2024-04-25 03:49:00+00:00, run_after=2024-04-25 03:50:00+00:00
[2024-04-25T11:50:38.045+0800] {processor.py:183} INFO - Processing /mnt/c/Users/Jason/Desktop/IS3107/is3107_DataEngineering/.venv/lib/python3.8/site-packages/airflow/example_dags/example_branch_python_dop_operator_3.py took 2.095 seconds
[2024-04-25T11:53:13.512+0800] {processor.py:161} INFO - Started process (PID=1929662) to work on /mnt/c/Users/Jason/Desktop/IS3107/is3107_DataEngineering/.venv/lib/python3.8/site-packages/airflow/example_dags/example_branch_python_dop_operator_3.py
[2024-04-25T11:53:13.514+0800] {processor.py:830} INFO - Processing file /mnt/c/Users/Jason/Desktop/IS3107/is3107_DataEngineering/.venv/lib/python3.8/site-packages/airflow/example_dags/example_branch_python_dop_operator_3.py for tasks to queue
[2024-04-25T11:53:13.516+0800] {logging_mixin.py:188} INFO - [2024-04-25T11:53:13.515+0800] {dagbag.py:540} INFO - Filling up the DagBag from /mnt/c/Users/Jason/Desktop/IS3107/is3107_DataEngineering/.venv/lib/python3.8/site-packages/airflow/example_dags/example_branch_python_dop_operator_3.py
[2024-04-25T11:53:13.543+0800] {processor.py:840} INFO - DAG(s) 'example_branch_dop_operator_v3' retrieved from /mnt/c/Users/Jason/Desktop/IS3107/is3107_DataEngineering/.venv/lib/python3.8/site-packages/airflow/example_dags/example_branch_python_dop_operator_3.py
[2024-04-25T11:53:13.582+0800] {logging_mixin.py:188} INFO - [2024-04-25T11:53:13.581+0800] {dag.py:3096} INFO - Sync 1 DAGs
[2024-04-25T11:53:13.638+0800] {logging_mixin.py:188} INFO - [2024-04-25T11:53:13.636+0800] {dag.py:3954} INFO - Setting next_dagrun for example_branch_dop_operator_v3 to 2024-04-25 03:52:00+00:00, run_after=2024-04-25 03:53:00+00:00
[2024-04-25T11:53:13.710+0800] {processor.py:183} INFO - Processing /mnt/c/Users/Jason/Desktop/IS3107/is3107_DataEngineering/.venv/lib/python3.8/site-packages/airflow/example_dags/example_branch_python_dop_operator_3.py took 0.211 seconds
[2024-04-25T11:55:08.469+0800] {processor.py:161} INFO - Started process (PID=1930730) to work on /mnt/c/Users/Jason/Desktop/IS3107/is3107_DataEngineering/.venv/lib/python3.8/site-packages/airflow/example_dags/example_branch_python_dop_operator_3.py
[2024-04-25T11:55:08.471+0800] {processor.py:830} INFO - Processing file /mnt/c/Users/Jason/Desktop/IS3107/is3107_DataEngineering/.venv/lib/python3.8/site-packages/airflow/example_dags/example_branch_python_dop_operator_3.py for tasks to queue
[2024-04-25T11:55:08.474+0800] {logging_mixin.py:188} INFO - [2024-04-25T11:55:08.473+0800] {dagbag.py:540} INFO - Filling up the DagBag from /mnt/c/Users/Jason/Desktop/IS3107/is3107_DataEngineering/.venv/lib/python3.8/site-packages/airflow/example_dags/example_branch_python_dop_operator_3.py
[2024-04-25T11:55:08.512+0800] {processor.py:840} INFO - DAG(s) 'example_branch_dop_operator_v3' retrieved from /mnt/c/Users/Jason/Desktop/IS3107/is3107_DataEngineering/.venv/lib/python3.8/site-packages/airflow/example_dags/example_branch_python_dop_operator_3.py
[2024-04-25T11:55:08.567+0800] {logging_mixin.py:188} INFO - [2024-04-25T11:55:08.565+0800] {dag.py:3096} INFO - Sync 1 DAGs
[2024-04-25T11:55:08.636+0800] {logging_mixin.py:188} INFO - [2024-04-25T11:55:08.635+0800] {dag.py:3954} INFO - Setting next_dagrun for example_branch_dop_operator_v3 to 2024-04-25 03:54:00+00:00, run_after=2024-04-25 03:55:00+00:00
[2024-04-25T11:55:08.728+0800] {processor.py:183} INFO - Processing /mnt/c/Users/Jason/Desktop/IS3107/is3107_DataEngineering/.venv/lib/python3.8/site-packages/airflow/example_dags/example_branch_python_dop_operator_3.py took 0.276 seconds
[2024-04-25T11:56:20.433+0800] {processor.py:161} INFO - Started process (PID=1931436) to work on /mnt/c/Users/Jason/Desktop/IS3107/is3107_DataEngineering/.venv/lib/python3.8/site-packages/airflow/example_dags/example_branch_python_dop_operator_3.py
[2024-04-25T11:56:20.435+0800] {processor.py:830} INFO - Processing file /mnt/c/Users/Jason/Desktop/IS3107/is3107_DataEngineering/.venv/lib/python3.8/site-packages/airflow/example_dags/example_branch_python_dop_operator_3.py for tasks to queue
[2024-04-25T11:56:20.438+0800] {logging_mixin.py:188} INFO - [2024-04-25T11:56:20.437+0800] {dagbag.py:540} INFO - Filling up the DagBag from /mnt/c/Users/Jason/Desktop/IS3107/is3107_DataEngineering/.venv/lib/python3.8/site-packages/airflow/example_dags/example_branch_python_dop_operator_3.py
[2024-04-25T11:56:20.461+0800] {processor.py:840} INFO - DAG(s) 'example_branch_dop_operator_v3' retrieved from /mnt/c/Users/Jason/Desktop/IS3107/is3107_DataEngineering/.venv/lib/python3.8/site-packages/airflow/example_dags/example_branch_python_dop_operator_3.py
[2024-04-25T11:56:20.489+0800] {logging_mixin.py:188} INFO - [2024-04-25T11:56:20.488+0800] {dag.py:3096} INFO - Sync 1 DAGs
[2024-04-25T11:56:20.526+0800] {logging_mixin.py:188} INFO - [2024-04-25T11:56:20.525+0800] {dag.py:3954} INFO - Setting next_dagrun for example_branch_dop_operator_v3 to 2024-04-25 03:55:00+00:00, run_after=2024-04-25 03:56:00+00:00
[2024-04-25T11:56:20.626+0800] {processor.py:183} INFO - Processing /mnt/c/Users/Jason/Desktop/IS3107/is3107_DataEngineering/.venv/lib/python3.8/site-packages/airflow/example_dags/example_branch_python_dop_operator_3.py took 0.206 seconds
[2024-04-25T11:57:25.813+0800] {processor.py:161} INFO - Started process (PID=1932066) to work on /mnt/c/Users/Jason/Desktop/IS3107/is3107_DataEngineering/.venv/lib/python3.8/site-packages/airflow/example_dags/example_branch_python_dop_operator_3.py
[2024-04-25T11:57:25.816+0800] {processor.py:830} INFO - Processing file /mnt/c/Users/Jason/Desktop/IS3107/is3107_DataEngineering/.venv/lib/python3.8/site-packages/airflow/example_dags/example_branch_python_dop_operator_3.py for tasks to queue
[2024-04-25T11:57:25.820+0800] {logging_mixin.py:188} INFO - [2024-04-25T11:57:25.818+0800] {dagbag.py:540} INFO - Filling up the DagBag from /mnt/c/Users/Jason/Desktop/IS3107/is3107_DataEngineering/.venv/lib/python3.8/site-packages/airflow/example_dags/example_branch_python_dop_operator_3.py
[2024-04-25T11:57:25.860+0800] {processor.py:840} INFO - DAG(s) 'example_branch_dop_operator_v3' retrieved from /mnt/c/Users/Jason/Desktop/IS3107/is3107_DataEngineering/.venv/lib/python3.8/site-packages/airflow/example_dags/example_branch_python_dop_operator_3.py
[2024-04-25T11:57:25.905+0800] {logging_mixin.py:188} INFO - [2024-04-25T11:57:25.903+0800] {dag.py:3096} INFO - Sync 1 DAGs
[2024-04-25T11:57:25.974+0800] {logging_mixin.py:188} INFO - [2024-04-25T11:57:25.972+0800] {dag.py:3954} INFO - Setting next_dagrun for example_branch_dop_operator_v3 to 2024-04-25 03:56:00+00:00, run_after=2024-04-25 03:57:00+00:00
[2024-04-25T11:57:26.097+0800] {processor.py:183} INFO - Processing /mnt/c/Users/Jason/Desktop/IS3107/is3107_DataEngineering/.venv/lib/python3.8/site-packages/airflow/example_dags/example_branch_python_dop_operator_3.py took 0.305 seconds
[2024-04-25T11:59:41.092+0800] {processor.py:161} INFO - Started process (PID=1933382) to work on /mnt/c/Users/Jason/Desktop/IS3107/is3107_DataEngineering/.venv/lib/python3.8/site-packages/airflow/example_dags/example_branch_python_dop_operator_3.py
[2024-04-25T11:59:41.094+0800] {processor.py:830} INFO - Processing file /mnt/c/Users/Jason/Desktop/IS3107/is3107_DataEngineering/.venv/lib/python3.8/site-packages/airflow/example_dags/example_branch_python_dop_operator_3.py for tasks to queue
[2024-04-25T11:59:41.098+0800] {logging_mixin.py:188} INFO - [2024-04-25T11:59:41.097+0800] {dagbag.py:540} INFO - Filling up the DagBag from /mnt/c/Users/Jason/Desktop/IS3107/is3107_DataEngineering/.venv/lib/python3.8/site-packages/airflow/example_dags/example_branch_python_dop_operator_3.py
[2024-04-25T11:59:41.138+0800] {processor.py:840} INFO - DAG(s) 'example_branch_dop_operator_v3' retrieved from /mnt/c/Users/Jason/Desktop/IS3107/is3107_DataEngineering/.venv/lib/python3.8/site-packages/airflow/example_dags/example_branch_python_dop_operator_3.py
[2024-04-25T11:59:41.184+0800] {logging_mixin.py:188} INFO - [2024-04-25T11:59:41.183+0800] {dag.py:3096} INFO - Sync 1 DAGs
[2024-04-25T11:59:41.246+0800] {logging_mixin.py:188} INFO - [2024-04-25T11:59:41.245+0800] {dag.py:3954} INFO - Setting next_dagrun for example_branch_dop_operator_v3 to 2024-04-25 03:58:00+00:00, run_after=2024-04-25 03:59:00+00:00
[2024-04-25T11:59:41.321+0800] {processor.py:183} INFO - Processing /mnt/c/Users/Jason/Desktop/IS3107/is3107_DataEngineering/.venv/lib/python3.8/site-packages/airflow/example_dags/example_branch_python_dop_operator_3.py took 0.249 seconds
[2024-04-25T12:00:56.945+0800] {processor.py:161} INFO - Started process (PID=1934080) to work on /mnt/c/Users/Jason/Desktop/IS3107/is3107_DataEngineering/.venv/lib/python3.8/site-packages/airflow/example_dags/example_branch_python_dop_operator_3.py
[2024-04-25T12:00:56.949+0800] {processor.py:830} INFO - Processing file /mnt/c/Users/Jason/Desktop/IS3107/is3107_DataEngineering/.venv/lib/python3.8/site-packages/airflow/example_dags/example_branch_python_dop_operator_3.py for tasks to queue
[2024-04-25T12:00:56.953+0800] {logging_mixin.py:188} INFO - [2024-04-25T12:00:56.951+0800] {dagbag.py:540} INFO - Filling up the DagBag from /mnt/c/Users/Jason/Desktop/IS3107/is3107_DataEngineering/.venv/lib/python3.8/site-packages/airflow/example_dags/example_branch_python_dop_operator_3.py
[2024-04-25T12:00:56.998+0800] {processor.py:840} INFO - DAG(s) 'example_branch_dop_operator_v3' retrieved from /mnt/c/Users/Jason/Desktop/IS3107/is3107_DataEngineering/.venv/lib/python3.8/site-packages/airflow/example_dags/example_branch_python_dop_operator_3.py
[2024-04-25T12:00:57.047+0800] {logging_mixin.py:188} INFO - [2024-04-25T12:00:57.045+0800] {dag.py:3096} INFO - Sync 1 DAGs
[2024-04-25T12:00:57.106+0800] {logging_mixin.py:188} INFO - [2024-04-25T12:00:57.105+0800] {dag.py:3954} INFO - Setting next_dagrun for example_branch_dop_operator_v3 to 2024-04-25 03:59:00+00:00, run_after=2024-04-25 04:00:00+00:00
[2024-04-25T12:00:57.271+0800] {processor.py:183} INFO - Processing /mnt/c/Users/Jason/Desktop/IS3107/is3107_DataEngineering/.venv/lib/python3.8/site-packages/airflow/example_dags/example_branch_python_dop_operator_3.py took 0.350 seconds
[2024-04-25T12:02:13.421+0800] {processor.py:161} INFO - Started process (PID=1934829) to work on /mnt/c/Users/Jason/Desktop/IS3107/is3107_DataEngineering/.venv/lib/python3.8/site-packages/airflow/example_dags/example_branch_python_dop_operator_3.py
[2024-04-25T12:02:13.422+0800] {processor.py:830} INFO - Processing file /mnt/c/Users/Jason/Desktop/IS3107/is3107_DataEngineering/.venv/lib/python3.8/site-packages/airflow/example_dags/example_branch_python_dop_operator_3.py for tasks to queue
[2024-04-25T12:02:13.424+0800] {logging_mixin.py:188} INFO - [2024-04-25T12:02:13.424+0800] {dagbag.py:540} INFO - Filling up the DagBag from /mnt/c/Users/Jason/Desktop/IS3107/is3107_DataEngineering/.venv/lib/python3.8/site-packages/airflow/example_dags/example_branch_python_dop_operator_3.py
[2024-04-25T12:02:13.449+0800] {processor.py:840} INFO - DAG(s) 'example_branch_dop_operator_v3' retrieved from /mnt/c/Users/Jason/Desktop/IS3107/is3107_DataEngineering/.venv/lib/python3.8/site-packages/airflow/example_dags/example_branch_python_dop_operator_3.py
[2024-04-25T12:02:13.497+0800] {logging_mixin.py:188} INFO - [2024-04-25T12:02:13.496+0800] {dag.py:3096} INFO - Sync 1 DAGs
[2024-04-25T12:02:13.532+0800] {logging_mixin.py:188} INFO - [2024-04-25T12:02:13.531+0800] {dag.py:3954} INFO - Setting next_dagrun for example_branch_dop_operator_v3 to 2024-04-25 04:01:00+00:00, run_after=2024-04-25 04:02:00+00:00
[2024-04-25T12:02:13.602+0800] {processor.py:183} INFO - Processing /mnt/c/Users/Jason/Desktop/IS3107/is3107_DataEngineering/.venv/lib/python3.8/site-packages/airflow/example_dags/example_branch_python_dop_operator_3.py took 0.193 seconds
[2024-04-25T12:03:22.600+0800] {processor.py:161} INFO - Started process (PID=1935489) to work on /mnt/c/Users/Jason/Desktop/IS3107/is3107_DataEngineering/.venv/lib/python3.8/site-packages/airflow/example_dags/example_branch_python_dop_operator_3.py
[2024-04-25T12:03:22.602+0800] {processor.py:830} INFO - Processing file /mnt/c/Users/Jason/Desktop/IS3107/is3107_DataEngineering/.venv/lib/python3.8/site-packages/airflow/example_dags/example_branch_python_dop_operator_3.py for tasks to queue
[2024-04-25T12:03:22.604+0800] {logging_mixin.py:188} INFO - [2024-04-25T12:03:22.603+0800] {dagbag.py:540} INFO - Filling up the DagBag from /mnt/c/Users/Jason/Desktop/IS3107/is3107_DataEngineering/.venv/lib/python3.8/site-packages/airflow/example_dags/example_branch_python_dop_operator_3.py
[2024-04-25T12:03:22.631+0800] {processor.py:840} INFO - DAG(s) 'example_branch_dop_operator_v3' retrieved from /mnt/c/Users/Jason/Desktop/IS3107/is3107_DataEngineering/.venv/lib/python3.8/site-packages/airflow/example_dags/example_branch_python_dop_operator_3.py
[2024-04-25T12:03:22.662+0800] {logging_mixin.py:188} INFO - [2024-04-25T12:03:22.661+0800] {dag.py:3096} INFO - Sync 1 DAGs
[2024-04-25T12:03:22.708+0800] {logging_mixin.py:188} INFO - [2024-04-25T12:03:22.706+0800] {dag.py:3954} INFO - Setting next_dagrun for example_branch_dop_operator_v3 to 2024-04-25 04:02:00+00:00, run_after=2024-04-25 04:03:00+00:00
[2024-04-25T12:03:22.819+0800] {processor.py:183} INFO - Processing /mnt/c/Users/Jason/Desktop/IS3107/is3107_DataEngineering/.venv/lib/python3.8/site-packages/airflow/example_dags/example_branch_python_dop_operator_3.py took 0.231 seconds
[2024-04-25T12:04:35.534+0800] {processor.py:161} INFO - Started process (PID=1936200) to work on /mnt/c/Users/Jason/Desktop/IS3107/is3107_DataEngineering/.venv/lib/python3.8/site-packages/airflow/example_dags/example_branch_python_dop_operator_3.py
[2024-04-25T12:04:35.536+0800] {processor.py:830} INFO - Processing file /mnt/c/Users/Jason/Desktop/IS3107/is3107_DataEngineering/.venv/lib/python3.8/site-packages/airflow/example_dags/example_branch_python_dop_operator_3.py for tasks to queue
[2024-04-25T12:04:35.539+0800] {logging_mixin.py:188} INFO - [2024-04-25T12:04:35.537+0800] {dagbag.py:540} INFO - Filling up the DagBag from /mnt/c/Users/Jason/Desktop/IS3107/is3107_DataEngineering/.venv/lib/python3.8/site-packages/airflow/example_dags/example_branch_python_dop_operator_3.py
[2024-04-25T12:04:35.563+0800] {processor.py:840} INFO - DAG(s) 'example_branch_dop_operator_v3' retrieved from /mnt/c/Users/Jason/Desktop/IS3107/is3107_DataEngineering/.venv/lib/python3.8/site-packages/airflow/example_dags/example_branch_python_dop_operator_3.py
[2024-04-25T12:04:35.589+0800] {logging_mixin.py:188} INFO - [2024-04-25T12:04:35.588+0800] {dag.py:3096} INFO - Sync 1 DAGs
[2024-04-25T12:04:35.622+0800] {logging_mixin.py:188} INFO - [2024-04-25T12:04:35.621+0800] {dag.py:3954} INFO - Setting next_dagrun for example_branch_dop_operator_v3 to 2024-04-25 04:03:00+00:00, run_after=2024-04-25 04:04:00+00:00
[2024-04-25T12:04:35.693+0800] {processor.py:183} INFO - Processing /mnt/c/Users/Jason/Desktop/IS3107/is3107_DataEngineering/.venv/lib/python3.8/site-packages/airflow/example_dags/example_branch_python_dop_operator_3.py took 0.171 seconds
[2024-04-25T12:05:45.954+0800] {processor.py:161} INFO - Started process (PID=1936871) to work on /mnt/c/Users/Jason/Desktop/IS3107/is3107_DataEngineering/.venv/lib/python3.8/site-packages/airflow/example_dags/example_branch_python_dop_operator_3.py
[2024-04-25T12:05:45.955+0800] {processor.py:830} INFO - Processing file /mnt/c/Users/Jason/Desktop/IS3107/is3107_DataEngineering/.venv/lib/python3.8/site-packages/airflow/example_dags/example_branch_python_dop_operator_3.py for tasks to queue
[2024-04-25T12:05:45.957+0800] {logging_mixin.py:188} INFO - [2024-04-25T12:05:45.956+0800] {dagbag.py:540} INFO - Filling up the DagBag from /mnt/c/Users/Jason/Desktop/IS3107/is3107_DataEngineering/.venv/lib/python3.8/site-packages/airflow/example_dags/example_branch_python_dop_operator_3.py
[2024-04-25T12:05:46.056+0800] {processor.py:840} INFO - DAG(s) 'example_branch_dop_operator_v3' retrieved from /mnt/c/Users/Jason/Desktop/IS3107/is3107_DataEngineering/.venv/lib/python3.8/site-packages/airflow/example_dags/example_branch_python_dop_operator_3.py
[2024-04-25T12:05:46.101+0800] {logging_mixin.py:188} INFO - [2024-04-25T12:05:46.100+0800] {dag.py:3096} INFO - Sync 1 DAGs
[2024-04-25T12:05:46.151+0800] {logging_mixin.py:188} INFO - [2024-04-25T12:05:46.150+0800] {dag.py:3954} INFO - Setting next_dagrun for example_branch_dop_operator_v3 to 2024-04-25 04:04:00+00:00, run_after=2024-04-25 04:05:00+00:00
[2024-04-25T12:05:46.261+0800] {processor.py:183} INFO - Processing /mnt/c/Users/Jason/Desktop/IS3107/is3107_DataEngineering/.venv/lib/python3.8/site-packages/airflow/example_dags/example_branch_python_dop_operator_3.py took 0.319 seconds
[2024-04-25T12:06:48.085+0800] {processor.py:161} INFO - Started process (PID=1937477) to work on /mnt/c/Users/Jason/Desktop/IS3107/is3107_DataEngineering/.venv/lib/python3.8/site-packages/airflow/example_dags/example_branch_python_dop_operator_3.py
[2024-04-25T12:06:48.087+0800] {processor.py:830} INFO - Processing file /mnt/c/Users/Jason/Desktop/IS3107/is3107_DataEngineering/.venv/lib/python3.8/site-packages/airflow/example_dags/example_branch_python_dop_operator_3.py for tasks to queue
[2024-04-25T12:06:48.089+0800] {logging_mixin.py:188} INFO - [2024-04-25T12:06:48.088+0800] {dagbag.py:540} INFO - Filling up the DagBag from /mnt/c/Users/Jason/Desktop/IS3107/is3107_DataEngineering/.venv/lib/python3.8/site-packages/airflow/example_dags/example_branch_python_dop_operator_3.py
[2024-04-25T12:06:48.110+0800] {processor.py:840} INFO - DAG(s) 'example_branch_dop_operator_v3' retrieved from /mnt/c/Users/Jason/Desktop/IS3107/is3107_DataEngineering/.venv/lib/python3.8/site-packages/airflow/example_dags/example_branch_python_dop_operator_3.py
[2024-04-25T12:06:48.136+0800] {logging_mixin.py:188} INFO - [2024-04-25T12:06:48.135+0800] {dag.py:3096} INFO - Sync 1 DAGs
[2024-04-25T12:06:48.175+0800] {logging_mixin.py:188} INFO - [2024-04-25T12:06:48.174+0800] {dag.py:3954} INFO - Setting next_dagrun for example_branch_dop_operator_v3 to 2024-04-25 04:05:00+00:00, run_after=2024-04-25 04:06:00+00:00
[2024-04-25T12:06:48.340+0800] {processor.py:183} INFO - Processing /mnt/c/Users/Jason/Desktop/IS3107/is3107_DataEngineering/.venv/lib/python3.8/site-packages/airflow/example_dags/example_branch_python_dop_operator_3.py took 0.266 seconds
[2024-04-25T12:08:44.556+0800] {processor.py:161} INFO - Started process (PID=1938614) to work on /mnt/c/Users/Jason/Desktop/IS3107/is3107_DataEngineering/.venv/lib/python3.8/site-packages/airflow/example_dags/example_branch_python_dop_operator_3.py
[2024-04-25T12:08:44.558+0800] {processor.py:830} INFO - Processing file /mnt/c/Users/Jason/Desktop/IS3107/is3107_DataEngineering/.venv/lib/python3.8/site-packages/airflow/example_dags/example_branch_python_dop_operator_3.py for tasks to queue
[2024-04-25T12:08:44.560+0800] {logging_mixin.py:188} INFO - [2024-04-25T12:08:44.559+0800] {dagbag.py:540} INFO - Filling up the DagBag from /mnt/c/Users/Jason/Desktop/IS3107/is3107_DataEngineering/.venv/lib/python3.8/site-packages/airflow/example_dags/example_branch_python_dop_operator_3.py
[2024-04-25T12:08:44.579+0800] {processor.py:840} INFO - DAG(s) 'example_branch_dop_operator_v3' retrieved from /mnt/c/Users/Jason/Desktop/IS3107/is3107_DataEngineering/.venv/lib/python3.8/site-packages/airflow/example_dags/example_branch_python_dop_operator_3.py
[2024-04-25T12:08:44.602+0800] {logging_mixin.py:188} INFO - [2024-04-25T12:08:44.602+0800] {dag.py:3096} INFO - Sync 1 DAGs
[2024-04-25T12:08:44.632+0800] {logging_mixin.py:188} INFO - [2024-04-25T12:08:44.631+0800] {dag.py:3954} INFO - Setting next_dagrun for example_branch_dop_operator_v3 to 2024-04-25 04:07:00+00:00, run_after=2024-04-25 04:08:00+00:00
[2024-04-25T12:08:44.689+0800] {processor.py:183} INFO - Processing /mnt/c/Users/Jason/Desktop/IS3107/is3107_DataEngineering/.venv/lib/python3.8/site-packages/airflow/example_dags/example_branch_python_dop_operator_3.py took 0.141 seconds
[2024-04-25T12:11:06.291+0800] {processor.py:161} INFO - Started process (PID=1939965) to work on /mnt/c/Users/Jason/Desktop/IS3107/is3107_DataEngineering/.venv/lib/python3.8/site-packages/airflow/example_dags/example_branch_python_dop_operator_3.py
[2024-04-25T12:11:06.294+0800] {processor.py:830} INFO - Processing file /mnt/c/Users/Jason/Desktop/IS3107/is3107_DataEngineering/.venv/lib/python3.8/site-packages/airflow/example_dags/example_branch_python_dop_operator_3.py for tasks to queue
[2024-04-25T12:11:06.297+0800] {logging_mixin.py:188} INFO - [2024-04-25T12:11:06.296+0800] {dagbag.py:540} INFO - Filling up the DagBag from /mnt/c/Users/Jason/Desktop/IS3107/is3107_DataEngineering/.venv/lib/python3.8/site-packages/airflow/example_dags/example_branch_python_dop_operator_3.py
[2024-04-25T12:11:06.344+0800] {processor.py:840} INFO - DAG(s) 'example_branch_dop_operator_v3' retrieved from /mnt/c/Users/Jason/Desktop/IS3107/is3107_DataEngineering/.venv/lib/python3.8/site-packages/airflow/example_dags/example_branch_python_dop_operator_3.py
[2024-04-25T12:11:06.395+0800] {logging_mixin.py:188} INFO - [2024-04-25T12:11:06.392+0800] {dag.py:3096} INFO - Sync 1 DAGs
[2024-04-25T12:11:06.463+0800] {logging_mixin.py:188} INFO - [2024-04-25T12:11:06.461+0800] {dag.py:3954} INFO - Setting next_dagrun for example_branch_dop_operator_v3 to 2024-04-25 04:10:00+00:00, run_after=2024-04-25 04:11:00+00:00
[2024-04-25T12:11:06.574+0800] {processor.py:183} INFO - Processing /mnt/c/Users/Jason/Desktop/IS3107/is3107_DataEngineering/.venv/lib/python3.8/site-packages/airflow/example_dags/example_branch_python_dop_operator_3.py took 0.301 seconds
[2024-04-25T12:12:21.706+0800] {processor.py:161} INFO - Started process (PID=1940700) to work on /mnt/c/Users/Jason/Desktop/IS3107/is3107_DataEngineering/.venv/lib/python3.8/site-packages/airflow/example_dags/example_branch_python_dop_operator_3.py
[2024-04-25T12:12:21.709+0800] {processor.py:830} INFO - Processing file /mnt/c/Users/Jason/Desktop/IS3107/is3107_DataEngineering/.venv/lib/python3.8/site-packages/airflow/example_dags/example_branch_python_dop_operator_3.py for tasks to queue
[2024-04-25T12:12:21.713+0800] {logging_mixin.py:188} INFO - [2024-04-25T12:12:21.711+0800] {dagbag.py:540} INFO - Filling up the DagBag from /mnt/c/Users/Jason/Desktop/IS3107/is3107_DataEngineering/.venv/lib/python3.8/site-packages/airflow/example_dags/example_branch_python_dop_operator_3.py
[2024-04-25T12:12:21.757+0800] {processor.py:840} INFO - DAG(s) 'example_branch_dop_operator_v3' retrieved from /mnt/c/Users/Jason/Desktop/IS3107/is3107_DataEngineering/.venv/lib/python3.8/site-packages/airflow/example_dags/example_branch_python_dop_operator_3.py
[2024-04-25T12:12:21.791+0800] {logging_mixin.py:188} INFO - [2024-04-25T12:12:21.790+0800] {dag.py:3096} INFO - Sync 1 DAGs
[2024-04-25T12:12:21.835+0800] {logging_mixin.py:188} INFO - [2024-04-25T12:12:21.834+0800] {dag.py:3954} INFO - Setting next_dagrun for example_branch_dop_operator_v3 to 2024-04-25 04:11:00+00:00, run_after=2024-04-25 04:12:00+00:00
[2024-04-25T12:12:21.926+0800] {processor.py:183} INFO - Processing /mnt/c/Users/Jason/Desktop/IS3107/is3107_DataEngineering/.venv/lib/python3.8/site-packages/airflow/example_dags/example_branch_python_dop_operator_3.py took 0.239 seconds
[2024-04-25T12:13:29.759+0800] {processor.py:161} INFO - Started process (PID=1941333) to work on /mnt/c/Users/Jason/Desktop/IS3107/is3107_DataEngineering/.venv/lib/python3.8/site-packages/airflow/example_dags/example_branch_python_dop_operator_3.py
[2024-04-25T12:13:29.762+0800] {processor.py:830} INFO - Processing file /mnt/c/Users/Jason/Desktop/IS3107/is3107_DataEngineering/.venv/lib/python3.8/site-packages/airflow/example_dags/example_branch_python_dop_operator_3.py for tasks to queue
[2024-04-25T12:13:29.764+0800] {logging_mixin.py:188} INFO - [2024-04-25T12:13:29.763+0800] {dagbag.py:540} INFO - Filling up the DagBag from /mnt/c/Users/Jason/Desktop/IS3107/is3107_DataEngineering/.venv/lib/python3.8/site-packages/airflow/example_dags/example_branch_python_dop_operator_3.py
[2024-04-25T12:13:29.802+0800] {processor.py:840} INFO - DAG(s) 'example_branch_dop_operator_v3' retrieved from /mnt/c/Users/Jason/Desktop/IS3107/is3107_DataEngineering/.venv/lib/python3.8/site-packages/airflow/example_dags/example_branch_python_dop_operator_3.py
[2024-04-25T12:13:29.836+0800] {logging_mixin.py:188} INFO - [2024-04-25T12:13:29.834+0800] {dag.py:3096} INFO - Sync 1 DAGs
[2024-04-25T12:13:29.882+0800] {logging_mixin.py:188} INFO - [2024-04-25T12:13:29.882+0800] {dag.py:3954} INFO - Setting next_dagrun for example_branch_dop_operator_v3 to 2024-04-25 04:12:00+00:00, run_after=2024-04-25 04:13:00+00:00
[2024-04-25T12:13:30.018+0800] {processor.py:183} INFO - Processing /mnt/c/Users/Jason/Desktop/IS3107/is3107_DataEngineering/.venv/lib/python3.8/site-packages/airflow/example_dags/example_branch_python_dop_operator_3.py took 0.275 seconds
