[2024-04-25T11:50:53.906+0800] {processor.py:161} INFO - Started process (PID=1928362) to work on /mnt/c/Users/Jason/Desktop/IS3107/is3107_DataEngineering/.venv/lib/python3.8/site-packages/airflow/example_dags/example_dynamic_task_mapping.py
[2024-04-25T11:50:53.908+0800] {processor.py:830} INFO - Processing file /mnt/c/Users/Jason/Desktop/IS3107/is3107_DataEngineering/.venv/lib/python3.8/site-packages/airflow/example_dags/example_dynamic_task_mapping.py for tasks to queue
[2024-04-25T11:50:53.911+0800] {logging_mixin.py:188} INFO - [2024-04-25T11:50:53.910+0800] {dagbag.py:540} INFO - Filling up the DagBag from /mnt/c/Users/Jason/Desktop/IS3107/is3107_DataEngineering/.venv/lib/python3.8/site-packages/airflow/example_dags/example_dynamic_task_mapping.py
[2024-04-25T11:50:53.939+0800] {processor.py:840} INFO - DAG(s) 'example_dynamic_task_mapping' retrieved from /mnt/c/Users/Jason/Desktop/IS3107/is3107_DataEngineering/.venv/lib/python3.8/site-packages/airflow/example_dags/example_dynamic_task_mapping.py
[2024-04-25T11:50:55.488+0800] {logging_mixin.py:188} INFO - [2024-04-25T11:50:55.486+0800] {dag.py:3096} INFO - Sync 1 DAGs
[2024-04-25T11:50:55.525+0800] {logging_mixin.py:188} INFO - [2024-04-25T11:50:55.524+0800] {dag.py:3954} INFO - Setting next_dagrun for example_dynamic_task_mapping to 2022-03-04 00:00:00+00:00, run_after=2022-03-05 00:00:00+00:00
[2024-04-25T11:50:55.629+0800] {processor.py:183} INFO - Processing /mnt/c/Users/Jason/Desktop/IS3107/is3107_DataEngineering/.venv/lib/python3.8/site-packages/airflow/example_dags/example_dynamic_task_mapping.py took 1.740 seconds
[2024-04-25T11:53:23.327+0800] {processor.py:161} INFO - Started process (PID=1929752) to work on /mnt/c/Users/Jason/Desktop/IS3107/is3107_DataEngineering/.venv/lib/python3.8/site-packages/airflow/example_dags/example_dynamic_task_mapping.py
[2024-04-25T11:53:23.332+0800] {processor.py:830} INFO - Processing file /mnt/c/Users/Jason/Desktop/IS3107/is3107_DataEngineering/.venv/lib/python3.8/site-packages/airflow/example_dags/example_dynamic_task_mapping.py for tasks to queue
[2024-04-25T11:53:23.345+0800] {logging_mixin.py:188} INFO - [2024-04-25T11:53:23.340+0800] {dagbag.py:540} INFO - Filling up the DagBag from /mnt/c/Users/Jason/Desktop/IS3107/is3107_DataEngineering/.venv/lib/python3.8/site-packages/airflow/example_dags/example_dynamic_task_mapping.py
[2024-04-25T11:53:23.413+0800] {processor.py:840} INFO - DAG(s) 'example_dynamic_task_mapping' retrieved from /mnt/c/Users/Jason/Desktop/IS3107/is3107_DataEngineering/.venv/lib/python3.8/site-packages/airflow/example_dags/example_dynamic_task_mapping.py
[2024-04-25T11:53:23.565+0800] {logging_mixin.py:188} INFO - [2024-04-25T11:53:23.562+0800] {dag.py:3096} INFO - Sync 1 DAGs
[2024-04-25T11:53:23.683+0800] {logging_mixin.py:188} INFO - [2024-04-25T11:53:23.681+0800] {dag.py:3954} INFO - Setting next_dagrun for example_dynamic_task_mapping to 2022-03-04 00:00:00+00:00, run_after=2022-03-05 00:00:00+00:00
[2024-04-25T11:53:23.887+0800] {processor.py:183} INFO - Processing /mnt/c/Users/Jason/Desktop/IS3107/is3107_DataEngineering/.venv/lib/python3.8/site-packages/airflow/example_dags/example_dynamic_task_mapping.py took 0.606 seconds
[2024-04-25T11:55:19.126+0800] {processor.py:161} INFO - Started process (PID=1930840) to work on /mnt/c/Users/Jason/Desktop/IS3107/is3107_DataEngineering/.venv/lib/python3.8/site-packages/airflow/example_dags/example_dynamic_task_mapping.py
[2024-04-25T11:55:19.129+0800] {processor.py:830} INFO - Processing file /mnt/c/Users/Jason/Desktop/IS3107/is3107_DataEngineering/.venv/lib/python3.8/site-packages/airflow/example_dags/example_dynamic_task_mapping.py for tasks to queue
[2024-04-25T11:55:19.137+0800] {logging_mixin.py:188} INFO - [2024-04-25T11:55:19.133+0800] {dagbag.py:540} INFO - Filling up the DagBag from /mnt/c/Users/Jason/Desktop/IS3107/is3107_DataEngineering/.venv/lib/python3.8/site-packages/airflow/example_dags/example_dynamic_task_mapping.py
[2024-04-25T11:55:19.179+0800] {processor.py:840} INFO - DAG(s) 'example_dynamic_task_mapping' retrieved from /mnt/c/Users/Jason/Desktop/IS3107/is3107_DataEngineering/.venv/lib/python3.8/site-packages/airflow/example_dags/example_dynamic_task_mapping.py
[2024-04-25T11:55:19.236+0800] {logging_mixin.py:188} INFO - [2024-04-25T11:55:19.234+0800] {dag.py:3096} INFO - Sync 1 DAGs
[2024-04-25T11:55:19.320+0800] {logging_mixin.py:188} INFO - [2024-04-25T11:55:19.317+0800] {dag.py:3954} INFO - Setting next_dagrun for example_dynamic_task_mapping to 2022-03-04 00:00:00+00:00, run_after=2022-03-05 00:00:00+00:00
[2024-04-25T11:55:19.480+0800] {processor.py:183} INFO - Processing /mnt/c/Users/Jason/Desktop/IS3107/is3107_DataEngineering/.venv/lib/python3.8/site-packages/airflow/example_dags/example_dynamic_task_mapping.py took 0.378 seconds
[2024-04-25T11:57:29.349+0800] {processor.py:161} INFO - Started process (PID=1932105) to work on /mnt/c/Users/Jason/Desktop/IS3107/is3107_DataEngineering/.venv/lib/python3.8/site-packages/airflow/example_dags/example_dynamic_task_mapping.py
[2024-04-25T11:57:29.352+0800] {processor.py:830} INFO - Processing file /mnt/c/Users/Jason/Desktop/IS3107/is3107_DataEngineering/.venv/lib/python3.8/site-packages/airflow/example_dags/example_dynamic_task_mapping.py for tasks to queue
[2024-04-25T11:57:29.354+0800] {logging_mixin.py:188} INFO - [2024-04-25T11:57:29.354+0800] {dagbag.py:540} INFO - Filling up the DagBag from /mnt/c/Users/Jason/Desktop/IS3107/is3107_DataEngineering/.venv/lib/python3.8/site-packages/airflow/example_dags/example_dynamic_task_mapping.py
[2024-04-25T11:57:29.375+0800] {processor.py:840} INFO - DAG(s) 'example_dynamic_task_mapping' retrieved from /mnt/c/Users/Jason/Desktop/IS3107/is3107_DataEngineering/.venv/lib/python3.8/site-packages/airflow/example_dags/example_dynamic_task_mapping.py
[2024-04-25T11:57:29.403+0800] {logging_mixin.py:188} INFO - [2024-04-25T11:57:29.402+0800] {dag.py:3096} INFO - Sync 1 DAGs
[2024-04-25T11:57:29.441+0800] {logging_mixin.py:188} INFO - [2024-04-25T11:57:29.440+0800] {dag.py:3954} INFO - Setting next_dagrun for example_dynamic_task_mapping to 2022-03-04 00:00:00+00:00, run_after=2022-03-05 00:00:00+00:00
[2024-04-25T11:57:29.507+0800] {processor.py:183} INFO - Processing /mnt/c/Users/Jason/Desktop/IS3107/is3107_DataEngineering/.venv/lib/python3.8/site-packages/airflow/example_dags/example_dynamic_task_mapping.py took 0.170 seconds
[2024-04-25T11:59:48.363+0800] {processor.py:161} INFO - Started process (PID=1933446) to work on /mnt/c/Users/Jason/Desktop/IS3107/is3107_DataEngineering/.venv/lib/python3.8/site-packages/airflow/example_dags/example_dynamic_task_mapping.py
[2024-04-25T11:59:48.365+0800] {processor.py:830} INFO - Processing file /mnt/c/Users/Jason/Desktop/IS3107/is3107_DataEngineering/.venv/lib/python3.8/site-packages/airflow/example_dags/example_dynamic_task_mapping.py for tasks to queue
[2024-04-25T11:59:48.367+0800] {logging_mixin.py:188} INFO - [2024-04-25T11:59:48.366+0800] {dagbag.py:540} INFO - Filling up the DagBag from /mnt/c/Users/Jason/Desktop/IS3107/is3107_DataEngineering/.venv/lib/python3.8/site-packages/airflow/example_dags/example_dynamic_task_mapping.py
[2024-04-25T11:59:48.392+0800] {processor.py:840} INFO - DAG(s) 'example_dynamic_task_mapping' retrieved from /mnt/c/Users/Jason/Desktop/IS3107/is3107_DataEngineering/.venv/lib/python3.8/site-packages/airflow/example_dags/example_dynamic_task_mapping.py
[2024-04-25T11:59:48.432+0800] {logging_mixin.py:188} INFO - [2024-04-25T11:59:48.430+0800] {dag.py:3096} INFO - Sync 1 DAGs
[2024-04-25T11:59:48.473+0800] {logging_mixin.py:188} INFO - [2024-04-25T11:59:48.472+0800] {dag.py:3954} INFO - Setting next_dagrun for example_dynamic_task_mapping to 2022-03-04 00:00:00+00:00, run_after=2022-03-05 00:00:00+00:00
[2024-04-25T11:59:48.570+0800] {processor.py:183} INFO - Processing /mnt/c/Users/Jason/Desktop/IS3107/is3107_DataEngineering/.venv/lib/python3.8/site-packages/airflow/example_dags/example_dynamic_task_mapping.py took 0.220 seconds
[2024-04-25T12:02:18.883+0800] {processor.py:161} INFO - Started process (PID=1934883) to work on /mnt/c/Users/Jason/Desktop/IS3107/is3107_DataEngineering/.venv/lib/python3.8/site-packages/airflow/example_dags/example_dynamic_task_mapping.py
[2024-04-25T12:02:18.885+0800] {processor.py:830} INFO - Processing file /mnt/c/Users/Jason/Desktop/IS3107/is3107_DataEngineering/.venv/lib/python3.8/site-packages/airflow/example_dags/example_dynamic_task_mapping.py for tasks to queue
[2024-04-25T12:02:18.888+0800] {logging_mixin.py:188} INFO - [2024-04-25T12:02:18.887+0800] {dagbag.py:540} INFO - Filling up the DagBag from /mnt/c/Users/Jason/Desktop/IS3107/is3107_DataEngineering/.venv/lib/python3.8/site-packages/airflow/example_dags/example_dynamic_task_mapping.py
[2024-04-25T12:02:18.915+0800] {processor.py:840} INFO - DAG(s) 'example_dynamic_task_mapping' retrieved from /mnt/c/Users/Jason/Desktop/IS3107/is3107_DataEngineering/.venv/lib/python3.8/site-packages/airflow/example_dags/example_dynamic_task_mapping.py
[2024-04-25T12:02:18.944+0800] {logging_mixin.py:188} INFO - [2024-04-25T12:02:18.943+0800] {dag.py:3096} INFO - Sync 1 DAGs
[2024-04-25T12:02:19.021+0800] {logging_mixin.py:188} INFO - [2024-04-25T12:02:19.020+0800] {dag.py:3954} INFO - Setting next_dagrun for example_dynamic_task_mapping to 2022-03-04 00:00:00+00:00, run_after=2022-03-05 00:00:00+00:00
[2024-04-25T12:02:19.112+0800] {processor.py:183} INFO - Processing /mnt/c/Users/Jason/Desktop/IS3107/is3107_DataEngineering/.venv/lib/python3.8/site-packages/airflow/example_dags/example_dynamic_task_mapping.py took 0.244 seconds
[2024-04-25T12:04:44.195+0800] {processor.py:161} INFO - Started process (PID=1936274) to work on /mnt/c/Users/Jason/Desktop/IS3107/is3107_DataEngineering/.venv/lib/python3.8/site-packages/airflow/example_dags/example_dynamic_task_mapping.py
[2024-04-25T12:04:44.197+0800] {processor.py:830} INFO - Processing file /mnt/c/Users/Jason/Desktop/IS3107/is3107_DataEngineering/.venv/lib/python3.8/site-packages/airflow/example_dags/example_dynamic_task_mapping.py for tasks to queue
[2024-04-25T12:04:44.201+0800] {logging_mixin.py:188} INFO - [2024-04-25T12:04:44.199+0800] {dagbag.py:540} INFO - Filling up the DagBag from /mnt/c/Users/Jason/Desktop/IS3107/is3107_DataEngineering/.venv/lib/python3.8/site-packages/airflow/example_dags/example_dynamic_task_mapping.py
[2024-04-25T12:04:44.225+0800] {processor.py:840} INFO - DAG(s) 'example_dynamic_task_mapping' retrieved from /mnt/c/Users/Jason/Desktop/IS3107/is3107_DataEngineering/.venv/lib/python3.8/site-packages/airflow/example_dags/example_dynamic_task_mapping.py
[2024-04-25T12:04:44.264+0800] {logging_mixin.py:188} INFO - [2024-04-25T12:04:44.263+0800] {dag.py:3096} INFO - Sync 1 DAGs
[2024-04-25T12:04:44.306+0800] {logging_mixin.py:188} INFO - [2024-04-25T12:04:44.305+0800] {dag.py:3954} INFO - Setting next_dagrun for example_dynamic_task_mapping to 2022-03-04 00:00:00+00:00, run_after=2022-03-05 00:00:00+00:00
[2024-04-25T12:04:44.394+0800] {processor.py:183} INFO - Processing /mnt/c/Users/Jason/Desktop/IS3107/is3107_DataEngineering/.venv/lib/python3.8/site-packages/airflow/example_dags/example_dynamic_task_mapping.py took 0.213 seconds
[2024-04-25T12:06:51.689+0800] {processor.py:161} INFO - Started process (PID=1937504) to work on /mnt/c/Users/Jason/Desktop/IS3107/is3107_DataEngineering/.venv/lib/python3.8/site-packages/airflow/example_dags/example_dynamic_task_mapping.py
[2024-04-25T12:06:51.691+0800] {processor.py:830} INFO - Processing file /mnt/c/Users/Jason/Desktop/IS3107/is3107_DataEngineering/.venv/lib/python3.8/site-packages/airflow/example_dags/example_dynamic_task_mapping.py for tasks to queue
[2024-04-25T12:06:51.693+0800] {logging_mixin.py:188} INFO - [2024-04-25T12:06:51.692+0800] {dagbag.py:540} INFO - Filling up the DagBag from /mnt/c/Users/Jason/Desktop/IS3107/is3107_DataEngineering/.venv/lib/python3.8/site-packages/airflow/example_dags/example_dynamic_task_mapping.py
[2024-04-25T12:06:51.716+0800] {processor.py:840} INFO - DAG(s) 'example_dynamic_task_mapping' retrieved from /mnt/c/Users/Jason/Desktop/IS3107/is3107_DataEngineering/.venv/lib/python3.8/site-packages/airflow/example_dags/example_dynamic_task_mapping.py
[2024-04-25T12:06:51.767+0800] {logging_mixin.py:188} INFO - [2024-04-25T12:06:51.766+0800] {dag.py:3096} INFO - Sync 1 DAGs
[2024-04-25T12:06:51.811+0800] {logging_mixin.py:188} INFO - [2024-04-25T12:06:51.810+0800] {dag.py:3954} INFO - Setting next_dagrun for example_dynamic_task_mapping to 2022-03-04 00:00:00+00:00, run_after=2022-03-05 00:00:00+00:00
[2024-04-25T12:06:51.919+0800] {processor.py:183} INFO - Processing /mnt/c/Users/Jason/Desktop/IS3107/is3107_DataEngineering/.venv/lib/python3.8/site-packages/airflow/example_dags/example_dynamic_task_mapping.py took 0.243 seconds
[2024-04-25T12:08:48.623+0800] {processor.py:161} INFO - Started process (PID=1938664) to work on /mnt/c/Users/Jason/Desktop/IS3107/is3107_DataEngineering/.venv/lib/python3.8/site-packages/airflow/example_dags/example_dynamic_task_mapping.py
[2024-04-25T12:08:48.625+0800] {processor.py:830} INFO - Processing file /mnt/c/Users/Jason/Desktop/IS3107/is3107_DataEngineering/.venv/lib/python3.8/site-packages/airflow/example_dags/example_dynamic_task_mapping.py for tasks to queue
[2024-04-25T12:08:48.628+0800] {logging_mixin.py:188} INFO - [2024-04-25T12:08:48.626+0800] {dagbag.py:540} INFO - Filling up the DagBag from /mnt/c/Users/Jason/Desktop/IS3107/is3107_DataEngineering/.venv/lib/python3.8/site-packages/airflow/example_dags/example_dynamic_task_mapping.py
[2024-04-25T12:08:48.650+0800] {processor.py:840} INFO - DAG(s) 'example_dynamic_task_mapping' retrieved from /mnt/c/Users/Jason/Desktop/IS3107/is3107_DataEngineering/.venv/lib/python3.8/site-packages/airflow/example_dags/example_dynamic_task_mapping.py
[2024-04-25T12:08:48.680+0800] {logging_mixin.py:188} INFO - [2024-04-25T12:08:48.679+0800] {dag.py:3096} INFO - Sync 1 DAGs
[2024-04-25T12:08:48.716+0800] {logging_mixin.py:188} INFO - [2024-04-25T12:08:48.715+0800] {dag.py:3954} INFO - Setting next_dagrun for example_dynamic_task_mapping to 2022-03-04 00:00:00+00:00, run_after=2022-03-05 00:00:00+00:00
[2024-04-25T12:08:48.812+0800] {processor.py:183} INFO - Processing /mnt/c/Users/Jason/Desktop/IS3107/is3107_DataEngineering/.venv/lib/python3.8/site-packages/airflow/example_dags/example_dynamic_task_mapping.py took 0.200 seconds
[2024-04-25T12:11:16.879+0800] {processor.py:161} INFO - Started process (PID=1940062) to work on /mnt/c/Users/Jason/Desktop/IS3107/is3107_DataEngineering/.venv/lib/python3.8/site-packages/airflow/example_dags/example_dynamic_task_mapping.py
[2024-04-25T12:11:16.882+0800] {processor.py:830} INFO - Processing file /mnt/c/Users/Jason/Desktop/IS3107/is3107_DataEngineering/.venv/lib/python3.8/site-packages/airflow/example_dags/example_dynamic_task_mapping.py for tasks to queue
[2024-04-25T12:11:16.885+0800] {logging_mixin.py:188} INFO - [2024-04-25T12:11:16.883+0800] {dagbag.py:540} INFO - Filling up the DagBag from /mnt/c/Users/Jason/Desktop/IS3107/is3107_DataEngineering/.venv/lib/python3.8/site-packages/airflow/example_dags/example_dynamic_task_mapping.py
[2024-04-25T12:11:16.912+0800] {processor.py:840} INFO - DAG(s) 'example_dynamic_task_mapping' retrieved from /mnt/c/Users/Jason/Desktop/IS3107/is3107_DataEngineering/.venv/lib/python3.8/site-packages/airflow/example_dags/example_dynamic_task_mapping.py
[2024-04-25T12:11:16.953+0800] {logging_mixin.py:188} INFO - [2024-04-25T12:11:16.952+0800] {dag.py:3096} INFO - Sync 1 DAGs
[2024-04-25T12:11:16.991+0800] {logging_mixin.py:188} INFO - [2024-04-25T12:11:16.990+0800] {dag.py:3954} INFO - Setting next_dagrun for example_dynamic_task_mapping to 2022-03-04 00:00:00+00:00, run_after=2022-03-05 00:00:00+00:00
[2024-04-25T12:11:17.119+0800] {processor.py:183} INFO - Processing /mnt/c/Users/Jason/Desktop/IS3107/is3107_DataEngineering/.venv/lib/python3.8/site-packages/airflow/example_dags/example_dynamic_task_mapping.py took 0.256 seconds
[2024-04-25T12:13:35.037+0800] {processor.py:161} INFO - Started process (PID=1941402) to work on /mnt/c/Users/Jason/Desktop/IS3107/is3107_DataEngineering/.venv/lib/python3.8/site-packages/airflow/example_dags/example_dynamic_task_mapping.py
[2024-04-25T12:13:35.039+0800] {processor.py:830} INFO - Processing file /mnt/c/Users/Jason/Desktop/IS3107/is3107_DataEngineering/.venv/lib/python3.8/site-packages/airflow/example_dags/example_dynamic_task_mapping.py for tasks to queue
[2024-04-25T12:13:35.042+0800] {logging_mixin.py:188} INFO - [2024-04-25T12:13:35.041+0800] {dagbag.py:540} INFO - Filling up the DagBag from /mnt/c/Users/Jason/Desktop/IS3107/is3107_DataEngineering/.venv/lib/python3.8/site-packages/airflow/example_dags/example_dynamic_task_mapping.py
[2024-04-25T12:13:35.068+0800] {processor.py:840} INFO - DAG(s) 'example_dynamic_task_mapping' retrieved from /mnt/c/Users/Jason/Desktop/IS3107/is3107_DataEngineering/.venv/lib/python3.8/site-packages/airflow/example_dags/example_dynamic_task_mapping.py
[2024-04-25T12:13:35.107+0800] {logging_mixin.py:188} INFO - [2024-04-25T12:13:35.105+0800] {dag.py:3096} INFO - Sync 1 DAGs
[2024-04-25T12:13:35.139+0800] {logging_mixin.py:188} INFO - [2024-04-25T12:13:35.138+0800] {dag.py:3954} INFO - Setting next_dagrun for example_dynamic_task_mapping to 2022-03-04 00:00:00+00:00, run_after=2022-03-05 00:00:00+00:00
[2024-04-25T12:13:35.241+0800] {processor.py:183} INFO - Processing /mnt/c/Users/Jason/Desktop/IS3107/is3107_DataEngineering/.venv/lib/python3.8/site-packages/airflow/example_dags/example_dynamic_task_mapping.py took 0.214 seconds
