[2024-04-25T11:51:38.446+0800] {processor.py:161} INFO - Started process (PID=1928773) to work on /mnt/c/Users/Jason/Desktop/IS3107/is3107_DataEngineering/.venv/lib/python3.8/site-packages/airflow/example_dags/example_short_circuit_decorator.py
[2024-04-25T11:51:38.448+0800] {processor.py:830} INFO - Processing file /mnt/c/Users/Jason/Desktop/IS3107/is3107_DataEngineering/.venv/lib/python3.8/site-packages/airflow/example_dags/example_short_circuit_decorator.py for tasks to queue
[2024-04-25T11:51:38.451+0800] {logging_mixin.py:188} INFO - [2024-04-25T11:51:38.450+0800] {dagbag.py:540} INFO - Filling up the DagBag from /mnt/c/Users/Jason/Desktop/IS3107/is3107_DataEngineering/.venv/lib/python3.8/site-packages/airflow/example_dags/example_short_circuit_decorator.py
[2024-04-25T11:51:38.484+0800] {processor.py:840} INFO - DAG(s) 'example_short_circuit_decorator' retrieved from /mnt/c/Users/Jason/Desktop/IS3107/is3107_DataEngineering/.venv/lib/python3.8/site-packages/airflow/example_dags/example_short_circuit_decorator.py
[2024-04-25T11:51:39.821+0800] {logging_mixin.py:188} INFO - [2024-04-25T11:51:39.818+0800] {dag.py:3096} INFO - Sync 1 DAGs
[2024-04-25T11:51:39.874+0800] {logging_mixin.py:188} INFO - [2024-04-25T11:51:39.872+0800] {dag.py:3954} INFO - Setting next_dagrun for example_short_circuit_decorator to 2024-04-24 00:00:00+00:00, run_after=2024-04-25 00:00:00+00:00
[2024-04-25T11:51:40.005+0800] {processor.py:183} INFO - Processing /mnt/c/Users/Jason/Desktop/IS3107/is3107_DataEngineering/.venv/lib/python3.8/site-packages/airflow/example_dags/example_short_circuit_decorator.py took 1.576 seconds
[2024-04-25T11:53:49.779+0800] {processor.py:161} INFO - Started process (PID=1929996) to work on /mnt/c/Users/Jason/Desktop/IS3107/is3107_DataEngineering/.venv/lib/python3.8/site-packages/airflow/example_dags/example_short_circuit_decorator.py
[2024-04-25T11:53:49.781+0800] {processor.py:830} INFO - Processing file /mnt/c/Users/Jason/Desktop/IS3107/is3107_DataEngineering/.venv/lib/python3.8/site-packages/airflow/example_dags/example_short_circuit_decorator.py for tasks to queue
[2024-04-25T11:53:49.784+0800] {logging_mixin.py:188} INFO - [2024-04-25T11:53:49.783+0800] {dagbag.py:540} INFO - Filling up the DagBag from /mnt/c/Users/Jason/Desktop/IS3107/is3107_DataEngineering/.venv/lib/python3.8/site-packages/airflow/example_dags/example_short_circuit_decorator.py
[2024-04-25T11:53:49.816+0800] {processor.py:840} INFO - DAG(s) 'example_short_circuit_decorator' retrieved from /mnt/c/Users/Jason/Desktop/IS3107/is3107_DataEngineering/.venv/lib/python3.8/site-packages/airflow/example_dags/example_short_circuit_decorator.py
[2024-04-25T11:53:49.871+0800] {logging_mixin.py:188} INFO - [2024-04-25T11:53:49.869+0800] {dag.py:3096} INFO - Sync 1 DAGs
[2024-04-25T11:53:49.921+0800] {logging_mixin.py:188} INFO - [2024-04-25T11:53:49.920+0800] {dag.py:3954} INFO - Setting next_dagrun for example_short_circuit_decorator to 2024-04-24 00:00:00+00:00, run_after=2024-04-25 00:00:00+00:00
[2024-04-25T11:53:50.028+0800] {processor.py:183} INFO - Processing /mnt/c/Users/Jason/Desktop/IS3107/is3107_DataEngineering/.venv/lib/python3.8/site-packages/airflow/example_dags/example_short_circuit_decorator.py took 0.268 seconds
[2024-04-25T11:56:41.365+0800] {processor.py:161} INFO - Started process (PID=1931634) to work on /mnt/c/Users/Jason/Desktop/IS3107/is3107_DataEngineering/.venv/lib/python3.8/site-packages/airflow/example_dags/example_short_circuit_decorator.py
[2024-04-25T11:56:41.367+0800] {processor.py:830} INFO - Processing file /mnt/c/Users/Jason/Desktop/IS3107/is3107_DataEngineering/.venv/lib/python3.8/site-packages/airflow/example_dags/example_short_circuit_decorator.py for tasks to queue
[2024-04-25T11:56:41.369+0800] {logging_mixin.py:188} INFO - [2024-04-25T11:56:41.368+0800] {dagbag.py:540} INFO - Filling up the DagBag from /mnt/c/Users/Jason/Desktop/IS3107/is3107_DataEngineering/.venv/lib/python3.8/site-packages/airflow/example_dags/example_short_circuit_decorator.py
[2024-04-25T11:56:41.393+0800] {processor.py:840} INFO - DAG(s) 'example_short_circuit_decorator' retrieved from /mnt/c/Users/Jason/Desktop/IS3107/is3107_DataEngineering/.venv/lib/python3.8/site-packages/airflow/example_dags/example_short_circuit_decorator.py
[2024-04-25T11:56:41.426+0800] {logging_mixin.py:188} INFO - [2024-04-25T11:56:41.425+0800] {dag.py:3096} INFO - Sync 1 DAGs
[2024-04-25T11:56:41.457+0800] {logging_mixin.py:188} INFO - [2024-04-25T11:56:41.456+0800] {dag.py:3954} INFO - Setting next_dagrun for example_short_circuit_decorator to 2024-04-24 00:00:00+00:00, run_after=2024-04-25 00:00:00+00:00
[2024-04-25T11:56:41.513+0800] {processor.py:183} INFO - Processing /mnt/c/Users/Jason/Desktop/IS3107/is3107_DataEngineering/.venv/lib/python3.8/site-packages/airflow/example_dags/example_short_circuit_decorator.py took 0.161 seconds
[2024-04-25T11:58:48.447+0800] {processor.py:161} INFO - Started process (PID=1932866) to work on /mnt/c/Users/Jason/Desktop/IS3107/is3107_DataEngineering/.venv/lib/python3.8/site-packages/airflow/example_dags/example_short_circuit_decorator.py
[2024-04-25T11:58:48.449+0800] {processor.py:830} INFO - Processing file /mnt/c/Users/Jason/Desktop/IS3107/is3107_DataEngineering/.venv/lib/python3.8/site-packages/airflow/example_dags/example_short_circuit_decorator.py for tasks to queue
[2024-04-25T11:58:48.452+0800] {logging_mixin.py:188} INFO - [2024-04-25T11:58:48.451+0800] {dagbag.py:540} INFO - Filling up the DagBag from /mnt/c/Users/Jason/Desktop/IS3107/is3107_DataEngineering/.venv/lib/python3.8/site-packages/airflow/example_dags/example_short_circuit_decorator.py
[2024-04-25T11:58:48.482+0800] {processor.py:840} INFO - DAG(s) 'example_short_circuit_decorator' retrieved from /mnt/c/Users/Jason/Desktop/IS3107/is3107_DataEngineering/.venv/lib/python3.8/site-packages/airflow/example_dags/example_short_circuit_decorator.py
[2024-04-25T11:58:48.526+0800] {logging_mixin.py:188} INFO - [2024-04-25T11:58:48.525+0800] {dag.py:3096} INFO - Sync 1 DAGs
[2024-04-25T11:58:48.565+0800] {logging_mixin.py:188} INFO - [2024-04-25T11:58:48.564+0800] {dag.py:3954} INFO - Setting next_dagrun for example_short_circuit_decorator to 2024-04-24 00:00:00+00:00, run_after=2024-04-25 00:00:00+00:00
[2024-04-25T11:58:48.656+0800] {processor.py:183} INFO - Processing /mnt/c/Users/Jason/Desktop/IS3107/is3107_DataEngineering/.venv/lib/python3.8/site-packages/airflow/example_dags/example_short_circuit_decorator.py took 0.226 seconds
[2024-04-25T12:01:18.371+0800] {processor.py:161} INFO - Started process (PID=1934300) to work on /mnt/c/Users/Jason/Desktop/IS3107/is3107_DataEngineering/.venv/lib/python3.8/site-packages/airflow/example_dags/example_short_circuit_decorator.py
[2024-04-25T12:01:18.372+0800] {processor.py:830} INFO - Processing file /mnt/c/Users/Jason/Desktop/IS3107/is3107_DataEngineering/.venv/lib/python3.8/site-packages/airflow/example_dags/example_short_circuit_decorator.py for tasks to queue
[2024-04-25T12:01:18.375+0800] {logging_mixin.py:188} INFO - [2024-04-25T12:01:18.374+0800] {dagbag.py:540} INFO - Filling up the DagBag from /mnt/c/Users/Jason/Desktop/IS3107/is3107_DataEngineering/.venv/lib/python3.8/site-packages/airflow/example_dags/example_short_circuit_decorator.py
[2024-04-25T12:01:18.405+0800] {processor.py:840} INFO - DAG(s) 'example_short_circuit_decorator' retrieved from /mnt/c/Users/Jason/Desktop/IS3107/is3107_DataEngineering/.venv/lib/python3.8/site-packages/airflow/example_dags/example_short_circuit_decorator.py
[2024-04-25T12:01:18.470+0800] {logging_mixin.py:188} INFO - [2024-04-25T12:01:18.469+0800] {dag.py:3096} INFO - Sync 1 DAGs
[2024-04-25T12:01:18.516+0800] {logging_mixin.py:188} INFO - [2024-04-25T12:01:18.515+0800] {dag.py:3954} INFO - Setting next_dagrun for example_short_circuit_decorator to 2024-04-24 00:00:00+00:00, run_after=2024-04-25 00:00:00+00:00
[2024-04-25T12:01:18.626+0800] {processor.py:183} INFO - Processing /mnt/c/Users/Jason/Desktop/IS3107/is3107_DataEngineering/.venv/lib/python3.8/site-packages/airflow/example_dags/example_short_circuit_decorator.py took 0.268 seconds
[2024-04-25T12:03:43.516+0800] {processor.py:161} INFO - Started process (PID=1935697) to work on /mnt/c/Users/Jason/Desktop/IS3107/is3107_DataEngineering/.venv/lib/python3.8/site-packages/airflow/example_dags/example_short_circuit_decorator.py
[2024-04-25T12:03:43.518+0800] {processor.py:830} INFO - Processing file /mnt/c/Users/Jason/Desktop/IS3107/is3107_DataEngineering/.venv/lib/python3.8/site-packages/airflow/example_dags/example_short_circuit_decorator.py for tasks to queue
[2024-04-25T12:03:43.521+0800] {logging_mixin.py:188} INFO - [2024-04-25T12:03:43.520+0800] {dagbag.py:540} INFO - Filling up the DagBag from /mnt/c/Users/Jason/Desktop/IS3107/is3107_DataEngineering/.venv/lib/python3.8/site-packages/airflow/example_dags/example_short_circuit_decorator.py
[2024-04-25T12:03:43.550+0800] {processor.py:840} INFO - DAG(s) 'example_short_circuit_decorator' retrieved from /mnt/c/Users/Jason/Desktop/IS3107/is3107_DataEngineering/.venv/lib/python3.8/site-packages/airflow/example_dags/example_short_circuit_decorator.py
[2024-04-25T12:03:43.588+0800] {logging_mixin.py:188} INFO - [2024-04-25T12:03:43.587+0800] {dag.py:3096} INFO - Sync 1 DAGs
[2024-04-25T12:03:43.623+0800] {logging_mixin.py:188} INFO - [2024-04-25T12:03:43.621+0800] {dag.py:3954} INFO - Setting next_dagrun for example_short_circuit_decorator to 2024-04-24 00:00:00+00:00, run_after=2024-04-25 00:00:00+00:00
[2024-04-25T12:03:43.700+0800] {processor.py:183} INFO - Processing /mnt/c/Users/Jason/Desktop/IS3107/is3107_DataEngineering/.venv/lib/python3.8/site-packages/airflow/example_dags/example_short_circuit_decorator.py took 0.198 seconds
[2024-04-25T12:06:03.864+0800] {processor.py:161} INFO - Started process (PID=1937032) to work on /mnt/c/Users/Jason/Desktop/IS3107/is3107_DataEngineering/.venv/lib/python3.8/site-packages/airflow/example_dags/example_short_circuit_decorator.py
[2024-04-25T12:06:03.866+0800] {processor.py:830} INFO - Processing file /mnt/c/Users/Jason/Desktop/IS3107/is3107_DataEngineering/.venv/lib/python3.8/site-packages/airflow/example_dags/example_short_circuit_decorator.py for tasks to queue
[2024-04-25T12:06:03.868+0800] {logging_mixin.py:188} INFO - [2024-04-25T12:06:03.867+0800] {dagbag.py:540} INFO - Filling up the DagBag from /mnt/c/Users/Jason/Desktop/IS3107/is3107_DataEngineering/.venv/lib/python3.8/site-packages/airflow/example_dags/example_short_circuit_decorator.py
[2024-04-25T12:06:03.890+0800] {processor.py:840} INFO - DAG(s) 'example_short_circuit_decorator' retrieved from /mnt/c/Users/Jason/Desktop/IS3107/is3107_DataEngineering/.venv/lib/python3.8/site-packages/airflow/example_dags/example_short_circuit_decorator.py
[2024-04-25T12:06:03.924+0800] {logging_mixin.py:188} INFO - [2024-04-25T12:06:03.923+0800] {dag.py:3096} INFO - Sync 1 DAGs
[2024-04-25T12:06:03.958+0800] {logging_mixin.py:188} INFO - [2024-04-25T12:06:03.957+0800] {dag.py:3954} INFO - Setting next_dagrun for example_short_circuit_decorator to 2024-04-24 00:00:00+00:00, run_after=2024-04-25 00:00:00+00:00
[2024-04-25T12:06:04.033+0800] {processor.py:183} INFO - Processing /mnt/c/Users/Jason/Desktop/IS3107/is3107_DataEngineering/.venv/lib/python3.8/site-packages/airflow/example_dags/example_short_circuit_decorator.py took 0.180 seconds
[2024-04-25T12:08:03.719+0800] {processor.py:161} INFO - Started process (PID=1938205) to work on /mnt/c/Users/Jason/Desktop/IS3107/is3107_DataEngineering/.venv/lib/python3.8/site-packages/airflow/example_dags/example_short_circuit_decorator.py
[2024-04-25T12:08:03.721+0800] {processor.py:830} INFO - Processing file /mnt/c/Users/Jason/Desktop/IS3107/is3107_DataEngineering/.venv/lib/python3.8/site-packages/airflow/example_dags/example_short_circuit_decorator.py for tasks to queue
[2024-04-25T12:08:03.723+0800] {logging_mixin.py:188} INFO - [2024-04-25T12:08:03.722+0800] {dagbag.py:540} INFO - Filling up the DagBag from /mnt/c/Users/Jason/Desktop/IS3107/is3107_DataEngineering/.venv/lib/python3.8/site-packages/airflow/example_dags/example_short_circuit_decorator.py
[2024-04-25T12:08:03.741+0800] {processor.py:840} INFO - DAG(s) 'example_short_circuit_decorator' retrieved from /mnt/c/Users/Jason/Desktop/IS3107/is3107_DataEngineering/.venv/lib/python3.8/site-packages/airflow/example_dags/example_short_circuit_decorator.py
[2024-04-25T12:08:03.768+0800] {logging_mixin.py:188} INFO - [2024-04-25T12:08:03.767+0800] {dag.py:3096} INFO - Sync 1 DAGs
[2024-04-25T12:08:03.796+0800] {logging_mixin.py:188} INFO - [2024-04-25T12:08:03.795+0800] {dag.py:3954} INFO - Setting next_dagrun for example_short_circuit_decorator to 2024-04-24 00:00:00+00:00, run_after=2024-04-25 00:00:00+00:00
[2024-04-25T12:08:03.870+0800] {processor.py:183} INFO - Processing /mnt/c/Users/Jason/Desktop/IS3107/is3107_DataEngineering/.venv/lib/python3.8/site-packages/airflow/example_dags/example_short_circuit_decorator.py took 0.161 seconds
[2024-04-25T12:10:11.276+0800] {processor.py:161} INFO - Started process (PID=1939444) to work on /mnt/c/Users/Jason/Desktop/IS3107/is3107_DataEngineering/.venv/lib/python3.8/site-packages/airflow/example_dags/example_short_circuit_decorator.py
[2024-04-25T12:10:11.277+0800] {processor.py:830} INFO - Processing file /mnt/c/Users/Jason/Desktop/IS3107/is3107_DataEngineering/.venv/lib/python3.8/site-packages/airflow/example_dags/example_short_circuit_decorator.py for tasks to queue
[2024-04-25T12:10:11.279+0800] {logging_mixin.py:188} INFO - [2024-04-25T12:10:11.278+0800] {dagbag.py:540} INFO - Filling up the DagBag from /mnt/c/Users/Jason/Desktop/IS3107/is3107_DataEngineering/.venv/lib/python3.8/site-packages/airflow/example_dags/example_short_circuit_decorator.py
[2024-04-25T12:10:11.300+0800] {processor.py:840} INFO - DAG(s) 'example_short_circuit_decorator' retrieved from /mnt/c/Users/Jason/Desktop/IS3107/is3107_DataEngineering/.venv/lib/python3.8/site-packages/airflow/example_dags/example_short_circuit_decorator.py
[2024-04-25T12:10:11.327+0800] {logging_mixin.py:188} INFO - [2024-04-25T12:10:11.326+0800] {dag.py:3096} INFO - Sync 1 DAGs
[2024-04-25T12:10:11.354+0800] {logging_mixin.py:188} INFO - [2024-04-25T12:10:11.353+0800] {dag.py:3954} INFO - Setting next_dagrun for example_short_circuit_decorator to 2024-04-24 00:00:00+00:00, run_after=2024-04-25 00:00:00+00:00
[2024-04-25T12:10:11.415+0800] {processor.py:183} INFO - Processing /mnt/c/Users/Jason/Desktop/IS3107/is3107_DataEngineering/.venv/lib/python3.8/site-packages/airflow/example_dags/example_short_circuit_decorator.py took 0.150 seconds
[2024-04-25T12:12:44.856+0800] {processor.py:161} INFO - Started process (PID=1940925) to work on /mnt/c/Users/Jason/Desktop/IS3107/is3107_DataEngineering/.venv/lib/python3.8/site-packages/airflow/example_dags/example_short_circuit_decorator.py
[2024-04-25T12:12:44.859+0800] {processor.py:830} INFO - Processing file /mnt/c/Users/Jason/Desktop/IS3107/is3107_DataEngineering/.venv/lib/python3.8/site-packages/airflow/example_dags/example_short_circuit_decorator.py for tasks to queue
[2024-04-25T12:12:44.863+0800] {logging_mixin.py:188} INFO - [2024-04-25T12:12:44.861+0800] {dagbag.py:540} INFO - Filling up the DagBag from /mnt/c/Users/Jason/Desktop/IS3107/is3107_DataEngineering/.venv/lib/python3.8/site-packages/airflow/example_dags/example_short_circuit_decorator.py
[2024-04-25T12:12:44.910+0800] {processor.py:840} INFO - DAG(s) 'example_short_circuit_decorator' retrieved from /mnt/c/Users/Jason/Desktop/IS3107/is3107_DataEngineering/.venv/lib/python3.8/site-packages/airflow/example_dags/example_short_circuit_decorator.py
[2024-04-25T12:12:44.971+0800] {logging_mixin.py:188} INFO - [2024-04-25T12:12:44.969+0800] {dag.py:3096} INFO - Sync 1 DAGs
[2024-04-25T12:12:45.026+0800] {logging_mixin.py:188} INFO - [2024-04-25T12:12:45.025+0800] {dag.py:3954} INFO - Setting next_dagrun for example_short_circuit_decorator to 2024-04-24 00:00:00+00:00, run_after=2024-04-25 00:00:00+00:00
[2024-04-25T12:12:45.133+0800] {processor.py:183} INFO - Processing /mnt/c/Users/Jason/Desktop/IS3107/is3107_DataEngineering/.venv/lib/python3.8/site-packages/airflow/example_dags/example_short_circuit_decorator.py took 0.296 seconds
