[2024-04-25T11:51:49.416+0800] {processor.py:161} INFO - Started process (PID=1928864) to work on /mnt/c/Users/Jason/Desktop/IS3107/is3107_DataEngineering/.venv/lib/python3.8/site-packages/airflow/example_dags/example_subdag_operator.py
[2024-04-25T11:51:49.418+0800] {processor.py:830} INFO - Processing file /mnt/c/Users/Jason/Desktop/IS3107/is3107_DataEngineering/.venv/lib/python3.8/site-packages/airflow/example_dags/example_subdag_operator.py for tasks to queue
[2024-04-25T11:51:49.420+0800] {logging_mixin.py:188} INFO - [2024-04-25T11:51:49.419+0800] {dagbag.py:540} INFO - Filling up the DagBag from /mnt/c/Users/Jason/Desktop/IS3107/is3107_DataEngineering/.venv/lib/python3.8/site-packages/airflow/example_dags/example_subdag_operator.py
[2024-04-25T11:51:49.469+0800] {processor.py:840} INFO - DAG(s) 'example_subdag_operator.section-1', 'example_subdag_operator.section-2', 'example_subdag_operator' retrieved from /mnt/c/Users/Jason/Desktop/IS3107/is3107_DataEngineering/.venv/lib/python3.8/site-packages/airflow/example_dags/example_subdag_operator.py
[2024-04-25T11:51:50.654+0800] {logging_mixin.py:188} INFO - [2024-04-25T11:51:50.653+0800] {dag.py:3096} INFO - Sync 3 DAGs
[2024-04-25T11:51:50.679+0800] {logging_mixin.py:188} INFO - [2024-04-25T11:51:50.678+0800] {dag.py:3954} INFO - Setting next_dagrun for example_subdag_operator to 2022-01-01 00:00:00+00:00, run_after=2022-01-01 00:00:00+00:00
[2024-04-25T11:51:50.686+0800] {logging_mixin.py:188} INFO - [2024-04-25T11:51:50.685+0800] {dag.py:3954} INFO - Setting next_dagrun for example_subdag_operator.section-1 to None, run_after=None
[2024-04-25T11:51:50.691+0800] {logging_mixin.py:188} INFO - [2024-04-25T11:51:50.690+0800] {dag.py:3954} INFO - Setting next_dagrun for example_subdag_operator.section-2 to None, run_after=None
[2024-04-25T11:51:50.732+0800] {logging_mixin.py:188} INFO - [2024-04-25T11:51:50.731+0800] {dag.py:3096} INFO - Sync 2 DAGs
[2024-04-25T11:51:50.738+0800] {logging_mixin.py:188} INFO - [2024-04-25T11:51:50.737+0800] {dag.py:3954} INFO - Setting next_dagrun for example_subdag_operator.section-1 to None, run_after=None
[2024-04-25T11:51:50.740+0800] {logging_mixin.py:188} INFO - [2024-04-25T11:51:50.739+0800] {dag.py:3954} INFO - Setting next_dagrun for example_subdag_operator.section-2 to None, run_after=None
[2024-04-25T11:51:50.832+0800] {processor.py:183} INFO - Processing /mnt/c/Users/Jason/Desktop/IS3107/is3107_DataEngineering/.venv/lib/python3.8/site-packages/airflow/example_dags/example_subdag_operator.py took 1.428 seconds
[2024-04-25T11:53:55.442+0800] {processor.py:161} INFO - Started process (PID=1930069) to work on /mnt/c/Users/Jason/Desktop/IS3107/is3107_DataEngineering/.venv/lib/python3.8/site-packages/airflow/example_dags/example_subdag_operator.py
[2024-04-25T11:53:55.446+0800] {processor.py:830} INFO - Processing file /mnt/c/Users/Jason/Desktop/IS3107/is3107_DataEngineering/.venv/lib/python3.8/site-packages/airflow/example_dags/example_subdag_operator.py for tasks to queue
[2024-04-25T11:53:55.450+0800] {logging_mixin.py:188} INFO - [2024-04-25T11:53:55.448+0800] {dagbag.py:540} INFO - Filling up the DagBag from /mnt/c/Users/Jason/Desktop/IS3107/is3107_DataEngineering/.venv/lib/python3.8/site-packages/airflow/example_dags/example_subdag_operator.py
[2024-04-25T11:53:55.542+0800] {processor.py:840} INFO - DAG(s) 'example_subdag_operator.section-1', 'example_subdag_operator.section-2', 'example_subdag_operator' retrieved from /mnt/c/Users/Jason/Desktop/IS3107/is3107_DataEngineering/.venv/lib/python3.8/site-packages/airflow/example_dags/example_subdag_operator.py
[2024-04-25T11:53:55.598+0800] {logging_mixin.py:188} INFO - [2024-04-25T11:53:55.594+0800] {dag.py:3096} INFO - Sync 3 DAGs
[2024-04-25T11:53:55.646+0800] {logging_mixin.py:188} INFO - [2024-04-25T11:53:55.643+0800] {dag.py:3954} INFO - Setting next_dagrun for example_subdag_operator to 2022-01-01 00:00:00+00:00, run_after=2022-01-01 00:00:00+00:00
[2024-04-25T11:53:55.661+0800] {logging_mixin.py:188} INFO - [2024-04-25T11:53:55.658+0800] {dag.py:3954} INFO - Setting next_dagrun for example_subdag_operator.section-1 to None, run_after=None
[2024-04-25T11:53:55.667+0800] {logging_mixin.py:188} INFO - [2024-04-25T11:53:55.666+0800] {dag.py:3954} INFO - Setting next_dagrun for example_subdag_operator.section-2 to None, run_after=None
[2024-04-25T11:53:55.836+0800] {logging_mixin.py:188} INFO - [2024-04-25T11:53:55.833+0800] {dag.py:3096} INFO - Sync 2 DAGs
[2024-04-25T11:53:55.848+0800] {logging_mixin.py:188} INFO - [2024-04-25T11:53:55.846+0800] {dag.py:3954} INFO - Setting next_dagrun for example_subdag_operator.section-1 to None, run_after=None
[2024-04-25T11:53:55.852+0800] {logging_mixin.py:188} INFO - [2024-04-25T11:53:55.850+0800] {dag.py:3954} INFO - Setting next_dagrun for example_subdag_operator.section-2 to None, run_after=None
[2024-04-25T11:53:55.931+0800] {processor.py:183} INFO - Processing /mnt/c/Users/Jason/Desktop/IS3107/is3107_DataEngineering/.venv/lib/python3.8/site-packages/airflow/example_dags/example_subdag_operator.py took 0.513 seconds
[2024-04-25T11:56:46.113+0800] {processor.py:161} INFO - Started process (PID=1931686) to work on /mnt/c/Users/Jason/Desktop/IS3107/is3107_DataEngineering/.venv/lib/python3.8/site-packages/airflow/example_dags/example_subdag_operator.py
[2024-04-25T11:56:46.115+0800] {processor.py:830} INFO - Processing file /mnt/c/Users/Jason/Desktop/IS3107/is3107_DataEngineering/.venv/lib/python3.8/site-packages/airflow/example_dags/example_subdag_operator.py for tasks to queue
[2024-04-25T11:56:46.119+0800] {logging_mixin.py:188} INFO - [2024-04-25T11:56:46.117+0800] {dagbag.py:540} INFO - Filling up the DagBag from /mnt/c/Users/Jason/Desktop/IS3107/is3107_DataEngineering/.venv/lib/python3.8/site-packages/airflow/example_dags/example_subdag_operator.py
[2024-04-25T11:56:46.196+0800] {processor.py:840} INFO - DAG(s) 'example_subdag_operator.section-1', 'example_subdag_operator.section-2', 'example_subdag_operator' retrieved from /mnt/c/Users/Jason/Desktop/IS3107/is3107_DataEngineering/.venv/lib/python3.8/site-packages/airflow/example_dags/example_subdag_operator.py
[2024-04-25T11:56:46.231+0800] {logging_mixin.py:188} INFO - [2024-04-25T11:56:46.230+0800] {dag.py:3096} INFO - Sync 3 DAGs
[2024-04-25T11:56:46.265+0800] {logging_mixin.py:188} INFO - [2024-04-25T11:56:46.264+0800] {dag.py:3954} INFO - Setting next_dagrun for example_subdag_operator to 2022-01-01 00:00:00+00:00, run_after=2022-01-01 00:00:00+00:00
[2024-04-25T11:56:46.272+0800] {logging_mixin.py:188} INFO - [2024-04-25T11:56:46.271+0800] {dag.py:3954} INFO - Setting next_dagrun for example_subdag_operator.section-1 to None, run_after=None
[2024-04-25T11:56:46.278+0800] {logging_mixin.py:188} INFO - [2024-04-25T11:56:46.277+0800] {dag.py:3954} INFO - Setting next_dagrun for example_subdag_operator.section-2 to None, run_after=None
[2024-04-25T11:56:46.299+0800] {logging_mixin.py:188} INFO - [2024-04-25T11:56:46.298+0800] {dag.py:3096} INFO - Sync 2 DAGs
[2024-04-25T11:56:46.306+0800] {logging_mixin.py:188} INFO - [2024-04-25T11:56:46.305+0800] {dag.py:3954} INFO - Setting next_dagrun for example_subdag_operator.section-1 to None, run_after=None
[2024-04-25T11:56:46.309+0800] {logging_mixin.py:188} INFO - [2024-04-25T11:56:46.308+0800] {dag.py:3954} INFO - Setting next_dagrun for example_subdag_operator.section-2 to None, run_after=None
[2024-04-25T11:56:46.372+0800] {processor.py:183} INFO - Processing /mnt/c/Users/Jason/Desktop/IS3107/is3107_DataEngineering/.venv/lib/python3.8/site-packages/airflow/example_dags/example_subdag_operator.py took 0.274 seconds
[2024-04-25T11:58:53.912+0800] {processor.py:161} INFO - Started process (PID=1932905) to work on /mnt/c/Users/Jason/Desktop/IS3107/is3107_DataEngineering/.venv/lib/python3.8/site-packages/airflow/example_dags/example_subdag_operator.py
[2024-04-25T11:58:53.914+0800] {processor.py:830} INFO - Processing file /mnt/c/Users/Jason/Desktop/IS3107/is3107_DataEngineering/.venv/lib/python3.8/site-packages/airflow/example_dags/example_subdag_operator.py for tasks to queue
[2024-04-25T11:58:53.917+0800] {logging_mixin.py:188} INFO - [2024-04-25T11:58:53.915+0800] {dagbag.py:540} INFO - Filling up the DagBag from /mnt/c/Users/Jason/Desktop/IS3107/is3107_DataEngineering/.venv/lib/python3.8/site-packages/airflow/example_dags/example_subdag_operator.py
[2024-04-25T11:58:53.997+0800] {processor.py:840} INFO - DAG(s) 'example_subdag_operator.section-1', 'example_subdag_operator.section-2', 'example_subdag_operator' retrieved from /mnt/c/Users/Jason/Desktop/IS3107/is3107_DataEngineering/.venv/lib/python3.8/site-packages/airflow/example_dags/example_subdag_operator.py
[2024-04-25T11:58:54.025+0800] {logging_mixin.py:188} INFO - [2024-04-25T11:58:54.024+0800] {dag.py:3096} INFO - Sync 3 DAGs
[2024-04-25T11:58:54.048+0800] {logging_mixin.py:188} INFO - [2024-04-25T11:58:54.047+0800] {dag.py:3954} INFO - Setting next_dagrun for example_subdag_operator to 2022-01-01 00:00:00+00:00, run_after=2022-01-01 00:00:00+00:00
[2024-04-25T11:58:54.054+0800] {logging_mixin.py:188} INFO - [2024-04-25T11:58:54.053+0800] {dag.py:3954} INFO - Setting next_dagrun for example_subdag_operator.section-1 to None, run_after=None
[2024-04-25T11:58:54.059+0800] {logging_mixin.py:188} INFO - [2024-04-25T11:58:54.057+0800] {dag.py:3954} INFO - Setting next_dagrun for example_subdag_operator.section-2 to None, run_after=None
[2024-04-25T11:58:54.076+0800] {logging_mixin.py:188} INFO - [2024-04-25T11:58:54.075+0800] {dag.py:3096} INFO - Sync 2 DAGs
[2024-04-25T11:58:54.081+0800] {logging_mixin.py:188} INFO - [2024-04-25T11:58:54.080+0800] {dag.py:3954} INFO - Setting next_dagrun for example_subdag_operator.section-1 to None, run_after=None
[2024-04-25T11:58:54.083+0800] {logging_mixin.py:188} INFO - [2024-04-25T11:58:54.082+0800] {dag.py:3954} INFO - Setting next_dagrun for example_subdag_operator.section-2 to None, run_after=None
[2024-04-25T11:58:54.137+0800] {processor.py:183} INFO - Processing /mnt/c/Users/Jason/Desktop/IS3107/is3107_DataEngineering/.venv/lib/python3.8/site-packages/airflow/example_dags/example_subdag_operator.py took 0.239 seconds
[2024-04-25T12:01:24.077+0800] {processor.py:161} INFO - Started process (PID=1934347) to work on /mnt/c/Users/Jason/Desktop/IS3107/is3107_DataEngineering/.venv/lib/python3.8/site-packages/airflow/example_dags/example_subdag_operator.py
[2024-04-25T12:01:24.078+0800] {processor.py:830} INFO - Processing file /mnt/c/Users/Jason/Desktop/IS3107/is3107_DataEngineering/.venv/lib/python3.8/site-packages/airflow/example_dags/example_subdag_operator.py for tasks to queue
[2024-04-25T12:01:24.081+0800] {logging_mixin.py:188} INFO - [2024-04-25T12:01:24.080+0800] {dagbag.py:540} INFO - Filling up the DagBag from /mnt/c/Users/Jason/Desktop/IS3107/is3107_DataEngineering/.venv/lib/python3.8/site-packages/airflow/example_dags/example_subdag_operator.py
[2024-04-25T12:01:24.132+0800] {processor.py:840} INFO - DAG(s) 'example_subdag_operator.section-1', 'example_subdag_operator.section-2', 'example_subdag_operator' retrieved from /mnt/c/Users/Jason/Desktop/IS3107/is3107_DataEngineering/.venv/lib/python3.8/site-packages/airflow/example_dags/example_subdag_operator.py
[2024-04-25T12:01:24.159+0800] {logging_mixin.py:188} INFO - [2024-04-25T12:01:24.158+0800] {dag.py:3096} INFO - Sync 3 DAGs
[2024-04-25T12:01:24.181+0800] {logging_mixin.py:188} INFO - [2024-04-25T12:01:24.180+0800] {dag.py:3954} INFO - Setting next_dagrun for example_subdag_operator to 2022-01-01 00:00:00+00:00, run_after=2022-01-01 00:00:00+00:00
[2024-04-25T12:01:24.186+0800] {logging_mixin.py:188} INFO - [2024-04-25T12:01:24.186+0800] {dag.py:3954} INFO - Setting next_dagrun for example_subdag_operator.section-1 to None, run_after=None
[2024-04-25T12:01:24.189+0800] {logging_mixin.py:188} INFO - [2024-04-25T12:01:24.189+0800] {dag.py:3954} INFO - Setting next_dagrun for example_subdag_operator.section-2 to None, run_after=None
[2024-04-25T12:01:24.203+0800] {logging_mixin.py:188} INFO - [2024-04-25T12:01:24.202+0800] {dag.py:3096} INFO - Sync 2 DAGs
[2024-04-25T12:01:24.208+0800] {logging_mixin.py:188} INFO - [2024-04-25T12:01:24.208+0800] {dag.py:3954} INFO - Setting next_dagrun for example_subdag_operator.section-1 to None, run_after=None
[2024-04-25T12:01:24.210+0800] {logging_mixin.py:188} INFO - [2024-04-25T12:01:24.209+0800] {dag.py:3954} INFO - Setting next_dagrun for example_subdag_operator.section-2 to None, run_after=None
[2024-04-25T12:01:24.260+0800] {processor.py:183} INFO - Processing /mnt/c/Users/Jason/Desktop/IS3107/is3107_DataEngineering/.venv/lib/python3.8/site-packages/airflow/example_dags/example_subdag_operator.py took 0.195 seconds
[2024-04-25T12:03:49.294+0800] {processor.py:161} INFO - Started process (PID=1935754) to work on /mnt/c/Users/Jason/Desktop/IS3107/is3107_DataEngineering/.venv/lib/python3.8/site-packages/airflow/example_dags/example_subdag_operator.py
[2024-04-25T12:03:49.296+0800] {processor.py:830} INFO - Processing file /mnt/c/Users/Jason/Desktop/IS3107/is3107_DataEngineering/.venv/lib/python3.8/site-packages/airflow/example_dags/example_subdag_operator.py for tasks to queue
[2024-04-25T12:03:49.299+0800] {logging_mixin.py:188} INFO - [2024-04-25T12:03:49.298+0800] {dagbag.py:540} INFO - Filling up the DagBag from /mnt/c/Users/Jason/Desktop/IS3107/is3107_DataEngineering/.venv/lib/python3.8/site-packages/airflow/example_dags/example_subdag_operator.py
[2024-04-25T12:03:49.358+0800] {processor.py:840} INFO - DAG(s) 'example_subdag_operator.section-1', 'example_subdag_operator.section-2', 'example_subdag_operator' retrieved from /mnt/c/Users/Jason/Desktop/IS3107/is3107_DataEngineering/.venv/lib/python3.8/site-packages/airflow/example_dags/example_subdag_operator.py
[2024-04-25T12:03:49.391+0800] {logging_mixin.py:188} INFO - [2024-04-25T12:03:49.389+0800] {dag.py:3096} INFO - Sync 3 DAGs
[2024-04-25T12:03:49.420+0800] {logging_mixin.py:188} INFO - [2024-04-25T12:03:49.418+0800] {dag.py:3954} INFO - Setting next_dagrun for example_subdag_operator to 2022-01-01 00:00:00+00:00, run_after=2022-01-01 00:00:00+00:00
[2024-04-25T12:03:49.426+0800] {logging_mixin.py:188} INFO - [2024-04-25T12:03:49.425+0800] {dag.py:3954} INFO - Setting next_dagrun for example_subdag_operator.section-1 to None, run_after=None
[2024-04-25T12:03:49.429+0800] {logging_mixin.py:188} INFO - [2024-04-25T12:03:49.429+0800] {dag.py:3954} INFO - Setting next_dagrun for example_subdag_operator.section-2 to None, run_after=None
[2024-04-25T12:03:49.445+0800] {logging_mixin.py:188} INFO - [2024-04-25T12:03:49.444+0800] {dag.py:3096} INFO - Sync 2 DAGs
[2024-04-25T12:03:49.451+0800] {logging_mixin.py:188} INFO - [2024-04-25T12:03:49.450+0800] {dag.py:3954} INFO - Setting next_dagrun for example_subdag_operator.section-1 to None, run_after=None
[2024-04-25T12:03:49.453+0800] {logging_mixin.py:188} INFO - [2024-04-25T12:03:49.453+0800] {dag.py:3954} INFO - Setting next_dagrun for example_subdag_operator.section-2 to None, run_after=None
[2024-04-25T12:03:49.507+0800] {processor.py:183} INFO - Processing /mnt/c/Users/Jason/Desktop/IS3107/is3107_DataEngineering/.venv/lib/python3.8/site-packages/airflow/example_dags/example_subdag_operator.py took 0.226 seconds
[2024-04-25T12:06:07.874+0800] {processor.py:161} INFO - Started process (PID=1937078) to work on /mnt/c/Users/Jason/Desktop/IS3107/is3107_DataEngineering/.venv/lib/python3.8/site-packages/airflow/example_dags/example_subdag_operator.py
[2024-04-25T12:06:07.876+0800] {processor.py:830} INFO - Processing file /mnt/c/Users/Jason/Desktop/IS3107/is3107_DataEngineering/.venv/lib/python3.8/site-packages/airflow/example_dags/example_subdag_operator.py for tasks to queue
[2024-04-25T12:06:07.878+0800] {logging_mixin.py:188} INFO - [2024-04-25T12:06:07.878+0800] {dagbag.py:540} INFO - Filling up the DagBag from /mnt/c/Users/Jason/Desktop/IS3107/is3107_DataEngineering/.venv/lib/python3.8/site-packages/airflow/example_dags/example_subdag_operator.py
[2024-04-25T12:06:07.925+0800] {processor.py:840} INFO - DAG(s) 'example_subdag_operator.section-1', 'example_subdag_operator.section-2', 'example_subdag_operator' retrieved from /mnt/c/Users/Jason/Desktop/IS3107/is3107_DataEngineering/.venv/lib/python3.8/site-packages/airflow/example_dags/example_subdag_operator.py
[2024-04-25T12:06:07.951+0800] {logging_mixin.py:188} INFO - [2024-04-25T12:06:07.950+0800] {dag.py:3096} INFO - Sync 3 DAGs
[2024-04-25T12:06:07.978+0800] {logging_mixin.py:188} INFO - [2024-04-25T12:06:07.977+0800] {dag.py:3954} INFO - Setting next_dagrun for example_subdag_operator to 2022-01-01 00:00:00+00:00, run_after=2022-01-01 00:00:00+00:00
[2024-04-25T12:06:07.983+0800] {logging_mixin.py:188} INFO - [2024-04-25T12:06:07.982+0800] {dag.py:3954} INFO - Setting next_dagrun for example_subdag_operator.section-1 to None, run_after=None
[2024-04-25T12:06:07.987+0800] {logging_mixin.py:188} INFO - [2024-04-25T12:06:07.986+0800] {dag.py:3954} INFO - Setting next_dagrun for example_subdag_operator.section-2 to None, run_after=None
[2024-04-25T12:06:08.026+0800] {logging_mixin.py:188} INFO - [2024-04-25T12:06:08.024+0800] {dag.py:3096} INFO - Sync 2 DAGs
[2024-04-25T12:06:08.034+0800] {logging_mixin.py:188} INFO - [2024-04-25T12:06:08.031+0800] {dag.py:3954} INFO - Setting next_dagrun for example_subdag_operator.section-1 to None, run_after=None
[2024-04-25T12:06:08.038+0800] {logging_mixin.py:188} INFO - [2024-04-25T12:06:08.036+0800] {dag.py:3954} INFO - Setting next_dagrun for example_subdag_operator.section-2 to None, run_after=None
[2024-04-25T12:06:08.122+0800] {processor.py:183} INFO - Processing /mnt/c/Users/Jason/Desktop/IS3107/is3107_DataEngineering/.venv/lib/python3.8/site-packages/airflow/example_dags/example_subdag_operator.py took 0.259 seconds
[2024-04-25T12:08:07.750+0800] {processor.py:161} INFO - Started process (PID=1938263) to work on /mnt/c/Users/Jason/Desktop/IS3107/is3107_DataEngineering/.venv/lib/python3.8/site-packages/airflow/example_dags/example_subdag_operator.py
[2024-04-25T12:08:07.752+0800] {processor.py:830} INFO - Processing file /mnt/c/Users/Jason/Desktop/IS3107/is3107_DataEngineering/.venv/lib/python3.8/site-packages/airflow/example_dags/example_subdag_operator.py for tasks to queue
[2024-04-25T12:08:07.756+0800] {logging_mixin.py:188} INFO - [2024-04-25T12:08:07.755+0800] {dagbag.py:540} INFO - Filling up the DagBag from /mnt/c/Users/Jason/Desktop/IS3107/is3107_DataEngineering/.venv/lib/python3.8/site-packages/airflow/example_dags/example_subdag_operator.py
[2024-04-25T12:08:07.824+0800] {processor.py:840} INFO - DAG(s) 'example_subdag_operator.section-1', 'example_subdag_operator.section-2', 'example_subdag_operator' retrieved from /mnt/c/Users/Jason/Desktop/IS3107/is3107_DataEngineering/.venv/lib/python3.8/site-packages/airflow/example_dags/example_subdag_operator.py
[2024-04-25T12:08:07.847+0800] {logging_mixin.py:188} INFO - [2024-04-25T12:08:07.847+0800] {dag.py:3096} INFO - Sync 3 DAGs
[2024-04-25T12:08:07.870+0800] {logging_mixin.py:188} INFO - [2024-04-25T12:08:07.869+0800] {dag.py:3954} INFO - Setting next_dagrun for example_subdag_operator to 2022-01-01 00:00:00+00:00, run_after=2022-01-01 00:00:00+00:00
[2024-04-25T12:08:07.876+0800] {logging_mixin.py:188} INFO - [2024-04-25T12:08:07.875+0800] {dag.py:3954} INFO - Setting next_dagrun for example_subdag_operator.section-1 to None, run_after=None
[2024-04-25T12:08:07.879+0800] {logging_mixin.py:188} INFO - [2024-04-25T12:08:07.878+0800] {dag.py:3954} INFO - Setting next_dagrun for example_subdag_operator.section-2 to None, run_after=None
[2024-04-25T12:08:07.895+0800] {logging_mixin.py:188} INFO - [2024-04-25T12:08:07.893+0800] {dag.py:3096} INFO - Sync 2 DAGs
[2024-04-25T12:08:07.902+0800] {logging_mixin.py:188} INFO - [2024-04-25T12:08:07.900+0800] {dag.py:3954} INFO - Setting next_dagrun for example_subdag_operator.section-1 to None, run_after=None
[2024-04-25T12:08:07.904+0800] {logging_mixin.py:188} INFO - [2024-04-25T12:08:07.903+0800] {dag.py:3954} INFO - Setting next_dagrun for example_subdag_operator.section-2 to None, run_after=None
[2024-04-25T12:08:07.958+0800] {processor.py:183} INFO - Processing /mnt/c/Users/Jason/Desktop/IS3107/is3107_DataEngineering/.venv/lib/python3.8/site-packages/airflow/example_dags/example_subdag_operator.py took 0.223 seconds
[2024-04-25T12:10:16.003+0800] {processor.py:161} INFO - Started process (PID=1939486) to work on /mnt/c/Users/Jason/Desktop/IS3107/is3107_DataEngineering/.venv/lib/python3.8/site-packages/airflow/example_dags/example_subdag_operator.py
[2024-04-25T12:10:16.005+0800] {processor.py:830} INFO - Processing file /mnt/c/Users/Jason/Desktop/IS3107/is3107_DataEngineering/.venv/lib/python3.8/site-packages/airflow/example_dags/example_subdag_operator.py for tasks to queue
[2024-04-25T12:10:16.007+0800] {logging_mixin.py:188} INFO - [2024-04-25T12:10:16.006+0800] {dagbag.py:540} INFO - Filling up the DagBag from /mnt/c/Users/Jason/Desktop/IS3107/is3107_DataEngineering/.venv/lib/python3.8/site-packages/airflow/example_dags/example_subdag_operator.py
[2024-04-25T12:10:16.053+0800] {processor.py:840} INFO - DAG(s) 'example_subdag_operator.section-1', 'example_subdag_operator.section-2', 'example_subdag_operator' retrieved from /mnt/c/Users/Jason/Desktop/IS3107/is3107_DataEngineering/.venv/lib/python3.8/site-packages/airflow/example_dags/example_subdag_operator.py
[2024-04-25T12:10:16.074+0800] {logging_mixin.py:188} INFO - [2024-04-25T12:10:16.073+0800] {dag.py:3096} INFO - Sync 3 DAGs
[2024-04-25T12:10:16.093+0800] {logging_mixin.py:188} INFO - [2024-04-25T12:10:16.092+0800] {dag.py:3954} INFO - Setting next_dagrun for example_subdag_operator to 2022-01-01 00:00:00+00:00, run_after=2022-01-01 00:00:00+00:00
[2024-04-25T12:10:16.097+0800] {logging_mixin.py:188} INFO - [2024-04-25T12:10:16.097+0800] {dag.py:3954} INFO - Setting next_dagrun for example_subdag_operator.section-1 to None, run_after=None
[2024-04-25T12:10:16.100+0800] {logging_mixin.py:188} INFO - [2024-04-25T12:10:16.099+0800] {dag.py:3954} INFO - Setting next_dagrun for example_subdag_operator.section-2 to None, run_after=None
[2024-04-25T12:10:16.124+0800] {logging_mixin.py:188} INFO - [2024-04-25T12:10:16.123+0800] {dag.py:3096} INFO - Sync 2 DAGs
[2024-04-25T12:10:16.131+0800] {logging_mixin.py:188} INFO - [2024-04-25T12:10:16.130+0800] {dag.py:3954} INFO - Setting next_dagrun for example_subdag_operator.section-1 to None, run_after=None
[2024-04-25T12:10:16.134+0800] {logging_mixin.py:188} INFO - [2024-04-25T12:10:16.133+0800] {dag.py:3954} INFO - Setting next_dagrun for example_subdag_operator.section-2 to None, run_after=None
[2024-04-25T12:10:16.211+0800] {processor.py:183} INFO - Processing /mnt/c/Users/Jason/Desktop/IS3107/is3107_DataEngineering/.venv/lib/python3.8/site-packages/airflow/example_dags/example_subdag_operator.py took 0.222 seconds
[2024-04-25T12:12:50.502+0800] {processor.py:161} INFO - Started process (PID=1940970) to work on /mnt/c/Users/Jason/Desktop/IS3107/is3107_DataEngineering/.venv/lib/python3.8/site-packages/airflow/example_dags/example_subdag_operator.py
[2024-04-25T12:12:50.504+0800] {processor.py:830} INFO - Processing file /mnt/c/Users/Jason/Desktop/IS3107/is3107_DataEngineering/.venv/lib/python3.8/site-packages/airflow/example_dags/example_subdag_operator.py for tasks to queue
[2024-04-25T12:12:50.506+0800] {logging_mixin.py:188} INFO - [2024-04-25T12:12:50.505+0800] {dagbag.py:540} INFO - Filling up the DagBag from /mnt/c/Users/Jason/Desktop/IS3107/is3107_DataEngineering/.venv/lib/python3.8/site-packages/airflow/example_dags/example_subdag_operator.py
[2024-04-25T12:12:50.560+0800] {processor.py:840} INFO - DAG(s) 'example_subdag_operator.section-1', 'example_subdag_operator.section-2', 'example_subdag_operator' retrieved from /mnt/c/Users/Jason/Desktop/IS3107/is3107_DataEngineering/.venv/lib/python3.8/site-packages/airflow/example_dags/example_subdag_operator.py
[2024-04-25T12:12:50.590+0800] {logging_mixin.py:188} INFO - [2024-04-25T12:12:50.589+0800] {dag.py:3096} INFO - Sync 3 DAGs
[2024-04-25T12:12:50.617+0800] {logging_mixin.py:188} INFO - [2024-04-25T12:12:50.616+0800] {dag.py:3954} INFO - Setting next_dagrun for example_subdag_operator to 2022-01-01 00:00:00+00:00, run_after=2022-01-01 00:00:00+00:00
[2024-04-25T12:12:50.627+0800] {logging_mixin.py:188} INFO - [2024-04-25T12:12:50.625+0800] {dag.py:3954} INFO - Setting next_dagrun for example_subdag_operator.section-1 to None, run_after=None
[2024-04-25T12:12:50.632+0800] {logging_mixin.py:188} INFO - [2024-04-25T12:12:50.631+0800] {dag.py:3954} INFO - Setting next_dagrun for example_subdag_operator.section-2 to None, run_after=None
[2024-04-25T12:12:50.653+0800] {logging_mixin.py:188} INFO - [2024-04-25T12:12:50.651+0800] {dag.py:3096} INFO - Sync 2 DAGs
[2024-04-25T12:12:50.661+0800] {logging_mixin.py:188} INFO - [2024-04-25T12:12:50.659+0800] {dag.py:3954} INFO - Setting next_dagrun for example_subdag_operator.section-1 to None, run_after=None
[2024-04-25T12:12:50.664+0800] {logging_mixin.py:188} INFO - [2024-04-25T12:12:50.663+0800] {dag.py:3954} INFO - Setting next_dagrun for example_subdag_operator.section-2 to None, run_after=None
[2024-04-25T12:12:50.740+0800] {processor.py:183} INFO - Processing /mnt/c/Users/Jason/Desktop/IS3107/is3107_DataEngineering/.venv/lib/python3.8/site-packages/airflow/example_dags/example_subdag_operator.py took 0.251 seconds
