[2024-04-25T11:50:42.610+0800] {processor.py:161} INFO - Started process (PID=1928275) to work on /mnt/c/Users/Jason/Desktop/IS3107/is3107_DataEngineering/.venv/lib/python3.8/site-packages/airflow/example_dags/example_dag_decorator.py
[2024-04-25T11:50:42.613+0800] {processor.py:830} INFO - Processing file /mnt/c/Users/Jason/Desktop/IS3107/is3107_DataEngineering/.venv/lib/python3.8/site-packages/airflow/example_dags/example_dag_decorator.py for tasks to queue
[2024-04-25T11:50:42.616+0800] {logging_mixin.py:188} INFO - [2024-04-25T11:50:42.615+0800] {dagbag.py:540} INFO - Filling up the DagBag from /mnt/c/Users/Jason/Desktop/IS3107/is3107_DataEngineering/.venv/lib/python3.8/site-packages/airflow/example_dags/example_dag_decorator.py
[2024-04-25T11:50:43.615+0800] {processor.py:840} INFO - DAG(s) 'example_dag_decorator' retrieved from /mnt/c/Users/Jason/Desktop/IS3107/is3107_DataEngineering/.venv/lib/python3.8/site-packages/airflow/example_dags/example_dag_decorator.py
[2024-04-25T11:50:45.516+0800] {logging_mixin.py:188} INFO - [2024-04-25T11:50:45.515+0800] {dag.py:3096} INFO - Sync 1 DAGs
[2024-04-25T11:50:45.544+0800] {logging_mixin.py:188} INFO - [2024-04-25T11:50:45.542+0800] {dag.py:3954} INFO - Setting next_dagrun for example_dag_decorator to None, run_after=None
[2024-04-25T11:50:45.668+0800] {processor.py:183} INFO - Processing /mnt/c/Users/Jason/Desktop/IS3107/is3107_DataEngineering/.venv/lib/python3.8/site-packages/airflow/example_dags/example_dag_decorator.py took 3.072 seconds
[2024-04-25T11:53:15.768+0800] {processor.py:161} INFO - Started process (PID=1929700) to work on /mnt/c/Users/Jason/Desktop/IS3107/is3107_DataEngineering/.venv/lib/python3.8/site-packages/airflow/example_dags/example_dag_decorator.py
[2024-04-25T11:53:15.771+0800] {processor.py:830} INFO - Processing file /mnt/c/Users/Jason/Desktop/IS3107/is3107_DataEngineering/.venv/lib/python3.8/site-packages/airflow/example_dags/example_dag_decorator.py for tasks to queue
[2024-04-25T11:53:15.775+0800] {logging_mixin.py:188} INFO - [2024-04-25T11:53:15.774+0800] {dagbag.py:540} INFO - Filling up the DagBag from /mnt/c/Users/Jason/Desktop/IS3107/is3107_DataEngineering/.venv/lib/python3.8/site-packages/airflow/example_dags/example_dag_decorator.py
[2024-04-25T11:53:16.538+0800] {processor.py:840} INFO - DAG(s) 'example_dag_decorator' retrieved from /mnt/c/Users/Jason/Desktop/IS3107/is3107_DataEngineering/.venv/lib/python3.8/site-packages/airflow/example_dags/example_dag_decorator.py
[2024-04-25T11:53:18.551+0800] {logging_mixin.py:188} INFO - [2024-04-25T11:53:18.548+0800] {dag.py:3096} INFO - Sync 1 DAGs
[2024-04-25T11:53:18.580+0800] {logging_mixin.py:188} INFO - [2024-04-25T11:53:18.578+0800] {dag.py:3954} INFO - Setting next_dagrun for example_dag_decorator to None, run_after=None
[2024-04-25T11:53:18.762+0800] {processor.py:183} INFO - Processing /mnt/c/Users/Jason/Desktop/IS3107/is3107_DataEngineering/.venv/lib/python3.8/site-packages/airflow/example_dags/example_dag_decorator.py took 3.009 seconds
[2024-04-25T11:55:11.613+0800] {processor.py:161} INFO - Started process (PID=1930762) to work on /mnt/c/Users/Jason/Desktop/IS3107/is3107_DataEngineering/.venv/lib/python3.8/site-packages/airflow/example_dags/example_dag_decorator.py
[2024-04-25T11:55:11.616+0800] {processor.py:830} INFO - Processing file /mnt/c/Users/Jason/Desktop/IS3107/is3107_DataEngineering/.venv/lib/python3.8/site-packages/airflow/example_dags/example_dag_decorator.py for tasks to queue
[2024-04-25T11:55:11.620+0800] {logging_mixin.py:188} INFO - [2024-04-25T11:55:11.618+0800] {dagbag.py:540} INFO - Filling up the DagBag from /mnt/c/Users/Jason/Desktop/IS3107/is3107_DataEngineering/.venv/lib/python3.8/site-packages/airflow/example_dags/example_dag_decorator.py
[2024-04-25T11:55:12.573+0800] {processor.py:840} INFO - DAG(s) 'example_dag_decorator' retrieved from /mnt/c/Users/Jason/Desktop/IS3107/is3107_DataEngineering/.venv/lib/python3.8/site-packages/airflow/example_dags/example_dag_decorator.py
[2024-04-25T11:55:14.506+0800] {logging_mixin.py:188} INFO - [2024-04-25T11:55:14.499+0800] {dag.py:3096} INFO - Sync 1 DAGs
[2024-04-25T11:55:14.529+0800] {logging_mixin.py:188} INFO - [2024-04-25T11:55:14.527+0800] {dag.py:3954} INFO - Setting next_dagrun for example_dag_decorator to None, run_after=None
[2024-04-25T11:55:14.660+0800] {processor.py:183} INFO - Processing /mnt/c/Users/Jason/Desktop/IS3107/is3107_DataEngineering/.venv/lib/python3.8/site-packages/airflow/example_dags/example_dag_decorator.py took 3.066 seconds
[2024-04-25T11:56:22.885+0800] {processor.py:161} INFO - Started process (PID=1931455) to work on /mnt/c/Users/Jason/Desktop/IS3107/is3107_DataEngineering/.venv/lib/python3.8/site-packages/airflow/example_dags/example_dag_decorator.py
[2024-04-25T11:56:22.888+0800] {processor.py:830} INFO - Processing file /mnt/c/Users/Jason/Desktop/IS3107/is3107_DataEngineering/.venv/lib/python3.8/site-packages/airflow/example_dags/example_dag_decorator.py for tasks to queue
[2024-04-25T11:56:22.890+0800] {logging_mixin.py:188} INFO - [2024-04-25T11:56:22.889+0800] {dagbag.py:540} INFO - Filling up the DagBag from /mnt/c/Users/Jason/Desktop/IS3107/is3107_DataEngineering/.venv/lib/python3.8/site-packages/airflow/example_dags/example_dag_decorator.py
[2024-04-25T11:56:23.743+0800] {processor.py:840} INFO - DAG(s) 'example_dag_decorator' retrieved from /mnt/c/Users/Jason/Desktop/IS3107/is3107_DataEngineering/.venv/lib/python3.8/site-packages/airflow/example_dags/example_dag_decorator.py
[2024-04-25T11:56:25.379+0800] {logging_mixin.py:188} INFO - [2024-04-25T11:56:25.377+0800] {dag.py:3096} INFO - Sync 1 DAGs
[2024-04-25T11:56:25.396+0800] {logging_mixin.py:188} INFO - [2024-04-25T11:56:25.395+0800] {dag.py:3954} INFO - Setting next_dagrun for example_dag_decorator to None, run_after=None
[2024-04-25T11:56:25.518+0800] {processor.py:183} INFO - Processing /mnt/c/Users/Jason/Desktop/IS3107/is3107_DataEngineering/.venv/lib/python3.8/site-packages/airflow/example_dags/example_dag_decorator.py took 2.646 seconds
[2024-04-25T11:58:29.652+0800] {processor.py:161} INFO - Started process (PID=1932699) to work on /mnt/c/Users/Jason/Desktop/IS3107/is3107_DataEngineering/.venv/lib/python3.8/site-packages/airflow/example_dags/example_dag_decorator.py
[2024-04-25T11:58:29.654+0800] {processor.py:830} INFO - Processing file /mnt/c/Users/Jason/Desktop/IS3107/is3107_DataEngineering/.venv/lib/python3.8/site-packages/airflow/example_dags/example_dag_decorator.py for tasks to queue
[2024-04-25T11:58:29.657+0800] {logging_mixin.py:188} INFO - [2024-04-25T11:58:29.656+0800] {dagbag.py:540} INFO - Filling up the DagBag from /mnt/c/Users/Jason/Desktop/IS3107/is3107_DataEngineering/.venv/lib/python3.8/site-packages/airflow/example_dags/example_dag_decorator.py
[2024-04-25T11:58:30.514+0800] {processor.py:840} INFO - DAG(s) 'example_dag_decorator' retrieved from /mnt/c/Users/Jason/Desktop/IS3107/is3107_DataEngineering/.venv/lib/python3.8/site-packages/airflow/example_dags/example_dag_decorator.py
[2024-04-25T11:58:31.950+0800] {logging_mixin.py:188} INFO - [2024-04-25T11:58:31.948+0800] {dag.py:3096} INFO - Sync 1 DAGs
[2024-04-25T11:58:31.973+0800] {logging_mixin.py:188} INFO - [2024-04-25T11:58:31.970+0800] {dag.py:3954} INFO - Setting next_dagrun for example_dag_decorator to None, run_after=None
[2024-04-25T11:58:32.104+0800] {processor.py:183} INFO - Processing /mnt/c/Users/Jason/Desktop/IS3107/is3107_DataEngineering/.venv/lib/python3.8/site-packages/airflow/example_dags/example_dag_decorator.py took 2.467 seconds
[2024-04-25T11:59:43.338+0800] {processor.py:161} INFO - Started process (PID=1933396) to work on /mnt/c/Users/Jason/Desktop/IS3107/is3107_DataEngineering/.venv/lib/python3.8/site-packages/airflow/example_dags/example_dag_decorator.py
[2024-04-25T11:59:43.340+0800] {processor.py:830} INFO - Processing file /mnt/c/Users/Jason/Desktop/IS3107/is3107_DataEngineering/.venv/lib/python3.8/site-packages/airflow/example_dags/example_dag_decorator.py for tasks to queue
[2024-04-25T11:59:43.342+0800] {logging_mixin.py:188} INFO - [2024-04-25T11:59:43.341+0800] {dagbag.py:540} INFO - Filling up the DagBag from /mnt/c/Users/Jason/Desktop/IS3107/is3107_DataEngineering/.venv/lib/python3.8/site-packages/airflow/example_dags/example_dag_decorator.py
[2024-04-25T11:59:44.014+0800] {processor.py:840} INFO - DAG(s) 'example_dag_decorator' retrieved from /mnt/c/Users/Jason/Desktop/IS3107/is3107_DataEngineering/.venv/lib/python3.8/site-packages/airflow/example_dags/example_dag_decorator.py
[2024-04-25T11:59:45.451+0800] {logging_mixin.py:188} INFO - [2024-04-25T11:59:45.450+0800] {dag.py:3096} INFO - Sync 1 DAGs
[2024-04-25T11:59:45.471+0800] {logging_mixin.py:188} INFO - [2024-04-25T11:59:45.470+0800] {dag.py:3954} INFO - Setting next_dagrun for example_dag_decorator to None, run_after=None
[2024-04-25T11:59:45.610+0800] {processor.py:183} INFO - Processing /mnt/c/Users/Jason/Desktop/IS3107/is3107_DataEngineering/.venv/lib/python3.8/site-packages/airflow/example_dags/example_dag_decorator.py took 2.282 seconds
[2024-04-25T12:01:00.003+0800] {processor.py:161} INFO - Started process (PID=1934127) to work on /mnt/c/Users/Jason/Desktop/IS3107/is3107_DataEngineering/.venv/lib/python3.8/site-packages/airflow/example_dags/example_dag_decorator.py
[2024-04-25T12:01:00.006+0800] {processor.py:830} INFO - Processing file /mnt/c/Users/Jason/Desktop/IS3107/is3107_DataEngineering/.venv/lib/python3.8/site-packages/airflow/example_dags/example_dag_decorator.py for tasks to queue
[2024-04-25T12:01:00.009+0800] {logging_mixin.py:188} INFO - [2024-04-25T12:01:00.008+0800] {dagbag.py:540} INFO - Filling up the DagBag from /mnt/c/Users/Jason/Desktop/IS3107/is3107_DataEngineering/.venv/lib/python3.8/site-packages/airflow/example_dags/example_dag_decorator.py
[2024-04-25T12:01:01.083+0800] {processor.py:840} INFO - DAG(s) 'example_dag_decorator' retrieved from /mnt/c/Users/Jason/Desktop/IS3107/is3107_DataEngineering/.venv/lib/python3.8/site-packages/airflow/example_dags/example_dag_decorator.py
[2024-04-25T12:01:02.858+0800] {logging_mixin.py:188} INFO - [2024-04-25T12:01:02.855+0800] {dag.py:3096} INFO - Sync 1 DAGs
[2024-04-25T12:01:02.891+0800] {logging_mixin.py:188} INFO - [2024-04-25T12:01:02.888+0800] {dag.py:3954} INFO - Setting next_dagrun for example_dag_decorator to None, run_after=None
[2024-04-25T12:01:03.035+0800] {processor.py:183} INFO - Processing /mnt/c/Users/Jason/Desktop/IS3107/is3107_DataEngineering/.venv/lib/python3.8/site-packages/airflow/example_dags/example_dag_decorator.py took 3.052 seconds
[2024-04-25T12:02:15.257+0800] {processor.py:161} INFO - Started process (PID=1934839) to work on /mnt/c/Users/Jason/Desktop/IS3107/is3107_DataEngineering/.venv/lib/python3.8/site-packages/airflow/example_dags/example_dag_decorator.py
[2024-04-25T12:02:15.260+0800] {processor.py:830} INFO - Processing file /mnt/c/Users/Jason/Desktop/IS3107/is3107_DataEngineering/.venv/lib/python3.8/site-packages/airflow/example_dags/example_dag_decorator.py for tasks to queue
[2024-04-25T12:02:15.263+0800] {logging_mixin.py:188} INFO - [2024-04-25T12:02:15.261+0800] {dagbag.py:540} INFO - Filling up the DagBag from /mnt/c/Users/Jason/Desktop/IS3107/is3107_DataEngineering/.venv/lib/python3.8/site-packages/airflow/example_dags/example_dag_decorator.py
[2024-04-25T12:02:16.067+0800] {processor.py:840} INFO - DAG(s) 'example_dag_decorator' retrieved from /mnt/c/Users/Jason/Desktop/IS3107/is3107_DataEngineering/.venv/lib/python3.8/site-packages/airflow/example_dags/example_dag_decorator.py
[2024-04-25T12:02:16.127+0800] {logging_mixin.py:188} INFO - [2024-04-25T12:02:16.125+0800] {dag.py:3096} INFO - Sync 1 DAGs
[2024-04-25T12:02:16.152+0800] {logging_mixin.py:188} INFO - [2024-04-25T12:02:16.150+0800] {dag.py:3954} INFO - Setting next_dagrun for example_dag_decorator to None, run_after=None
[2024-04-25T12:02:16.247+0800] {processor.py:183} INFO - Processing /mnt/c/Users/Jason/Desktop/IS3107/is3107_DataEngineering/.venv/lib/python3.8/site-packages/airflow/example_dags/example_dag_decorator.py took 1.004 seconds
[2024-04-25T12:03:24.752+0800] {processor.py:161} INFO - Started process (PID=1935516) to work on /mnt/c/Users/Jason/Desktop/IS3107/is3107_DataEngineering/.venv/lib/python3.8/site-packages/airflow/example_dags/example_dag_decorator.py
[2024-04-25T12:03:24.754+0800] {processor.py:830} INFO - Processing file /mnt/c/Users/Jason/Desktop/IS3107/is3107_DataEngineering/.venv/lib/python3.8/site-packages/airflow/example_dags/example_dag_decorator.py for tasks to queue
[2024-04-25T12:03:24.756+0800] {logging_mixin.py:188} INFO - [2024-04-25T12:03:24.755+0800] {dagbag.py:540} INFO - Filling up the DagBag from /mnt/c/Users/Jason/Desktop/IS3107/is3107_DataEngineering/.venv/lib/python3.8/site-packages/airflow/example_dags/example_dag_decorator.py
[2024-04-25T12:03:25.691+0800] {processor.py:840} INFO - DAG(s) 'example_dag_decorator' retrieved from /mnt/c/Users/Jason/Desktop/IS3107/is3107_DataEngineering/.venv/lib/python3.8/site-packages/airflow/example_dags/example_dag_decorator.py
[2024-04-25T12:03:25.737+0800] {logging_mixin.py:188} INFO - [2024-04-25T12:03:25.736+0800] {dag.py:3096} INFO - Sync 1 DAGs
[2024-04-25T12:03:25.759+0800] {logging_mixin.py:188} INFO - [2024-04-25T12:03:25.757+0800] {dag.py:3954} INFO - Setting next_dagrun for example_dag_decorator to None, run_after=None
[2024-04-25T12:03:25.862+0800] {processor.py:183} INFO - Processing /mnt/c/Users/Jason/Desktop/IS3107/is3107_DataEngineering/.venv/lib/python3.8/site-packages/airflow/example_dags/example_dag_decorator.py took 1.122 seconds
[2024-04-25T12:04:38.201+0800] {processor.py:161} INFO - Started process (PID=1936202) to work on /mnt/c/Users/Jason/Desktop/IS3107/is3107_DataEngineering/.venv/lib/python3.8/site-packages/airflow/example_dags/example_dag_decorator.py
[2024-04-25T12:04:38.203+0800] {processor.py:830} INFO - Processing file /mnt/c/Users/Jason/Desktop/IS3107/is3107_DataEngineering/.venv/lib/python3.8/site-packages/airflow/example_dags/example_dag_decorator.py for tasks to queue
[2024-04-25T12:04:38.206+0800] {logging_mixin.py:188} INFO - [2024-04-25T12:04:38.205+0800] {dagbag.py:540} INFO - Filling up the DagBag from /mnt/c/Users/Jason/Desktop/IS3107/is3107_DataEngineering/.venv/lib/python3.8/site-packages/airflow/example_dags/example_dag_decorator.py
[2024-04-25T12:04:39.224+0800] {processor.py:840} INFO - DAG(s) 'example_dag_decorator' retrieved from /mnt/c/Users/Jason/Desktop/IS3107/is3107_DataEngineering/.venv/lib/python3.8/site-packages/airflow/example_dags/example_dag_decorator.py
[2024-04-25T12:04:39.283+0800] {logging_mixin.py:188} INFO - [2024-04-25T12:04:39.282+0800] {dag.py:3096} INFO - Sync 1 DAGs
[2024-04-25T12:04:39.317+0800] {logging_mixin.py:188} INFO - [2024-04-25T12:04:39.315+0800] {dag.py:3954} INFO - Setting next_dagrun for example_dag_decorator to None, run_after=None
[2024-04-25T12:04:39.515+0800] {processor.py:183} INFO - Processing /mnt/c/Users/Jason/Desktop/IS3107/is3107_DataEngineering/.venv/lib/python3.8/site-packages/airflow/example_dags/example_dag_decorator.py took 1.329 seconds
[2024-04-25T12:05:48.260+0800] {processor.py:161} INFO - Started process (PID=1936888) to work on /mnt/c/Users/Jason/Desktop/IS3107/is3107_DataEngineering/.venv/lib/python3.8/site-packages/airflow/example_dags/example_dag_decorator.py
[2024-04-25T12:05:48.261+0800] {processor.py:830} INFO - Processing file /mnt/c/Users/Jason/Desktop/IS3107/is3107_DataEngineering/.venv/lib/python3.8/site-packages/airflow/example_dags/example_dag_decorator.py for tasks to queue
[2024-04-25T12:05:48.264+0800] {logging_mixin.py:188} INFO - [2024-04-25T12:05:48.263+0800] {dagbag.py:540} INFO - Filling up the DagBag from /mnt/c/Users/Jason/Desktop/IS3107/is3107_DataEngineering/.venv/lib/python3.8/site-packages/airflow/example_dags/example_dag_decorator.py
[2024-04-25T12:05:48.863+0800] {processor.py:840} INFO - DAG(s) 'example_dag_decorator' retrieved from /mnt/c/Users/Jason/Desktop/IS3107/is3107_DataEngineering/.venv/lib/python3.8/site-packages/airflow/example_dags/example_dag_decorator.py
[2024-04-25T12:05:50.135+0800] {logging_mixin.py:188} INFO - [2024-04-25T12:05:50.134+0800] {dag.py:3096} INFO - Sync 1 DAGs
[2024-04-25T12:05:50.155+0800] {logging_mixin.py:188} INFO - [2024-04-25T12:05:50.154+0800] {dag.py:3954} INFO - Setting next_dagrun for example_dag_decorator to None, run_after=None
[2024-04-25T12:05:50.256+0800] {processor.py:183} INFO - Processing /mnt/c/Users/Jason/Desktop/IS3107/is3107_DataEngineering/.venv/lib/python3.8/site-packages/airflow/example_dags/example_dag_decorator.py took 2.006 seconds
[2024-04-25T12:07:46.977+0800] {processor.py:161} INFO - Started process (PID=1938052) to work on /mnt/c/Users/Jason/Desktop/IS3107/is3107_DataEngineering/.venv/lib/python3.8/site-packages/airflow/example_dags/example_dag_decorator.py
[2024-04-25T12:07:46.978+0800] {processor.py:830} INFO - Processing file /mnt/c/Users/Jason/Desktop/IS3107/is3107_DataEngineering/.venv/lib/python3.8/site-packages/airflow/example_dags/example_dag_decorator.py for tasks to queue
[2024-04-25T12:07:46.980+0800] {logging_mixin.py:188} INFO - [2024-04-25T12:07:46.979+0800] {dagbag.py:540} INFO - Filling up the DagBag from /mnt/c/Users/Jason/Desktop/IS3107/is3107_DataEngineering/.venv/lib/python3.8/site-packages/airflow/example_dags/example_dag_decorator.py
[2024-04-25T12:07:47.782+0800] {processor.py:840} INFO - DAG(s) 'example_dag_decorator' retrieved from /mnt/c/Users/Jason/Desktop/IS3107/is3107_DataEngineering/.venv/lib/python3.8/site-packages/airflow/example_dags/example_dag_decorator.py
[2024-04-25T12:07:48.907+0800] {logging_mixin.py:188} INFO - [2024-04-25T12:07:48.906+0800] {dag.py:3096} INFO - Sync 1 DAGs
[2024-04-25T12:07:48.926+0800] {logging_mixin.py:188} INFO - [2024-04-25T12:07:48.924+0800] {dag.py:3954} INFO - Setting next_dagrun for example_dag_decorator to None, run_after=None
[2024-04-25T12:07:49.020+0800] {processor.py:183} INFO - Processing /mnt/c/Users/Jason/Desktop/IS3107/is3107_DataEngineering/.venv/lib/python3.8/site-packages/airflow/example_dags/example_dag_decorator.py took 2.054 seconds
[2024-04-25T12:09:51.238+0800] {processor.py:161} INFO - Started process (PID=1939258) to work on /mnt/c/Users/Jason/Desktop/IS3107/is3107_DataEngineering/.venv/lib/python3.8/site-packages/airflow/example_dags/example_dag_decorator.py
[2024-04-25T12:09:51.242+0800] {processor.py:830} INFO - Processing file /mnt/c/Users/Jason/Desktop/IS3107/is3107_DataEngineering/.venv/lib/python3.8/site-packages/airflow/example_dags/example_dag_decorator.py for tasks to queue
[2024-04-25T12:09:51.248+0800] {logging_mixin.py:188} INFO - [2024-04-25T12:09:51.246+0800] {dagbag.py:540} INFO - Filling up the DagBag from /mnt/c/Users/Jason/Desktop/IS3107/is3107_DataEngineering/.venv/lib/python3.8/site-packages/airflow/example_dags/example_dag_decorator.py
[2024-04-25T12:09:53.126+0800] {processor.py:840} INFO - DAG(s) 'example_dag_decorator' retrieved from /mnt/c/Users/Jason/Desktop/IS3107/is3107_DataEngineering/.venv/lib/python3.8/site-packages/airflow/example_dags/example_dag_decorator.py
[2024-04-25T12:09:55.760+0800] {logging_mixin.py:188} INFO - [2024-04-25T12:09:55.759+0800] {dag.py:3096} INFO - Sync 1 DAGs
[2024-04-25T12:09:55.786+0800] {logging_mixin.py:188} INFO - [2024-04-25T12:09:55.784+0800] {dag.py:3954} INFO - Setting next_dagrun for example_dag_decorator to None, run_after=None
[2024-04-25T12:09:55.901+0800] {processor.py:183} INFO - Processing /mnt/c/Users/Jason/Desktop/IS3107/is3107_DataEngineering/.venv/lib/python3.8/site-packages/airflow/example_dags/example_dag_decorator.py took 4.693 seconds
[2024-04-25T12:11:09.568+0800] {processor.py:161} INFO - Started process (PID=1940014) to work on /mnt/c/Users/Jason/Desktop/IS3107/is3107_DataEngineering/.venv/lib/python3.8/site-packages/airflow/example_dags/example_dag_decorator.py
[2024-04-25T12:11:09.571+0800] {processor.py:830} INFO - Processing file /mnt/c/Users/Jason/Desktop/IS3107/is3107_DataEngineering/.venv/lib/python3.8/site-packages/airflow/example_dags/example_dag_decorator.py for tasks to queue
[2024-04-25T12:11:09.574+0800] {logging_mixin.py:188} INFO - [2024-04-25T12:11:09.573+0800] {dagbag.py:540} INFO - Filling up the DagBag from /mnt/c/Users/Jason/Desktop/IS3107/is3107_DataEngineering/.venv/lib/python3.8/site-packages/airflow/example_dags/example_dag_decorator.py
[2024-04-25T12:11:10.808+0800] {processor.py:840} INFO - DAG(s) 'example_dag_decorator' retrieved from /mnt/c/Users/Jason/Desktop/IS3107/is3107_DataEngineering/.venv/lib/python3.8/site-packages/airflow/example_dags/example_dag_decorator.py
[2024-04-25T12:11:13.570+0800] {logging_mixin.py:188} INFO - [2024-04-25T12:11:13.569+0800] {dag.py:3096} INFO - Sync 1 DAGs
[2024-04-25T12:11:13.592+0800] {logging_mixin.py:188} INFO - [2024-04-25T12:11:13.590+0800] {dag.py:3954} INFO - Setting next_dagrun for example_dag_decorator to None, run_after=None
[2024-04-25T12:11:13.754+0800] {processor.py:183} INFO - Processing /mnt/c/Users/Jason/Desktop/IS3107/is3107_DataEngineering/.venv/lib/python3.8/site-packages/airflow/example_dags/example_dag_decorator.py took 4.201 seconds
[2024-04-25T12:12:24.668+0800] {processor.py:161} INFO - Started process (PID=1940721) to work on /mnt/c/Users/Jason/Desktop/IS3107/is3107_DataEngineering/.venv/lib/python3.8/site-packages/airflow/example_dags/example_dag_decorator.py
[2024-04-25T12:12:24.671+0800] {processor.py:830} INFO - Processing file /mnt/c/Users/Jason/Desktop/IS3107/is3107_DataEngineering/.venv/lib/python3.8/site-packages/airflow/example_dags/example_dag_decorator.py for tasks to queue
[2024-04-25T12:12:24.675+0800] {logging_mixin.py:188} INFO - [2024-04-25T12:12:24.673+0800] {dagbag.py:540} INFO - Filling up the DagBag from /mnt/c/Users/Jason/Desktop/IS3107/is3107_DataEngineering/.venv/lib/python3.8/site-packages/airflow/example_dags/example_dag_decorator.py
[2024-04-25T12:12:26.092+0800] {processor.py:840} INFO - DAG(s) 'example_dag_decorator' retrieved from /mnt/c/Users/Jason/Desktop/IS3107/is3107_DataEngineering/.venv/lib/python3.8/site-packages/airflow/example_dags/example_dag_decorator.py
[2024-04-25T12:12:28.335+0800] {logging_mixin.py:188} INFO - [2024-04-25T12:12:28.329+0800] {dag.py:3096} INFO - Sync 1 DAGs
[2024-04-25T12:12:28.366+0800] {logging_mixin.py:188} INFO - [2024-04-25T12:12:28.364+0800] {dag.py:3954} INFO - Setting next_dagrun for example_dag_decorator to None, run_after=None
[2024-04-25T12:12:28.534+0800] {processor.py:183} INFO - Processing /mnt/c/Users/Jason/Desktop/IS3107/is3107_DataEngineering/.venv/lib/python3.8/site-packages/airflow/example_dags/example_dag_decorator.py took 3.889 seconds
[2024-04-25T12:13:32.684+0800] {processor.py:161} INFO - Started process (PID=1941369) to work on /mnt/c/Users/Jason/Desktop/IS3107/is3107_DataEngineering/.venv/lib/python3.8/site-packages/airflow/example_dags/example_dag_decorator.py
[2024-04-25T12:13:32.686+0800] {processor.py:830} INFO - Processing file /mnt/c/Users/Jason/Desktop/IS3107/is3107_DataEngineering/.venv/lib/python3.8/site-packages/airflow/example_dags/example_dag_decorator.py for tasks to queue
[2024-04-25T12:13:32.688+0800] {logging_mixin.py:188} INFO - [2024-04-25T12:13:32.687+0800] {dagbag.py:540} INFO - Filling up the DagBag from /mnt/c/Users/Jason/Desktop/IS3107/is3107_DataEngineering/.venv/lib/python3.8/site-packages/airflow/example_dags/example_dag_decorator.py
[2024-04-25T12:13:33.613+0800] {processor.py:840} INFO - DAG(s) 'example_dag_decorator' retrieved from /mnt/c/Users/Jason/Desktop/IS3107/is3107_DataEngineering/.venv/lib/python3.8/site-packages/airflow/example_dags/example_dag_decorator.py
[2024-04-25T12:13:33.656+0800] {logging_mixin.py:188} INFO - [2024-04-25T12:13:33.655+0800] {dag.py:3096} INFO - Sync 1 DAGs
[2024-04-25T12:13:33.680+0800] {logging_mixin.py:188} INFO - [2024-04-25T12:13:33.678+0800] {dag.py:3954} INFO - Setting next_dagrun for example_dag_decorator to None, run_after=None
[2024-04-25T12:13:33.795+0800] {processor.py:183} INFO - Processing /mnt/c/Users/Jason/Desktop/IS3107/is3107_DataEngineering/.venv/lib/python3.8/site-packages/airflow/example_dags/example_dag_decorator.py took 1.121 seconds
