[2024-04-25T11:51:33.356+0800] {processor.py:161} INFO - Started process (PID=1928735) to work on /mnt/c/Users/Jason/Desktop/IS3107/is3107_DataEngineering/.venv/lib/python3.8/site-packages/airflow/example_dags/example_setup_teardown.py
[2024-04-25T11:51:33.358+0800] {processor.py:830} INFO - Processing file /mnt/c/Users/Jason/Desktop/IS3107/is3107_DataEngineering/.venv/lib/python3.8/site-packages/airflow/example_dags/example_setup_teardown.py for tasks to queue
[2024-04-25T11:51:33.360+0800] {logging_mixin.py:188} INFO - [2024-04-25T11:51:33.359+0800] {dagbag.py:540} INFO - Filling up the DagBag from /mnt/c/Users/Jason/Desktop/IS3107/is3107_DataEngineering/.venv/lib/python3.8/site-packages/airflow/example_dags/example_setup_teardown.py
[2024-04-25T11:51:33.381+0800] {processor.py:840} INFO - DAG(s) 'example_setup_teardown' retrieved from /mnt/c/Users/Jason/Desktop/IS3107/is3107_DataEngineering/.venv/lib/python3.8/site-packages/airflow/example_dags/example_setup_teardown.py
[2024-04-25T11:51:34.619+0800] {logging_mixin.py:188} INFO - [2024-04-25T11:51:34.618+0800] {dag.py:3096} INFO - Sync 1 DAGs
[2024-04-25T11:51:34.657+0800] {logging_mixin.py:188} INFO - [2024-04-25T11:51:34.655+0800] {dag.py:3954} INFO - Setting next_dagrun for example_setup_teardown to 2024-04-24 00:00:00+00:00, run_after=2024-04-25 00:00:00+00:00
[2024-04-25T11:51:34.747+0800] {processor.py:183} INFO - Processing /mnt/c/Users/Jason/Desktop/IS3107/is3107_DataEngineering/.venv/lib/python3.8/site-packages/airflow/example_dags/example_setup_teardown.py took 1.406 seconds
[2024-04-25T11:53:47.220+0800] {processor.py:161} INFO - Started process (PID=1929984) to work on /mnt/c/Users/Jason/Desktop/IS3107/is3107_DataEngineering/.venv/lib/python3.8/site-packages/airflow/example_dags/example_setup_teardown.py
[2024-04-25T11:53:47.223+0800] {processor.py:830} INFO - Processing file /mnt/c/Users/Jason/Desktop/IS3107/is3107_DataEngineering/.venv/lib/python3.8/site-packages/airflow/example_dags/example_setup_teardown.py for tasks to queue
[2024-04-25T11:53:47.227+0800] {logging_mixin.py:188} INFO - [2024-04-25T11:53:47.226+0800] {dagbag.py:540} INFO - Filling up the DagBag from /mnt/c/Users/Jason/Desktop/IS3107/is3107_DataEngineering/.venv/lib/python3.8/site-packages/airflow/example_dags/example_setup_teardown.py
[2024-04-25T11:53:47.266+0800] {processor.py:840} INFO - DAG(s) 'example_setup_teardown' retrieved from /mnt/c/Users/Jason/Desktop/IS3107/is3107_DataEngineering/.venv/lib/python3.8/site-packages/airflow/example_dags/example_setup_teardown.py
[2024-04-25T11:53:47.318+0800] {logging_mixin.py:188} INFO - [2024-04-25T11:53:47.316+0800] {dag.py:3096} INFO - Sync 1 DAGs
[2024-04-25T11:53:47.369+0800] {logging_mixin.py:188} INFO - [2024-04-25T11:53:47.368+0800] {dag.py:3954} INFO - Setting next_dagrun for example_setup_teardown to 2024-04-24 00:00:00+00:00, run_after=2024-04-25 00:00:00+00:00
[2024-04-25T11:53:47.481+0800] {processor.py:183} INFO - Processing /mnt/c/Users/Jason/Desktop/IS3107/is3107_DataEngineering/.venv/lib/python3.8/site-packages/airflow/example_dags/example_setup_teardown.py took 0.284 seconds
[2024-04-25T11:56:38.732+0800] {processor.py:161} INFO - Started process (PID=1931597) to work on /mnt/c/Users/Jason/Desktop/IS3107/is3107_DataEngineering/.venv/lib/python3.8/site-packages/airflow/example_dags/example_setup_teardown.py
[2024-04-25T11:56:38.733+0800] {processor.py:830} INFO - Processing file /mnt/c/Users/Jason/Desktop/IS3107/is3107_DataEngineering/.venv/lib/python3.8/site-packages/airflow/example_dags/example_setup_teardown.py for tasks to queue
[2024-04-25T11:56:38.735+0800] {logging_mixin.py:188} INFO - [2024-04-25T11:56:38.734+0800] {dagbag.py:540} INFO - Filling up the DagBag from /mnt/c/Users/Jason/Desktop/IS3107/is3107_DataEngineering/.venv/lib/python3.8/site-packages/airflow/example_dags/example_setup_teardown.py
[2024-04-25T11:56:38.757+0800] {processor.py:840} INFO - DAG(s) 'example_setup_teardown' retrieved from /mnt/c/Users/Jason/Desktop/IS3107/is3107_DataEngineering/.venv/lib/python3.8/site-packages/airflow/example_dags/example_setup_teardown.py
[2024-04-25T11:56:38.781+0800] {logging_mixin.py:188} INFO - [2024-04-25T11:56:38.780+0800] {dag.py:3096} INFO - Sync 1 DAGs
[2024-04-25T11:56:38.809+0800] {logging_mixin.py:188} INFO - [2024-04-25T11:56:38.808+0800] {dag.py:3954} INFO - Setting next_dagrun for example_setup_teardown to 2024-04-24 00:00:00+00:00, run_after=2024-04-25 00:00:00+00:00
[2024-04-25T11:56:38.868+0800] {processor.py:183} INFO - Processing /mnt/c/Users/Jason/Desktop/IS3107/is3107_DataEngineering/.venv/lib/python3.8/site-packages/airflow/example_dags/example_setup_teardown.py took 0.148 seconds
[2024-04-25T11:58:45.755+0800] {processor.py:161} INFO - Started process (PID=1932840) to work on /mnt/c/Users/Jason/Desktop/IS3107/is3107_DataEngineering/.venv/lib/python3.8/site-packages/airflow/example_dags/example_setup_teardown.py
[2024-04-25T11:58:45.757+0800] {processor.py:830} INFO - Processing file /mnt/c/Users/Jason/Desktop/IS3107/is3107_DataEngineering/.venv/lib/python3.8/site-packages/airflow/example_dags/example_setup_teardown.py for tasks to queue
[2024-04-25T11:58:45.760+0800] {logging_mixin.py:188} INFO - [2024-04-25T11:58:45.759+0800] {dagbag.py:540} INFO - Filling up the DagBag from /mnt/c/Users/Jason/Desktop/IS3107/is3107_DataEngineering/.venv/lib/python3.8/site-packages/airflow/example_dags/example_setup_teardown.py
[2024-04-25T11:58:45.793+0800] {processor.py:840} INFO - DAG(s) 'example_setup_teardown' retrieved from /mnt/c/Users/Jason/Desktop/IS3107/is3107_DataEngineering/.venv/lib/python3.8/site-packages/airflow/example_dags/example_setup_teardown.py
[2024-04-25T11:58:45.834+0800] {logging_mixin.py:188} INFO - [2024-04-25T11:58:45.832+0800] {dag.py:3096} INFO - Sync 1 DAGs
[2024-04-25T11:58:45.882+0800] {logging_mixin.py:188} INFO - [2024-04-25T11:58:45.880+0800] {dag.py:3954} INFO - Setting next_dagrun for example_setup_teardown to 2024-04-24 00:00:00+00:00, run_after=2024-04-25 00:00:00+00:00
[2024-04-25T11:58:45.966+0800] {processor.py:183} INFO - Processing /mnt/c/Users/Jason/Desktop/IS3107/is3107_DataEngineering/.venv/lib/python3.8/site-packages/airflow/example_dags/example_setup_teardown.py took 0.228 seconds
[2024-04-25T12:01:16.363+0800] {processor.py:161} INFO - Started process (PID=1934282) to work on /mnt/c/Users/Jason/Desktop/IS3107/is3107_DataEngineering/.venv/lib/python3.8/site-packages/airflow/example_dags/example_setup_teardown.py
[2024-04-25T12:01:16.365+0800] {processor.py:830} INFO - Processing file /mnt/c/Users/Jason/Desktop/IS3107/is3107_DataEngineering/.venv/lib/python3.8/site-packages/airflow/example_dags/example_setup_teardown.py for tasks to queue
[2024-04-25T12:01:16.367+0800] {logging_mixin.py:188} INFO - [2024-04-25T12:01:16.366+0800] {dagbag.py:540} INFO - Filling up the DagBag from /mnt/c/Users/Jason/Desktop/IS3107/is3107_DataEngineering/.venv/lib/python3.8/site-packages/airflow/example_dags/example_setup_teardown.py
[2024-04-25T12:01:16.393+0800] {processor.py:840} INFO - DAG(s) 'example_setup_teardown' retrieved from /mnt/c/Users/Jason/Desktop/IS3107/is3107_DataEngineering/.venv/lib/python3.8/site-packages/airflow/example_dags/example_setup_teardown.py
[2024-04-25T12:01:16.431+0800] {logging_mixin.py:188} INFO - [2024-04-25T12:01:16.430+0800] {dag.py:3096} INFO - Sync 1 DAGs
[2024-04-25T12:01:16.475+0800] {logging_mixin.py:188} INFO - [2024-04-25T12:01:16.474+0800] {dag.py:3954} INFO - Setting next_dagrun for example_setup_teardown to 2024-04-24 00:00:00+00:00, run_after=2024-04-25 00:00:00+00:00
[2024-04-25T12:01:16.552+0800] {processor.py:183} INFO - Processing /mnt/c/Users/Jason/Desktop/IS3107/is3107_DataEngineering/.venv/lib/python3.8/site-packages/airflow/example_dags/example_setup_teardown.py took 0.204 seconds
[2024-04-25T12:03:41.321+0800] {processor.py:161} INFO - Started process (PID=1935656) to work on /mnt/c/Users/Jason/Desktop/IS3107/is3107_DataEngineering/.venv/lib/python3.8/site-packages/airflow/example_dags/example_setup_teardown.py
[2024-04-25T12:03:41.324+0800] {processor.py:830} INFO - Processing file /mnt/c/Users/Jason/Desktop/IS3107/is3107_DataEngineering/.venv/lib/python3.8/site-packages/airflow/example_dags/example_setup_teardown.py for tasks to queue
[2024-04-25T12:03:41.327+0800] {logging_mixin.py:188} INFO - [2024-04-25T12:03:41.325+0800] {dagbag.py:540} INFO - Filling up the DagBag from /mnt/c/Users/Jason/Desktop/IS3107/is3107_DataEngineering/.venv/lib/python3.8/site-packages/airflow/example_dags/example_setup_teardown.py
[2024-04-25T12:03:41.352+0800] {processor.py:840} INFO - DAG(s) 'example_setup_teardown' retrieved from /mnt/c/Users/Jason/Desktop/IS3107/is3107_DataEngineering/.venv/lib/python3.8/site-packages/airflow/example_dags/example_setup_teardown.py
[2024-04-25T12:03:41.390+0800] {logging_mixin.py:188} INFO - [2024-04-25T12:03:41.389+0800] {dag.py:3096} INFO - Sync 1 DAGs
[2024-04-25T12:03:41.431+0800] {logging_mixin.py:188} INFO - [2024-04-25T12:03:41.430+0800] {dag.py:3954} INFO - Setting next_dagrun for example_setup_teardown to 2024-04-24 00:00:00+00:00, run_after=2024-04-25 00:00:00+00:00
[2024-04-25T12:03:41.506+0800] {processor.py:183} INFO - Processing /mnt/c/Users/Jason/Desktop/IS3107/is3107_DataEngineering/.venv/lib/python3.8/site-packages/airflow/example_dags/example_setup_teardown.py took 0.202 seconds
[2024-04-25T12:06:01.250+0800] {processor.py:161} INFO - Started process (PID=1937018) to work on /mnt/c/Users/Jason/Desktop/IS3107/is3107_DataEngineering/.venv/lib/python3.8/site-packages/airflow/example_dags/example_setup_teardown.py
[2024-04-25T12:06:01.251+0800] {processor.py:830} INFO - Processing file /mnt/c/Users/Jason/Desktop/IS3107/is3107_DataEngineering/.venv/lib/python3.8/site-packages/airflow/example_dags/example_setup_teardown.py for tasks to queue
[2024-04-25T12:06:01.253+0800] {logging_mixin.py:188} INFO - [2024-04-25T12:06:01.252+0800] {dagbag.py:540} INFO - Filling up the DagBag from /mnt/c/Users/Jason/Desktop/IS3107/is3107_DataEngineering/.venv/lib/python3.8/site-packages/airflow/example_dags/example_setup_teardown.py
[2024-04-25T12:06:01.272+0800] {processor.py:840} INFO - DAG(s) 'example_setup_teardown' retrieved from /mnt/c/Users/Jason/Desktop/IS3107/is3107_DataEngineering/.venv/lib/python3.8/site-packages/airflow/example_dags/example_setup_teardown.py
[2024-04-25T12:06:01.297+0800] {logging_mixin.py:188} INFO - [2024-04-25T12:06:01.296+0800] {dag.py:3096} INFO - Sync 1 DAGs
[2024-04-25T12:06:01.322+0800] {logging_mixin.py:188} INFO - [2024-04-25T12:06:01.321+0800] {dag.py:3954} INFO - Setting next_dagrun for example_setup_teardown to 2024-04-24 00:00:00+00:00, run_after=2024-04-25 00:00:00+00:00
[2024-04-25T12:06:01.410+0800] {processor.py:183} INFO - Processing /mnt/c/Users/Jason/Desktop/IS3107/is3107_DataEngineering/.venv/lib/python3.8/site-packages/airflow/example_dags/example_setup_teardown.py took 0.172 seconds
[2024-04-25T12:08:00.993+0800] {processor.py:161} INFO - Started process (PID=1938177) to work on /mnt/c/Users/Jason/Desktop/IS3107/is3107_DataEngineering/.venv/lib/python3.8/site-packages/airflow/example_dags/example_setup_teardown.py
[2024-04-25T12:08:00.995+0800] {processor.py:830} INFO - Processing file /mnt/c/Users/Jason/Desktop/IS3107/is3107_DataEngineering/.venv/lib/python3.8/site-packages/airflow/example_dags/example_setup_teardown.py for tasks to queue
[2024-04-25T12:08:00.998+0800] {logging_mixin.py:188} INFO - [2024-04-25T12:08:00.997+0800] {dagbag.py:540} INFO - Filling up the DagBag from /mnt/c/Users/Jason/Desktop/IS3107/is3107_DataEngineering/.venv/lib/python3.8/site-packages/airflow/example_dags/example_setup_teardown.py
[2024-04-25T12:08:01.022+0800] {processor.py:840} INFO - DAG(s) 'example_setup_teardown' retrieved from /mnt/c/Users/Jason/Desktop/IS3107/is3107_DataEngineering/.venv/lib/python3.8/site-packages/airflow/example_dags/example_setup_teardown.py
[2024-04-25T12:08:01.053+0800] {logging_mixin.py:188} INFO - [2024-04-25T12:08:01.052+0800] {dag.py:3096} INFO - Sync 1 DAGs
[2024-04-25T12:08:01.091+0800] {logging_mixin.py:188} INFO - [2024-04-25T12:08:01.090+0800] {dag.py:3954} INFO - Setting next_dagrun for example_setup_teardown to 2024-04-24 00:00:00+00:00, run_after=2024-04-25 00:00:00+00:00
[2024-04-25T12:08:01.155+0800] {processor.py:183} INFO - Processing /mnt/c/Users/Jason/Desktop/IS3107/is3107_DataEngineering/.venv/lib/python3.8/site-packages/airflow/example_dags/example_setup_teardown.py took 0.175 seconds
[2024-04-25T12:10:08.429+0800] {processor.py:161} INFO - Started process (PID=1939434) to work on /mnt/c/Users/Jason/Desktop/IS3107/is3107_DataEngineering/.venv/lib/python3.8/site-packages/airflow/example_dags/example_setup_teardown.py
[2024-04-25T12:10:08.431+0800] {processor.py:830} INFO - Processing file /mnt/c/Users/Jason/Desktop/IS3107/is3107_DataEngineering/.venv/lib/python3.8/site-packages/airflow/example_dags/example_setup_teardown.py for tasks to queue
[2024-04-25T12:10:08.435+0800] {logging_mixin.py:188} INFO - [2024-04-25T12:10:08.433+0800] {dagbag.py:540} INFO - Filling up the DagBag from /mnt/c/Users/Jason/Desktop/IS3107/is3107_DataEngineering/.venv/lib/python3.8/site-packages/airflow/example_dags/example_setup_teardown.py
[2024-04-25T12:10:08.479+0800] {processor.py:840} INFO - DAG(s) 'example_setup_teardown' retrieved from /mnt/c/Users/Jason/Desktop/IS3107/is3107_DataEngineering/.venv/lib/python3.8/site-packages/airflow/example_dags/example_setup_teardown.py
[2024-04-25T12:10:08.527+0800] {logging_mixin.py:188} INFO - [2024-04-25T12:10:08.525+0800] {dag.py:3096} INFO - Sync 1 DAGs
[2024-04-25T12:10:08.576+0800] {logging_mixin.py:188} INFO - [2024-04-25T12:10:08.574+0800] {dag.py:3954} INFO - Setting next_dagrun for example_setup_teardown to 2024-04-24 00:00:00+00:00, run_after=2024-04-25 00:00:00+00:00
[2024-04-25T12:10:08.674+0800] {processor.py:183} INFO - Processing /mnt/c/Users/Jason/Desktop/IS3107/is3107_DataEngineering/.venv/lib/python3.8/site-packages/airflow/example_dags/example_setup_teardown.py took 0.268 seconds
[2024-04-25T12:12:42.649+0800] {processor.py:161} INFO - Started process (PID=1940886) to work on /mnt/c/Users/Jason/Desktop/IS3107/is3107_DataEngineering/.venv/lib/python3.8/site-packages/airflow/example_dags/example_setup_teardown.py
[2024-04-25T12:12:42.652+0800] {processor.py:830} INFO - Processing file /mnt/c/Users/Jason/Desktop/IS3107/is3107_DataEngineering/.venv/lib/python3.8/site-packages/airflow/example_dags/example_setup_teardown.py for tasks to queue
[2024-04-25T12:12:42.655+0800] {logging_mixin.py:188} INFO - [2024-04-25T12:12:42.654+0800] {dagbag.py:540} INFO - Filling up the DagBag from /mnt/c/Users/Jason/Desktop/IS3107/is3107_DataEngineering/.venv/lib/python3.8/site-packages/airflow/example_dags/example_setup_teardown.py
[2024-04-25T12:12:42.685+0800] {processor.py:840} INFO - DAG(s) 'example_setup_teardown' retrieved from /mnt/c/Users/Jason/Desktop/IS3107/is3107_DataEngineering/.venv/lib/python3.8/site-packages/airflow/example_dags/example_setup_teardown.py
[2024-04-25T12:12:42.741+0800] {logging_mixin.py:188} INFO - [2024-04-25T12:12:42.738+0800] {dag.py:3096} INFO - Sync 1 DAGs
[2024-04-25T12:12:42.794+0800] {logging_mixin.py:188} INFO - [2024-04-25T12:12:42.792+0800] {dag.py:3954} INFO - Setting next_dagrun for example_setup_teardown to 2024-04-24 00:00:00+00:00, run_after=2024-04-25 00:00:00+00:00
[2024-04-25T12:12:42.910+0800] {processor.py:183} INFO - Processing /mnt/c/Users/Jason/Desktop/IS3107/is3107_DataEngineering/.venv/lib/python3.8/site-packages/airflow/example_dags/example_setup_teardown.py took 0.278 seconds
