[2024-04-25T11:52:02.686+0800] {processor.py:161} INFO - Started process (PID=1929003) to work on /mnt/c/Users/Jason/Desktop/IS3107/is3107_DataEngineering/.venv/lib/python3.8/site-packages/airflow/example_dags/example_trigger_target_dag.py
[2024-04-25T11:52:02.689+0800] {processor.py:830} INFO - Processing file /mnt/c/Users/Jason/Desktop/IS3107/is3107_DataEngineering/.venv/lib/python3.8/site-packages/airflow/example_dags/example_trigger_target_dag.py for tasks to queue
[2024-04-25T11:52:02.691+0800] {logging_mixin.py:188} INFO - [2024-04-25T11:52:02.690+0800] {dagbag.py:540} INFO - Filling up the DagBag from /mnt/c/Users/Jason/Desktop/IS3107/is3107_DataEngineering/.venv/lib/python3.8/site-packages/airflow/example_dags/example_trigger_target_dag.py
[2024-04-25T11:52:02.717+0800] {processor.py:840} INFO - DAG(s) 'example_trigger_target_dag' retrieved from /mnt/c/Users/Jason/Desktop/IS3107/is3107_DataEngineering/.venv/lib/python3.8/site-packages/airflow/example_dags/example_trigger_target_dag.py
[2024-04-25T11:52:04.199+0800] {logging_mixin.py:188} INFO - [2024-04-25T11:52:04.197+0800] {dag.py:3096} INFO - Sync 1 DAGs
[2024-04-25T11:52:04.221+0800] {logging_mixin.py:188} INFO - [2024-04-25T11:52:04.219+0800] {dag.py:3954} INFO - Setting next_dagrun for example_trigger_target_dag to None, run_after=None
[2024-04-25T11:52:04.363+0800] {processor.py:183} INFO - Processing /mnt/c/Users/Jason/Desktop/IS3107/is3107_DataEngineering/.venv/lib/python3.8/site-packages/airflow/example_dags/example_trigger_target_dag.py took 1.692 seconds
[2024-04-25T11:54:02.735+0800] {processor.py:161} INFO - Started process (PID=1930104) to work on /mnt/c/Users/Jason/Desktop/IS3107/is3107_DataEngineering/.venv/lib/python3.8/site-packages/airflow/example_dags/example_trigger_target_dag.py
[2024-04-25T11:54:02.737+0800] {processor.py:830} INFO - Processing file /mnt/c/Users/Jason/Desktop/IS3107/is3107_DataEngineering/.venv/lib/python3.8/site-packages/airflow/example_dags/example_trigger_target_dag.py for tasks to queue
[2024-04-25T11:54:02.742+0800] {logging_mixin.py:188} INFO - [2024-04-25T11:54:02.740+0800] {dagbag.py:540} INFO - Filling up the DagBag from /mnt/c/Users/Jason/Desktop/IS3107/is3107_DataEngineering/.venv/lib/python3.8/site-packages/airflow/example_dags/example_trigger_target_dag.py
[2024-04-25T11:54:02.771+0800] {processor.py:840} INFO - DAG(s) 'example_trigger_target_dag' retrieved from /mnt/c/Users/Jason/Desktop/IS3107/is3107_DataEngineering/.venv/lib/python3.8/site-packages/airflow/example_dags/example_trigger_target_dag.py
[2024-04-25T11:54:02.825+0800] {logging_mixin.py:188} INFO - [2024-04-25T11:54:02.823+0800] {dag.py:3096} INFO - Sync 1 DAGs
[2024-04-25T11:54:02.864+0800] {logging_mixin.py:188} INFO - [2024-04-25T11:54:02.854+0800] {dag.py:3954} INFO - Setting next_dagrun for example_trigger_target_dag to None, run_after=None
[2024-04-25T11:54:02.987+0800] {processor.py:183} INFO - Processing /mnt/c/Users/Jason/Desktop/IS3107/is3107_DataEngineering/.venv/lib/python3.8/site-packages/airflow/example_dags/example_trigger_target_dag.py took 0.273 seconds
[2024-04-25T11:56:51.029+0800] {processor.py:161} INFO - Started process (PID=1931720) to work on /mnt/c/Users/Jason/Desktop/IS3107/is3107_DataEngineering/.venv/lib/python3.8/site-packages/airflow/example_dags/example_trigger_target_dag.py
[2024-04-25T11:56:51.031+0800] {processor.py:830} INFO - Processing file /mnt/c/Users/Jason/Desktop/IS3107/is3107_DataEngineering/.venv/lib/python3.8/site-packages/airflow/example_dags/example_trigger_target_dag.py for tasks to queue
[2024-04-25T11:56:51.033+0800] {logging_mixin.py:188} INFO - [2024-04-25T11:56:51.032+0800] {dagbag.py:540} INFO - Filling up the DagBag from /mnt/c/Users/Jason/Desktop/IS3107/is3107_DataEngineering/.venv/lib/python3.8/site-packages/airflow/example_dags/example_trigger_target_dag.py
[2024-04-25T11:56:51.061+0800] {processor.py:840} INFO - DAG(s) 'example_trigger_target_dag' retrieved from /mnt/c/Users/Jason/Desktop/IS3107/is3107_DataEngineering/.venv/lib/python3.8/site-packages/airflow/example_dags/example_trigger_target_dag.py
[2024-04-25T11:56:51.093+0800] {logging_mixin.py:188} INFO - [2024-04-25T11:56:51.092+0800] {dag.py:3096} INFO - Sync 1 DAGs
[2024-04-25T11:56:51.112+0800] {logging_mixin.py:188} INFO - [2024-04-25T11:56:51.110+0800] {dag.py:3954} INFO - Setting next_dagrun for example_trigger_target_dag to None, run_after=None
[2024-04-25T11:56:51.189+0800] {processor.py:183} INFO - Processing /mnt/c/Users/Jason/Desktop/IS3107/is3107_DataEngineering/.venv/lib/python3.8/site-packages/airflow/example_dags/example_trigger_target_dag.py took 0.173 seconds
[2024-04-25T11:59:00.860+0800] {processor.py:161} INFO - Started process (PID=1932982) to work on /mnt/c/Users/Jason/Desktop/IS3107/is3107_DataEngineering/.venv/lib/python3.8/site-packages/airflow/example_dags/example_trigger_target_dag.py
[2024-04-25T11:59:00.862+0800] {processor.py:830} INFO - Processing file /mnt/c/Users/Jason/Desktop/IS3107/is3107_DataEngineering/.venv/lib/python3.8/site-packages/airflow/example_dags/example_trigger_target_dag.py for tasks to queue
[2024-04-25T11:59:00.864+0800] {logging_mixin.py:188} INFO - [2024-04-25T11:59:00.863+0800] {dagbag.py:540} INFO - Filling up the DagBag from /mnt/c/Users/Jason/Desktop/IS3107/is3107_DataEngineering/.venv/lib/python3.8/site-packages/airflow/example_dags/example_trigger_target_dag.py
[2024-04-25T11:59:00.884+0800] {processor.py:840} INFO - DAG(s) 'example_trigger_target_dag' retrieved from /mnt/c/Users/Jason/Desktop/IS3107/is3107_DataEngineering/.venv/lib/python3.8/site-packages/airflow/example_dags/example_trigger_target_dag.py
[2024-04-25T11:59:00.910+0800] {logging_mixin.py:188} INFO - [2024-04-25T11:59:00.909+0800] {dag.py:3096} INFO - Sync 1 DAGs
[2024-04-25T11:59:00.928+0800] {logging_mixin.py:188} INFO - [2024-04-25T11:59:00.927+0800] {dag.py:3954} INFO - Setting next_dagrun for example_trigger_target_dag to None, run_after=None
[2024-04-25T11:59:01.009+0800] {processor.py:183} INFO - Processing /mnt/c/Users/Jason/Desktop/IS3107/is3107_DataEngineering/.venv/lib/python3.8/site-packages/airflow/example_dags/example_trigger_target_dag.py took 0.158 seconds
[2024-04-25T12:01:30.674+0800] {processor.py:161} INFO - Started process (PID=1934411) to work on /mnt/c/Users/Jason/Desktop/IS3107/is3107_DataEngineering/.venv/lib/python3.8/site-packages/airflow/example_dags/example_trigger_target_dag.py
[2024-04-25T12:01:30.678+0800] {processor.py:830} INFO - Processing file /mnt/c/Users/Jason/Desktop/IS3107/is3107_DataEngineering/.venv/lib/python3.8/site-packages/airflow/example_dags/example_trigger_target_dag.py for tasks to queue
[2024-04-25T12:01:30.689+0800] {logging_mixin.py:188} INFO - [2024-04-25T12:01:30.685+0800] {dagbag.py:540} INFO - Filling up the DagBag from /mnt/c/Users/Jason/Desktop/IS3107/is3107_DataEngineering/.venv/lib/python3.8/site-packages/airflow/example_dags/example_trigger_target_dag.py
[2024-04-25T12:01:30.747+0800] {processor.py:840} INFO - DAG(s) 'example_trigger_target_dag' retrieved from /mnt/c/Users/Jason/Desktop/IS3107/is3107_DataEngineering/.venv/lib/python3.8/site-packages/airflow/example_dags/example_trigger_target_dag.py
[2024-04-25T12:01:30.810+0800] {logging_mixin.py:188} INFO - [2024-04-25T12:01:30.808+0800] {dag.py:3096} INFO - Sync 1 DAGs
[2024-04-25T12:01:30.846+0800] {logging_mixin.py:188} INFO - [2024-04-25T12:01:30.844+0800] {dag.py:3954} INFO - Setting next_dagrun for example_trigger_target_dag to None, run_after=None
[2024-04-25T12:01:30.966+0800] {processor.py:183} INFO - Processing /mnt/c/Users/Jason/Desktop/IS3107/is3107_DataEngineering/.venv/lib/python3.8/site-packages/airflow/example_dags/example_trigger_target_dag.py took 0.325 seconds
[2024-04-25T12:03:55.460+0800] {processor.py:161} INFO - Started process (PID=1935798) to work on /mnt/c/Users/Jason/Desktop/IS3107/is3107_DataEngineering/.venv/lib/python3.8/site-packages/airflow/example_dags/example_trigger_target_dag.py
[2024-04-25T12:03:55.462+0800] {processor.py:830} INFO - Processing file /mnt/c/Users/Jason/Desktop/IS3107/is3107_DataEngineering/.venv/lib/python3.8/site-packages/airflow/example_dags/example_trigger_target_dag.py for tasks to queue
[2024-04-25T12:03:55.466+0800] {logging_mixin.py:188} INFO - [2024-04-25T12:03:55.464+0800] {dagbag.py:540} INFO - Filling up the DagBag from /mnt/c/Users/Jason/Desktop/IS3107/is3107_DataEngineering/.venv/lib/python3.8/site-packages/airflow/example_dags/example_trigger_target_dag.py
[2024-04-25T12:03:55.491+0800] {processor.py:840} INFO - DAG(s) 'example_trigger_target_dag' retrieved from /mnt/c/Users/Jason/Desktop/IS3107/is3107_DataEngineering/.venv/lib/python3.8/site-packages/airflow/example_dags/example_trigger_target_dag.py
[2024-04-25T12:03:55.524+0800] {logging_mixin.py:188} INFO - [2024-04-25T12:03:55.523+0800] {dag.py:3096} INFO - Sync 1 DAGs
[2024-04-25T12:03:55.546+0800] {logging_mixin.py:188} INFO - [2024-04-25T12:03:55.545+0800] {dag.py:3954} INFO - Setting next_dagrun for example_trigger_target_dag to None, run_after=None
[2024-04-25T12:03:55.627+0800] {processor.py:183} INFO - Processing /mnt/c/Users/Jason/Desktop/IS3107/is3107_DataEngineering/.venv/lib/python3.8/site-packages/airflow/example_dags/example_trigger_target_dag.py took 0.182 seconds
[2024-04-25T12:06:14.738+0800] {processor.py:161} INFO - Started process (PID=1937135) to work on /mnt/c/Users/Jason/Desktop/IS3107/is3107_DataEngineering/.venv/lib/python3.8/site-packages/airflow/example_dags/example_trigger_target_dag.py
[2024-04-25T12:06:14.741+0800] {processor.py:830} INFO - Processing file /mnt/c/Users/Jason/Desktop/IS3107/is3107_DataEngineering/.venv/lib/python3.8/site-packages/airflow/example_dags/example_trigger_target_dag.py for tasks to queue
[2024-04-25T12:06:14.745+0800] {logging_mixin.py:188} INFO - [2024-04-25T12:06:14.743+0800] {dagbag.py:540} INFO - Filling up the DagBag from /mnt/c/Users/Jason/Desktop/IS3107/is3107_DataEngineering/.venv/lib/python3.8/site-packages/airflow/example_dags/example_trigger_target_dag.py
[2024-04-25T12:06:14.768+0800] {processor.py:840} INFO - DAG(s) 'example_trigger_target_dag' retrieved from /mnt/c/Users/Jason/Desktop/IS3107/is3107_DataEngineering/.venv/lib/python3.8/site-packages/airflow/example_dags/example_trigger_target_dag.py
[2024-04-25T12:06:14.800+0800] {logging_mixin.py:188} INFO - [2024-04-25T12:06:14.799+0800] {dag.py:3096} INFO - Sync 1 DAGs
[2024-04-25T12:06:14.819+0800] {logging_mixin.py:188} INFO - [2024-04-25T12:06:14.818+0800] {dag.py:3954} INFO - Setting next_dagrun for example_trigger_target_dag to None, run_after=None
[2024-04-25T12:06:14.919+0800] {processor.py:183} INFO - Processing /mnt/c/Users/Jason/Desktop/IS3107/is3107_DataEngineering/.venv/lib/python3.8/site-packages/airflow/example_dags/example_trigger_target_dag.py took 0.195 seconds
[2024-04-25T12:08:12.558+0800] {processor.py:161} INFO - Started process (PID=1938285) to work on /mnt/c/Users/Jason/Desktop/IS3107/is3107_DataEngineering/.venv/lib/python3.8/site-packages/airflow/example_dags/example_trigger_target_dag.py
[2024-04-25T12:08:12.561+0800] {processor.py:830} INFO - Processing file /mnt/c/Users/Jason/Desktop/IS3107/is3107_DataEngineering/.venv/lib/python3.8/site-packages/airflow/example_dags/example_trigger_target_dag.py for tasks to queue
[2024-04-25T12:08:12.564+0800] {logging_mixin.py:188} INFO - [2024-04-25T12:08:12.563+0800] {dagbag.py:540} INFO - Filling up the DagBag from /mnt/c/Users/Jason/Desktop/IS3107/is3107_DataEngineering/.venv/lib/python3.8/site-packages/airflow/example_dags/example_trigger_target_dag.py
[2024-04-25T12:08:12.599+0800] {processor.py:840} INFO - DAG(s) 'example_trigger_target_dag' retrieved from /mnt/c/Users/Jason/Desktop/IS3107/is3107_DataEngineering/.venv/lib/python3.8/site-packages/airflow/example_dags/example_trigger_target_dag.py
[2024-04-25T12:08:12.711+0800] {logging_mixin.py:188} INFO - [2024-04-25T12:08:12.710+0800] {dag.py:3096} INFO - Sync 1 DAGs
[2024-04-25T12:08:12.733+0800] {logging_mixin.py:188} INFO - [2024-04-25T12:08:12.731+0800] {dag.py:3954} INFO - Setting next_dagrun for example_trigger_target_dag to None, run_after=None
[2024-04-25T12:08:12.797+0800] {processor.py:183} INFO - Processing /mnt/c/Users/Jason/Desktop/IS3107/is3107_DataEngineering/.venv/lib/python3.8/site-packages/airflow/example_dags/example_trigger_target_dag.py took 0.254 seconds
[2024-04-25T12:10:23.007+0800] {processor.py:161} INFO - Started process (PID=1939562) to work on /mnt/c/Users/Jason/Desktop/IS3107/is3107_DataEngineering/.venv/lib/python3.8/site-packages/airflow/example_dags/example_trigger_target_dag.py
[2024-04-25T12:10:23.011+0800] {processor.py:830} INFO - Processing file /mnt/c/Users/Jason/Desktop/IS3107/is3107_DataEngineering/.venv/lib/python3.8/site-packages/airflow/example_dags/example_trigger_target_dag.py for tasks to queue
[2024-04-25T12:10:23.016+0800] {logging_mixin.py:188} INFO - [2024-04-25T12:10:23.014+0800] {dagbag.py:540} INFO - Filling up the DagBag from /mnt/c/Users/Jason/Desktop/IS3107/is3107_DataEngineering/.venv/lib/python3.8/site-packages/airflow/example_dags/example_trigger_target_dag.py
[2024-04-25T12:10:23.044+0800] {processor.py:840} INFO - DAG(s) 'example_trigger_target_dag' retrieved from /mnt/c/Users/Jason/Desktop/IS3107/is3107_DataEngineering/.venv/lib/python3.8/site-packages/airflow/example_dags/example_trigger_target_dag.py
[2024-04-25T12:10:23.082+0800] {logging_mixin.py:188} INFO - [2024-04-25T12:10:23.081+0800] {dag.py:3096} INFO - Sync 1 DAGs
[2024-04-25T12:10:23.106+0800] {logging_mixin.py:188} INFO - [2024-04-25T12:10:23.104+0800] {dag.py:3954} INFO - Setting next_dagrun for example_trigger_target_dag to None, run_after=None
[2024-04-25T12:10:23.210+0800] {processor.py:183} INFO - Processing /mnt/c/Users/Jason/Desktop/IS3107/is3107_DataEngineering/.venv/lib/python3.8/site-packages/airflow/example_dags/example_trigger_target_dag.py took 0.222 seconds
[2024-04-25T12:12:55.860+0800] {processor.py:161} INFO - Started process (PID=1941004) to work on /mnt/c/Users/Jason/Desktop/IS3107/is3107_DataEngineering/.venv/lib/python3.8/site-packages/airflow/example_dags/example_trigger_target_dag.py
[2024-04-25T12:12:55.862+0800] {processor.py:830} INFO - Processing file /mnt/c/Users/Jason/Desktop/IS3107/is3107_DataEngineering/.venv/lib/python3.8/site-packages/airflow/example_dags/example_trigger_target_dag.py for tasks to queue
[2024-04-25T12:12:55.864+0800] {logging_mixin.py:188} INFO - [2024-04-25T12:12:55.863+0800] {dagbag.py:540} INFO - Filling up the DagBag from /mnt/c/Users/Jason/Desktop/IS3107/is3107_DataEngineering/.venv/lib/python3.8/site-packages/airflow/example_dags/example_trigger_target_dag.py
[2024-04-25T12:12:55.888+0800] {processor.py:840} INFO - DAG(s) 'example_trigger_target_dag' retrieved from /mnt/c/Users/Jason/Desktop/IS3107/is3107_DataEngineering/.venv/lib/python3.8/site-packages/airflow/example_dags/example_trigger_target_dag.py
[2024-04-25T12:12:55.917+0800] {logging_mixin.py:188} INFO - [2024-04-25T12:12:55.916+0800] {dag.py:3096} INFO - Sync 1 DAGs
[2024-04-25T12:12:55.932+0800] {logging_mixin.py:188} INFO - [2024-04-25T12:12:55.931+0800] {dag.py:3954} INFO - Setting next_dagrun for example_trigger_target_dag to None, run_after=None
[2024-04-25T12:12:56.002+0800] {processor.py:183} INFO - Processing /mnt/c/Users/Jason/Desktop/IS3107/is3107_DataEngineering/.venv/lib/python3.8/site-packages/airflow/example_dags/example_trigger_target_dag.py took 0.156 seconds
