[2024-04-25T11:52:08.621+0800] {processor.py:161} INFO - Started process (PID=1929045) to work on /mnt/c/Users/Jason/Desktop/IS3107/is3107_DataEngineering/.venv/lib/python3.8/site-packages/airflow/example_dags/example_xcomargs.py
[2024-04-25T11:52:08.624+0800] {processor.py:830} INFO - Processing file /mnt/c/Users/Jason/Desktop/IS3107/is3107_DataEngineering/.venv/lib/python3.8/site-packages/airflow/example_dags/example_xcomargs.py for tasks to queue
[2024-04-25T11:52:08.629+0800] {logging_mixin.py:188} INFO - [2024-04-25T11:52:08.627+0800] {dagbag.py:540} INFO - Filling up the DagBag from /mnt/c/Users/Jason/Desktop/IS3107/is3107_DataEngineering/.venv/lib/python3.8/site-packages/airflow/example_dags/example_xcomargs.py
[2024-04-25T11:52:08.677+0800] {processor.py:840} INFO - DAG(s) 'example_xcom_args_with_operators', 'example_xcom_args' retrieved from /mnt/c/Users/Jason/Desktop/IS3107/is3107_DataEngineering/.venv/lib/python3.8/site-packages/airflow/example_dags/example_xcomargs.py
[2024-04-25T11:52:11.106+0800] {logging_mixin.py:188} INFO - [2024-04-25T11:52:11.104+0800] {dag.py:3096} INFO - Sync 2 DAGs
[2024-04-25T11:52:11.128+0800] {logging_mixin.py:188} INFO - [2024-04-25T11:52:11.127+0800] {dag.py:3954} INFO - Setting next_dagrun for example_xcom_args to None, run_after=None
[2024-04-25T11:52:11.147+0800] {logging_mixin.py:188} INFO - [2024-04-25T11:52:11.146+0800] {dag.py:3954} INFO - Setting next_dagrun for example_xcom_args_with_operators to None, run_after=None
[2024-04-25T11:52:11.273+0800] {processor.py:183} INFO - Processing /mnt/c/Users/Jason/Desktop/IS3107/is3107_DataEngineering/.venv/lib/python3.8/site-packages/airflow/example_dags/example_xcomargs.py took 2.676 seconds
[2024-04-25T11:55:27.874+0800] {processor.py:161} INFO - Started process (PID=1930926) to work on /mnt/c/Users/Jason/Desktop/IS3107/is3107_DataEngineering/.venv/lib/python3.8/site-packages/airflow/example_dags/example_xcomargs.py
[2024-04-25T11:55:27.876+0800] {processor.py:830} INFO - Processing file /mnt/c/Users/Jason/Desktop/IS3107/is3107_DataEngineering/.venv/lib/python3.8/site-packages/airflow/example_dags/example_xcomargs.py for tasks to queue
[2024-04-25T11:55:27.879+0800] {logging_mixin.py:188} INFO - [2024-04-25T11:55:27.878+0800] {dagbag.py:540} INFO - Filling up the DagBag from /mnt/c/Users/Jason/Desktop/IS3107/is3107_DataEngineering/.venv/lib/python3.8/site-packages/airflow/example_dags/example_xcomargs.py
[2024-04-25T11:55:27.900+0800] {processor.py:840} INFO - DAG(s) 'example_xcom_args_with_operators', 'example_xcom_args' retrieved from /mnt/c/Users/Jason/Desktop/IS3107/is3107_DataEngineering/.venv/lib/python3.8/site-packages/airflow/example_dags/example_xcomargs.py
[2024-04-25T11:55:27.937+0800] {logging_mixin.py:188} INFO - [2024-04-25T11:55:27.937+0800] {dag.py:3096} INFO - Sync 2 DAGs
[2024-04-25T11:55:27.953+0800] {logging_mixin.py:188} INFO - [2024-04-25T11:55:27.952+0800] {dag.py:3954} INFO - Setting next_dagrun for example_xcom_args to None, run_after=None
[2024-04-25T11:55:27.958+0800] {logging_mixin.py:188} INFO - [2024-04-25T11:55:27.957+0800] {dag.py:3954} INFO - Setting next_dagrun for example_xcom_args_with_operators to None, run_after=None
[2024-04-25T11:55:28.031+0800] {processor.py:183} INFO - Processing /mnt/c/Users/Jason/Desktop/IS3107/is3107_DataEngineering/.venv/lib/python3.8/site-packages/airflow/example_dags/example_xcomargs.py took 0.168 seconds
[2024-04-25T11:57:37.186+0800] {processor.py:161} INFO - Started process (PID=1932161) to work on /mnt/c/Users/Jason/Desktop/IS3107/is3107_DataEngineering/.venv/lib/python3.8/site-packages/airflow/example_dags/example_xcomargs.py
[2024-04-25T11:57:37.187+0800] {processor.py:830} INFO - Processing file /mnt/c/Users/Jason/Desktop/IS3107/is3107_DataEngineering/.venv/lib/python3.8/site-packages/airflow/example_dags/example_xcomargs.py for tasks to queue
[2024-04-25T11:57:37.190+0800] {logging_mixin.py:188} INFO - [2024-04-25T11:57:37.189+0800] {dagbag.py:540} INFO - Filling up the DagBag from /mnt/c/Users/Jason/Desktop/IS3107/is3107_DataEngineering/.venv/lib/python3.8/site-packages/airflow/example_dags/example_xcomargs.py
[2024-04-25T11:57:37.211+0800] {processor.py:840} INFO - DAG(s) 'example_xcom_args', 'example_xcom_args_with_operators' retrieved from /mnt/c/Users/Jason/Desktop/IS3107/is3107_DataEngineering/.venv/lib/python3.8/site-packages/airflow/example_dags/example_xcomargs.py
[2024-04-25T11:57:37.242+0800] {logging_mixin.py:188} INFO - [2024-04-25T11:57:37.241+0800] {dag.py:3096} INFO - Sync 2 DAGs
[2024-04-25T11:57:37.257+0800] {logging_mixin.py:188} INFO - [2024-04-25T11:57:37.256+0800] {dag.py:3954} INFO - Setting next_dagrun for example_xcom_args to None, run_after=None
[2024-04-25T11:57:37.261+0800] {logging_mixin.py:188} INFO - [2024-04-25T11:57:37.261+0800] {dag.py:3954} INFO - Setting next_dagrun for example_xcom_args_with_operators to None, run_after=None
[2024-04-25T11:57:37.347+0800] {processor.py:183} INFO - Processing /mnt/c/Users/Jason/Desktop/IS3107/is3107_DataEngineering/.venv/lib/python3.8/site-packages/airflow/example_dags/example_xcomargs.py took 0.172 seconds
[2024-04-25T11:59:57.514+0800] {processor.py:161} INFO - Started process (PID=1933532) to work on /mnt/c/Users/Jason/Desktop/IS3107/is3107_DataEngineering/.venv/lib/python3.8/site-packages/airflow/example_dags/example_xcomargs.py
[2024-04-25T11:59:57.516+0800] {processor.py:830} INFO - Processing file /mnt/c/Users/Jason/Desktop/IS3107/is3107_DataEngineering/.venv/lib/python3.8/site-packages/airflow/example_dags/example_xcomargs.py for tasks to queue
[2024-04-25T11:59:57.519+0800] {logging_mixin.py:188} INFO - [2024-04-25T11:59:57.518+0800] {dagbag.py:540} INFO - Filling up the DagBag from /mnt/c/Users/Jason/Desktop/IS3107/is3107_DataEngineering/.venv/lib/python3.8/site-packages/airflow/example_dags/example_xcomargs.py
[2024-04-25T11:59:57.554+0800] {processor.py:840} INFO - DAG(s) 'example_xcom_args', 'example_xcom_args_with_operators' retrieved from /mnt/c/Users/Jason/Desktop/IS3107/is3107_DataEngineering/.venv/lib/python3.8/site-packages/airflow/example_dags/example_xcomargs.py
[2024-04-25T11:59:57.613+0800] {logging_mixin.py:188} INFO - [2024-04-25T11:59:57.611+0800] {dag.py:3096} INFO - Sync 2 DAGs
[2024-04-25T11:59:57.637+0800] {logging_mixin.py:188} INFO - [2024-04-25T11:59:57.635+0800] {dag.py:3954} INFO - Setting next_dagrun for example_xcom_args to None, run_after=None
[2024-04-25T11:59:57.647+0800] {logging_mixin.py:188} INFO - [2024-04-25T11:59:57.645+0800] {dag.py:3954} INFO - Setting next_dagrun for example_xcom_args_with_operators to None, run_after=None
[2024-04-25T11:59:57.739+0800] {processor.py:183} INFO - Processing /mnt/c/Users/Jason/Desktop/IS3107/is3107_DataEngineering/.venv/lib/python3.8/site-packages/airflow/example_dags/example_xcomargs.py took 0.238 seconds
[2024-04-25T12:02:28.434+0800] {processor.py:161} INFO - Started process (PID=1934959) to work on /mnt/c/Users/Jason/Desktop/IS3107/is3107_DataEngineering/.venv/lib/python3.8/site-packages/airflow/example_dags/example_xcomargs.py
[2024-04-25T12:02:28.436+0800] {processor.py:830} INFO - Processing file /mnt/c/Users/Jason/Desktop/IS3107/is3107_DataEngineering/.venv/lib/python3.8/site-packages/airflow/example_dags/example_xcomargs.py for tasks to queue
[2024-04-25T12:02:28.438+0800] {logging_mixin.py:188} INFO - [2024-04-25T12:02:28.437+0800] {dagbag.py:540} INFO - Filling up the DagBag from /mnt/c/Users/Jason/Desktop/IS3107/is3107_DataEngineering/.venv/lib/python3.8/site-packages/airflow/example_dags/example_xcomargs.py
[2024-04-25T12:02:28.464+0800] {processor.py:840} INFO - DAG(s) 'example_xcom_args_with_operators', 'example_xcom_args' retrieved from /mnt/c/Users/Jason/Desktop/IS3107/is3107_DataEngineering/.venv/lib/python3.8/site-packages/airflow/example_dags/example_xcomargs.py
[2024-04-25T12:02:28.499+0800] {logging_mixin.py:188} INFO - [2024-04-25T12:02:28.498+0800] {dag.py:3096} INFO - Sync 2 DAGs
[2024-04-25T12:02:28.516+0800] {logging_mixin.py:188} INFO - [2024-04-25T12:02:28.515+0800] {dag.py:3954} INFO - Setting next_dagrun for example_xcom_args to None, run_after=None
[2024-04-25T12:02:28.523+0800] {logging_mixin.py:188} INFO - [2024-04-25T12:02:28.522+0800] {dag.py:3954} INFO - Setting next_dagrun for example_xcom_args_with_operators to None, run_after=None
[2024-04-25T12:02:28.587+0800] {processor.py:183} INFO - Processing /mnt/c/Users/Jason/Desktop/IS3107/is3107_DataEngineering/.venv/lib/python3.8/site-packages/airflow/example_dags/example_xcomargs.py took 0.171 seconds
[2024-04-25T12:04:52.587+0800] {processor.py:161} INFO - Started process (PID=1936334) to work on /mnt/c/Users/Jason/Desktop/IS3107/is3107_DataEngineering/.venv/lib/python3.8/site-packages/airflow/example_dags/example_xcomargs.py
[2024-04-25T12:04:52.588+0800] {processor.py:830} INFO - Processing file /mnt/c/Users/Jason/Desktop/IS3107/is3107_DataEngineering/.venv/lib/python3.8/site-packages/airflow/example_dags/example_xcomargs.py for tasks to queue
[2024-04-25T12:04:52.590+0800] {logging_mixin.py:188} INFO - [2024-04-25T12:04:52.590+0800] {dagbag.py:540} INFO - Filling up the DagBag from /mnt/c/Users/Jason/Desktop/IS3107/is3107_DataEngineering/.venv/lib/python3.8/site-packages/airflow/example_dags/example_xcomargs.py
[2024-04-25T12:04:52.610+0800] {processor.py:840} INFO - DAG(s) 'example_xcom_args_with_operators', 'example_xcom_args' retrieved from /mnt/c/Users/Jason/Desktop/IS3107/is3107_DataEngineering/.venv/lib/python3.8/site-packages/airflow/example_dags/example_xcomargs.py
[2024-04-25T12:04:52.639+0800] {logging_mixin.py:188} INFO - [2024-04-25T12:04:52.638+0800] {dag.py:3096} INFO - Sync 2 DAGs
[2024-04-25T12:04:52.653+0800] {logging_mixin.py:188} INFO - [2024-04-25T12:04:52.653+0800] {dag.py:3954} INFO - Setting next_dagrun for example_xcom_args to None, run_after=None
[2024-04-25T12:04:52.658+0800] {logging_mixin.py:188} INFO - [2024-04-25T12:04:52.657+0800] {dag.py:3954} INFO - Setting next_dagrun for example_xcom_args_with_operators to None, run_after=None
[2024-04-25T12:04:52.757+0800] {processor.py:183} INFO - Processing /mnt/c/Users/Jason/Desktop/IS3107/is3107_DataEngineering/.venv/lib/python3.8/site-packages/airflow/example_dags/example_xcomargs.py took 0.181 seconds
[2024-04-25T12:06:58.904+0800] {processor.py:161} INFO - Started process (PID=1937574) to work on /mnt/c/Users/Jason/Desktop/IS3107/is3107_DataEngineering/.venv/lib/python3.8/site-packages/airflow/example_dags/example_xcomargs.py
[2024-04-25T12:06:58.907+0800] {processor.py:830} INFO - Processing file /mnt/c/Users/Jason/Desktop/IS3107/is3107_DataEngineering/.venv/lib/python3.8/site-packages/airflow/example_dags/example_xcomargs.py for tasks to queue
[2024-04-25T12:06:58.910+0800] {logging_mixin.py:188} INFO - [2024-04-25T12:06:58.909+0800] {dagbag.py:540} INFO - Filling up the DagBag from /mnt/c/Users/Jason/Desktop/IS3107/is3107_DataEngineering/.venv/lib/python3.8/site-packages/airflow/example_dags/example_xcomargs.py
[2024-04-25T12:06:58.938+0800] {processor.py:840} INFO - DAG(s) 'example_xcom_args', 'example_xcom_args_with_operators' retrieved from /mnt/c/Users/Jason/Desktop/IS3107/is3107_DataEngineering/.venv/lib/python3.8/site-packages/airflow/example_dags/example_xcomargs.py
[2024-04-25T12:06:58.977+0800] {logging_mixin.py:188} INFO - [2024-04-25T12:06:58.976+0800] {dag.py:3096} INFO - Sync 2 DAGs
[2024-04-25T12:06:58.993+0800] {logging_mixin.py:188} INFO - [2024-04-25T12:06:58.991+0800] {dag.py:3954} INFO - Setting next_dagrun for example_xcom_args to None, run_after=None
[2024-04-25T12:06:58.998+0800] {logging_mixin.py:188} INFO - [2024-04-25T12:06:58.997+0800] {dag.py:3954} INFO - Setting next_dagrun for example_xcom_args_with_operators to None, run_after=None
[2024-04-25T12:06:59.066+0800] {processor.py:183} INFO - Processing /mnt/c/Users/Jason/Desktop/IS3107/is3107_DataEngineering/.venv/lib/python3.8/site-packages/airflow/example_dags/example_xcomargs.py took 0.176 seconds
[2024-04-25T12:08:56.201+0800] {processor.py:161} INFO - Started process (PID=1938706) to work on /mnt/c/Users/Jason/Desktop/IS3107/is3107_DataEngineering/.venv/lib/python3.8/site-packages/airflow/example_dags/example_xcomargs.py
[2024-04-25T12:08:56.203+0800] {processor.py:830} INFO - Processing file /mnt/c/Users/Jason/Desktop/IS3107/is3107_DataEngineering/.venv/lib/python3.8/site-packages/airflow/example_dags/example_xcomargs.py for tasks to queue
[2024-04-25T12:08:56.207+0800] {logging_mixin.py:188} INFO - [2024-04-25T12:08:56.205+0800] {dagbag.py:540} INFO - Filling up the DagBag from /mnt/c/Users/Jason/Desktop/IS3107/is3107_DataEngineering/.venv/lib/python3.8/site-packages/airflow/example_dags/example_xcomargs.py
[2024-04-25T12:08:56.227+0800] {processor.py:840} INFO - DAG(s) 'example_xcom_args_with_operators', 'example_xcom_args' retrieved from /mnt/c/Users/Jason/Desktop/IS3107/is3107_DataEngineering/.venv/lib/python3.8/site-packages/airflow/example_dags/example_xcomargs.py
[2024-04-25T12:08:56.254+0800] {logging_mixin.py:188} INFO - [2024-04-25T12:08:56.253+0800] {dag.py:3096} INFO - Sync 2 DAGs
[2024-04-25T12:08:56.267+0800] {logging_mixin.py:188} INFO - [2024-04-25T12:08:56.267+0800] {dag.py:3954} INFO - Setting next_dagrun for example_xcom_args to None, run_after=None
[2024-04-25T12:08:56.272+0800] {logging_mixin.py:188} INFO - [2024-04-25T12:08:56.271+0800] {dag.py:3954} INFO - Setting next_dagrun for example_xcom_args_with_operators to None, run_after=None
[2024-04-25T12:08:56.344+0800] {processor.py:183} INFO - Processing /mnt/c/Users/Jason/Desktop/IS3107/is3107_DataEngineering/.venv/lib/python3.8/site-packages/airflow/example_dags/example_xcomargs.py took 0.152 seconds
[2024-04-25T12:11:26.087+0800] {processor.py:161} INFO - Started process (PID=1940148) to work on /mnt/c/Users/Jason/Desktop/IS3107/is3107_DataEngineering/.venv/lib/python3.8/site-packages/airflow/example_dags/example_xcomargs.py
[2024-04-25T12:11:26.090+0800] {processor.py:830} INFO - Processing file /mnt/c/Users/Jason/Desktop/IS3107/is3107_DataEngineering/.venv/lib/python3.8/site-packages/airflow/example_dags/example_xcomargs.py for tasks to queue
[2024-04-25T12:11:26.094+0800] {logging_mixin.py:188} INFO - [2024-04-25T12:11:26.093+0800] {dagbag.py:540} INFO - Filling up the DagBag from /mnt/c/Users/Jason/Desktop/IS3107/is3107_DataEngineering/.venv/lib/python3.8/site-packages/airflow/example_dags/example_xcomargs.py
[2024-04-25T12:11:26.139+0800] {processor.py:840} INFO - DAG(s) 'example_xcom_args', 'example_xcom_args_with_operators' retrieved from /mnt/c/Users/Jason/Desktop/IS3107/is3107_DataEngineering/.venv/lib/python3.8/site-packages/airflow/example_dags/example_xcomargs.py
[2024-04-25T12:11:26.193+0800] {logging_mixin.py:188} INFO - [2024-04-25T12:11:26.191+0800] {dag.py:3096} INFO - Sync 2 DAGs
[2024-04-25T12:11:26.218+0800] {logging_mixin.py:188} INFO - [2024-04-25T12:11:26.217+0800] {dag.py:3954} INFO - Setting next_dagrun for example_xcom_args to None, run_after=None
[2024-04-25T12:11:26.229+0800] {logging_mixin.py:188} INFO - [2024-04-25T12:11:26.227+0800] {dag.py:3954} INFO - Setting next_dagrun for example_xcom_args_with_operators to None, run_after=None
[2024-04-25T12:11:26.364+0800] {processor.py:183} INFO - Processing /mnt/c/Users/Jason/Desktop/IS3107/is3107_DataEngineering/.venv/lib/python3.8/site-packages/airflow/example_dags/example_xcomargs.py took 0.297 seconds
[2024-04-25T12:13:43.227+0800] {processor.py:161} INFO - Started process (PID=1941479) to work on /mnt/c/Users/Jason/Desktop/IS3107/is3107_DataEngineering/.venv/lib/python3.8/site-packages/airflow/example_dags/example_xcomargs.py
[2024-04-25T12:13:43.229+0800] {processor.py:830} INFO - Processing file /mnt/c/Users/Jason/Desktop/IS3107/is3107_DataEngineering/.venv/lib/python3.8/site-packages/airflow/example_dags/example_xcomargs.py for tasks to queue
[2024-04-25T12:13:43.231+0800] {logging_mixin.py:188} INFO - [2024-04-25T12:13:43.230+0800] {dagbag.py:540} INFO - Filling up the DagBag from /mnt/c/Users/Jason/Desktop/IS3107/is3107_DataEngineering/.venv/lib/python3.8/site-packages/airflow/example_dags/example_xcomargs.py
[2024-04-25T12:13:43.257+0800] {processor.py:840} INFO - DAG(s) 'example_xcom_args', 'example_xcom_args_with_operators' retrieved from /mnt/c/Users/Jason/Desktop/IS3107/is3107_DataEngineering/.venv/lib/python3.8/site-packages/airflow/example_dags/example_xcomargs.py
[2024-04-25T12:13:43.304+0800] {logging_mixin.py:188} INFO - [2024-04-25T12:13:43.303+0800] {dag.py:3096} INFO - Sync 2 DAGs
[2024-04-25T12:13:43.326+0800] {logging_mixin.py:188} INFO - [2024-04-25T12:13:43.325+0800] {dag.py:3954} INFO - Setting next_dagrun for example_xcom_args to None, run_after=None
[2024-04-25T12:13:43.332+0800] {logging_mixin.py:188} INFO - [2024-04-25T12:13:43.332+0800] {dag.py:3954} INFO - Setting next_dagrun for example_xcom_args_with_operators to None, run_after=None
[2024-04-25T12:13:43.432+0800] {processor.py:183} INFO - Processing /mnt/c/Users/Jason/Desktop/IS3107/is3107_DataEngineering/.venv/lib/python3.8/site-packages/airflow/example_dags/example_xcomargs.py took 0.219 seconds
