[2024-04-25T11:50:51.034+0800] {processor.py:161} INFO - Started process (PID=1928330) to work on /mnt/c/Users/Jason/Desktop/IS3107/is3107_DataEngineering/.venv/lib/python3.8/site-packages/airflow/example_dags/example_display_name.py
[2024-04-25T11:50:51.036+0800] {processor.py:830} INFO - Processing file /mnt/c/Users/Jason/Desktop/IS3107/is3107_DataEngineering/.venv/lib/python3.8/site-packages/airflow/example_dags/example_display_name.py for tasks to queue
[2024-04-25T11:50:51.038+0800] {logging_mixin.py:188} INFO - [2024-04-25T11:50:51.037+0800] {dagbag.py:540} INFO - Filling up the DagBag from /mnt/c/Users/Jason/Desktop/IS3107/is3107_DataEngineering/.venv/lib/python3.8/site-packages/airflow/example_dags/example_display_name.py
[2024-04-25T11:50:51.060+0800] {processor.py:840} INFO - DAG(s) 'example_display_name' retrieved from /mnt/c/Users/Jason/Desktop/IS3107/is3107_DataEngineering/.venv/lib/python3.8/site-packages/airflow/example_dags/example_display_name.py
[2024-04-25T11:50:52.361+0800] {logging_mixin.py:188} INFO - [2024-04-25T11:50:52.359+0800] {dag.py:3096} INFO - Sync 1 DAGs
[2024-04-25T11:50:52.375+0800] {logging_mixin.py:188} INFO - [2024-04-25T11:50:52.374+0800] {dag.py:3954} INFO - Setting next_dagrun for example_display_name to None, run_after=None
[2024-04-25T11:50:52.479+0800] {processor.py:183} INFO - Processing /mnt/c/Users/Jason/Desktop/IS3107/is3107_DataEngineering/.venv/lib/python3.8/site-packages/airflow/example_dags/example_display_name.py took 1.458 seconds
[2024-04-25T11:53:21.716+0800] {processor.py:161} INFO - Started process (PID=1929728) to work on /mnt/c/Users/Jason/Desktop/IS3107/is3107_DataEngineering/.venv/lib/python3.8/site-packages/airflow/example_dags/example_display_name.py
[2024-04-25T11:53:21.718+0800] {processor.py:830} INFO - Processing file /mnt/c/Users/Jason/Desktop/IS3107/is3107_DataEngineering/.venv/lib/python3.8/site-packages/airflow/example_dags/example_display_name.py for tasks to queue
[2024-04-25T11:53:21.721+0800] {logging_mixin.py:188} INFO - [2024-04-25T11:53:21.720+0800] {dagbag.py:540} INFO - Filling up the DagBag from /mnt/c/Users/Jason/Desktop/IS3107/is3107_DataEngineering/.venv/lib/python3.8/site-packages/airflow/example_dags/example_display_name.py
[2024-04-25T11:53:21.747+0800] {processor.py:840} INFO - DAG(s) 'example_display_name' retrieved from /mnt/c/Users/Jason/Desktop/IS3107/is3107_DataEngineering/.venv/lib/python3.8/site-packages/airflow/example_dags/example_display_name.py
[2024-04-25T11:53:21.793+0800] {logging_mixin.py:188} INFO - [2024-04-25T11:53:21.790+0800] {dag.py:3096} INFO - Sync 1 DAGs
[2024-04-25T11:53:21.822+0800] {logging_mixin.py:188} INFO - [2024-04-25T11:53:21.820+0800] {dag.py:3954} INFO - Setting next_dagrun for example_display_name to None, run_after=None
[2024-04-25T11:53:21.941+0800] {processor.py:183} INFO - Processing /mnt/c/Users/Jason/Desktop/IS3107/is3107_DataEngineering/.venv/lib/python3.8/site-packages/airflow/example_dags/example_display_name.py took 0.245 seconds
[2024-04-25T11:55:17.663+0800] {processor.py:161} INFO - Started process (PID=1930829) to work on /mnt/c/Users/Jason/Desktop/IS3107/is3107_DataEngineering/.venv/lib/python3.8/site-packages/airflow/example_dags/example_display_name.py
[2024-04-25T11:55:17.665+0800] {processor.py:830} INFO - Processing file /mnt/c/Users/Jason/Desktop/IS3107/is3107_DataEngineering/.venv/lib/python3.8/site-packages/airflow/example_dags/example_display_name.py for tasks to queue
[2024-04-25T11:55:17.667+0800] {logging_mixin.py:188} INFO - [2024-04-25T11:55:17.666+0800] {dagbag.py:540} INFO - Filling up the DagBag from /mnt/c/Users/Jason/Desktop/IS3107/is3107_DataEngineering/.venv/lib/python3.8/site-packages/airflow/example_dags/example_display_name.py
[2024-04-25T11:55:17.696+0800] {processor.py:840} INFO - DAG(s) 'example_display_name' retrieved from /mnt/c/Users/Jason/Desktop/IS3107/is3107_DataEngineering/.venv/lib/python3.8/site-packages/airflow/example_dags/example_display_name.py
[2024-04-25T11:55:17.754+0800] {logging_mixin.py:188} INFO - [2024-04-25T11:55:17.752+0800] {dag.py:3096} INFO - Sync 1 DAGs
[2024-04-25T11:55:17.782+0800] {logging_mixin.py:188} INFO - [2024-04-25T11:55:17.780+0800] {dag.py:3954} INFO - Setting next_dagrun for example_display_name to None, run_after=None
[2024-04-25T11:55:17.899+0800] {processor.py:183} INFO - Processing /mnt/c/Users/Jason/Desktop/IS3107/is3107_DataEngineering/.venv/lib/python3.8/site-packages/airflow/example_dags/example_display_name.py took 0.249 seconds
[2024-04-25T11:57:27.885+0800] {processor.py:161} INFO - Started process (PID=1932088) to work on /mnt/c/Users/Jason/Desktop/IS3107/is3107_DataEngineering/.venv/lib/python3.8/site-packages/airflow/example_dags/example_display_name.py
[2024-04-25T11:57:27.887+0800] {processor.py:830} INFO - Processing file /mnt/c/Users/Jason/Desktop/IS3107/is3107_DataEngineering/.venv/lib/python3.8/site-packages/airflow/example_dags/example_display_name.py for tasks to queue
[2024-04-25T11:57:27.890+0800] {logging_mixin.py:188} INFO - [2024-04-25T11:57:27.889+0800] {dagbag.py:540} INFO - Filling up the DagBag from /mnt/c/Users/Jason/Desktop/IS3107/is3107_DataEngineering/.venv/lib/python3.8/site-packages/airflow/example_dags/example_display_name.py
[2024-04-25T11:57:27.913+0800] {processor.py:840} INFO - DAG(s) 'example_display_name' retrieved from /mnt/c/Users/Jason/Desktop/IS3107/is3107_DataEngineering/.venv/lib/python3.8/site-packages/airflow/example_dags/example_display_name.py
[2024-04-25T11:57:27.944+0800] {logging_mixin.py:188} INFO - [2024-04-25T11:57:27.943+0800] {dag.py:3096} INFO - Sync 1 DAGs
[2024-04-25T11:57:27.962+0800] {logging_mixin.py:188} INFO - [2024-04-25T11:57:27.961+0800] {dag.py:3954} INFO - Setting next_dagrun for example_display_name to None, run_after=None
[2024-04-25T11:57:28.061+0800] {processor.py:183} INFO - Processing /mnt/c/Users/Jason/Desktop/IS3107/is3107_DataEngineering/.venv/lib/python3.8/site-packages/airflow/example_dags/example_display_name.py took 0.190 seconds
[2024-04-25T11:59:46.939+0800] {processor.py:161} INFO - Started process (PID=1933437) to work on /mnt/c/Users/Jason/Desktop/IS3107/is3107_DataEngineering/.venv/lib/python3.8/site-packages/airflow/example_dags/example_display_name.py
[2024-04-25T11:59:46.941+0800] {processor.py:830} INFO - Processing file /mnt/c/Users/Jason/Desktop/IS3107/is3107_DataEngineering/.venv/lib/python3.8/site-packages/airflow/example_dags/example_display_name.py for tasks to queue
[2024-04-25T11:59:46.944+0800] {logging_mixin.py:188} INFO - [2024-04-25T11:59:46.942+0800] {dagbag.py:540} INFO - Filling up the DagBag from /mnt/c/Users/Jason/Desktop/IS3107/is3107_DataEngineering/.venv/lib/python3.8/site-packages/airflow/example_dags/example_display_name.py
[2024-04-25T11:59:46.963+0800] {processor.py:840} INFO - DAG(s) 'example_display_name' retrieved from /mnt/c/Users/Jason/Desktop/IS3107/is3107_DataEngineering/.venv/lib/python3.8/site-packages/airflow/example_dags/example_display_name.py
[2024-04-25T11:59:47.004+0800] {logging_mixin.py:188} INFO - [2024-04-25T11:59:47.003+0800] {dag.py:3096} INFO - Sync 1 DAGs
[2024-04-25T11:59:47.032+0800] {logging_mixin.py:188} INFO - [2024-04-25T11:59:47.029+0800] {dag.py:3954} INFO - Setting next_dagrun for example_display_name to None, run_after=None
[2024-04-25T11:59:47.184+0800] {processor.py:183} INFO - Processing /mnt/c/Users/Jason/Desktop/IS3107/is3107_DataEngineering/.venv/lib/python3.8/site-packages/airflow/example_dags/example_display_name.py took 0.259 seconds
[2024-04-25T12:02:17.437+0800] {processor.py:161} INFO - Started process (PID=1934866) to work on /mnt/c/Users/Jason/Desktop/IS3107/is3107_DataEngineering/.venv/lib/python3.8/site-packages/airflow/example_dags/example_display_name.py
[2024-04-25T12:02:17.439+0800] {processor.py:830} INFO - Processing file /mnt/c/Users/Jason/Desktop/IS3107/is3107_DataEngineering/.venv/lib/python3.8/site-packages/airflow/example_dags/example_display_name.py for tasks to queue
[2024-04-25T12:02:17.442+0800] {logging_mixin.py:188} INFO - [2024-04-25T12:02:17.441+0800] {dagbag.py:540} INFO - Filling up the DagBag from /mnt/c/Users/Jason/Desktop/IS3107/is3107_DataEngineering/.venv/lib/python3.8/site-packages/airflow/example_dags/example_display_name.py
[2024-04-25T12:02:17.476+0800] {processor.py:840} INFO - DAG(s) 'example_display_name' retrieved from /mnt/c/Users/Jason/Desktop/IS3107/is3107_DataEngineering/.venv/lib/python3.8/site-packages/airflow/example_dags/example_display_name.py
[2024-04-25T12:02:17.516+0800] {logging_mixin.py:188} INFO - [2024-04-25T12:02:17.514+0800] {dag.py:3096} INFO - Sync 1 DAGs
[2024-04-25T12:02:17.539+0800] {logging_mixin.py:188} INFO - [2024-04-25T12:02:17.537+0800] {dag.py:3954} INFO - Setting next_dagrun for example_display_name to None, run_after=None
[2024-04-25T12:02:17.646+0800] {processor.py:183} INFO - Processing /mnt/c/Users/Jason/Desktop/IS3107/is3107_DataEngineering/.venv/lib/python3.8/site-packages/airflow/example_dags/example_display_name.py took 0.228 seconds
[2024-04-25T12:03:28.778+0800] {processor.py:161} INFO - Started process (PID=1935547) to work on /mnt/c/Users/Jason/Desktop/IS3107/is3107_DataEngineering/.venv/lib/python3.8/site-packages/airflow/example_dags/example_display_name.py
[2024-04-25T12:03:28.782+0800] {processor.py:830} INFO - Processing file /mnt/c/Users/Jason/Desktop/IS3107/is3107_DataEngineering/.venv/lib/python3.8/site-packages/airflow/example_dags/example_display_name.py for tasks to queue
[2024-04-25T12:03:28.791+0800] {logging_mixin.py:188} INFO - [2024-04-25T12:03:28.788+0800] {dagbag.py:540} INFO - Filling up the DagBag from /mnt/c/Users/Jason/Desktop/IS3107/is3107_DataEngineering/.venv/lib/python3.8/site-packages/airflow/example_dags/example_display_name.py
[2024-04-25T12:03:28.837+0800] {processor.py:840} INFO - DAG(s) 'example_display_name' retrieved from /mnt/c/Users/Jason/Desktop/IS3107/is3107_DataEngineering/.venv/lib/python3.8/site-packages/airflow/example_dags/example_display_name.py
[2024-04-25T12:03:28.886+0800] {logging_mixin.py:188} INFO - [2024-04-25T12:03:28.884+0800] {dag.py:3096} INFO - Sync 1 DAGs
[2024-04-25T12:03:28.915+0800] {logging_mixin.py:188} INFO - [2024-04-25T12:03:28.913+0800] {dag.py:3954} INFO - Setting next_dagrun for example_display_name to None, run_after=None
[2024-04-25T12:03:29.039+0800] {processor.py:183} INFO - Processing /mnt/c/Users/Jason/Desktop/IS3107/is3107_DataEngineering/.venv/lib/python3.8/site-packages/airflow/example_dags/example_display_name.py took 0.290 seconds
[2024-04-25T12:05:50.946+0800] {processor.py:161} INFO - Started process (PID=1936913) to work on /mnt/c/Users/Jason/Desktop/IS3107/is3107_DataEngineering/.venv/lib/python3.8/site-packages/airflow/example_dags/example_display_name.py
[2024-04-25T12:05:50.948+0800] {processor.py:830} INFO - Processing file /mnt/c/Users/Jason/Desktop/IS3107/is3107_DataEngineering/.venv/lib/python3.8/site-packages/airflow/example_dags/example_display_name.py for tasks to queue
[2024-04-25T12:05:50.950+0800] {logging_mixin.py:188} INFO - [2024-04-25T12:05:50.949+0800] {dagbag.py:540} INFO - Filling up the DagBag from /mnt/c/Users/Jason/Desktop/IS3107/is3107_DataEngineering/.venv/lib/python3.8/site-packages/airflow/example_dags/example_display_name.py
[2024-04-25T12:05:50.965+0800] {processor.py:840} INFO - DAG(s) 'example_display_name' retrieved from /mnt/c/Users/Jason/Desktop/IS3107/is3107_DataEngineering/.venv/lib/python3.8/site-packages/airflow/example_dags/example_display_name.py
[2024-04-25T12:05:50.992+0800] {logging_mixin.py:188} INFO - [2024-04-25T12:05:50.991+0800] {dag.py:3096} INFO - Sync 1 DAGs
[2024-04-25T12:05:51.007+0800] {logging_mixin.py:188} INFO - [2024-04-25T12:05:51.006+0800] {dag.py:3954} INFO - Setting next_dagrun for example_display_name to None, run_after=None
[2024-04-25T12:05:51.086+0800] {processor.py:183} INFO - Processing /mnt/c/Users/Jason/Desktop/IS3107/is3107_DataEngineering/.venv/lib/python3.8/site-packages/airflow/example_dags/example_display_name.py took 0.149 seconds
[2024-04-25T12:07:50.325+0800] {processor.py:161} INFO - Started process (PID=1938075) to work on /mnt/c/Users/Jason/Desktop/IS3107/is3107_DataEngineering/.venv/lib/python3.8/site-packages/airflow/example_dags/example_display_name.py
[2024-04-25T12:07:50.327+0800] {processor.py:830} INFO - Processing file /mnt/c/Users/Jason/Desktop/IS3107/is3107_DataEngineering/.venv/lib/python3.8/site-packages/airflow/example_dags/example_display_name.py for tasks to queue
[2024-04-25T12:07:50.331+0800] {logging_mixin.py:188} INFO - [2024-04-25T12:07:50.329+0800] {dagbag.py:540} INFO - Filling up the DagBag from /mnt/c/Users/Jason/Desktop/IS3107/is3107_DataEngineering/.venv/lib/python3.8/site-packages/airflow/example_dags/example_display_name.py
[2024-04-25T12:07:50.356+0800] {processor.py:840} INFO - DAG(s) 'example_display_name' retrieved from /mnt/c/Users/Jason/Desktop/IS3107/is3107_DataEngineering/.venv/lib/python3.8/site-packages/airflow/example_dags/example_display_name.py
[2024-04-25T12:07:50.390+0800] {logging_mixin.py:188} INFO - [2024-04-25T12:07:50.388+0800] {dag.py:3096} INFO - Sync 1 DAGs
[2024-04-25T12:07:50.409+0800] {logging_mixin.py:188} INFO - [2024-04-25T12:07:50.408+0800] {dag.py:3954} INFO - Setting next_dagrun for example_display_name to None, run_after=None
[2024-04-25T12:07:50.470+0800] {processor.py:183} INFO - Processing /mnt/c/Users/Jason/Desktop/IS3107/is3107_DataEngineering/.venv/lib/python3.8/site-packages/airflow/example_dags/example_display_name.py took 0.163 seconds
[2024-04-25T12:09:57.219+0800] {processor.py:161} INFO - Started process (PID=1939293) to work on /mnt/c/Users/Jason/Desktop/IS3107/is3107_DataEngineering/.venv/lib/python3.8/site-packages/airflow/example_dags/example_display_name.py
[2024-04-25T12:09:57.223+0800] {processor.py:830} INFO - Processing file /mnt/c/Users/Jason/Desktop/IS3107/is3107_DataEngineering/.venv/lib/python3.8/site-packages/airflow/example_dags/example_display_name.py for tasks to queue
[2024-04-25T12:09:57.228+0800] {logging_mixin.py:188} INFO - [2024-04-25T12:09:57.226+0800] {dagbag.py:540} INFO - Filling up the DagBag from /mnt/c/Users/Jason/Desktop/IS3107/is3107_DataEngineering/.venv/lib/python3.8/site-packages/airflow/example_dags/example_display_name.py
[2024-04-25T12:09:57.267+0800] {processor.py:840} INFO - DAG(s) 'example_display_name' retrieved from /mnt/c/Users/Jason/Desktop/IS3107/is3107_DataEngineering/.venv/lib/python3.8/site-packages/airflow/example_dags/example_display_name.py
[2024-04-25T12:09:57.324+0800] {logging_mixin.py:188} INFO - [2024-04-25T12:09:57.322+0800] {dag.py:3096} INFO - Sync 1 DAGs
[2024-04-25T12:09:57.353+0800] {logging_mixin.py:188} INFO - [2024-04-25T12:09:57.352+0800] {dag.py:3954} INFO - Setting next_dagrun for example_display_name to None, run_after=None
[2024-04-25T12:09:57.472+0800] {processor.py:183} INFO - Processing /mnt/c/Users/Jason/Desktop/IS3107/is3107_DataEngineering/.venv/lib/python3.8/site-packages/airflow/example_dags/example_display_name.py took 0.271 seconds
[2024-04-25T12:12:31.740+0800] {processor.py:161} INFO - Started process (PID=1940777) to work on /mnt/c/Users/Jason/Desktop/IS3107/is3107_DataEngineering/.venv/lib/python3.8/site-packages/airflow/example_dags/example_display_name.py
[2024-04-25T12:12:31.742+0800] {processor.py:830} INFO - Processing file /mnt/c/Users/Jason/Desktop/IS3107/is3107_DataEngineering/.venv/lib/python3.8/site-packages/airflow/example_dags/example_display_name.py for tasks to queue
[2024-04-25T12:12:31.744+0800] {logging_mixin.py:188} INFO - [2024-04-25T12:12:31.743+0800] {dagbag.py:540} INFO - Filling up the DagBag from /mnt/c/Users/Jason/Desktop/IS3107/is3107_DataEngineering/.venv/lib/python3.8/site-packages/airflow/example_dags/example_display_name.py
[2024-04-25T12:12:31.761+0800] {processor.py:840} INFO - DAG(s) 'example_display_name' retrieved from /mnt/c/Users/Jason/Desktop/IS3107/is3107_DataEngineering/.venv/lib/python3.8/site-packages/airflow/example_dags/example_display_name.py
[2024-04-25T12:12:31.787+0800] {logging_mixin.py:188} INFO - [2024-04-25T12:12:31.786+0800] {dag.py:3096} INFO - Sync 1 DAGs
[2024-04-25T12:12:31.803+0800] {logging_mixin.py:188} INFO - [2024-04-25T12:12:31.801+0800] {dag.py:3954} INFO - Setting next_dagrun for example_display_name to None, run_after=None
[2024-04-25T12:12:31.879+0800] {processor.py:183} INFO - Processing /mnt/c/Users/Jason/Desktop/IS3107/is3107_DataEngineering/.venv/lib/python3.8/site-packages/airflow/example_dags/example_display_name.py took 0.149 seconds
