[2024-04-25T09:39:36.676+0800] {processor.py:161} INFO - Started process (PID=1859675) to work on /mnt/c/Users/Jason/Desktop/IS3107/is3107_DataEngineering/.venv/lib/python3.8/site-packages/airflow/example_dags/example_branch_datetime_operator.py
[2024-04-25T09:39:36.679+0800] {processor.py:830} INFO - Processing file /mnt/c/Users/Jason/Desktop/IS3107/is3107_DataEngineering/.venv/lib/python3.8/site-packages/airflow/example_dags/example_branch_datetime_operator.py for tasks to queue
[2024-04-25T09:39:36.692+0800] {logging_mixin.py:188} INFO - [2024-04-25T09:39:36.688+0800] {dagbag.py:540} INFO - Filling up the DagBag from /mnt/c/Users/Jason/Desktop/IS3107/is3107_DataEngineering/.venv/lib/python3.8/site-packages/airflow/example_dags/example_branch_datetime_operator.py
[2024-04-25T09:39:36.935+0800] {processor.py:840} INFO - DAG(s) 'example_branch_datetime_operator_3', 'example_branch_datetime_operator', 'example_branch_datetime_operator_2' retrieved from /mnt/c/Users/Jason/Desktop/IS3107/is3107_DataEngineering/.venv/lib/python3.8/site-packages/airflow/example_dags/example_branch_datetime_operator.py
[2024-04-25T09:39:40.676+0800] {logging_mixin.py:188} INFO - [2024-04-25T09:39:40.675+0800] {dag.py:3096} INFO - Sync 3 DAGs
[2024-04-25T09:39:40.854+0800] {logging_mixin.py:188} INFO - [2024-04-25T09:39:40.852+0800] {dag.py:3954} INFO - Setting next_dagrun for example_branch_datetime_operator to 2024-04-24 00:00:00+00:00, run_after=2024-04-25 00:00:00+00:00
[2024-04-25T09:39:40.870+0800] {logging_mixin.py:188} INFO - [2024-04-25T09:39:40.868+0800] {dag.py:3954} INFO - Setting next_dagrun for example_branch_datetime_operator_2 to 2024-04-24 00:00:00+00:00, run_after=2024-04-25 00:00:00+00:00
[2024-04-25T09:39:40.879+0800] {logging_mixin.py:188} INFO - [2024-04-25T09:39:40.877+0800] {dag.py:3954} INFO - Setting next_dagrun for example_branch_datetime_operator_3 to 2024-04-24 00:00:00+00:00, run_after=2024-04-25 00:00:00+00:00
[2024-04-25T09:39:40.983+0800] {processor.py:183} INFO - Processing /mnt/c/Users/Jason/Desktop/IS3107/is3107_DataEngineering/.venv/lib/python3.8/site-packages/airflow/example_dags/example_branch_datetime_operator.py took 4.347 seconds
[2024-04-25T11:50:20.562+0800] {processor.py:161} INFO - Started process (PID=1928060) to work on /mnt/c/Users/Jason/Desktop/IS3107/is3107_DataEngineering/.venv/lib/python3.8/site-packages/airflow/example_dags/example_branch_datetime_operator.py
[2024-04-25T11:50:20.578+0800] {processor.py:830} INFO - Processing file /mnt/c/Users/Jason/Desktop/IS3107/is3107_DataEngineering/.venv/lib/python3.8/site-packages/airflow/example_dags/example_branch_datetime_operator.py for tasks to queue
[2024-04-25T11:50:20.583+0800] {logging_mixin.py:188} INFO - [2024-04-25T11:50:20.581+0800] {dagbag.py:540} INFO - Filling up the DagBag from /mnt/c/Users/Jason/Desktop/IS3107/is3107_DataEngineering/.venv/lib/python3.8/site-packages/airflow/example_dags/example_branch_datetime_operator.py
[2024-04-25T11:50:20.634+0800] {processor.py:840} INFO - DAG(s) 'example_branch_datetime_operator_2', 'example_branch_datetime_operator', 'example_branch_datetime_operator_3' retrieved from /mnt/c/Users/Jason/Desktop/IS3107/is3107_DataEngineering/.venv/lib/python3.8/site-packages/airflow/example_dags/example_branch_datetime_operator.py
[2024-04-25T11:50:22.234+0800] {logging_mixin.py:188} INFO - [2024-04-25T11:50:22.232+0800] {dag.py:3096} INFO - Sync 3 DAGs
[2024-04-25T11:50:22.268+0800] {logging_mixin.py:188} INFO - [2024-04-25T11:50:22.266+0800] {dag.py:3954} INFO - Setting next_dagrun for example_branch_datetime_operator to 2024-04-24 00:00:00+00:00, run_after=2024-04-25 00:00:00+00:00
[2024-04-25T11:50:22.277+0800] {logging_mixin.py:188} INFO - [2024-04-25T11:50:22.276+0800] {dag.py:3954} INFO - Setting next_dagrun for example_branch_datetime_operator_2 to 2024-04-24 00:00:00+00:00, run_after=2024-04-25 00:00:00+00:00
[2024-04-25T11:50:22.285+0800] {logging_mixin.py:188} INFO - [2024-04-25T11:50:22.284+0800] {dag.py:3954} INFO - Setting next_dagrun for example_branch_datetime_operator_3 to 2024-04-24 00:00:00+00:00, run_after=2024-04-25 00:00:00+00:00
[2024-04-25T11:50:22.370+0800] {processor.py:183} INFO - Processing /mnt/c/Users/Jason/Desktop/IS3107/is3107_DataEngineering/.venv/lib/python3.8/site-packages/airflow/example_dags/example_branch_datetime_operator.py took 1.825 seconds
[2024-04-25T11:53:07.039+0800] {processor.py:161} INFO - Started process (PID=1929602) to work on /mnt/c/Users/Jason/Desktop/IS3107/is3107_DataEngineering/.venv/lib/python3.8/site-packages/airflow/example_dags/example_branch_datetime_operator.py
[2024-04-25T11:53:07.041+0800] {processor.py:830} INFO - Processing file /mnt/c/Users/Jason/Desktop/IS3107/is3107_DataEngineering/.venv/lib/python3.8/site-packages/airflow/example_dags/example_branch_datetime_operator.py for tasks to queue
[2024-04-25T11:53:07.045+0800] {logging_mixin.py:188} INFO - [2024-04-25T11:53:07.044+0800] {dagbag.py:540} INFO - Filling up the DagBag from /mnt/c/Users/Jason/Desktop/IS3107/is3107_DataEngineering/.venv/lib/python3.8/site-packages/airflow/example_dags/example_branch_datetime_operator.py
[2024-04-25T11:53:07.101+0800] {processor.py:840} INFO - DAG(s) 'example_branch_datetime_operator_2', 'example_branch_datetime_operator', 'example_branch_datetime_operator_3' retrieved from /mnt/c/Users/Jason/Desktop/IS3107/is3107_DataEngineering/.venv/lib/python3.8/site-packages/airflow/example_dags/example_branch_datetime_operator.py
[2024-04-25T11:53:07.163+0800] {logging_mixin.py:188} INFO - [2024-04-25T11:53:07.162+0800] {dag.py:3096} INFO - Sync 3 DAGs
[2024-04-25T11:53:07.202+0800] {logging_mixin.py:188} INFO - [2024-04-25T11:53:07.200+0800] {dag.py:3954} INFO - Setting next_dagrun for example_branch_datetime_operator to 2024-04-24 00:00:00+00:00, run_after=2024-04-25 00:00:00+00:00
[2024-04-25T11:53:07.215+0800] {logging_mixin.py:188} INFO - [2024-04-25T11:53:07.213+0800] {dag.py:3954} INFO - Setting next_dagrun for example_branch_datetime_operator_2 to 2024-04-24 00:00:00+00:00, run_after=2024-04-25 00:00:00+00:00
[2024-04-25T11:53:07.227+0800] {logging_mixin.py:188} INFO - [2024-04-25T11:53:07.225+0800] {dag.py:3954} INFO - Setting next_dagrun for example_branch_datetime_operator_3 to 2024-04-24 00:00:00+00:00, run_after=2024-04-25 00:00:00+00:00
[2024-04-25T11:53:07.334+0800] {processor.py:183} INFO - Processing /mnt/c/Users/Jason/Desktop/IS3107/is3107_DataEngineering/.venv/lib/python3.8/site-packages/airflow/example_dags/example_branch_datetime_operator.py took 0.311 seconds
[2024-04-25T11:55:00.131+0800] {processor.py:161} INFO - Started process (PID=1930648) to work on /mnt/c/Users/Jason/Desktop/IS3107/is3107_DataEngineering/.venv/lib/python3.8/site-packages/airflow/example_dags/example_branch_datetime_operator.py
[2024-04-25T11:55:00.137+0800] {processor.py:830} INFO - Processing file /mnt/c/Users/Jason/Desktop/IS3107/is3107_DataEngineering/.venv/lib/python3.8/site-packages/airflow/example_dags/example_branch_datetime_operator.py for tasks to queue
[2024-04-25T11:55:00.143+0800] {logging_mixin.py:188} INFO - [2024-04-25T11:55:00.140+0800] {dagbag.py:540} INFO - Filling up the DagBag from /mnt/c/Users/Jason/Desktop/IS3107/is3107_DataEngineering/.venv/lib/python3.8/site-packages/airflow/example_dags/example_branch_datetime_operator.py
[2024-04-25T11:55:00.340+0800] {processor.py:840} INFO - DAG(s) 'example_branch_datetime_operator_2', 'example_branch_datetime_operator', 'example_branch_datetime_operator_3' retrieved from /mnt/c/Users/Jason/Desktop/IS3107/is3107_DataEngineering/.venv/lib/python3.8/site-packages/airflow/example_dags/example_branch_datetime_operator.py
[2024-04-25T11:55:00.508+0800] {logging_mixin.py:188} INFO - [2024-04-25T11:55:00.506+0800] {dag.py:3096} INFO - Sync 3 DAGs
[2024-04-25T11:55:00.639+0800] {logging_mixin.py:188} INFO - [2024-04-25T11:55:00.603+0800] {dag.py:3954} INFO - Setting next_dagrun for example_branch_datetime_operator to 2024-04-24 00:00:00+00:00, run_after=2024-04-25 00:00:00+00:00
[2024-04-25T11:55:00.676+0800] {logging_mixin.py:188} INFO - [2024-04-25T11:55:00.673+0800] {dag.py:3954} INFO - Setting next_dagrun for example_branch_datetime_operator_2 to 2024-04-24 00:00:00+00:00, run_after=2024-04-25 00:00:00+00:00
[2024-04-25T11:55:00.708+0800] {logging_mixin.py:188} INFO - [2024-04-25T11:55:00.704+0800] {dag.py:3954} INFO - Setting next_dagrun for example_branch_datetime_operator_3 to 2024-04-24 00:00:00+00:00, run_after=2024-04-25 00:00:00+00:00
[2024-04-25T11:55:00.924+0800] {processor.py:183} INFO - Processing /mnt/c/Users/Jason/Desktop/IS3107/is3107_DataEngineering/.venv/lib/python3.8/site-packages/airflow/example_dags/example_branch_datetime_operator.py took 0.833 seconds
[2024-04-25T11:56:13.894+0800] {processor.py:161} INFO - Started process (PID=1931360) to work on /mnt/c/Users/Jason/Desktop/IS3107/is3107_DataEngineering/.venv/lib/python3.8/site-packages/airflow/example_dags/example_branch_datetime_operator.py
[2024-04-25T11:56:13.897+0800] {processor.py:830} INFO - Processing file /mnt/c/Users/Jason/Desktop/IS3107/is3107_DataEngineering/.venv/lib/python3.8/site-packages/airflow/example_dags/example_branch_datetime_operator.py for tasks to queue
[2024-04-25T11:56:13.900+0800] {logging_mixin.py:188} INFO - [2024-04-25T11:56:13.899+0800] {dagbag.py:540} INFO - Filling up the DagBag from /mnt/c/Users/Jason/Desktop/IS3107/is3107_DataEngineering/.venv/lib/python3.8/site-packages/airflow/example_dags/example_branch_datetime_operator.py
[2024-04-25T11:56:13.961+0800] {processor.py:840} INFO - DAG(s) 'example_branch_datetime_operator_2', 'example_branch_datetime_operator_3', 'example_branch_datetime_operator' retrieved from /mnt/c/Users/Jason/Desktop/IS3107/is3107_DataEngineering/.venv/lib/python3.8/site-packages/airflow/example_dags/example_branch_datetime_operator.py
[2024-04-25T11:56:14.019+0800] {logging_mixin.py:188} INFO - [2024-04-25T11:56:14.017+0800] {dag.py:3096} INFO - Sync 3 DAGs
[2024-04-25T11:56:14.065+0800] {logging_mixin.py:188} INFO - [2024-04-25T11:56:14.063+0800] {dag.py:3954} INFO - Setting next_dagrun for example_branch_datetime_operator to 2024-04-24 00:00:00+00:00, run_after=2024-04-25 00:00:00+00:00
[2024-04-25T11:56:14.078+0800] {logging_mixin.py:188} INFO - [2024-04-25T11:56:14.076+0800] {dag.py:3954} INFO - Setting next_dagrun for example_branch_datetime_operator_2 to 2024-04-24 00:00:00+00:00, run_after=2024-04-25 00:00:00+00:00
[2024-04-25T11:56:14.086+0800] {logging_mixin.py:188} INFO - [2024-04-25T11:56:14.084+0800] {dag.py:3954} INFO - Setting next_dagrun for example_branch_datetime_operator_3 to 2024-04-24 00:00:00+00:00, run_after=2024-04-25 00:00:00+00:00
[2024-04-25T11:56:14.200+0800] {processor.py:183} INFO - Processing /mnt/c/Users/Jason/Desktop/IS3107/is3107_DataEngineering/.venv/lib/python3.8/site-packages/airflow/example_dags/example_branch_datetime_operator.py took 0.325 seconds
[2024-04-25T11:57:19.404+0800] {processor.py:161} INFO - Started process (PID=1932012) to work on /mnt/c/Users/Jason/Desktop/IS3107/is3107_DataEngineering/.venv/lib/python3.8/site-packages/airflow/example_dags/example_branch_datetime_operator.py
[2024-04-25T11:57:19.408+0800] {processor.py:830} INFO - Processing file /mnt/c/Users/Jason/Desktop/IS3107/is3107_DataEngineering/.venv/lib/python3.8/site-packages/airflow/example_dags/example_branch_datetime_operator.py for tasks to queue
[2024-04-25T11:57:19.412+0800] {logging_mixin.py:188} INFO - [2024-04-25T11:57:19.411+0800] {dagbag.py:540} INFO - Filling up the DagBag from /mnt/c/Users/Jason/Desktop/IS3107/is3107_DataEngineering/.venv/lib/python3.8/site-packages/airflow/example_dags/example_branch_datetime_operator.py
[2024-04-25T11:57:19.464+0800] {processor.py:840} INFO - DAG(s) 'example_branch_datetime_operator_2', 'example_branch_datetime_operator', 'example_branch_datetime_operator_3' retrieved from /mnt/c/Users/Jason/Desktop/IS3107/is3107_DataEngineering/.venv/lib/python3.8/site-packages/airflow/example_dags/example_branch_datetime_operator.py
[2024-04-25T11:57:19.524+0800] {logging_mixin.py:188} INFO - [2024-04-25T11:57:19.522+0800] {dag.py:3096} INFO - Sync 3 DAGs
[2024-04-25T11:57:19.566+0800] {logging_mixin.py:188} INFO - [2024-04-25T11:57:19.565+0800] {dag.py:3954} INFO - Setting next_dagrun for example_branch_datetime_operator to 2024-04-24 00:00:00+00:00, run_after=2024-04-25 00:00:00+00:00
[2024-04-25T11:57:19.578+0800] {logging_mixin.py:188} INFO - [2024-04-25T11:57:19.577+0800] {dag.py:3954} INFO - Setting next_dagrun for example_branch_datetime_operator_2 to 2024-04-24 00:00:00+00:00, run_after=2024-04-25 00:00:00+00:00
[2024-04-25T11:57:19.587+0800] {logging_mixin.py:188} INFO - [2024-04-25T11:57:19.585+0800] {dag.py:3954} INFO - Setting next_dagrun for example_branch_datetime_operator_3 to 2024-04-24 00:00:00+00:00, run_after=2024-04-25 00:00:00+00:00
[2024-04-25T11:57:19.665+0800] {processor.py:183} INFO - Processing /mnt/c/Users/Jason/Desktop/IS3107/is3107_DataEngineering/.venv/lib/python3.8/site-packages/airflow/example_dags/example_branch_datetime_operator.py took 0.277 seconds
[2024-04-25T11:58:23.589+0800] {processor.py:161} INFO - Started process (PID=1932622) to work on /mnt/c/Users/Jason/Desktop/IS3107/is3107_DataEngineering/.venv/lib/python3.8/site-packages/airflow/example_dags/example_branch_datetime_operator.py
[2024-04-25T11:58:23.591+0800] {processor.py:830} INFO - Processing file /mnt/c/Users/Jason/Desktop/IS3107/is3107_DataEngineering/.venv/lib/python3.8/site-packages/airflow/example_dags/example_branch_datetime_operator.py for tasks to queue
[2024-04-25T11:58:23.593+0800] {logging_mixin.py:188} INFO - [2024-04-25T11:58:23.592+0800] {dagbag.py:540} INFO - Filling up the DagBag from /mnt/c/Users/Jason/Desktop/IS3107/is3107_DataEngineering/.venv/lib/python3.8/site-packages/airflow/example_dags/example_branch_datetime_operator.py
[2024-04-25T11:58:23.631+0800] {processor.py:840} INFO - DAG(s) 'example_branch_datetime_operator_3', 'example_branch_datetime_operator', 'example_branch_datetime_operator_2' retrieved from /mnt/c/Users/Jason/Desktop/IS3107/is3107_DataEngineering/.venv/lib/python3.8/site-packages/airflow/example_dags/example_branch_datetime_operator.py
[2024-04-25T11:58:23.673+0800] {logging_mixin.py:188} INFO - [2024-04-25T11:58:23.672+0800] {dag.py:3096} INFO - Sync 3 DAGs
[2024-04-25T11:58:23.696+0800] {logging_mixin.py:188} INFO - [2024-04-25T11:58:23.696+0800] {dag.py:3954} INFO - Setting next_dagrun for example_branch_datetime_operator to 2024-04-24 00:00:00+00:00, run_after=2024-04-25 00:00:00+00:00
[2024-04-25T11:58:23.703+0800] {logging_mixin.py:188} INFO - [2024-04-25T11:58:23.702+0800] {dag.py:3954} INFO - Setting next_dagrun for example_branch_datetime_operator_2 to 2024-04-24 00:00:00+00:00, run_after=2024-04-25 00:00:00+00:00
[2024-04-25T11:58:23.708+0800] {logging_mixin.py:188} INFO - [2024-04-25T11:58:23.707+0800] {dag.py:3954} INFO - Setting next_dagrun for example_branch_datetime_operator_3 to 2024-04-24 00:00:00+00:00, run_after=2024-04-25 00:00:00+00:00
[2024-04-25T11:58:23.782+0800] {processor.py:183} INFO - Processing /mnt/c/Users/Jason/Desktop/IS3107/is3107_DataEngineering/.venv/lib/python3.8/site-packages/airflow/example_dags/example_branch_datetime_operator.py took 0.204 seconds
[2024-04-25T11:59:33.052+0800] {processor.py:161} INFO - Started process (PID=1933284) to work on /mnt/c/Users/Jason/Desktop/IS3107/is3107_DataEngineering/.venv/lib/python3.8/site-packages/airflow/example_dags/example_branch_datetime_operator.py
[2024-04-25T11:59:33.053+0800] {processor.py:830} INFO - Processing file /mnt/c/Users/Jason/Desktop/IS3107/is3107_DataEngineering/.venv/lib/python3.8/site-packages/airflow/example_dags/example_branch_datetime_operator.py for tasks to queue
[2024-04-25T11:59:33.055+0800] {logging_mixin.py:188} INFO - [2024-04-25T11:59:33.054+0800] {dagbag.py:540} INFO - Filling up the DagBag from /mnt/c/Users/Jason/Desktop/IS3107/is3107_DataEngineering/.venv/lib/python3.8/site-packages/airflow/example_dags/example_branch_datetime_operator.py
[2024-04-25T11:59:33.093+0800] {processor.py:840} INFO - DAG(s) 'example_branch_datetime_operator_3', 'example_branch_datetime_operator', 'example_branch_datetime_operator_2' retrieved from /mnt/c/Users/Jason/Desktop/IS3107/is3107_DataEngineering/.venv/lib/python3.8/site-packages/airflow/example_dags/example_branch_datetime_operator.py
[2024-04-25T11:59:33.129+0800] {logging_mixin.py:188} INFO - [2024-04-25T11:59:33.128+0800] {dag.py:3096} INFO - Sync 3 DAGs
[2024-04-25T11:59:33.159+0800] {logging_mixin.py:188} INFO - [2024-04-25T11:59:33.157+0800] {dag.py:3954} INFO - Setting next_dagrun for example_branch_datetime_operator to 2024-04-24 00:00:00+00:00, run_after=2024-04-25 00:00:00+00:00
[2024-04-25T11:59:33.171+0800] {logging_mixin.py:188} INFO - [2024-04-25T11:59:33.169+0800] {dag.py:3954} INFO - Setting next_dagrun for example_branch_datetime_operator_2 to 2024-04-24 00:00:00+00:00, run_after=2024-04-25 00:00:00+00:00
[2024-04-25T11:59:33.179+0800] {logging_mixin.py:188} INFO - [2024-04-25T11:59:33.178+0800] {dag.py:3954} INFO - Setting next_dagrun for example_branch_datetime_operator_3 to 2024-04-24 00:00:00+00:00, run_after=2024-04-25 00:00:00+00:00
[2024-04-25T11:59:33.247+0800] {processor.py:183} INFO - Processing /mnt/c/Users/Jason/Desktop/IS3107/is3107_DataEngineering/.venv/lib/python3.8/site-packages/airflow/example_dags/example_branch_datetime_operator.py took 0.206 seconds
[2024-04-25T12:00:48.805+0800] {processor.py:161} INFO - Started process (PID=1934028) to work on /mnt/c/Users/Jason/Desktop/IS3107/is3107_DataEngineering/.venv/lib/python3.8/site-packages/airflow/example_dags/example_branch_datetime_operator.py
[2024-04-25T12:00:48.808+0800] {processor.py:830} INFO - Processing file /mnt/c/Users/Jason/Desktop/IS3107/is3107_DataEngineering/.venv/lib/python3.8/site-packages/airflow/example_dags/example_branch_datetime_operator.py for tasks to queue
[2024-04-25T12:00:48.812+0800] {logging_mixin.py:188} INFO - [2024-04-25T12:00:48.810+0800] {dagbag.py:540} INFO - Filling up the DagBag from /mnt/c/Users/Jason/Desktop/IS3107/is3107_DataEngineering/.venv/lib/python3.8/site-packages/airflow/example_dags/example_branch_datetime_operator.py
[2024-04-25T12:00:48.873+0800] {processor.py:840} INFO - DAG(s) 'example_branch_datetime_operator', 'example_branch_datetime_operator_3', 'example_branch_datetime_operator_2' retrieved from /mnt/c/Users/Jason/Desktop/IS3107/is3107_DataEngineering/.venv/lib/python3.8/site-packages/airflow/example_dags/example_branch_datetime_operator.py
[2024-04-25T12:00:48.941+0800] {logging_mixin.py:188} INFO - [2024-04-25T12:00:48.939+0800] {dag.py:3096} INFO - Sync 3 DAGs
[2024-04-25T12:00:48.991+0800] {logging_mixin.py:188} INFO - [2024-04-25T12:00:48.988+0800] {dag.py:3954} INFO - Setting next_dagrun for example_branch_datetime_operator to 2024-04-24 00:00:00+00:00, run_after=2024-04-25 00:00:00+00:00
[2024-04-25T12:00:49.003+0800] {logging_mixin.py:188} INFO - [2024-04-25T12:00:49.001+0800] {dag.py:3954} INFO - Setting next_dagrun for example_branch_datetime_operator_2 to 2024-04-24 00:00:00+00:00, run_after=2024-04-25 00:00:00+00:00
[2024-04-25T12:00:49.015+0800] {logging_mixin.py:188} INFO - [2024-04-25T12:00:49.013+0800] {dag.py:3954} INFO - Setting next_dagrun for example_branch_datetime_operator_3 to 2024-04-24 00:00:00+00:00, run_after=2024-04-25 00:00:00+00:00
[2024-04-25T12:00:49.149+0800] {processor.py:183} INFO - Processing /mnt/c/Users/Jason/Desktop/IS3107/is3107_DataEngineering/.venv/lib/python3.8/site-packages/airflow/example_dags/example_branch_datetime_operator.py took 0.363 seconds
[2024-04-25T12:02:06.363+0800] {processor.py:161} INFO - Started process (PID=1934753) to work on /mnt/c/Users/Jason/Desktop/IS3107/is3107_DataEngineering/.venv/lib/python3.8/site-packages/airflow/example_dags/example_branch_datetime_operator.py
[2024-04-25T12:02:06.366+0800] {processor.py:830} INFO - Processing file /mnt/c/Users/Jason/Desktop/IS3107/is3107_DataEngineering/.venv/lib/python3.8/site-packages/airflow/example_dags/example_branch_datetime_operator.py for tasks to queue
[2024-04-25T12:02:06.368+0800] {logging_mixin.py:188} INFO - [2024-04-25T12:02:06.367+0800] {dagbag.py:540} INFO - Filling up the DagBag from /mnt/c/Users/Jason/Desktop/IS3107/is3107_DataEngineering/.venv/lib/python3.8/site-packages/airflow/example_dags/example_branch_datetime_operator.py
[2024-04-25T12:02:06.413+0800] {processor.py:840} INFO - DAG(s) 'example_branch_datetime_operator_2', 'example_branch_datetime_operator', 'example_branch_datetime_operator_3' retrieved from /mnt/c/Users/Jason/Desktop/IS3107/is3107_DataEngineering/.venv/lib/python3.8/site-packages/airflow/example_dags/example_branch_datetime_operator.py
[2024-04-25T12:02:06.463+0800] {logging_mixin.py:188} INFO - [2024-04-25T12:02:06.462+0800] {dag.py:3096} INFO - Sync 3 DAGs
[2024-04-25T12:02:06.498+0800] {logging_mixin.py:188} INFO - [2024-04-25T12:02:06.497+0800] {dag.py:3954} INFO - Setting next_dagrun for example_branch_datetime_operator to 2024-04-24 00:00:00+00:00, run_after=2024-04-25 00:00:00+00:00
[2024-04-25T12:02:06.505+0800] {logging_mixin.py:188} INFO - [2024-04-25T12:02:06.504+0800] {dag.py:3954} INFO - Setting next_dagrun for example_branch_datetime_operator_2 to 2024-04-24 00:00:00+00:00, run_after=2024-04-25 00:00:00+00:00
[2024-04-25T12:02:06.515+0800] {logging_mixin.py:188} INFO - [2024-04-25T12:02:06.514+0800] {dag.py:3954} INFO - Setting next_dagrun for example_branch_datetime_operator_3 to 2024-04-24 00:00:00+00:00, run_after=2024-04-25 00:00:00+00:00
[2024-04-25T12:02:06.654+0800] {processor.py:183} INFO - Processing /mnt/c/Users/Jason/Desktop/IS3107/is3107_DataEngineering/.venv/lib/python3.8/site-packages/airflow/example_dags/example_branch_datetime_operator.py took 0.306 seconds
[2024-04-25T12:03:16.450+0800] {processor.py:161} INFO - Started process (PID=1935444) to work on /mnt/c/Users/Jason/Desktop/IS3107/is3107_DataEngineering/.venv/lib/python3.8/site-packages/airflow/example_dags/example_branch_datetime_operator.py
[2024-04-25T12:03:16.452+0800] {processor.py:830} INFO - Processing file /mnt/c/Users/Jason/Desktop/IS3107/is3107_DataEngineering/.venv/lib/python3.8/site-packages/airflow/example_dags/example_branch_datetime_operator.py for tasks to queue
[2024-04-25T12:03:16.456+0800] {logging_mixin.py:188} INFO - [2024-04-25T12:03:16.454+0800] {dagbag.py:540} INFO - Filling up the DagBag from /mnt/c/Users/Jason/Desktop/IS3107/is3107_DataEngineering/.venv/lib/python3.8/site-packages/airflow/example_dags/example_branch_datetime_operator.py
[2024-04-25T12:03:16.525+0800] {processor.py:840} INFO - DAG(s) 'example_branch_datetime_operator_2', 'example_branch_datetime_operator_3', 'example_branch_datetime_operator' retrieved from /mnt/c/Users/Jason/Desktop/IS3107/is3107_DataEngineering/.venv/lib/python3.8/site-packages/airflow/example_dags/example_branch_datetime_operator.py
[2024-04-25T12:03:16.606+0800] {logging_mixin.py:188} INFO - [2024-04-25T12:03:16.604+0800] {dag.py:3096} INFO - Sync 3 DAGs
[2024-04-25T12:03:16.656+0800] {logging_mixin.py:188} INFO - [2024-04-25T12:03:16.654+0800] {dag.py:3954} INFO - Setting next_dagrun for example_branch_datetime_operator to 2024-04-24 00:00:00+00:00, run_after=2024-04-25 00:00:00+00:00
[2024-04-25T12:03:16.671+0800] {logging_mixin.py:188} INFO - [2024-04-25T12:03:16.668+0800] {dag.py:3954} INFO - Setting next_dagrun for example_branch_datetime_operator_2 to 2024-04-24 00:00:00+00:00, run_after=2024-04-25 00:00:00+00:00
[2024-04-25T12:03:16.681+0800] {logging_mixin.py:188} INFO - [2024-04-25T12:03:16.679+0800] {dag.py:3954} INFO - Setting next_dagrun for example_branch_datetime_operator_3 to 2024-04-24 00:00:00+00:00, run_after=2024-04-25 00:00:00+00:00
[2024-04-25T12:03:16.825+0800] {processor.py:183} INFO - Processing /mnt/c/Users/Jason/Desktop/IS3107/is3107_DataEngineering/.venv/lib/python3.8/site-packages/airflow/example_dags/example_branch_datetime_operator.py took 0.396 seconds
[2024-04-25T12:04:28.609+0800] {processor.py:161} INFO - Started process (PID=1936127) to work on /mnt/c/Users/Jason/Desktop/IS3107/is3107_DataEngineering/.venv/lib/python3.8/site-packages/airflow/example_dags/example_branch_datetime_operator.py
[2024-04-25T12:04:28.613+0800] {processor.py:830} INFO - Processing file /mnt/c/Users/Jason/Desktop/IS3107/is3107_DataEngineering/.venv/lib/python3.8/site-packages/airflow/example_dags/example_branch_datetime_operator.py for tasks to queue
[2024-04-25T12:04:28.617+0800] {logging_mixin.py:188} INFO - [2024-04-25T12:04:28.616+0800] {dagbag.py:540} INFO - Filling up the DagBag from /mnt/c/Users/Jason/Desktop/IS3107/is3107_DataEngineering/.venv/lib/python3.8/site-packages/airflow/example_dags/example_branch_datetime_operator.py
[2024-04-25T12:04:28.704+0800] {processor.py:840} INFO - DAG(s) 'example_branch_datetime_operator', 'example_branch_datetime_operator_3', 'example_branch_datetime_operator_2' retrieved from /mnt/c/Users/Jason/Desktop/IS3107/is3107_DataEngineering/.venv/lib/python3.8/site-packages/airflow/example_dags/example_branch_datetime_operator.py
[2024-04-25T12:04:28.766+0800] {logging_mixin.py:188} INFO - [2024-04-25T12:04:28.765+0800] {dag.py:3096} INFO - Sync 3 DAGs
[2024-04-25T12:04:28.809+0800] {logging_mixin.py:188} INFO - [2024-04-25T12:04:28.807+0800] {dag.py:3954} INFO - Setting next_dagrun for example_branch_datetime_operator to 2024-04-24 00:00:00+00:00, run_after=2024-04-25 00:00:00+00:00
[2024-04-25T12:04:28.820+0800] {logging_mixin.py:188} INFO - [2024-04-25T12:04:28.818+0800] {dag.py:3954} INFO - Setting next_dagrun for example_branch_datetime_operator_2 to 2024-04-24 00:00:00+00:00, run_after=2024-04-25 00:00:00+00:00
[2024-04-25T12:04:28.831+0800] {logging_mixin.py:188} INFO - [2024-04-25T12:04:28.828+0800] {dag.py:3954} INFO - Setting next_dagrun for example_branch_datetime_operator_3 to 2024-04-24 00:00:00+00:00, run_after=2024-04-25 00:00:00+00:00
[2024-04-25T12:04:28.925+0800] {processor.py:183} INFO - Processing /mnt/c/Users/Jason/Desktop/IS3107/is3107_DataEngineering/.venv/lib/python3.8/site-packages/airflow/example_dags/example_branch_datetime_operator.py took 0.341 seconds
[2024-04-25T12:05:39.572+0800] {processor.py:161} INFO - Started process (PID=1936794) to work on /mnt/c/Users/Jason/Desktop/IS3107/is3107_DataEngineering/.venv/lib/python3.8/site-packages/airflow/example_dags/example_branch_datetime_operator.py
[2024-04-25T12:05:39.574+0800] {processor.py:830} INFO - Processing file /mnt/c/Users/Jason/Desktop/IS3107/is3107_DataEngineering/.venv/lib/python3.8/site-packages/airflow/example_dags/example_branch_datetime_operator.py for tasks to queue
[2024-04-25T12:05:39.577+0800] {logging_mixin.py:188} INFO - [2024-04-25T12:05:39.576+0800] {dagbag.py:540} INFO - Filling up the DagBag from /mnt/c/Users/Jason/Desktop/IS3107/is3107_DataEngineering/.venv/lib/python3.8/site-packages/airflow/example_dags/example_branch_datetime_operator.py
[2024-04-25T12:05:39.618+0800] {processor.py:840} INFO - DAG(s) 'example_branch_datetime_operator_2', 'example_branch_datetime_operator_3', 'example_branch_datetime_operator' retrieved from /mnt/c/Users/Jason/Desktop/IS3107/is3107_DataEngineering/.venv/lib/python3.8/site-packages/airflow/example_dags/example_branch_datetime_operator.py
[2024-04-25T12:05:39.653+0800] {logging_mixin.py:188} INFO - [2024-04-25T12:05:39.652+0800] {dag.py:3096} INFO - Sync 3 DAGs
[2024-04-25T12:05:39.678+0800] {logging_mixin.py:188} INFO - [2024-04-25T12:05:39.677+0800] {dag.py:3954} INFO - Setting next_dagrun for example_branch_datetime_operator to 2024-04-24 00:00:00+00:00, run_after=2024-04-25 00:00:00+00:00
[2024-04-25T12:05:39.683+0800] {logging_mixin.py:188} INFO - [2024-04-25T12:05:39.682+0800] {dag.py:3954} INFO - Setting next_dagrun for example_branch_datetime_operator_2 to 2024-04-24 00:00:00+00:00, run_after=2024-04-25 00:00:00+00:00
[2024-04-25T12:05:39.689+0800] {logging_mixin.py:188} INFO - [2024-04-25T12:05:39.688+0800] {dag.py:3954} INFO - Setting next_dagrun for example_branch_datetime_operator_3 to 2024-04-24 00:00:00+00:00, run_after=2024-04-25 00:00:00+00:00
[2024-04-25T12:05:39.751+0800] {processor.py:183} INFO - Processing /mnt/c/Users/Jason/Desktop/IS3107/is3107_DataEngineering/.venv/lib/python3.8/site-packages/airflow/example_dags/example_branch_datetime_operator.py took 0.194 seconds
[2024-04-25T12:06:41.263+0800] {processor.py:161} INFO - Started process (PID=1937404) to work on /mnt/c/Users/Jason/Desktop/IS3107/is3107_DataEngineering/.venv/lib/python3.8/site-packages/airflow/example_dags/example_branch_datetime_operator.py
[2024-04-25T12:06:41.265+0800] {processor.py:830} INFO - Processing file /mnt/c/Users/Jason/Desktop/IS3107/is3107_DataEngineering/.venv/lib/python3.8/site-packages/airflow/example_dags/example_branch_datetime_operator.py for tasks to queue
[2024-04-25T12:06:41.267+0800] {logging_mixin.py:188} INFO - [2024-04-25T12:06:41.266+0800] {dagbag.py:540} INFO - Filling up the DagBag from /mnt/c/Users/Jason/Desktop/IS3107/is3107_DataEngineering/.venv/lib/python3.8/site-packages/airflow/example_dags/example_branch_datetime_operator.py
[2024-04-25T12:06:41.308+0800] {processor.py:840} INFO - DAG(s) 'example_branch_datetime_operator_3', 'example_branch_datetime_operator_2', 'example_branch_datetime_operator' retrieved from /mnt/c/Users/Jason/Desktop/IS3107/is3107_DataEngineering/.venv/lib/python3.8/site-packages/airflow/example_dags/example_branch_datetime_operator.py
[2024-04-25T12:06:41.345+0800] {logging_mixin.py:188} INFO - [2024-04-25T12:06:41.345+0800] {dag.py:3096} INFO - Sync 3 DAGs
[2024-04-25T12:06:41.371+0800] {logging_mixin.py:188} INFO - [2024-04-25T12:06:41.370+0800] {dag.py:3954} INFO - Setting next_dagrun for example_branch_datetime_operator to 2024-04-24 00:00:00+00:00, run_after=2024-04-25 00:00:00+00:00
[2024-04-25T12:06:41.377+0800] {logging_mixin.py:188} INFO - [2024-04-25T12:06:41.376+0800] {dag.py:3954} INFO - Setting next_dagrun for example_branch_datetime_operator_2 to 2024-04-24 00:00:00+00:00, run_after=2024-04-25 00:00:00+00:00
[2024-04-25T12:06:41.382+0800] {logging_mixin.py:188} INFO - [2024-04-25T12:06:41.382+0800] {dag.py:3954} INFO - Setting next_dagrun for example_branch_datetime_operator_3 to 2024-04-24 00:00:00+00:00, run_after=2024-04-25 00:00:00+00:00
[2024-04-25T12:06:41.445+0800] {processor.py:183} INFO - Processing /mnt/c/Users/Jason/Desktop/IS3107/is3107_DataEngineering/.venv/lib/python3.8/site-packages/airflow/example_dags/example_branch_datetime_operator.py took 0.194 seconds
[2024-04-25T12:07:41.896+0800] {processor.py:161} INFO - Started process (PID=1937998) to work on /mnt/c/Users/Jason/Desktop/IS3107/is3107_DataEngineering/.venv/lib/python3.8/site-packages/airflow/example_dags/example_branch_datetime_operator.py
[2024-04-25T12:07:41.897+0800] {processor.py:830} INFO - Processing file /mnt/c/Users/Jason/Desktop/IS3107/is3107_DataEngineering/.venv/lib/python3.8/site-packages/airflow/example_dags/example_branch_datetime_operator.py for tasks to queue
[2024-04-25T12:07:41.900+0800] {logging_mixin.py:188} INFO - [2024-04-25T12:07:41.899+0800] {dagbag.py:540} INFO - Filling up the DagBag from /mnt/c/Users/Jason/Desktop/IS3107/is3107_DataEngineering/.venv/lib/python3.8/site-packages/airflow/example_dags/example_branch_datetime_operator.py
[2024-04-25T12:07:41.929+0800] {processor.py:840} INFO - DAG(s) 'example_branch_datetime_operator_3', 'example_branch_datetime_operator_2', 'example_branch_datetime_operator' retrieved from /mnt/c/Users/Jason/Desktop/IS3107/is3107_DataEngineering/.venv/lib/python3.8/site-packages/airflow/example_dags/example_branch_datetime_operator.py
[2024-04-25T12:07:41.959+0800] {logging_mixin.py:188} INFO - [2024-04-25T12:07:41.959+0800] {dag.py:3096} INFO - Sync 3 DAGs
[2024-04-25T12:07:41.980+0800] {logging_mixin.py:188} INFO - [2024-04-25T12:07:41.979+0800] {dag.py:3954} INFO - Setting next_dagrun for example_branch_datetime_operator to 2024-04-24 00:00:00+00:00, run_after=2024-04-25 00:00:00+00:00
[2024-04-25T12:07:41.986+0800] {logging_mixin.py:188} INFO - [2024-04-25T12:07:41.985+0800] {dag.py:3954} INFO - Setting next_dagrun for example_branch_datetime_operator_2 to 2024-04-24 00:00:00+00:00, run_after=2024-04-25 00:00:00+00:00
[2024-04-25T12:07:41.991+0800] {logging_mixin.py:188} INFO - [2024-04-25T12:07:41.990+0800] {dag.py:3954} INFO - Setting next_dagrun for example_branch_datetime_operator_3 to 2024-04-24 00:00:00+00:00, run_after=2024-04-25 00:00:00+00:00
[2024-04-25T12:07:42.043+0800] {processor.py:183} INFO - Processing /mnt/c/Users/Jason/Desktop/IS3107/is3107_DataEngineering/.venv/lib/python3.8/site-packages/airflow/example_dags/example_branch_datetime_operator.py took 0.157 seconds
[2024-04-25T12:08:39.052+0800] {processor.py:161} INFO - Started process (PID=1938567) to work on /mnt/c/Users/Jason/Desktop/IS3107/is3107_DataEngineering/.venv/lib/python3.8/site-packages/airflow/example_dags/example_branch_datetime_operator.py
[2024-04-25T12:08:39.054+0800] {processor.py:830} INFO - Processing file /mnt/c/Users/Jason/Desktop/IS3107/is3107_DataEngineering/.venv/lib/python3.8/site-packages/airflow/example_dags/example_branch_datetime_operator.py for tasks to queue
[2024-04-25T12:08:39.057+0800] {logging_mixin.py:188} INFO - [2024-04-25T12:08:39.056+0800] {dagbag.py:540} INFO - Filling up the DagBag from /mnt/c/Users/Jason/Desktop/IS3107/is3107_DataEngineering/.venv/lib/python3.8/site-packages/airflow/example_dags/example_branch_datetime_operator.py
[2024-04-25T12:08:39.102+0800] {processor.py:840} INFO - DAG(s) 'example_branch_datetime_operator_3', 'example_branch_datetime_operator_2', 'example_branch_datetime_operator' retrieved from /mnt/c/Users/Jason/Desktop/IS3107/is3107_DataEngineering/.venv/lib/python3.8/site-packages/airflow/example_dags/example_branch_datetime_operator.py
[2024-04-25T12:08:39.144+0800] {logging_mixin.py:188} INFO - [2024-04-25T12:08:39.143+0800] {dag.py:3096} INFO - Sync 3 DAGs
[2024-04-25T12:08:39.170+0800] {logging_mixin.py:188} INFO - [2024-04-25T12:08:39.169+0800] {dag.py:3954} INFO - Setting next_dagrun for example_branch_datetime_operator to 2024-04-24 00:00:00+00:00, run_after=2024-04-25 00:00:00+00:00
[2024-04-25T12:08:39.175+0800] {logging_mixin.py:188} INFO - [2024-04-25T12:08:39.174+0800] {dag.py:3954} INFO - Setting next_dagrun for example_branch_datetime_operator_2 to 2024-04-24 00:00:00+00:00, run_after=2024-04-25 00:00:00+00:00
[2024-04-25T12:08:39.180+0800] {logging_mixin.py:188} INFO - [2024-04-25T12:08:39.179+0800] {dag.py:3954} INFO - Setting next_dagrun for example_branch_datetime_operator_3 to 2024-04-24 00:00:00+00:00, run_after=2024-04-25 00:00:00+00:00
[2024-04-25T12:08:39.239+0800] {processor.py:183} INFO - Processing /mnt/c/Users/Jason/Desktop/IS3107/is3107_DataEngineering/.venv/lib/python3.8/site-packages/airflow/example_dags/example_branch_datetime_operator.py took 0.202 seconds
[2024-04-25T12:09:40.072+0800] {processor.py:161} INFO - Started process (PID=1939164) to work on /mnt/c/Users/Jason/Desktop/IS3107/is3107_DataEngineering/.venv/lib/python3.8/site-packages/airflow/example_dags/example_branch_datetime_operator.py
[2024-04-25T12:09:40.074+0800] {processor.py:830} INFO - Processing file /mnt/c/Users/Jason/Desktop/IS3107/is3107_DataEngineering/.venv/lib/python3.8/site-packages/airflow/example_dags/example_branch_datetime_operator.py for tasks to queue
[2024-04-25T12:09:40.076+0800] {logging_mixin.py:188} INFO - [2024-04-25T12:09:40.075+0800] {dagbag.py:540} INFO - Filling up the DagBag from /mnt/c/Users/Jason/Desktop/IS3107/is3107_DataEngineering/.venv/lib/python3.8/site-packages/airflow/example_dags/example_branch_datetime_operator.py
[2024-04-25T12:09:40.134+0800] {processor.py:840} INFO - DAG(s) 'example_branch_datetime_operator', 'example_branch_datetime_operator_3', 'example_branch_datetime_operator_2' retrieved from /mnt/c/Users/Jason/Desktop/IS3107/is3107_DataEngineering/.venv/lib/python3.8/site-packages/airflow/example_dags/example_branch_datetime_operator.py
[2024-04-25T12:09:40.175+0800] {logging_mixin.py:188} INFO - [2024-04-25T12:09:40.174+0800] {dag.py:3096} INFO - Sync 3 DAGs
[2024-04-25T12:09:40.206+0800] {logging_mixin.py:188} INFO - [2024-04-25T12:09:40.204+0800] {dag.py:3954} INFO - Setting next_dagrun for example_branch_datetime_operator to 2024-04-24 00:00:00+00:00, run_after=2024-04-25 00:00:00+00:00
[2024-04-25T12:09:40.217+0800] {logging_mixin.py:188} INFO - [2024-04-25T12:09:40.215+0800] {dag.py:3954} INFO - Setting next_dagrun for example_branch_datetime_operator_2 to 2024-04-24 00:00:00+00:00, run_after=2024-04-25 00:00:00+00:00
[2024-04-25T12:09:40.226+0800] {logging_mixin.py:188} INFO - [2024-04-25T12:09:40.224+0800] {dag.py:3954} INFO - Setting next_dagrun for example_branch_datetime_operator_3 to 2024-04-24 00:00:00+00:00, run_after=2024-04-25 00:00:00+00:00
[2024-04-25T12:09:40.298+0800] {processor.py:183} INFO - Processing /mnt/c/Users/Jason/Desktop/IS3107/is3107_DataEngineering/.venv/lib/python3.8/site-packages/airflow/example_dags/example_branch_datetime_operator.py took 0.240 seconds
[2024-04-25T12:10:59.398+0800] {processor.py:161} INFO - Started process (PID=1939906) to work on /mnt/c/Users/Jason/Desktop/IS3107/is3107_DataEngineering/.venv/lib/python3.8/site-packages/airflow/example_dags/example_branch_datetime_operator.py
[2024-04-25T12:10:59.401+0800] {processor.py:830} INFO - Processing file /mnt/c/Users/Jason/Desktop/IS3107/is3107_DataEngineering/.venv/lib/python3.8/site-packages/airflow/example_dags/example_branch_datetime_operator.py for tasks to queue
[2024-04-25T12:10:59.407+0800] {logging_mixin.py:188} INFO - [2024-04-25T12:10:59.405+0800] {dagbag.py:540} INFO - Filling up the DagBag from /mnt/c/Users/Jason/Desktop/IS3107/is3107_DataEngineering/.venv/lib/python3.8/site-packages/airflow/example_dags/example_branch_datetime_operator.py
[2024-04-25T12:10:59.477+0800] {processor.py:840} INFO - DAG(s) 'example_branch_datetime_operator_3', 'example_branch_datetime_operator', 'example_branch_datetime_operator_2' retrieved from /mnt/c/Users/Jason/Desktop/IS3107/is3107_DataEngineering/.venv/lib/python3.8/site-packages/airflow/example_dags/example_branch_datetime_operator.py
[2024-04-25T12:10:59.534+0800] {logging_mixin.py:188} INFO - [2024-04-25T12:10:59.533+0800] {dag.py:3096} INFO - Sync 3 DAGs
[2024-04-25T12:10:59.572+0800] {logging_mixin.py:188} INFO - [2024-04-25T12:10:59.570+0800] {dag.py:3954} INFO - Setting next_dagrun for example_branch_datetime_operator to 2024-04-24 00:00:00+00:00, run_after=2024-04-25 00:00:00+00:00
[2024-04-25T12:10:59.587+0800] {logging_mixin.py:188} INFO - [2024-04-25T12:10:59.585+0800] {dag.py:3954} INFO - Setting next_dagrun for example_branch_datetime_operator_2 to 2024-04-24 00:00:00+00:00, run_after=2024-04-25 00:00:00+00:00
[2024-04-25T12:10:59.597+0800] {logging_mixin.py:188} INFO - [2024-04-25T12:10:59.595+0800] {dag.py:3954} INFO - Setting next_dagrun for example_branch_datetime_operator_3 to 2024-04-24 00:00:00+00:00, run_after=2024-04-25 00:00:00+00:00
[2024-04-25T12:10:59.713+0800] {processor.py:183} INFO - Processing /mnt/c/Users/Jason/Desktop/IS3107/is3107_DataEngineering/.venv/lib/python3.8/site-packages/airflow/example_dags/example_branch_datetime_operator.py took 0.344 seconds
[2024-04-25T12:12:15.548+0800] {processor.py:161} INFO - Started process (PID=1940647) to work on /mnt/c/Users/Jason/Desktop/IS3107/is3107_DataEngineering/.venv/lib/python3.8/site-packages/airflow/example_dags/example_branch_datetime_operator.py
[2024-04-25T12:12:15.550+0800] {processor.py:830} INFO - Processing file /mnt/c/Users/Jason/Desktop/IS3107/is3107_DataEngineering/.venv/lib/python3.8/site-packages/airflow/example_dags/example_branch_datetime_operator.py for tasks to queue
[2024-04-25T12:12:15.575+0800] {logging_mixin.py:188} INFO - [2024-04-25T12:12:15.559+0800] {dagbag.py:540} INFO - Filling up the DagBag from /mnt/c/Users/Jason/Desktop/IS3107/is3107_DataEngineering/.venv/lib/python3.8/site-packages/airflow/example_dags/example_branch_datetime_operator.py
[2024-04-25T12:12:15.632+0800] {processor.py:840} INFO - DAG(s) 'example_branch_datetime_operator', 'example_branch_datetime_operator_3', 'example_branch_datetime_operator_2' retrieved from /mnt/c/Users/Jason/Desktop/IS3107/is3107_DataEngineering/.venv/lib/python3.8/site-packages/airflow/example_dags/example_branch_datetime_operator.py
[2024-04-25T12:12:15.699+0800] {logging_mixin.py:188} INFO - [2024-04-25T12:12:15.698+0800] {dag.py:3096} INFO - Sync 3 DAGs
[2024-04-25T12:12:15.731+0800] {logging_mixin.py:188} INFO - [2024-04-25T12:12:15.729+0800] {dag.py:3954} INFO - Setting next_dagrun for example_branch_datetime_operator to 2024-04-24 00:00:00+00:00, run_after=2024-04-25 00:00:00+00:00
[2024-04-25T12:12:15.739+0800] {logging_mixin.py:188} INFO - [2024-04-25T12:12:15.738+0800] {dag.py:3954} INFO - Setting next_dagrun for example_branch_datetime_operator_2 to 2024-04-24 00:00:00+00:00, run_after=2024-04-25 00:00:00+00:00
[2024-04-25T12:12:15.744+0800] {logging_mixin.py:188} INFO - [2024-04-25T12:12:15.744+0800] {dag.py:3954} INFO - Setting next_dagrun for example_branch_datetime_operator_3 to 2024-04-24 00:00:00+00:00, run_after=2024-04-25 00:00:00+00:00
[2024-04-25T12:12:15.817+0800] {processor.py:183} INFO - Processing /mnt/c/Users/Jason/Desktop/IS3107/is3107_DataEngineering/.venv/lib/python3.8/site-packages/airflow/example_dags/example_branch_datetime_operator.py took 0.279 seconds
[2024-04-25T12:13:23.107+0800] {processor.py:161} INFO - Started process (PID=1941290) to work on /mnt/c/Users/Jason/Desktop/IS3107/is3107_DataEngineering/.venv/lib/python3.8/site-packages/airflow/example_dags/example_branch_datetime_operator.py
[2024-04-25T12:13:23.110+0800] {processor.py:830} INFO - Processing file /mnt/c/Users/Jason/Desktop/IS3107/is3107_DataEngineering/.venv/lib/python3.8/site-packages/airflow/example_dags/example_branch_datetime_operator.py for tasks to queue
[2024-04-25T12:13:23.113+0800] {logging_mixin.py:188} INFO - [2024-04-25T12:13:23.112+0800] {dagbag.py:540} INFO - Filling up the DagBag from /mnt/c/Users/Jason/Desktop/IS3107/is3107_DataEngineering/.venv/lib/python3.8/site-packages/airflow/example_dags/example_branch_datetime_operator.py
[2024-04-25T12:13:23.159+0800] {processor.py:840} INFO - DAG(s) 'example_branch_datetime_operator_2', 'example_branch_datetime_operator_3', 'example_branch_datetime_operator' retrieved from /mnt/c/Users/Jason/Desktop/IS3107/is3107_DataEngineering/.venv/lib/python3.8/site-packages/airflow/example_dags/example_branch_datetime_operator.py
[2024-04-25T12:13:23.192+0800] {logging_mixin.py:188} INFO - [2024-04-25T12:13:23.191+0800] {dag.py:3096} INFO - Sync 3 DAGs
[2024-04-25T12:13:23.214+0800] {logging_mixin.py:188} INFO - [2024-04-25T12:13:23.213+0800] {dag.py:3954} INFO - Setting next_dagrun for example_branch_datetime_operator to 2024-04-24 00:00:00+00:00, run_after=2024-04-25 00:00:00+00:00
[2024-04-25T12:13:23.220+0800] {logging_mixin.py:188} INFO - [2024-04-25T12:13:23.219+0800] {dag.py:3954} INFO - Setting next_dagrun for example_branch_datetime_operator_2 to 2024-04-24 00:00:00+00:00, run_after=2024-04-25 00:00:00+00:00
[2024-04-25T12:13:23.226+0800] {logging_mixin.py:188} INFO - [2024-04-25T12:13:23.225+0800] {dag.py:3954} INFO - Setting next_dagrun for example_branch_datetime_operator_3 to 2024-04-24 00:00:00+00:00, run_after=2024-04-25 00:00:00+00:00
[2024-04-25T12:13:23.295+0800] {processor.py:183} INFO - Processing /mnt/c/Users/Jason/Desktop/IS3107/is3107_DataEngineering/.venv/lib/python3.8/site-packages/airflow/example_dags/example_branch_datetime_operator.py took 0.204 seconds
