[2024-04-25T11:51:22.412+0800] {processor.py:161} INFO - Started process (PID=1928636) to work on /mnt/c/Users/Jason/Desktop/IS3107/is3107_DataEngineering/.venv/lib/python3.8/site-packages/airflow/example_dags/example_python_decorator.py
[2024-04-25T11:51:22.415+0800] {processor.py:830} INFO - Processing file /mnt/c/Users/Jason/Desktop/IS3107/is3107_DataEngineering/.venv/lib/python3.8/site-packages/airflow/example_dags/example_python_decorator.py for tasks to queue
[2024-04-25T11:51:22.418+0800] {logging_mixin.py:188} INFO - [2024-04-25T11:51:22.416+0800] {dagbag.py:540} INFO - Filling up the DagBag from /mnt/c/Users/Jason/Desktop/IS3107/is3107_DataEngineering/.venv/lib/python3.8/site-packages/airflow/example_dags/example_python_decorator.py
[2024-04-25T11:51:22.458+0800] {processor.py:840} INFO - DAG(s) 'example_python_decorator' retrieved from /mnt/c/Users/Jason/Desktop/IS3107/is3107_DataEngineering/.venv/lib/python3.8/site-packages/airflow/example_dags/example_python_decorator.py
[2024-04-25T11:51:23.717+0800] {logging_mixin.py:188} INFO - [2024-04-25T11:51:23.716+0800] {dag.py:3096} INFO - Sync 1 DAGs
[2024-04-25T11:51:23.733+0800] {logging_mixin.py:188} INFO - [2024-04-25T11:51:23.732+0800] {dag.py:3954} INFO - Setting next_dagrun for example_python_decorator to None, run_after=None
[2024-04-25T11:51:23.822+0800] {processor.py:183} INFO - Processing /mnt/c/Users/Jason/Desktop/IS3107/is3107_DataEngineering/.venv/lib/python3.8/site-packages/airflow/example_dags/example_python_decorator.py took 1.424 seconds
[2024-04-25T11:53:41.194+0800] {processor.py:161} INFO - Started process (PID=1929916) to work on /mnt/c/Users/Jason/Desktop/IS3107/is3107_DataEngineering/.venv/lib/python3.8/site-packages/airflow/example_dags/example_python_decorator.py
[2024-04-25T11:53:41.206+0800] {processor.py:830} INFO - Processing file /mnt/c/Users/Jason/Desktop/IS3107/is3107_DataEngineering/.venv/lib/python3.8/site-packages/airflow/example_dags/example_python_decorator.py for tasks to queue
[2024-04-25T11:53:41.216+0800] {logging_mixin.py:188} INFO - [2024-04-25T11:53:41.212+0800] {dagbag.py:540} INFO - Filling up the DagBag from /mnt/c/Users/Jason/Desktop/IS3107/is3107_DataEngineering/.venv/lib/python3.8/site-packages/airflow/example_dags/example_python_decorator.py
[2024-04-25T11:53:41.462+0800] {processor.py:840} INFO - DAG(s) 'example_python_decorator' retrieved from /mnt/c/Users/Jason/Desktop/IS3107/is3107_DataEngineering/.venv/lib/python3.8/site-packages/airflow/example_dags/example_python_decorator.py
[2024-04-25T11:53:41.630+0800] {logging_mixin.py:188} INFO - [2024-04-25T11:53:41.626+0800] {dag.py:3096} INFO - Sync 1 DAGs
[2024-04-25T11:53:41.690+0800] {logging_mixin.py:188} INFO - [2024-04-25T11:53:41.687+0800] {dag.py:3954} INFO - Setting next_dagrun for example_python_decorator to None, run_after=None
[2024-04-25T11:53:41.855+0800] {processor.py:183} INFO - Processing /mnt/c/Users/Jason/Desktop/IS3107/is3107_DataEngineering/.venv/lib/python3.8/site-packages/airflow/example_dags/example_python_decorator.py took 0.713 seconds
[2024-04-25T11:56:32.992+0800] {processor.py:161} INFO - Started process (PID=1931530) to work on /mnt/c/Users/Jason/Desktop/IS3107/is3107_DataEngineering/.venv/lib/python3.8/site-packages/airflow/example_dags/example_python_decorator.py
[2024-04-25T11:56:32.995+0800] {processor.py:830} INFO - Processing file /mnt/c/Users/Jason/Desktop/IS3107/is3107_DataEngineering/.venv/lib/python3.8/site-packages/airflow/example_dags/example_python_decorator.py for tasks to queue
[2024-04-25T11:56:32.999+0800] {logging_mixin.py:188} INFO - [2024-04-25T11:56:32.997+0800] {dagbag.py:540} INFO - Filling up the DagBag from /mnt/c/Users/Jason/Desktop/IS3107/is3107_DataEngineering/.venv/lib/python3.8/site-packages/airflow/example_dags/example_python_decorator.py
[2024-04-25T11:56:33.055+0800] {processor.py:840} INFO - DAG(s) 'example_python_decorator' retrieved from /mnt/c/Users/Jason/Desktop/IS3107/is3107_DataEngineering/.venv/lib/python3.8/site-packages/airflow/example_dags/example_python_decorator.py
[2024-04-25T11:56:33.102+0800] {logging_mixin.py:188} INFO - [2024-04-25T11:56:33.100+0800] {dag.py:3096} INFO - Sync 1 DAGs
[2024-04-25T11:56:33.129+0800] {logging_mixin.py:188} INFO - [2024-04-25T11:56:33.127+0800] {dag.py:3954} INFO - Setting next_dagrun for example_python_decorator to None, run_after=None
[2024-04-25T11:56:33.248+0800] {processor.py:183} INFO - Processing /mnt/c/Users/Jason/Desktop/IS3107/is3107_DataEngineering/.venv/lib/python3.8/site-packages/airflow/example_dags/example_python_decorator.py took 0.272 seconds
[2024-04-25T11:58:40.343+0800] {processor.py:161} INFO - Started process (PID=1932776) to work on /mnt/c/Users/Jason/Desktop/IS3107/is3107_DataEngineering/.venv/lib/python3.8/site-packages/airflow/example_dags/example_python_decorator.py
[2024-04-25T11:58:40.346+0800] {processor.py:830} INFO - Processing file /mnt/c/Users/Jason/Desktop/IS3107/is3107_DataEngineering/.venv/lib/python3.8/site-packages/airflow/example_dags/example_python_decorator.py for tasks to queue
[2024-04-25T11:58:40.350+0800] {logging_mixin.py:188} INFO - [2024-04-25T11:58:40.348+0800] {dagbag.py:540} INFO - Filling up the DagBag from /mnt/c/Users/Jason/Desktop/IS3107/is3107_DataEngineering/.venv/lib/python3.8/site-packages/airflow/example_dags/example_python_decorator.py
[2024-04-25T11:58:40.419+0800] {processor.py:840} INFO - DAG(s) 'example_python_decorator' retrieved from /mnt/c/Users/Jason/Desktop/IS3107/is3107_DataEngineering/.venv/lib/python3.8/site-packages/airflow/example_dags/example_python_decorator.py
[2024-04-25T11:58:40.467+0800] {logging_mixin.py:188} INFO - [2024-04-25T11:58:40.466+0800] {dag.py:3096} INFO - Sync 1 DAGs
[2024-04-25T11:58:40.499+0800] {logging_mixin.py:188} INFO - [2024-04-25T11:58:40.496+0800] {dag.py:3954} INFO - Setting next_dagrun for example_python_decorator to None, run_after=None
[2024-04-25T11:58:40.645+0800] {processor.py:183} INFO - Processing /mnt/c/Users/Jason/Desktop/IS3107/is3107_DataEngineering/.venv/lib/python3.8/site-packages/airflow/example_dags/example_python_decorator.py took 0.317 seconds
[2024-04-25T12:01:11.176+0800] {processor.py:161} INFO - Started process (PID=1934222) to work on /mnt/c/Users/Jason/Desktop/IS3107/is3107_DataEngineering/.venv/lib/python3.8/site-packages/airflow/example_dags/example_python_decorator.py
[2024-04-25T12:01:11.178+0800] {processor.py:830} INFO - Processing file /mnt/c/Users/Jason/Desktop/IS3107/is3107_DataEngineering/.venv/lib/python3.8/site-packages/airflow/example_dags/example_python_decorator.py for tasks to queue
[2024-04-25T12:01:11.180+0800] {logging_mixin.py:188} INFO - [2024-04-25T12:01:11.179+0800] {dagbag.py:540} INFO - Filling up the DagBag from /mnt/c/Users/Jason/Desktop/IS3107/is3107_DataEngineering/.venv/lib/python3.8/site-packages/airflow/example_dags/example_python_decorator.py
[2024-04-25T12:01:11.219+0800] {processor.py:840} INFO - DAG(s) 'example_python_decorator' retrieved from /mnt/c/Users/Jason/Desktop/IS3107/is3107_DataEngineering/.venv/lib/python3.8/site-packages/airflow/example_dags/example_python_decorator.py
[2024-04-25T12:01:11.250+0800] {logging_mixin.py:188} INFO - [2024-04-25T12:01:11.249+0800] {dag.py:3096} INFO - Sync 1 DAGs
[2024-04-25T12:01:11.266+0800] {logging_mixin.py:188} INFO - [2024-04-25T12:01:11.265+0800] {dag.py:3954} INFO - Setting next_dagrun for example_python_decorator to None, run_after=None
[2024-04-25T12:01:11.347+0800] {processor.py:183} INFO - Processing /mnt/c/Users/Jason/Desktop/IS3107/is3107_DataEngineering/.venv/lib/python3.8/site-packages/airflow/example_dags/example_python_decorator.py took 0.183 seconds
[2024-04-25T12:03:35.920+0800] {processor.py:161} INFO - Started process (PID=1935622) to work on /mnt/c/Users/Jason/Desktop/IS3107/is3107_DataEngineering/.venv/lib/python3.8/site-packages/airflow/example_dags/example_python_decorator.py
[2024-04-25T12:03:35.922+0800] {processor.py:830} INFO - Processing file /mnt/c/Users/Jason/Desktop/IS3107/is3107_DataEngineering/.venv/lib/python3.8/site-packages/airflow/example_dags/example_python_decorator.py for tasks to queue
[2024-04-25T12:03:35.925+0800] {logging_mixin.py:188} INFO - [2024-04-25T12:03:35.924+0800] {dagbag.py:540} INFO - Filling up the DagBag from /mnt/c/Users/Jason/Desktop/IS3107/is3107_DataEngineering/.venv/lib/python3.8/site-packages/airflow/example_dags/example_python_decorator.py
[2024-04-25T12:03:35.971+0800] {processor.py:840} INFO - DAG(s) 'example_python_decorator' retrieved from /mnt/c/Users/Jason/Desktop/IS3107/is3107_DataEngineering/.venv/lib/python3.8/site-packages/airflow/example_dags/example_python_decorator.py
[2024-04-25T12:03:36.008+0800] {logging_mixin.py:188} INFO - [2024-04-25T12:03:36.007+0800] {dag.py:3096} INFO - Sync 1 DAGs
[2024-04-25T12:03:36.027+0800] {logging_mixin.py:188} INFO - [2024-04-25T12:03:36.025+0800] {dag.py:3954} INFO - Setting next_dagrun for example_python_decorator to None, run_after=None
[2024-04-25T12:03:36.121+0800] {processor.py:183} INFO - Processing /mnt/c/Users/Jason/Desktop/IS3107/is3107_DataEngineering/.venv/lib/python3.8/site-packages/airflow/example_dags/example_python_decorator.py took 0.215 seconds
[2024-04-25T12:05:56.537+0800] {processor.py:161} INFO - Started process (PID=1936961) to work on /mnt/c/Users/Jason/Desktop/IS3107/is3107_DataEngineering/.venv/lib/python3.8/site-packages/airflow/example_dags/example_python_decorator.py
[2024-04-25T12:05:56.539+0800] {processor.py:830} INFO - Processing file /mnt/c/Users/Jason/Desktop/IS3107/is3107_DataEngineering/.venv/lib/python3.8/site-packages/airflow/example_dags/example_python_decorator.py for tasks to queue
[2024-04-25T12:05:56.541+0800] {logging_mixin.py:188} INFO - [2024-04-25T12:05:56.540+0800] {dagbag.py:540} INFO - Filling up the DagBag from /mnt/c/Users/Jason/Desktop/IS3107/is3107_DataEngineering/.venv/lib/python3.8/site-packages/airflow/example_dags/example_python_decorator.py
[2024-04-25T12:05:56.572+0800] {processor.py:840} INFO - DAG(s) 'example_python_decorator' retrieved from /mnt/c/Users/Jason/Desktop/IS3107/is3107_DataEngineering/.venv/lib/python3.8/site-packages/airflow/example_dags/example_python_decorator.py
[2024-04-25T12:05:56.598+0800] {logging_mixin.py:188} INFO - [2024-04-25T12:05:56.597+0800] {dag.py:3096} INFO - Sync 1 DAGs
[2024-04-25T12:05:56.610+0800] {logging_mixin.py:188} INFO - [2024-04-25T12:05:56.610+0800] {dag.py:3954} INFO - Setting next_dagrun for example_python_decorator to None, run_after=None
[2024-04-25T12:05:56.694+0800] {processor.py:183} INFO - Processing /mnt/c/Users/Jason/Desktop/IS3107/is3107_DataEngineering/.venv/lib/python3.8/site-packages/airflow/example_dags/example_python_decorator.py took 0.166 seconds
[2024-04-25T12:07:56.973+0800] {processor.py:161} INFO - Started process (PID=1938139) to work on /mnt/c/Users/Jason/Desktop/IS3107/is3107_DataEngineering/.venv/lib/python3.8/site-packages/airflow/example_dags/example_python_decorator.py
[2024-04-25T12:07:56.976+0800] {processor.py:830} INFO - Processing file /mnt/c/Users/Jason/Desktop/IS3107/is3107_DataEngineering/.venv/lib/python3.8/site-packages/airflow/example_dags/example_python_decorator.py for tasks to queue
[2024-04-25T12:07:56.979+0800] {logging_mixin.py:188} INFO - [2024-04-25T12:07:56.978+0800] {dagbag.py:540} INFO - Filling up the DagBag from /mnt/c/Users/Jason/Desktop/IS3107/is3107_DataEngineering/.venv/lib/python3.8/site-packages/airflow/example_dags/example_python_decorator.py
[2024-04-25T12:07:57.032+0800] {processor.py:840} INFO - DAG(s) 'example_python_decorator' retrieved from /mnt/c/Users/Jason/Desktop/IS3107/is3107_DataEngineering/.venv/lib/python3.8/site-packages/airflow/example_dags/example_python_decorator.py
[2024-04-25T12:07:57.070+0800] {logging_mixin.py:188} INFO - [2024-04-25T12:07:57.069+0800] {dag.py:3096} INFO - Sync 1 DAGs
[2024-04-25T12:07:57.086+0800] {logging_mixin.py:188} INFO - [2024-04-25T12:07:57.084+0800] {dag.py:3954} INFO - Setting next_dagrun for example_python_decorator to None, run_after=None
[2024-04-25T12:07:57.157+0800] {processor.py:183} INFO - Processing /mnt/c/Users/Jason/Desktop/IS3107/is3107_DataEngineering/.venv/lib/python3.8/site-packages/airflow/example_dags/example_python_decorator.py took 0.204 seconds
[2024-04-25T12:10:02.706+0800] {processor.py:161} INFO - Started process (PID=1939370) to work on /mnt/c/Users/Jason/Desktop/IS3107/is3107_DataEngineering/.venv/lib/python3.8/site-packages/airflow/example_dags/example_python_decorator.py
[2024-04-25T12:10:02.708+0800] {processor.py:830} INFO - Processing file /mnt/c/Users/Jason/Desktop/IS3107/is3107_DataEngineering/.venv/lib/python3.8/site-packages/airflow/example_dags/example_python_decorator.py for tasks to queue
[2024-04-25T12:10:02.712+0800] {logging_mixin.py:188} INFO - [2024-04-25T12:10:02.710+0800] {dagbag.py:540} INFO - Filling up the DagBag from /mnt/c/Users/Jason/Desktop/IS3107/is3107_DataEngineering/.venv/lib/python3.8/site-packages/airflow/example_dags/example_python_decorator.py
[2024-04-25T12:10:02.768+0800] {processor.py:840} INFO - DAG(s) 'example_python_decorator' retrieved from /mnt/c/Users/Jason/Desktop/IS3107/is3107_DataEngineering/.venv/lib/python3.8/site-packages/airflow/example_dags/example_python_decorator.py
[2024-04-25T12:10:02.820+0800] {logging_mixin.py:188} INFO - [2024-04-25T12:10:02.818+0800] {dag.py:3096} INFO - Sync 1 DAGs
[2024-04-25T12:10:02.844+0800] {logging_mixin.py:188} INFO - [2024-04-25T12:10:02.842+0800] {dag.py:3954} INFO - Setting next_dagrun for example_python_decorator to None, run_after=None
[2024-04-25T12:10:02.953+0800] {processor.py:183} INFO - Processing /mnt/c/Users/Jason/Desktop/IS3107/is3107_DataEngineering/.venv/lib/python3.8/site-packages/airflow/example_dags/example_python_decorator.py took 0.262 seconds
[2024-04-25T12:12:37.132+0800] {processor.py:161} INFO - Started process (PID=1940845) to work on /mnt/c/Users/Jason/Desktop/IS3107/is3107_DataEngineering/.venv/lib/python3.8/site-packages/airflow/example_dags/example_python_decorator.py
[2024-04-25T12:12:37.135+0800] {processor.py:830} INFO - Processing file /mnt/c/Users/Jason/Desktop/IS3107/is3107_DataEngineering/.venv/lib/python3.8/site-packages/airflow/example_dags/example_python_decorator.py for tasks to queue
[2024-04-25T12:12:37.139+0800] {logging_mixin.py:188} INFO - [2024-04-25T12:12:37.137+0800] {dagbag.py:540} INFO - Filling up the DagBag from /mnt/c/Users/Jason/Desktop/IS3107/is3107_DataEngineering/.venv/lib/python3.8/site-packages/airflow/example_dags/example_python_decorator.py
[2024-04-25T12:12:37.209+0800] {processor.py:840} INFO - DAG(s) 'example_python_decorator' retrieved from /mnt/c/Users/Jason/Desktop/IS3107/is3107_DataEngineering/.venv/lib/python3.8/site-packages/airflow/example_dags/example_python_decorator.py
[2024-04-25T12:12:37.252+0800] {logging_mixin.py:188} INFO - [2024-04-25T12:12:37.249+0800] {dag.py:3096} INFO - Sync 1 DAGs
[2024-04-25T12:12:37.273+0800] {logging_mixin.py:188} INFO - [2024-04-25T12:12:37.271+0800] {dag.py:3954} INFO - Setting next_dagrun for example_python_decorator to None, run_after=None
[2024-04-25T12:12:37.382+0800] {processor.py:183} INFO - Processing /mnt/c/Users/Jason/Desktop/IS3107/is3107_DataEngineering/.venv/lib/python3.8/site-packages/airflow/example_dags/example_python_decorator.py took 0.266 seconds
