[2024-04-25T09:39:28.708+0800] {processor.py:161} INFO - Started process (PID=1859632) to work on /mnt/c/Users/Jason/Desktop/IS3107/is3107_DataEngineering/.venv/lib/python3.8/site-packages/airflow/example_dags/example_bash_operator.py
[2024-04-25T09:39:28.722+0800] {processor.py:830} INFO - Processing file /mnt/c/Users/Jason/Desktop/IS3107/is3107_DataEngineering/.venv/lib/python3.8/site-packages/airflow/example_dags/example_bash_operator.py for tasks to queue
[2024-04-25T09:39:28.732+0800] {logging_mixin.py:188} INFO - [2024-04-25T09:39:28.730+0800] {dagbag.py:540} INFO - Filling up the DagBag from /mnt/c/Users/Jason/Desktop/IS3107/is3107_DataEngineering/.venv/lib/python3.8/site-packages/airflow/example_dags/example_bash_operator.py
[2024-04-25T09:39:28.961+0800] {processor.py:840} INFO - DAG(s) 'example_bash_operator' retrieved from /mnt/c/Users/Jason/Desktop/IS3107/is3107_DataEngineering/.venv/lib/python3.8/site-packages/airflow/example_dags/example_bash_operator.py
[2024-04-25T09:39:34.590+0800] {logging_mixin.py:188} INFO - [2024-04-25T09:39:34.588+0800] {dag.py:3096} INFO - Sync 1 DAGs
[2024-04-25T09:39:34.961+0800] {logging_mixin.py:188} INFO - [2024-04-25T09:39:34.959+0800] {dag.py:3954} INFO - Setting next_dagrun for example_bash_operator to 2024-04-24 00:00:00+00:00, run_after=2024-04-25 00:00:00+00:00
[2024-04-25T09:39:35.141+0800] {processor.py:183} INFO - Processing /mnt/c/Users/Jason/Desktop/IS3107/is3107_DataEngineering/.venv/lib/python3.8/site-packages/airflow/example_dags/example_bash_operator.py took 6.458 seconds
[2024-04-25T11:50:17.514+0800] {processor.py:161} INFO - Started process (PID=1928047) to work on /mnt/c/Users/Jason/Desktop/IS3107/is3107_DataEngineering/.venv/lib/python3.8/site-packages/airflow/example_dags/example_bash_operator.py
[2024-04-25T11:50:17.516+0800] {processor.py:830} INFO - Processing file /mnt/c/Users/Jason/Desktop/IS3107/is3107_DataEngineering/.venv/lib/python3.8/site-packages/airflow/example_dags/example_bash_operator.py for tasks to queue
[2024-04-25T11:50:17.519+0800] {logging_mixin.py:188} INFO - [2024-04-25T11:50:17.518+0800] {dagbag.py:540} INFO - Filling up the DagBag from /mnt/c/Users/Jason/Desktop/IS3107/is3107_DataEngineering/.venv/lib/python3.8/site-packages/airflow/example_dags/example_bash_operator.py
[2024-04-25T11:50:17.550+0800] {processor.py:840} INFO - DAG(s) 'example_bash_operator' retrieved from /mnt/c/Users/Jason/Desktop/IS3107/is3107_DataEngineering/.venv/lib/python3.8/site-packages/airflow/example_dags/example_bash_operator.py
[2024-04-25T11:50:19.096+0800] {logging_mixin.py:188} INFO - [2024-04-25T11:50:19.095+0800] {dag.py:3096} INFO - Sync 1 DAGs
[2024-04-25T11:50:19.128+0800] {logging_mixin.py:188} INFO - [2024-04-25T11:50:19.127+0800] {dag.py:3954} INFO - Setting next_dagrun for example_bash_operator to 2024-04-24 00:00:00+00:00, run_after=2024-04-25 00:00:00+00:00
[2024-04-25T11:50:19.259+0800] {processor.py:183} INFO - Processing /mnt/c/Users/Jason/Desktop/IS3107/is3107_DataEngineering/.venv/lib/python3.8/site-packages/airflow/example_dags/example_bash_operator.py took 1.758 seconds
[2024-04-25T11:53:06.455+0800] {processor.py:161} INFO - Started process (PID=1929601) to work on /mnt/c/Users/Jason/Desktop/IS3107/is3107_DataEngineering/.venv/lib/python3.8/site-packages/airflow/example_dags/example_bash_operator.py
[2024-04-25T11:53:06.457+0800] {processor.py:830} INFO - Processing file /mnt/c/Users/Jason/Desktop/IS3107/is3107_DataEngineering/.venv/lib/python3.8/site-packages/airflow/example_dags/example_bash_operator.py for tasks to queue
[2024-04-25T11:53:06.459+0800] {logging_mixin.py:188} INFO - [2024-04-25T11:53:06.458+0800] {dagbag.py:540} INFO - Filling up the DagBag from /mnt/c/Users/Jason/Desktop/IS3107/is3107_DataEngineering/.venv/lib/python3.8/site-packages/airflow/example_dags/example_bash_operator.py
[2024-04-25T11:53:06.487+0800] {processor.py:840} INFO - DAG(s) 'example_bash_operator' retrieved from /mnt/c/Users/Jason/Desktop/IS3107/is3107_DataEngineering/.venv/lib/python3.8/site-packages/airflow/example_dags/example_bash_operator.py
[2024-04-25T11:53:06.534+0800] {logging_mixin.py:188} INFO - [2024-04-25T11:53:06.532+0800] {dag.py:3096} INFO - Sync 1 DAGs
[2024-04-25T11:53:06.567+0800] {logging_mixin.py:188} INFO - [2024-04-25T11:53:06.565+0800] {dag.py:3954} INFO - Setting next_dagrun for example_bash_operator to 2024-04-24 00:00:00+00:00, run_after=2024-04-25 00:00:00+00:00
[2024-04-25T11:53:06.640+0800] {processor.py:183} INFO - Processing /mnt/c/Users/Jason/Desktop/IS3107/is3107_DataEngineering/.venv/lib/python3.8/site-packages/airflow/example_dags/example_bash_operator.py took 0.198 seconds
[2024-04-25T11:54:58.234+0800] {processor.py:161} INFO - Started process (PID=1930646) to work on /mnt/c/Users/Jason/Desktop/IS3107/is3107_DataEngineering/.venv/lib/python3.8/site-packages/airflow/example_dags/example_bash_operator.py
[2024-04-25T11:54:58.240+0800] {processor.py:830} INFO - Processing file /mnt/c/Users/Jason/Desktop/IS3107/is3107_DataEngineering/.venv/lib/python3.8/site-packages/airflow/example_dags/example_bash_operator.py for tasks to queue
[2024-04-25T11:54:58.247+0800] {logging_mixin.py:188} INFO - [2024-04-25T11:54:58.244+0800] {dagbag.py:540} INFO - Filling up the DagBag from /mnt/c/Users/Jason/Desktop/IS3107/is3107_DataEngineering/.venv/lib/python3.8/site-packages/airflow/example_dags/example_bash_operator.py
[2024-04-25T11:54:58.329+0800] {processor.py:840} INFO - DAG(s) 'example_bash_operator' retrieved from /mnt/c/Users/Jason/Desktop/IS3107/is3107_DataEngineering/.venv/lib/python3.8/site-packages/airflow/example_dags/example_bash_operator.py
[2024-04-25T11:54:58.432+0800] {logging_mixin.py:188} INFO - [2024-04-25T11:54:58.430+0800] {dag.py:3096} INFO - Sync 1 DAGs
[2024-04-25T11:54:58.504+0800] {logging_mixin.py:188} INFO - [2024-04-25T11:54:58.501+0800] {dag.py:3954} INFO - Setting next_dagrun for example_bash_operator to 2024-04-24 00:00:00+00:00, run_after=2024-04-25 00:00:00+00:00
[2024-04-25T11:54:58.669+0800] {processor.py:183} INFO - Processing /mnt/c/Users/Jason/Desktop/IS3107/is3107_DataEngineering/.venv/lib/python3.8/site-packages/airflow/example_dags/example_bash_operator.py took 0.471 seconds
[2024-04-25T11:56:12.538+0800] {processor.py:161} INFO - Started process (PID=1931355) to work on /mnt/c/Users/Jason/Desktop/IS3107/is3107_DataEngineering/.venv/lib/python3.8/site-packages/airflow/example_dags/example_bash_operator.py
[2024-04-25T11:56:12.539+0800] {processor.py:830} INFO - Processing file /mnt/c/Users/Jason/Desktop/IS3107/is3107_DataEngineering/.venv/lib/python3.8/site-packages/airflow/example_dags/example_bash_operator.py for tasks to queue
[2024-04-25T11:56:12.541+0800] {logging_mixin.py:188} INFO - [2024-04-25T11:56:12.540+0800] {dagbag.py:540} INFO - Filling up the DagBag from /mnt/c/Users/Jason/Desktop/IS3107/is3107_DataEngineering/.venv/lib/python3.8/site-packages/airflow/example_dags/example_bash_operator.py
[2024-04-25T11:56:12.564+0800] {processor.py:840} INFO - DAG(s) 'example_bash_operator' retrieved from /mnt/c/Users/Jason/Desktop/IS3107/is3107_DataEngineering/.venv/lib/python3.8/site-packages/airflow/example_dags/example_bash_operator.py
[2024-04-25T11:56:12.600+0800] {logging_mixin.py:188} INFO - [2024-04-25T11:56:12.599+0800] {dag.py:3096} INFO - Sync 1 DAGs
[2024-04-25T11:56:12.624+0800] {logging_mixin.py:188} INFO - [2024-04-25T11:56:12.622+0800] {dag.py:3954} INFO - Setting next_dagrun for example_bash_operator to 2024-04-24 00:00:00+00:00, run_after=2024-04-25 00:00:00+00:00
[2024-04-25T11:56:12.692+0800] {processor.py:183} INFO - Processing /mnt/c/Users/Jason/Desktop/IS3107/is3107_DataEngineering/.venv/lib/python3.8/site-packages/airflow/example_dags/example_bash_operator.py took 0.164 seconds
[2024-04-25T11:57:18.570+0800] {processor.py:161} INFO - Started process (PID=1932007) to work on /mnt/c/Users/Jason/Desktop/IS3107/is3107_DataEngineering/.venv/lib/python3.8/site-packages/airflow/example_dags/example_bash_operator.py
[2024-04-25T11:57:18.572+0800] {processor.py:830} INFO - Processing file /mnt/c/Users/Jason/Desktop/IS3107/is3107_DataEngineering/.venv/lib/python3.8/site-packages/airflow/example_dags/example_bash_operator.py for tasks to queue
[2024-04-25T11:57:18.574+0800] {logging_mixin.py:188} INFO - [2024-04-25T11:57:18.573+0800] {dagbag.py:540} INFO - Filling up the DagBag from /mnt/c/Users/Jason/Desktop/IS3107/is3107_DataEngineering/.venv/lib/python3.8/site-packages/airflow/example_dags/example_bash_operator.py
[2024-04-25T11:57:18.599+0800] {processor.py:840} INFO - DAG(s) 'example_bash_operator' retrieved from /mnt/c/Users/Jason/Desktop/IS3107/is3107_DataEngineering/.venv/lib/python3.8/site-packages/airflow/example_dags/example_bash_operator.py
[2024-04-25T11:57:18.634+0800] {logging_mixin.py:188} INFO - [2024-04-25T11:57:18.633+0800] {dag.py:3096} INFO - Sync 1 DAGs
[2024-04-25T11:57:18.657+0800] {logging_mixin.py:188} INFO - [2024-04-25T11:57:18.656+0800] {dag.py:3954} INFO - Setting next_dagrun for example_bash_operator to 2024-04-24 00:00:00+00:00, run_after=2024-04-25 00:00:00+00:00
[2024-04-25T11:57:18.717+0800] {processor.py:183} INFO - Processing /mnt/c/Users/Jason/Desktop/IS3107/is3107_DataEngineering/.venv/lib/python3.8/site-packages/airflow/example_dags/example_bash_operator.py took 0.158 seconds
[2024-04-25T11:58:22.149+0800] {processor.py:161} INFO - Started process (PID=1932617) to work on /mnt/c/Users/Jason/Desktop/IS3107/is3107_DataEngineering/.venv/lib/python3.8/site-packages/airflow/example_dags/example_bash_operator.py
[2024-04-25T11:58:22.151+0800] {processor.py:830} INFO - Processing file /mnt/c/Users/Jason/Desktop/IS3107/is3107_DataEngineering/.venv/lib/python3.8/site-packages/airflow/example_dags/example_bash_operator.py for tasks to queue
[2024-04-25T11:58:22.154+0800] {logging_mixin.py:188} INFO - [2024-04-25T11:58:22.152+0800] {dagbag.py:540} INFO - Filling up the DagBag from /mnt/c/Users/Jason/Desktop/IS3107/is3107_DataEngineering/.venv/lib/python3.8/site-packages/airflow/example_dags/example_bash_operator.py
[2024-04-25T11:58:22.184+0800] {processor.py:840} INFO - DAG(s) 'example_bash_operator' retrieved from /mnt/c/Users/Jason/Desktop/IS3107/is3107_DataEngineering/.venv/lib/python3.8/site-packages/airflow/example_dags/example_bash_operator.py
[2024-04-25T11:58:22.225+0800] {logging_mixin.py:188} INFO - [2024-04-25T11:58:22.224+0800] {dag.py:3096} INFO - Sync 1 DAGs
[2024-04-25T11:58:22.257+0800] {logging_mixin.py:188} INFO - [2024-04-25T11:58:22.255+0800] {dag.py:3954} INFO - Setting next_dagrun for example_bash_operator to 2024-04-24 00:00:00+00:00, run_after=2024-04-25 00:00:00+00:00
[2024-04-25T11:58:22.336+0800] {processor.py:183} INFO - Processing /mnt/c/Users/Jason/Desktop/IS3107/is3107_DataEngineering/.venv/lib/python3.8/site-packages/airflow/example_dags/example_bash_operator.py took 0.200 seconds
[2024-04-25T11:59:31.597+0800] {processor.py:161} INFO - Started process (PID=1933283) to work on /mnt/c/Users/Jason/Desktop/IS3107/is3107_DataEngineering/.venv/lib/python3.8/site-packages/airflow/example_dags/example_bash_operator.py
[2024-04-25T11:59:31.599+0800] {processor.py:830} INFO - Processing file /mnt/c/Users/Jason/Desktop/IS3107/is3107_DataEngineering/.venv/lib/python3.8/site-packages/airflow/example_dags/example_bash_operator.py for tasks to queue
[2024-04-25T11:59:31.603+0800] {logging_mixin.py:188} INFO - [2024-04-25T11:59:31.602+0800] {dagbag.py:540} INFO - Filling up the DagBag from /mnt/c/Users/Jason/Desktop/IS3107/is3107_DataEngineering/.venv/lib/python3.8/site-packages/airflow/example_dags/example_bash_operator.py
[2024-04-25T11:59:31.646+0800] {processor.py:840} INFO - DAG(s) 'example_bash_operator' retrieved from /mnt/c/Users/Jason/Desktop/IS3107/is3107_DataEngineering/.venv/lib/python3.8/site-packages/airflow/example_dags/example_bash_operator.py
[2024-04-25T11:59:31.712+0800] {logging_mixin.py:188} INFO - [2024-04-25T11:59:31.709+0800] {dag.py:3096} INFO - Sync 1 DAGs
[2024-04-25T11:59:31.747+0800] {logging_mixin.py:188} INFO - [2024-04-25T11:59:31.746+0800] {dag.py:3954} INFO - Setting next_dagrun for example_bash_operator to 2024-04-24 00:00:00+00:00, run_after=2024-04-25 00:00:00+00:00
[2024-04-25T11:59:31.838+0800] {processor.py:183} INFO - Processing /mnt/c/Users/Jason/Desktop/IS3107/is3107_DataEngineering/.venv/lib/python3.8/site-packages/airflow/example_dags/example_bash_operator.py took 0.261 seconds
[2024-04-25T12:00:47.416+0800] {processor.py:161} INFO - Started process (PID=1934002) to work on /mnt/c/Users/Jason/Desktop/IS3107/is3107_DataEngineering/.venv/lib/python3.8/site-packages/airflow/example_dags/example_bash_operator.py
[2024-04-25T12:00:47.418+0800] {processor.py:830} INFO - Processing file /mnt/c/Users/Jason/Desktop/IS3107/is3107_DataEngineering/.venv/lib/python3.8/site-packages/airflow/example_dags/example_bash_operator.py for tasks to queue
[2024-04-25T12:00:47.420+0800] {logging_mixin.py:188} INFO - [2024-04-25T12:00:47.420+0800] {dagbag.py:540} INFO - Filling up the DagBag from /mnt/c/Users/Jason/Desktop/IS3107/is3107_DataEngineering/.venv/lib/python3.8/site-packages/airflow/example_dags/example_bash_operator.py
[2024-04-25T12:00:47.442+0800] {processor.py:840} INFO - DAG(s) 'example_bash_operator' retrieved from /mnt/c/Users/Jason/Desktop/IS3107/is3107_DataEngineering/.venv/lib/python3.8/site-packages/airflow/example_dags/example_bash_operator.py
[2024-04-25T12:00:47.478+0800] {logging_mixin.py:188} INFO - [2024-04-25T12:00:47.476+0800] {dag.py:3096} INFO - Sync 1 DAGs
[2024-04-25T12:00:47.509+0800] {logging_mixin.py:188} INFO - [2024-04-25T12:00:47.508+0800] {dag.py:3954} INFO - Setting next_dagrun for example_bash_operator to 2024-04-24 00:00:00+00:00, run_after=2024-04-25 00:00:00+00:00
[2024-04-25T12:00:47.580+0800] {processor.py:183} INFO - Processing /mnt/c/Users/Jason/Desktop/IS3107/is3107_DataEngineering/.venv/lib/python3.8/site-packages/airflow/example_dags/example_bash_operator.py took 0.177 seconds
[2024-04-25T12:02:04.915+0800] {processor.py:161} INFO - Started process (PID=1934749) to work on /mnt/c/Users/Jason/Desktop/IS3107/is3107_DataEngineering/.venv/lib/python3.8/site-packages/airflow/example_dags/example_bash_operator.py
[2024-04-25T12:02:04.917+0800] {processor.py:830} INFO - Processing file /mnt/c/Users/Jason/Desktop/IS3107/is3107_DataEngineering/.venv/lib/python3.8/site-packages/airflow/example_dags/example_bash_operator.py for tasks to queue
[2024-04-25T12:02:04.920+0800] {logging_mixin.py:188} INFO - [2024-04-25T12:02:04.919+0800] {dagbag.py:540} INFO - Filling up the DagBag from /mnt/c/Users/Jason/Desktop/IS3107/is3107_DataEngineering/.venv/lib/python3.8/site-packages/airflow/example_dags/example_bash_operator.py
[2024-04-25T12:02:04.951+0800] {processor.py:840} INFO - DAG(s) 'example_bash_operator' retrieved from /mnt/c/Users/Jason/Desktop/IS3107/is3107_DataEngineering/.venv/lib/python3.8/site-packages/airflow/example_dags/example_bash_operator.py
[2024-04-25T12:02:05.003+0800] {logging_mixin.py:188} INFO - [2024-04-25T12:02:05.001+0800] {dag.py:3096} INFO - Sync 1 DAGs
[2024-04-25T12:02:05.035+0800] {logging_mixin.py:188} INFO - [2024-04-25T12:02:05.034+0800] {dag.py:3954} INFO - Setting next_dagrun for example_bash_operator to 2024-04-24 00:00:00+00:00, run_after=2024-04-25 00:00:00+00:00
[2024-04-25T12:02:05.154+0800] {processor.py:183} INFO - Processing /mnt/c/Users/Jason/Desktop/IS3107/is3107_DataEngineering/.venv/lib/python3.8/site-packages/airflow/example_dags/example_bash_operator.py took 0.253 seconds
[2024-04-25T12:03:15.114+0800] {processor.py:161} INFO - Started process (PID=1935420) to work on /mnt/c/Users/Jason/Desktop/IS3107/is3107_DataEngineering/.venv/lib/python3.8/site-packages/airflow/example_dags/example_bash_operator.py
[2024-04-25T12:03:15.116+0800] {processor.py:830} INFO - Processing file /mnt/c/Users/Jason/Desktop/IS3107/is3107_DataEngineering/.venv/lib/python3.8/site-packages/airflow/example_dags/example_bash_operator.py for tasks to queue
[2024-04-25T12:03:15.119+0800] {logging_mixin.py:188} INFO - [2024-04-25T12:03:15.117+0800] {dagbag.py:540} INFO - Filling up the DagBag from /mnt/c/Users/Jason/Desktop/IS3107/is3107_DataEngineering/.venv/lib/python3.8/site-packages/airflow/example_dags/example_bash_operator.py
[2024-04-25T12:03:15.147+0800] {processor.py:840} INFO - DAG(s) 'example_bash_operator' retrieved from /mnt/c/Users/Jason/Desktop/IS3107/is3107_DataEngineering/.venv/lib/python3.8/site-packages/airflow/example_dags/example_bash_operator.py
[2024-04-25T12:03:15.192+0800] {logging_mixin.py:188} INFO - [2024-04-25T12:03:15.191+0800] {dag.py:3096} INFO - Sync 1 DAGs
[2024-04-25T12:03:15.215+0800] {logging_mixin.py:188} INFO - [2024-04-25T12:03:15.214+0800] {dag.py:3954} INFO - Setting next_dagrun for example_bash_operator to 2024-04-24 00:00:00+00:00, run_after=2024-04-25 00:00:00+00:00
[2024-04-25T12:03:15.288+0800] {processor.py:183} INFO - Processing /mnt/c/Users/Jason/Desktop/IS3107/is3107_DataEngineering/.venv/lib/python3.8/site-packages/airflow/example_dags/example_bash_operator.py took 0.186 seconds
[2024-04-25T12:04:27.109+0800] {processor.py:161} INFO - Started process (PID=1936100) to work on /mnt/c/Users/Jason/Desktop/IS3107/is3107_DataEngineering/.venv/lib/python3.8/site-packages/airflow/example_dags/example_bash_operator.py
[2024-04-25T12:04:27.110+0800] {processor.py:830} INFO - Processing file /mnt/c/Users/Jason/Desktop/IS3107/is3107_DataEngineering/.venv/lib/python3.8/site-packages/airflow/example_dags/example_bash_operator.py for tasks to queue
[2024-04-25T12:04:27.113+0800] {logging_mixin.py:188} INFO - [2024-04-25T12:04:27.112+0800] {dagbag.py:540} INFO - Filling up the DagBag from /mnt/c/Users/Jason/Desktop/IS3107/is3107_DataEngineering/.venv/lib/python3.8/site-packages/airflow/example_dags/example_bash_operator.py
[2024-04-25T12:04:27.142+0800] {processor.py:840} INFO - DAG(s) 'example_bash_operator' retrieved from /mnt/c/Users/Jason/Desktop/IS3107/is3107_DataEngineering/.venv/lib/python3.8/site-packages/airflow/example_dags/example_bash_operator.py
[2024-04-25T12:04:27.183+0800] {logging_mixin.py:188} INFO - [2024-04-25T12:04:27.182+0800] {dag.py:3096} INFO - Sync 1 DAGs
[2024-04-25T12:04:27.215+0800] {logging_mixin.py:188} INFO - [2024-04-25T12:04:27.214+0800] {dag.py:3954} INFO - Setting next_dagrun for example_bash_operator to 2024-04-24 00:00:00+00:00, run_after=2024-04-25 00:00:00+00:00
[2024-04-25T12:04:27.294+0800] {processor.py:183} INFO - Processing /mnt/c/Users/Jason/Desktop/IS3107/is3107_DataEngineering/.venv/lib/python3.8/site-packages/airflow/example_dags/example_bash_operator.py took 0.199 seconds
[2024-04-25T12:05:38.261+0800] {processor.py:161} INFO - Started process (PID=1936791) to work on /mnt/c/Users/Jason/Desktop/IS3107/is3107_DataEngineering/.venv/lib/python3.8/site-packages/airflow/example_dags/example_bash_operator.py
[2024-04-25T12:05:38.262+0800] {processor.py:830} INFO - Processing file /mnt/c/Users/Jason/Desktop/IS3107/is3107_DataEngineering/.venv/lib/python3.8/site-packages/airflow/example_dags/example_bash_operator.py for tasks to queue
[2024-04-25T12:05:38.264+0800] {logging_mixin.py:188} INFO - [2024-04-25T12:05:38.263+0800] {dagbag.py:540} INFO - Filling up the DagBag from /mnt/c/Users/Jason/Desktop/IS3107/is3107_DataEngineering/.venv/lib/python3.8/site-packages/airflow/example_dags/example_bash_operator.py
[2024-04-25T12:05:38.286+0800] {processor.py:840} INFO - DAG(s) 'example_bash_operator' retrieved from /mnt/c/Users/Jason/Desktop/IS3107/is3107_DataEngineering/.venv/lib/python3.8/site-packages/airflow/example_dags/example_bash_operator.py
[2024-04-25T12:05:38.314+0800] {logging_mixin.py:188} INFO - [2024-04-25T12:05:38.313+0800] {dag.py:3096} INFO - Sync 1 DAGs
[2024-04-25T12:05:38.335+0800] {logging_mixin.py:188} INFO - [2024-04-25T12:05:38.334+0800] {dag.py:3954} INFO - Setting next_dagrun for example_bash_operator to 2024-04-24 00:00:00+00:00, run_after=2024-04-25 00:00:00+00:00
[2024-04-25T12:05:38.389+0800] {processor.py:183} INFO - Processing /mnt/c/Users/Jason/Desktop/IS3107/is3107_DataEngineering/.venv/lib/python3.8/site-packages/airflow/example_dags/example_bash_operator.py took 0.137 seconds
[2024-04-25T12:06:40.201+0800] {processor.py:161} INFO - Started process (PID=1937383) to work on /mnt/c/Users/Jason/Desktop/IS3107/is3107_DataEngineering/.venv/lib/python3.8/site-packages/airflow/example_dags/example_bash_operator.py
[2024-04-25T12:06:40.202+0800] {processor.py:830} INFO - Processing file /mnt/c/Users/Jason/Desktop/IS3107/is3107_DataEngineering/.venv/lib/python3.8/site-packages/airflow/example_dags/example_bash_operator.py for tasks to queue
[2024-04-25T12:06:40.204+0800] {logging_mixin.py:188} INFO - [2024-04-25T12:06:40.203+0800] {dagbag.py:540} INFO - Filling up the DagBag from /mnt/c/Users/Jason/Desktop/IS3107/is3107_DataEngineering/.venv/lib/python3.8/site-packages/airflow/example_dags/example_bash_operator.py
[2024-04-25T12:06:40.228+0800] {processor.py:840} INFO - DAG(s) 'example_bash_operator' retrieved from /mnt/c/Users/Jason/Desktop/IS3107/is3107_DataEngineering/.venv/lib/python3.8/site-packages/airflow/example_dags/example_bash_operator.py
[2024-04-25T12:06:40.261+0800] {logging_mixin.py:188} INFO - [2024-04-25T12:06:40.260+0800] {dag.py:3096} INFO - Sync 1 DAGs
[2024-04-25T12:06:40.281+0800] {logging_mixin.py:188} INFO - [2024-04-25T12:06:40.281+0800] {dag.py:3954} INFO - Setting next_dagrun for example_bash_operator to 2024-04-24 00:00:00+00:00, run_after=2024-04-25 00:00:00+00:00
[2024-04-25T12:06:40.338+0800] {processor.py:183} INFO - Processing /mnt/c/Users/Jason/Desktop/IS3107/is3107_DataEngineering/.venv/lib/python3.8/site-packages/airflow/example_dags/example_bash_operator.py took 0.147 seconds
[2024-04-25T12:07:40.609+0800] {processor.py:161} INFO - Started process (PID=1937980) to work on /mnt/c/Users/Jason/Desktop/IS3107/is3107_DataEngineering/.venv/lib/python3.8/site-packages/airflow/example_dags/example_bash_operator.py
[2024-04-25T12:07:40.611+0800] {processor.py:830} INFO - Processing file /mnt/c/Users/Jason/Desktop/IS3107/is3107_DataEngineering/.venv/lib/python3.8/site-packages/airflow/example_dags/example_bash_operator.py for tasks to queue
[2024-04-25T12:07:40.613+0800] {logging_mixin.py:188} INFO - [2024-04-25T12:07:40.612+0800] {dagbag.py:540} INFO - Filling up the DagBag from /mnt/c/Users/Jason/Desktop/IS3107/is3107_DataEngineering/.venv/lib/python3.8/site-packages/airflow/example_dags/example_bash_operator.py
[2024-04-25T12:07:40.634+0800] {processor.py:840} INFO - DAG(s) 'example_bash_operator' retrieved from /mnt/c/Users/Jason/Desktop/IS3107/is3107_DataEngineering/.venv/lib/python3.8/site-packages/airflow/example_dags/example_bash_operator.py
[2024-04-25T12:07:40.663+0800] {logging_mixin.py:188} INFO - [2024-04-25T12:07:40.662+0800] {dag.py:3096} INFO - Sync 1 DAGs
[2024-04-25T12:07:40.685+0800] {logging_mixin.py:188} INFO - [2024-04-25T12:07:40.685+0800] {dag.py:3954} INFO - Setting next_dagrun for example_bash_operator to 2024-04-24 00:00:00+00:00, run_after=2024-04-25 00:00:00+00:00
[2024-04-25T12:07:40.783+0800] {processor.py:183} INFO - Processing /mnt/c/Users/Jason/Desktop/IS3107/is3107_DataEngineering/.venv/lib/python3.8/site-packages/airflow/example_dags/example_bash_operator.py took 0.183 seconds
[2024-04-25T12:08:38.276+0800] {processor.py:161} INFO - Started process (PID=1938566) to work on /mnt/c/Users/Jason/Desktop/IS3107/is3107_DataEngineering/.venv/lib/python3.8/site-packages/airflow/example_dags/example_bash_operator.py
[2024-04-25T12:08:38.278+0800] {processor.py:830} INFO - Processing file /mnt/c/Users/Jason/Desktop/IS3107/is3107_DataEngineering/.venv/lib/python3.8/site-packages/airflow/example_dags/example_bash_operator.py for tasks to queue
[2024-04-25T12:08:38.280+0800] {logging_mixin.py:188} INFO - [2024-04-25T12:08:38.279+0800] {dagbag.py:540} INFO - Filling up the DagBag from /mnt/c/Users/Jason/Desktop/IS3107/is3107_DataEngineering/.venv/lib/python3.8/site-packages/airflow/example_dags/example_bash_operator.py
[2024-04-25T12:08:38.308+0800] {processor.py:840} INFO - DAG(s) 'example_bash_operator' retrieved from /mnt/c/Users/Jason/Desktop/IS3107/is3107_DataEngineering/.venv/lib/python3.8/site-packages/airflow/example_dags/example_bash_operator.py
[2024-04-25T12:08:38.341+0800] {logging_mixin.py:188} INFO - [2024-04-25T12:08:38.340+0800] {dag.py:3096} INFO - Sync 1 DAGs
[2024-04-25T12:08:38.363+0800] {logging_mixin.py:188} INFO - [2024-04-25T12:08:38.362+0800] {dag.py:3954} INFO - Setting next_dagrun for example_bash_operator to 2024-04-24 00:00:00+00:00, run_after=2024-04-25 00:00:00+00:00
[2024-04-25T12:08:38.436+0800] {processor.py:183} INFO - Processing /mnt/c/Users/Jason/Desktop/IS3107/is3107_DataEngineering/.venv/lib/python3.8/site-packages/airflow/example_dags/example_bash_operator.py took 0.171 seconds
[2024-04-25T12:09:38.771+0800] {processor.py:161} INFO - Started process (PID=1939159) to work on /mnt/c/Users/Jason/Desktop/IS3107/is3107_DataEngineering/.venv/lib/python3.8/site-packages/airflow/example_dags/example_bash_operator.py
[2024-04-25T12:09:38.773+0800] {processor.py:830} INFO - Processing file /mnt/c/Users/Jason/Desktop/IS3107/is3107_DataEngineering/.venv/lib/python3.8/site-packages/airflow/example_dags/example_bash_operator.py for tasks to queue
[2024-04-25T12:09:38.775+0800] {logging_mixin.py:188} INFO - [2024-04-25T12:09:38.774+0800] {dagbag.py:540} INFO - Filling up the DagBag from /mnt/c/Users/Jason/Desktop/IS3107/is3107_DataEngineering/.venv/lib/python3.8/site-packages/airflow/example_dags/example_bash_operator.py
[2024-04-25T12:09:38.803+0800] {processor.py:840} INFO - DAG(s) 'example_bash_operator' retrieved from /mnt/c/Users/Jason/Desktop/IS3107/is3107_DataEngineering/.venv/lib/python3.8/site-packages/airflow/example_dags/example_bash_operator.py
[2024-04-25T12:09:38.835+0800] {logging_mixin.py:188} INFO - [2024-04-25T12:09:38.835+0800] {dag.py:3096} INFO - Sync 1 DAGs
[2024-04-25T12:09:38.859+0800] {logging_mixin.py:188} INFO - [2024-04-25T12:09:38.858+0800] {dag.py:3954} INFO - Setting next_dagrun for example_bash_operator to 2024-04-24 00:00:00+00:00, run_after=2024-04-25 00:00:00+00:00
[2024-04-25T12:09:38.945+0800] {processor.py:183} INFO - Processing /mnt/c/Users/Jason/Desktop/IS3107/is3107_DataEngineering/.venv/lib/python3.8/site-packages/airflow/example_dags/example_bash_operator.py took 0.184 seconds
[2024-04-25T12:10:57.934+0800] {processor.py:161} INFO - Started process (PID=1939877) to work on /mnt/c/Users/Jason/Desktop/IS3107/is3107_DataEngineering/.venv/lib/python3.8/site-packages/airflow/example_dags/example_bash_operator.py
[2024-04-25T12:10:57.937+0800] {processor.py:830} INFO - Processing file /mnt/c/Users/Jason/Desktop/IS3107/is3107_DataEngineering/.venv/lib/python3.8/site-packages/airflow/example_dags/example_bash_operator.py for tasks to queue
[2024-04-25T12:10:57.940+0800] {logging_mixin.py:188} INFO - [2024-04-25T12:10:57.939+0800] {dagbag.py:540} INFO - Filling up the DagBag from /mnt/c/Users/Jason/Desktop/IS3107/is3107_DataEngineering/.venv/lib/python3.8/site-packages/airflow/example_dags/example_bash_operator.py
[2024-04-25T12:10:57.986+0800] {processor.py:840} INFO - DAG(s) 'example_bash_operator' retrieved from /mnt/c/Users/Jason/Desktop/IS3107/is3107_DataEngineering/.venv/lib/python3.8/site-packages/airflow/example_dags/example_bash_operator.py
[2024-04-25T12:10:58.044+0800] {logging_mixin.py:188} INFO - [2024-04-25T12:10:58.043+0800] {dag.py:3096} INFO - Sync 1 DAGs
[2024-04-25T12:10:58.085+0800] {logging_mixin.py:188} INFO - [2024-04-25T12:10:58.083+0800] {dag.py:3954} INFO - Setting next_dagrun for example_bash_operator to 2024-04-24 00:00:00+00:00, run_after=2024-04-25 00:00:00+00:00
[2024-04-25T12:10:58.186+0800] {processor.py:183} INFO - Processing /mnt/c/Users/Jason/Desktop/IS3107/is3107_DataEngineering/.venv/lib/python3.8/site-packages/airflow/example_dags/example_bash_operator.py took 0.268 seconds
[2024-04-25T12:12:14.054+0800] {processor.py:161} INFO - Started process (PID=1940628) to work on /mnt/c/Users/Jason/Desktop/IS3107/is3107_DataEngineering/.venv/lib/python3.8/site-packages/airflow/example_dags/example_bash_operator.py
[2024-04-25T12:12:14.056+0800] {processor.py:830} INFO - Processing file /mnt/c/Users/Jason/Desktop/IS3107/is3107_DataEngineering/.venv/lib/python3.8/site-packages/airflow/example_dags/example_bash_operator.py for tasks to queue
[2024-04-25T12:12:14.058+0800] {logging_mixin.py:188} INFO - [2024-04-25T12:12:14.057+0800] {dagbag.py:540} INFO - Filling up the DagBag from /mnt/c/Users/Jason/Desktop/IS3107/is3107_DataEngineering/.venv/lib/python3.8/site-packages/airflow/example_dags/example_bash_operator.py
[2024-04-25T12:12:14.083+0800] {processor.py:840} INFO - DAG(s) 'example_bash_operator' retrieved from /mnt/c/Users/Jason/Desktop/IS3107/is3107_DataEngineering/.venv/lib/python3.8/site-packages/airflow/example_dags/example_bash_operator.py
[2024-04-25T12:12:14.120+0800] {logging_mixin.py:188} INFO - [2024-04-25T12:12:14.119+0800] {dag.py:3096} INFO - Sync 1 DAGs
[2024-04-25T12:12:14.145+0800] {logging_mixin.py:188} INFO - [2024-04-25T12:12:14.144+0800] {dag.py:3954} INFO - Setting next_dagrun for example_bash_operator to 2024-04-24 00:00:00+00:00, run_after=2024-04-25 00:00:00+00:00
[2024-04-25T12:12:14.288+0800] {processor.py:183} INFO - Processing /mnt/c/Users/Jason/Desktop/IS3107/is3107_DataEngineering/.venv/lib/python3.8/site-packages/airflow/example_dags/example_bash_operator.py took 0.249 seconds
[2024-04-25T12:13:22.227+0800] {processor.py:161} INFO - Started process (PID=1941287) to work on /mnt/c/Users/Jason/Desktop/IS3107/is3107_DataEngineering/.venv/lib/python3.8/site-packages/airflow/example_dags/example_bash_operator.py
[2024-04-25T12:13:22.229+0800] {processor.py:830} INFO - Processing file /mnt/c/Users/Jason/Desktop/IS3107/is3107_DataEngineering/.venv/lib/python3.8/site-packages/airflow/example_dags/example_bash_operator.py for tasks to queue
[2024-04-25T12:13:22.232+0800] {logging_mixin.py:188} INFO - [2024-04-25T12:13:22.231+0800] {dagbag.py:540} INFO - Filling up the DagBag from /mnt/c/Users/Jason/Desktop/IS3107/is3107_DataEngineering/.venv/lib/python3.8/site-packages/airflow/example_dags/example_bash_operator.py
[2024-04-25T12:13:22.259+0800] {processor.py:840} INFO - DAG(s) 'example_bash_operator' retrieved from /mnt/c/Users/Jason/Desktop/IS3107/is3107_DataEngineering/.venv/lib/python3.8/site-packages/airflow/example_dags/example_bash_operator.py
[2024-04-25T12:13:22.298+0800] {logging_mixin.py:188} INFO - [2024-04-25T12:13:22.297+0800] {dag.py:3096} INFO - Sync 1 DAGs
[2024-04-25T12:13:22.326+0800] {logging_mixin.py:188} INFO - [2024-04-25T12:13:22.325+0800] {dag.py:3954} INFO - Setting next_dagrun for example_bash_operator to 2024-04-24 00:00:00+00:00, run_after=2024-04-25 00:00:00+00:00
[2024-04-25T12:13:22.405+0800] {processor.py:183} INFO - Processing /mnt/c/Users/Jason/Desktop/IS3107/is3107_DataEngineering/.venv/lib/python3.8/site-packages/airflow/example_dags/example_bash_operator.py took 0.189 seconds
