[2024-04-25T09:39:42.276+0800] {processor.py:161} INFO - Started process (PID=1859741) to work on /mnt/c/Users/Jason/Desktop/IS3107/is3107_DataEngineering/.venv/lib/python3.8/site-packages/airflow/example_dags/example_branch_day_of_week_operator.py
[2024-04-25T09:39:42.279+0800] {processor.py:830} INFO - Processing file /mnt/c/Users/Jason/Desktop/IS3107/is3107_DataEngineering/.venv/lib/python3.8/site-packages/airflow/example_dags/example_branch_day_of_week_operator.py for tasks to queue
[2024-04-25T09:39:42.283+0800] {logging_mixin.py:188} INFO - [2024-04-25T09:39:42.281+0800] {dagbag.py:540} INFO - Filling up the DagBag from /mnt/c/Users/Jason/Desktop/IS3107/is3107_DataEngineering/.venv/lib/python3.8/site-packages/airflow/example_dags/example_branch_day_of_week_operator.py
[2024-04-25T09:39:42.407+0800] {processor.py:840} INFO - DAG(s) 'example_weekday_branch_operator' retrieved from /mnt/c/Users/Jason/Desktop/IS3107/is3107_DataEngineering/.venv/lib/python3.8/site-packages/airflow/example_dags/example_branch_day_of_week_operator.py
[2024-04-25T09:39:47.316+0800] {logging_mixin.py:188} INFO - [2024-04-25T09:39:47.310+0800] {dag.py:3096} INFO - Sync 1 DAGs
[2024-04-25T09:39:47.615+0800] {logging_mixin.py:188} INFO - [2024-04-25T09:39:47.611+0800] {dag.py:3954} INFO - Setting next_dagrun for example_weekday_branch_operator to 2024-04-24 00:00:00+00:00, run_after=2024-04-25 00:00:00+00:00
[2024-04-25T09:39:47.936+0800] {processor.py:183} INFO - Processing /mnt/c/Users/Jason/Desktop/IS3107/is3107_DataEngineering/.venv/lib/python3.8/site-packages/airflow/example_dags/example_branch_day_of_week_operator.py took 5.674 seconds
[2024-04-25T11:50:23.597+0800] {processor.py:161} INFO - Started process (PID=1928094) to work on /mnt/c/Users/Jason/Desktop/IS3107/is3107_DataEngineering/.venv/lib/python3.8/site-packages/airflow/example_dags/example_branch_day_of_week_operator.py
[2024-04-25T11:50:23.599+0800] {processor.py:830} INFO - Processing file /mnt/c/Users/Jason/Desktop/IS3107/is3107_DataEngineering/.venv/lib/python3.8/site-packages/airflow/example_dags/example_branch_day_of_week_operator.py for tasks to queue
[2024-04-25T11:50:23.602+0800] {logging_mixin.py:188} INFO - [2024-04-25T11:50:23.601+0800] {dagbag.py:540} INFO - Filling up the DagBag from /mnt/c/Users/Jason/Desktop/IS3107/is3107_DataEngineering/.venv/lib/python3.8/site-packages/airflow/example_dags/example_branch_day_of_week_operator.py
[2024-04-25T11:50:23.634+0800] {processor.py:840} INFO - DAG(s) 'example_weekday_branch_operator' retrieved from /mnt/c/Users/Jason/Desktop/IS3107/is3107_DataEngineering/.venv/lib/python3.8/site-packages/airflow/example_dags/example_branch_day_of_week_operator.py
[2024-04-25T11:50:25.075+0800] {logging_mixin.py:188} INFO - [2024-04-25T11:50:25.072+0800] {dag.py:3096} INFO - Sync 1 DAGs
[2024-04-25T11:50:25.113+0800] {logging_mixin.py:188} INFO - [2024-04-25T11:50:25.111+0800] {dag.py:3954} INFO - Setting next_dagrun for example_weekday_branch_operator to 2024-04-24 00:00:00+00:00, run_after=2024-04-25 00:00:00+00:00
[2024-04-25T11:50:25.222+0800] {processor.py:183} INFO - Processing /mnt/c/Users/Jason/Desktop/IS3107/is3107_DataEngineering/.venv/lib/python3.8/site-packages/airflow/example_dags/example_branch_day_of_week_operator.py took 1.638 seconds
[2024-04-25T11:53:08.605+0800] {processor.py:161} INFO - Started process (PID=1929607) to work on /mnt/c/Users/Jason/Desktop/IS3107/is3107_DataEngineering/.venv/lib/python3.8/site-packages/airflow/example_dags/example_branch_day_of_week_operator.py
[2024-04-25T11:53:08.608+0800] {processor.py:830} INFO - Processing file /mnt/c/Users/Jason/Desktop/IS3107/is3107_DataEngineering/.venv/lib/python3.8/site-packages/airflow/example_dags/example_branch_day_of_week_operator.py for tasks to queue
[2024-04-25T11:53:08.611+0800] {logging_mixin.py:188} INFO - [2024-04-25T11:53:08.610+0800] {dagbag.py:540} INFO - Filling up the DagBag from /mnt/c/Users/Jason/Desktop/IS3107/is3107_DataEngineering/.venv/lib/python3.8/site-packages/airflow/example_dags/example_branch_day_of_week_operator.py
[2024-04-25T11:53:08.648+0800] {processor.py:840} INFO - DAG(s) 'example_weekday_branch_operator' retrieved from /mnt/c/Users/Jason/Desktop/IS3107/is3107_DataEngineering/.venv/lib/python3.8/site-packages/airflow/example_dags/example_branch_day_of_week_operator.py
[2024-04-25T11:53:08.687+0800] {logging_mixin.py:188} INFO - [2024-04-25T11:53:08.686+0800] {dag.py:3096} INFO - Sync 1 DAGs
[2024-04-25T11:53:08.726+0800] {logging_mixin.py:188} INFO - [2024-04-25T11:53:08.724+0800] {dag.py:3954} INFO - Setting next_dagrun for example_weekday_branch_operator to 2024-04-24 00:00:00+00:00, run_after=2024-04-25 00:00:00+00:00
[2024-04-25T11:53:08.816+0800] {processor.py:183} INFO - Processing /mnt/c/Users/Jason/Desktop/IS3107/is3107_DataEngineering/.venv/lib/python3.8/site-packages/airflow/example_dags/example_branch_day_of_week_operator.py took 0.229 seconds
[2024-04-25T11:55:02.653+0800] {processor.py:161} INFO - Started process (PID=1930657) to work on /mnt/c/Users/Jason/Desktop/IS3107/is3107_DataEngineering/.venv/lib/python3.8/site-packages/airflow/example_dags/example_branch_day_of_week_operator.py
[2024-04-25T11:55:02.657+0800] {processor.py:830} INFO - Processing file /mnt/c/Users/Jason/Desktop/IS3107/is3107_DataEngineering/.venv/lib/python3.8/site-packages/airflow/example_dags/example_branch_day_of_week_operator.py for tasks to queue
[2024-04-25T11:55:02.665+0800] {logging_mixin.py:188} INFO - [2024-04-25T11:55:02.661+0800] {dagbag.py:540} INFO - Filling up the DagBag from /mnt/c/Users/Jason/Desktop/IS3107/is3107_DataEngineering/.venv/lib/python3.8/site-packages/airflow/example_dags/example_branch_day_of_week_operator.py
[2024-04-25T11:55:02.735+0800] {processor.py:840} INFO - DAG(s) 'example_weekday_branch_operator' retrieved from /mnt/c/Users/Jason/Desktop/IS3107/is3107_DataEngineering/.venv/lib/python3.8/site-packages/airflow/example_dags/example_branch_day_of_week_operator.py
[2024-04-25T11:55:02.808+0800] {logging_mixin.py:188} INFO - [2024-04-25T11:55:02.806+0800] {dag.py:3096} INFO - Sync 1 DAGs
[2024-04-25T11:55:02.950+0800] {logging_mixin.py:188} INFO - [2024-04-25T11:55:02.947+0800] {dag.py:3954} INFO - Setting next_dagrun for example_weekday_branch_operator to 2024-04-24 00:00:00+00:00, run_after=2024-04-25 00:00:00+00:00
[2024-04-25T11:55:03.191+0800] {processor.py:183} INFO - Processing /mnt/c/Users/Jason/Desktop/IS3107/is3107_DataEngineering/.venv/lib/python3.8/site-packages/airflow/example_dags/example_branch_day_of_week_operator.py took 0.571 seconds
[2024-04-25T11:56:15.107+0800] {processor.py:161} INFO - Started process (PID=1931405) to work on /mnt/c/Users/Jason/Desktop/IS3107/is3107_DataEngineering/.venv/lib/python3.8/site-packages/airflow/example_dags/example_branch_day_of_week_operator.py
[2024-04-25T11:56:15.110+0800] {processor.py:830} INFO - Processing file /mnt/c/Users/Jason/Desktop/IS3107/is3107_DataEngineering/.venv/lib/python3.8/site-packages/airflow/example_dags/example_branch_day_of_week_operator.py for tasks to queue
[2024-04-25T11:56:15.114+0800] {logging_mixin.py:188} INFO - [2024-04-25T11:56:15.112+0800] {dagbag.py:540} INFO - Filling up the DagBag from /mnt/c/Users/Jason/Desktop/IS3107/is3107_DataEngineering/.venv/lib/python3.8/site-packages/airflow/example_dags/example_branch_day_of_week_operator.py
[2024-04-25T11:56:15.154+0800] {processor.py:840} INFO - DAG(s) 'example_weekday_branch_operator' retrieved from /mnt/c/Users/Jason/Desktop/IS3107/is3107_DataEngineering/.venv/lib/python3.8/site-packages/airflow/example_dags/example_branch_day_of_week_operator.py
[2024-04-25T11:56:15.210+0800] {logging_mixin.py:188} INFO - [2024-04-25T11:56:15.208+0800] {dag.py:3096} INFO - Sync 1 DAGs
[2024-04-25T11:56:15.253+0800] {logging_mixin.py:188} INFO - [2024-04-25T11:56:15.251+0800] {dag.py:3954} INFO - Setting next_dagrun for example_weekday_branch_operator to 2024-04-24 00:00:00+00:00, run_after=2024-04-25 00:00:00+00:00
[2024-04-25T11:56:15.365+0800] {processor.py:183} INFO - Processing /mnt/c/Users/Jason/Desktop/IS3107/is3107_DataEngineering/.venv/lib/python3.8/site-packages/airflow/example_dags/example_branch_day_of_week_operator.py took 0.277 seconds
[2024-04-25T11:57:20.895+0800] {processor.py:161} INFO - Started process (PID=1932017) to work on /mnt/c/Users/Jason/Desktop/IS3107/is3107_DataEngineering/.venv/lib/python3.8/site-packages/airflow/example_dags/example_branch_day_of_week_operator.py
[2024-04-25T11:57:20.897+0800] {processor.py:830} INFO - Processing file /mnt/c/Users/Jason/Desktop/IS3107/is3107_DataEngineering/.venv/lib/python3.8/site-packages/airflow/example_dags/example_branch_day_of_week_operator.py for tasks to queue
[2024-04-25T11:57:20.901+0800] {logging_mixin.py:188} INFO - [2024-04-25T11:57:20.899+0800] {dagbag.py:540} INFO - Filling up the DagBag from /mnt/c/Users/Jason/Desktop/IS3107/is3107_DataEngineering/.venv/lib/python3.8/site-packages/airflow/example_dags/example_branch_day_of_week_operator.py
[2024-04-25T11:57:20.946+0800] {processor.py:840} INFO - DAG(s) 'example_weekday_branch_operator' retrieved from /mnt/c/Users/Jason/Desktop/IS3107/is3107_DataEngineering/.venv/lib/python3.8/site-packages/airflow/example_dags/example_branch_day_of_week_operator.py
[2024-04-25T11:57:20.989+0800] {logging_mixin.py:188} INFO - [2024-04-25T11:57:20.987+0800] {dag.py:3096} INFO - Sync 1 DAGs
[2024-04-25T11:57:21.033+0800] {logging_mixin.py:188} INFO - [2024-04-25T11:57:21.030+0800] {dag.py:3954} INFO - Setting next_dagrun for example_weekday_branch_operator to 2024-04-24 00:00:00+00:00, run_after=2024-04-25 00:00:00+00:00
[2024-04-25T11:57:21.163+0800] {processor.py:183} INFO - Processing /mnt/c/Users/Jason/Desktop/IS3107/is3107_DataEngineering/.venv/lib/python3.8/site-packages/airflow/example_dags/example_branch_day_of_week_operator.py took 0.287 seconds
[2024-04-25T11:58:24.669+0800] {processor.py:161} INFO - Started process (PID=1932629) to work on /mnt/c/Users/Jason/Desktop/IS3107/is3107_DataEngineering/.venv/lib/python3.8/site-packages/airflow/example_dags/example_branch_day_of_week_operator.py
[2024-04-25T11:58:24.671+0800] {processor.py:830} INFO - Processing file /mnt/c/Users/Jason/Desktop/IS3107/is3107_DataEngineering/.venv/lib/python3.8/site-packages/airflow/example_dags/example_branch_day_of_week_operator.py for tasks to queue
[2024-04-25T11:58:24.674+0800] {logging_mixin.py:188} INFO - [2024-04-25T11:58:24.672+0800] {dagbag.py:540} INFO - Filling up the DagBag from /mnt/c/Users/Jason/Desktop/IS3107/is3107_DataEngineering/.venv/lib/python3.8/site-packages/airflow/example_dags/example_branch_day_of_week_operator.py
[2024-04-25T11:58:24.703+0800] {processor.py:840} INFO - DAG(s) 'example_weekday_branch_operator' retrieved from /mnt/c/Users/Jason/Desktop/IS3107/is3107_DataEngineering/.venv/lib/python3.8/site-packages/airflow/example_dags/example_branch_day_of_week_operator.py
[2024-04-25T11:58:24.733+0800] {logging_mixin.py:188} INFO - [2024-04-25T11:58:24.733+0800] {dag.py:3096} INFO - Sync 1 DAGs
[2024-04-25T11:58:24.765+0800] {logging_mixin.py:188} INFO - [2024-04-25T11:58:24.763+0800] {dag.py:3954} INFO - Setting next_dagrun for example_weekday_branch_operator to 2024-04-24 00:00:00+00:00, run_after=2024-04-25 00:00:00+00:00
[2024-04-25T11:58:24.854+0800] {processor.py:183} INFO - Processing /mnt/c/Users/Jason/Desktop/IS3107/is3107_DataEngineering/.venv/lib/python3.8/site-packages/airflow/example_dags/example_branch_day_of_week_operator.py took 0.201 seconds
[2024-04-25T11:59:34.131+0800] {processor.py:161} INFO - Started process (PID=1933295) to work on /mnt/c/Users/Jason/Desktop/IS3107/is3107_DataEngineering/.venv/lib/python3.8/site-packages/airflow/example_dags/example_branch_day_of_week_operator.py
[2024-04-25T11:59:34.132+0800] {processor.py:830} INFO - Processing file /mnt/c/Users/Jason/Desktop/IS3107/is3107_DataEngineering/.venv/lib/python3.8/site-packages/airflow/example_dags/example_branch_day_of_week_operator.py for tasks to queue
[2024-04-25T11:59:34.135+0800] {logging_mixin.py:188} INFO - [2024-04-25T11:59:34.134+0800] {dagbag.py:540} INFO - Filling up the DagBag from /mnt/c/Users/Jason/Desktop/IS3107/is3107_DataEngineering/.venv/lib/python3.8/site-packages/airflow/example_dags/example_branch_day_of_week_operator.py
[2024-04-25T11:59:34.159+0800] {processor.py:840} INFO - DAG(s) 'example_weekday_branch_operator' retrieved from /mnt/c/Users/Jason/Desktop/IS3107/is3107_DataEngineering/.venv/lib/python3.8/site-packages/airflow/example_dags/example_branch_day_of_week_operator.py
[2024-04-25T11:59:34.184+0800] {logging_mixin.py:188} INFO - [2024-04-25T11:59:34.183+0800] {dag.py:3096} INFO - Sync 1 DAGs
[2024-04-25T11:59:34.206+0800] {logging_mixin.py:188} INFO - [2024-04-25T11:59:34.206+0800] {dag.py:3954} INFO - Setting next_dagrun for example_weekday_branch_operator to 2024-04-24 00:00:00+00:00, run_after=2024-04-25 00:00:00+00:00
[2024-04-25T11:59:34.260+0800] {processor.py:183} INFO - Processing /mnt/c/Users/Jason/Desktop/IS3107/is3107_DataEngineering/.venv/lib/python3.8/site-packages/airflow/example_dags/example_branch_day_of_week_operator.py took 0.140 seconds
[2024-04-25T12:00:50.058+0800] {processor.py:161} INFO - Started process (PID=1934037) to work on /mnt/c/Users/Jason/Desktop/IS3107/is3107_DataEngineering/.venv/lib/python3.8/site-packages/airflow/example_dags/example_branch_day_of_week_operator.py
[2024-04-25T12:00:50.062+0800] {processor.py:830} INFO - Processing file /mnt/c/Users/Jason/Desktop/IS3107/is3107_DataEngineering/.venv/lib/python3.8/site-packages/airflow/example_dags/example_branch_day_of_week_operator.py for tasks to queue
[2024-04-25T12:00:50.066+0800] {logging_mixin.py:188} INFO - [2024-04-25T12:00:50.064+0800] {dagbag.py:540} INFO - Filling up the DagBag from /mnt/c/Users/Jason/Desktop/IS3107/is3107_DataEngineering/.venv/lib/python3.8/site-packages/airflow/example_dags/example_branch_day_of_week_operator.py
[2024-04-25T12:00:50.135+0800] {processor.py:840} INFO - DAG(s) 'example_weekday_branch_operator' retrieved from /mnt/c/Users/Jason/Desktop/IS3107/is3107_DataEngineering/.venv/lib/python3.8/site-packages/airflow/example_dags/example_branch_day_of_week_operator.py
[2024-04-25T12:00:50.207+0800] {logging_mixin.py:188} INFO - [2024-04-25T12:00:50.205+0800] {dag.py:3096} INFO - Sync 1 DAGs
[2024-04-25T12:00:50.263+0800] {logging_mixin.py:188} INFO - [2024-04-25T12:00:50.261+0800] {dag.py:3954} INFO - Setting next_dagrun for example_weekday_branch_operator to 2024-04-24 00:00:00+00:00, run_after=2024-04-25 00:00:00+00:00
[2024-04-25T12:00:50.394+0800] {processor.py:183} INFO - Processing /mnt/c/Users/Jason/Desktop/IS3107/is3107_DataEngineering/.venv/lib/python3.8/site-packages/airflow/example_dags/example_branch_day_of_week_operator.py took 0.368 seconds
[2024-04-25T12:02:07.795+0800] {processor.py:161} INFO - Started process (PID=1934760) to work on /mnt/c/Users/Jason/Desktop/IS3107/is3107_DataEngineering/.venv/lib/python3.8/site-packages/airflow/example_dags/example_branch_day_of_week_operator.py
[2024-04-25T12:02:07.799+0800] {processor.py:830} INFO - Processing file /mnt/c/Users/Jason/Desktop/IS3107/is3107_DataEngineering/.venv/lib/python3.8/site-packages/airflow/example_dags/example_branch_day_of_week_operator.py for tasks to queue
[2024-04-25T12:02:07.806+0800] {logging_mixin.py:188} INFO - [2024-04-25T12:02:07.803+0800] {dagbag.py:540} INFO - Filling up the DagBag from /mnt/c/Users/Jason/Desktop/IS3107/is3107_DataEngineering/.venv/lib/python3.8/site-packages/airflow/example_dags/example_branch_day_of_week_operator.py
[2024-04-25T12:02:07.863+0800] {processor.py:840} INFO - DAG(s) 'example_weekday_branch_operator' retrieved from /mnt/c/Users/Jason/Desktop/IS3107/is3107_DataEngineering/.venv/lib/python3.8/site-packages/airflow/example_dags/example_branch_day_of_week_operator.py
[2024-04-25T12:02:07.906+0800] {logging_mixin.py:188} INFO - [2024-04-25T12:02:07.905+0800] {dag.py:3096} INFO - Sync 1 DAGs
[2024-04-25T12:02:07.971+0800] {logging_mixin.py:188} INFO - [2024-04-25T12:02:07.968+0800] {dag.py:3954} INFO - Setting next_dagrun for example_weekday_branch_operator to 2024-04-24 00:00:00+00:00, run_after=2024-04-25 00:00:00+00:00
[2024-04-25T12:02:08.082+0800] {processor.py:183} INFO - Processing /mnt/c/Users/Jason/Desktop/IS3107/is3107_DataEngineering/.venv/lib/python3.8/site-packages/airflow/example_dags/example_branch_day_of_week_operator.py took 0.403 seconds
[2024-04-25T12:03:17.646+0800] {processor.py:161} INFO - Started process (PID=1935455) to work on /mnt/c/Users/Jason/Desktop/IS3107/is3107_DataEngineering/.venv/lib/python3.8/site-packages/airflow/example_dags/example_branch_day_of_week_operator.py
[2024-04-25T12:03:17.648+0800] {processor.py:830} INFO - Processing file /mnt/c/Users/Jason/Desktop/IS3107/is3107_DataEngineering/.venv/lib/python3.8/site-packages/airflow/example_dags/example_branch_day_of_week_operator.py for tasks to queue
[2024-04-25T12:03:17.652+0800] {logging_mixin.py:188} INFO - [2024-04-25T12:03:17.650+0800] {dagbag.py:540} INFO - Filling up the DagBag from /mnt/c/Users/Jason/Desktop/IS3107/is3107_DataEngineering/.venv/lib/python3.8/site-packages/airflow/example_dags/example_branch_day_of_week_operator.py
[2024-04-25T12:03:17.693+0800] {processor.py:840} INFO - DAG(s) 'example_weekday_branch_operator' retrieved from /mnt/c/Users/Jason/Desktop/IS3107/is3107_DataEngineering/.venv/lib/python3.8/site-packages/airflow/example_dags/example_branch_day_of_week_operator.py
[2024-04-25T12:03:17.746+0800] {logging_mixin.py:188} INFO - [2024-04-25T12:03:17.743+0800] {dag.py:3096} INFO - Sync 1 DAGs
[2024-04-25T12:03:17.791+0800] {logging_mixin.py:188} INFO - [2024-04-25T12:03:17.789+0800] {dag.py:3954} INFO - Setting next_dagrun for example_weekday_branch_operator to 2024-04-24 00:00:00+00:00, run_after=2024-04-25 00:00:00+00:00
[2024-04-25T12:03:17.914+0800] {processor.py:183} INFO - Processing /mnt/c/Users/Jason/Desktop/IS3107/is3107_DataEngineering/.venv/lib/python3.8/site-packages/airflow/example_dags/example_branch_day_of_week_operator.py took 0.286 seconds
[2024-04-25T12:04:29.727+0800] {processor.py:161} INFO - Started process (PID=1936143) to work on /mnt/c/Users/Jason/Desktop/IS3107/is3107_DataEngineering/.venv/lib/python3.8/site-packages/airflow/example_dags/example_branch_day_of_week_operator.py
[2024-04-25T12:04:29.733+0800] {processor.py:830} INFO - Processing file /mnt/c/Users/Jason/Desktop/IS3107/is3107_DataEngineering/.venv/lib/python3.8/site-packages/airflow/example_dags/example_branch_day_of_week_operator.py for tasks to queue
[2024-04-25T12:04:29.740+0800] {logging_mixin.py:188} INFO - [2024-04-25T12:04:29.736+0800] {dagbag.py:540} INFO - Filling up the DagBag from /mnt/c/Users/Jason/Desktop/IS3107/is3107_DataEngineering/.venv/lib/python3.8/site-packages/airflow/example_dags/example_branch_day_of_week_operator.py
[2024-04-25T12:04:29.799+0800] {processor.py:840} INFO - DAG(s) 'example_weekday_branch_operator' retrieved from /mnt/c/Users/Jason/Desktop/IS3107/is3107_DataEngineering/.venv/lib/python3.8/site-packages/airflow/example_dags/example_branch_day_of_week_operator.py
[2024-04-25T12:04:29.877+0800] {logging_mixin.py:188} INFO - [2024-04-25T12:04:29.874+0800] {dag.py:3096} INFO - Sync 1 DAGs
[2024-04-25T12:04:29.932+0800] {logging_mixin.py:188} INFO - [2024-04-25T12:04:29.930+0800] {dag.py:3954} INFO - Setting next_dagrun for example_weekday_branch_operator to 2024-04-24 00:00:00+00:00, run_after=2024-04-25 00:00:00+00:00
[2024-04-25T12:04:30.077+0800] {processor.py:183} INFO - Processing /mnt/c/Users/Jason/Desktop/IS3107/is3107_DataEngineering/.venv/lib/python3.8/site-packages/airflow/example_dags/example_branch_day_of_week_operator.py took 0.374 seconds
[2024-04-25T12:05:40.992+0800] {processor.py:161} INFO - Started process (PID=1936815) to work on /mnt/c/Users/Jason/Desktop/IS3107/is3107_DataEngineering/.venv/lib/python3.8/site-packages/airflow/example_dags/example_branch_day_of_week_operator.py
[2024-04-25T12:05:40.993+0800] {processor.py:830} INFO - Processing file /mnt/c/Users/Jason/Desktop/IS3107/is3107_DataEngineering/.venv/lib/python3.8/site-packages/airflow/example_dags/example_branch_day_of_week_operator.py for tasks to queue
[2024-04-25T12:05:40.995+0800] {logging_mixin.py:188} INFO - [2024-04-25T12:05:40.994+0800] {dagbag.py:540} INFO - Filling up the DagBag from /mnt/c/Users/Jason/Desktop/IS3107/is3107_DataEngineering/.venv/lib/python3.8/site-packages/airflow/example_dags/example_branch_day_of_week_operator.py
[2024-04-25T12:05:41.017+0800] {processor.py:840} INFO - DAG(s) 'example_weekday_branch_operator' retrieved from /mnt/c/Users/Jason/Desktop/IS3107/is3107_DataEngineering/.venv/lib/python3.8/site-packages/airflow/example_dags/example_branch_day_of_week_operator.py
[2024-04-25T12:05:41.038+0800] {logging_mixin.py:188} INFO - [2024-04-25T12:05:41.038+0800] {dag.py:3096} INFO - Sync 1 DAGs
[2024-04-25T12:05:41.056+0800] {logging_mixin.py:188} INFO - [2024-04-25T12:05:41.056+0800] {dag.py:3954} INFO - Setting next_dagrun for example_weekday_branch_operator to 2024-04-24 00:00:00+00:00, run_after=2024-04-25 00:00:00+00:00
[2024-04-25T12:05:41.129+0800] {processor.py:183} INFO - Processing /mnt/c/Users/Jason/Desktop/IS3107/is3107_DataEngineering/.venv/lib/python3.8/site-packages/airflow/example_dags/example_branch_day_of_week_operator.py took 0.148 seconds
[2024-04-25T12:06:42.684+0800] {processor.py:161} INFO - Started process (PID=1937407) to work on /mnt/c/Users/Jason/Desktop/IS3107/is3107_DataEngineering/.venv/lib/python3.8/site-packages/airflow/example_dags/example_branch_day_of_week_operator.py
[2024-04-25T12:06:42.685+0800] {processor.py:830} INFO - Processing file /mnt/c/Users/Jason/Desktop/IS3107/is3107_DataEngineering/.venv/lib/python3.8/site-packages/airflow/example_dags/example_branch_day_of_week_operator.py for tasks to queue
[2024-04-25T12:06:42.688+0800] {logging_mixin.py:188} INFO - [2024-04-25T12:06:42.687+0800] {dagbag.py:540} INFO - Filling up the DagBag from /mnt/c/Users/Jason/Desktop/IS3107/is3107_DataEngineering/.venv/lib/python3.8/site-packages/airflow/example_dags/example_branch_day_of_week_operator.py
[2024-04-25T12:06:42.711+0800] {processor.py:840} INFO - DAG(s) 'example_weekday_branch_operator' retrieved from /mnt/c/Users/Jason/Desktop/IS3107/is3107_DataEngineering/.venv/lib/python3.8/site-packages/airflow/example_dags/example_branch_day_of_week_operator.py
[2024-04-25T12:06:42.741+0800] {logging_mixin.py:188} INFO - [2024-04-25T12:06:42.740+0800] {dag.py:3096} INFO - Sync 1 DAGs
[2024-04-25T12:06:42.764+0800] {logging_mixin.py:188} INFO - [2024-04-25T12:06:42.763+0800] {dag.py:3954} INFO - Setting next_dagrun for example_weekday_branch_operator to 2024-04-24 00:00:00+00:00, run_after=2024-04-25 00:00:00+00:00
[2024-04-25T12:06:42.824+0800] {processor.py:183} INFO - Processing /mnt/c/Users/Jason/Desktop/IS3107/is3107_DataEngineering/.venv/lib/python3.8/site-packages/airflow/example_dags/example_branch_day_of_week_operator.py took 0.153 seconds
[2024-04-25T12:07:43.189+0800] {processor.py:161} INFO - Started process (PID=1938019) to work on /mnt/c/Users/Jason/Desktop/IS3107/is3107_DataEngineering/.venv/lib/python3.8/site-packages/airflow/example_dags/example_branch_day_of_week_operator.py
[2024-04-25T12:07:43.191+0800] {processor.py:830} INFO - Processing file /mnt/c/Users/Jason/Desktop/IS3107/is3107_DataEngineering/.venv/lib/python3.8/site-packages/airflow/example_dags/example_branch_day_of_week_operator.py for tasks to queue
[2024-04-25T12:07:43.194+0800] {logging_mixin.py:188} INFO - [2024-04-25T12:07:43.192+0800] {dagbag.py:540} INFO - Filling up the DagBag from /mnt/c/Users/Jason/Desktop/IS3107/is3107_DataEngineering/.venv/lib/python3.8/site-packages/airflow/example_dags/example_branch_day_of_week_operator.py
[2024-04-25T12:07:43.221+0800] {processor.py:840} INFO - DAG(s) 'example_weekday_branch_operator' retrieved from /mnt/c/Users/Jason/Desktop/IS3107/is3107_DataEngineering/.venv/lib/python3.8/site-packages/airflow/example_dags/example_branch_day_of_week_operator.py
[2024-04-25T12:07:43.246+0800] {logging_mixin.py:188} INFO - [2024-04-25T12:07:43.245+0800] {dag.py:3096} INFO - Sync 1 DAGs
[2024-04-25T12:07:43.268+0800] {logging_mixin.py:188} INFO - [2024-04-25T12:07:43.268+0800] {dag.py:3954} INFO - Setting next_dagrun for example_weekday_branch_operator to 2024-04-24 00:00:00+00:00, run_after=2024-04-25 00:00:00+00:00
[2024-04-25T12:07:43.357+0800] {processor.py:183} INFO - Processing /mnt/c/Users/Jason/Desktop/IS3107/is3107_DataEngineering/.venv/lib/python3.8/site-packages/airflow/example_dags/example_branch_day_of_week_operator.py took 0.180 seconds
[2024-04-25T12:08:40.508+0800] {processor.py:161} INFO - Started process (PID=1938568) to work on /mnt/c/Users/Jason/Desktop/IS3107/is3107_DataEngineering/.venv/lib/python3.8/site-packages/airflow/example_dags/example_branch_day_of_week_operator.py
[2024-04-25T12:08:40.510+0800] {processor.py:830} INFO - Processing file /mnt/c/Users/Jason/Desktop/IS3107/is3107_DataEngineering/.venv/lib/python3.8/site-packages/airflow/example_dags/example_branch_day_of_week_operator.py for tasks to queue
[2024-04-25T12:08:40.512+0800] {logging_mixin.py:188} INFO - [2024-04-25T12:08:40.511+0800] {dagbag.py:540} INFO - Filling up the DagBag from /mnt/c/Users/Jason/Desktop/IS3107/is3107_DataEngineering/.venv/lib/python3.8/site-packages/airflow/example_dags/example_branch_day_of_week_operator.py
[2024-04-25T12:08:40.532+0800] {processor.py:840} INFO - DAG(s) 'example_weekday_branch_operator' retrieved from /mnt/c/Users/Jason/Desktop/IS3107/is3107_DataEngineering/.venv/lib/python3.8/site-packages/airflow/example_dags/example_branch_day_of_week_operator.py
[2024-04-25T12:08:40.555+0800] {logging_mixin.py:188} INFO - [2024-04-25T12:08:40.554+0800] {dag.py:3096} INFO - Sync 1 DAGs
[2024-04-25T12:08:40.575+0800] {logging_mixin.py:188} INFO - [2024-04-25T12:08:40.574+0800] {dag.py:3954} INFO - Setting next_dagrun for example_weekday_branch_operator to 2024-04-24 00:00:00+00:00, run_after=2024-04-25 00:00:00+00:00
[2024-04-25T12:08:40.646+0800] {processor.py:183} INFO - Processing /mnt/c/Users/Jason/Desktop/IS3107/is3107_DataEngineering/.venv/lib/python3.8/site-packages/airflow/example_dags/example_branch_day_of_week_operator.py took 0.146 seconds
[2024-04-25T12:09:42.440+0800] {processor.py:161} INFO - Started process (PID=1939181) to work on /mnt/c/Users/Jason/Desktop/IS3107/is3107_DataEngineering/.venv/lib/python3.8/site-packages/airflow/example_dags/example_branch_day_of_week_operator.py
[2024-04-25T12:09:42.443+0800] {processor.py:830} INFO - Processing file /mnt/c/Users/Jason/Desktop/IS3107/is3107_DataEngineering/.venv/lib/python3.8/site-packages/airflow/example_dags/example_branch_day_of_week_operator.py for tasks to queue
[2024-04-25T12:09:42.446+0800] {logging_mixin.py:188} INFO - [2024-04-25T12:09:42.445+0800] {dagbag.py:540} INFO - Filling up the DagBag from /mnt/c/Users/Jason/Desktop/IS3107/is3107_DataEngineering/.venv/lib/python3.8/site-packages/airflow/example_dags/example_branch_day_of_week_operator.py
[2024-04-25T12:09:42.484+0800] {processor.py:840} INFO - DAG(s) 'example_weekday_branch_operator' retrieved from /mnt/c/Users/Jason/Desktop/IS3107/is3107_DataEngineering/.venv/lib/python3.8/site-packages/airflow/example_dags/example_branch_day_of_week_operator.py
[2024-04-25T12:09:42.530+0800] {logging_mixin.py:188} INFO - [2024-04-25T12:09:42.529+0800] {dag.py:3096} INFO - Sync 1 DAGs
[2024-04-25T12:09:42.573+0800] {logging_mixin.py:188} INFO - [2024-04-25T12:09:42.572+0800] {dag.py:3954} INFO - Setting next_dagrun for example_weekday_branch_operator to 2024-04-24 00:00:00+00:00, run_after=2024-04-25 00:00:00+00:00
[2024-04-25T12:09:42.677+0800] {processor.py:183} INFO - Processing /mnt/c/Users/Jason/Desktop/IS3107/is3107_DataEngineering/.venv/lib/python3.8/site-packages/airflow/example_dags/example_branch_day_of_week_operator.py took 0.256 seconds
[2024-04-25T12:11:00.361+0800] {processor.py:161} INFO - Started process (PID=1939920) to work on /mnt/c/Users/Jason/Desktop/IS3107/is3107_DataEngineering/.venv/lib/python3.8/site-packages/airflow/example_dags/example_branch_day_of_week_operator.py
[2024-04-25T12:11:00.365+0800] {processor.py:830} INFO - Processing file /mnt/c/Users/Jason/Desktop/IS3107/is3107_DataEngineering/.venv/lib/python3.8/site-packages/airflow/example_dags/example_branch_day_of_week_operator.py for tasks to queue
[2024-04-25T12:11:00.370+0800] {logging_mixin.py:188} INFO - [2024-04-25T12:11:00.368+0800] {dagbag.py:540} INFO - Filling up the DagBag from /mnt/c/Users/Jason/Desktop/IS3107/is3107_DataEngineering/.venv/lib/python3.8/site-packages/airflow/example_dags/example_branch_day_of_week_operator.py
[2024-04-25T12:11:00.443+0800] {processor.py:840} INFO - DAG(s) 'example_weekday_branch_operator' retrieved from /mnt/c/Users/Jason/Desktop/IS3107/is3107_DataEngineering/.venv/lib/python3.8/site-packages/airflow/example_dags/example_branch_day_of_week_operator.py
[2024-04-25T12:11:00.515+0800] {logging_mixin.py:188} INFO - [2024-04-25T12:11:00.513+0800] {dag.py:3096} INFO - Sync 1 DAGs
[2024-04-25T12:11:00.612+0800] {logging_mixin.py:188} INFO - [2024-04-25T12:11:00.610+0800] {dag.py:3954} INFO - Setting next_dagrun for example_weekday_branch_operator to 2024-04-24 00:00:00+00:00, run_after=2024-04-25 00:00:00+00:00
[2024-04-25T12:11:00.785+0800] {processor.py:183} INFO - Processing /mnt/c/Users/Jason/Desktop/IS3107/is3107_DataEngineering/.venv/lib/python3.8/site-packages/airflow/example_dags/example_branch_day_of_week_operator.py took 0.451 seconds
[2024-04-25T12:12:16.783+0800] {processor.py:161} INFO - Started process (PID=1940650) to work on /mnt/c/Users/Jason/Desktop/IS3107/is3107_DataEngineering/.venv/lib/python3.8/site-packages/airflow/example_dags/example_branch_day_of_week_operator.py
[2024-04-25T12:12:16.785+0800] {processor.py:830} INFO - Processing file /mnt/c/Users/Jason/Desktop/IS3107/is3107_DataEngineering/.venv/lib/python3.8/site-packages/airflow/example_dags/example_branch_day_of_week_operator.py for tasks to queue
[2024-04-25T12:12:16.788+0800] {logging_mixin.py:188} INFO - [2024-04-25T12:12:16.787+0800] {dagbag.py:540} INFO - Filling up the DagBag from /mnt/c/Users/Jason/Desktop/IS3107/is3107_DataEngineering/.venv/lib/python3.8/site-packages/airflow/example_dags/example_branch_day_of_week_operator.py
[2024-04-25T12:12:16.815+0800] {processor.py:840} INFO - DAG(s) 'example_weekday_branch_operator' retrieved from /mnt/c/Users/Jason/Desktop/IS3107/is3107_DataEngineering/.venv/lib/python3.8/site-packages/airflow/example_dags/example_branch_day_of_week_operator.py
[2024-04-25T12:12:16.847+0800] {logging_mixin.py:188} INFO - [2024-04-25T12:12:16.846+0800] {dag.py:3096} INFO - Sync 1 DAGs
[2024-04-25T12:12:16.873+0800] {logging_mixin.py:188} INFO - [2024-04-25T12:12:16.872+0800] {dag.py:3954} INFO - Setting next_dagrun for example_weekday_branch_operator to 2024-04-24 00:00:00+00:00, run_after=2024-04-25 00:00:00+00:00
[2024-04-25T12:12:16.946+0800] {processor.py:183} INFO - Processing /mnt/c/Users/Jason/Desktop/IS3107/is3107_DataEngineering/.venv/lib/python3.8/site-packages/airflow/example_dags/example_branch_day_of_week_operator.py took 0.177 seconds
[2024-04-25T12:13:24.519+0800] {processor.py:161} INFO - Started process (PID=1941309) to work on /mnt/c/Users/Jason/Desktop/IS3107/is3107_DataEngineering/.venv/lib/python3.8/site-packages/airflow/example_dags/example_branch_day_of_week_operator.py
[2024-04-25T12:13:24.521+0800] {processor.py:830} INFO - Processing file /mnt/c/Users/Jason/Desktop/IS3107/is3107_DataEngineering/.venv/lib/python3.8/site-packages/airflow/example_dags/example_branch_day_of_week_operator.py for tasks to queue
[2024-04-25T12:13:24.523+0800] {logging_mixin.py:188} INFO - [2024-04-25T12:13:24.522+0800] {dagbag.py:540} INFO - Filling up the DagBag from /mnt/c/Users/Jason/Desktop/IS3107/is3107_DataEngineering/.venv/lib/python3.8/site-packages/airflow/example_dags/example_branch_day_of_week_operator.py
[2024-04-25T12:13:24.546+0800] {processor.py:840} INFO - DAG(s) 'example_weekday_branch_operator' retrieved from /mnt/c/Users/Jason/Desktop/IS3107/is3107_DataEngineering/.venv/lib/python3.8/site-packages/airflow/example_dags/example_branch_day_of_week_operator.py
[2024-04-25T12:13:24.570+0800] {logging_mixin.py:188} INFO - [2024-04-25T12:13:24.569+0800] {dag.py:3096} INFO - Sync 1 DAGs
[2024-04-25T12:13:24.599+0800] {logging_mixin.py:188} INFO - [2024-04-25T12:13:24.597+0800] {dag.py:3954} INFO - Setting next_dagrun for example_weekday_branch_operator to 2024-04-24 00:00:00+00:00, run_after=2024-04-25 00:00:00+00:00
[2024-04-25T12:13:24.658+0800] {processor.py:183} INFO - Processing /mnt/c/Users/Jason/Desktop/IS3107/is3107_DataEngineering/.venv/lib/python3.8/site-packages/airflow/example_dags/example_branch_day_of_week_operator.py took 0.149 seconds
