[2024-04-25T11:51:54.737+0800] {processor.py:161} INFO - Started process (PID=1928911) to work on /mnt/c/Users/Jason/Desktop/IS3107/is3107_DataEngineering/.venv/lib/python3.8/site-packages/airflow/example_dags/example_task_group_decorator.py
[2024-04-25T11:51:54.739+0800] {processor.py:830} INFO - Processing file /mnt/c/Users/Jason/Desktop/IS3107/is3107_DataEngineering/.venv/lib/python3.8/site-packages/airflow/example_dags/example_task_group_decorator.py for tasks to queue
[2024-04-25T11:51:54.743+0800] {logging_mixin.py:188} INFO - [2024-04-25T11:51:54.741+0800] {dagbag.py:540} INFO - Filling up the DagBag from /mnt/c/Users/Jason/Desktop/IS3107/is3107_DataEngineering/.venv/lib/python3.8/site-packages/airflow/example_dags/example_task_group_decorator.py
[2024-04-25T11:51:54.779+0800] {processor.py:840} INFO - DAG(s) 'example_task_group_decorator' retrieved from /mnt/c/Users/Jason/Desktop/IS3107/is3107_DataEngineering/.venv/lib/python3.8/site-packages/airflow/example_dags/example_task_group_decorator.py
[2024-04-25T11:51:56.039+0800] {logging_mixin.py:188} INFO - [2024-04-25T11:51:56.037+0800] {dag.py:3096} INFO - Sync 1 DAGs
[2024-04-25T11:51:56.080+0800] {logging_mixin.py:188} INFO - [2024-04-25T11:51:56.079+0800] {dag.py:3954} INFO - Setting next_dagrun for example_task_group_decorator to 2024-04-24 00:00:00+00:00, run_after=2024-04-25 00:00:00+00:00
[2024-04-25T11:51:56.190+0800] {processor.py:183} INFO - Processing /mnt/c/Users/Jason/Desktop/IS3107/is3107_DataEngineering/.venv/lib/python3.8/site-packages/airflow/example_dags/example_task_group_decorator.py took 1.466 seconds
[2024-04-25T11:53:58.117+0800] {processor.py:161} INFO - Started process (PID=1930071) to work on /mnt/c/Users/Jason/Desktop/IS3107/is3107_DataEngineering/.venv/lib/python3.8/site-packages/airflow/example_dags/example_task_group_decorator.py
[2024-04-25T11:53:58.120+0800] {processor.py:830} INFO - Processing file /mnt/c/Users/Jason/Desktop/IS3107/is3107_DataEngineering/.venv/lib/python3.8/site-packages/airflow/example_dags/example_task_group_decorator.py for tasks to queue
[2024-04-25T11:53:58.124+0800] {logging_mixin.py:188} INFO - [2024-04-25T11:53:58.122+0800] {dagbag.py:540} INFO - Filling up the DagBag from /mnt/c/Users/Jason/Desktop/IS3107/is3107_DataEngineering/.venv/lib/python3.8/site-packages/airflow/example_dags/example_task_group_decorator.py
[2024-04-25T11:53:58.162+0800] {processor.py:840} INFO - DAG(s) 'example_task_group_decorator' retrieved from /mnt/c/Users/Jason/Desktop/IS3107/is3107_DataEngineering/.venv/lib/python3.8/site-packages/airflow/example_dags/example_task_group_decorator.py
[2024-04-25T11:53:58.220+0800] {logging_mixin.py:188} INFO - [2024-04-25T11:53:58.217+0800] {dag.py:3096} INFO - Sync 1 DAGs
[2024-04-25T11:53:58.270+0800] {logging_mixin.py:188} INFO - [2024-04-25T11:53:58.269+0800] {dag.py:3954} INFO - Setting next_dagrun for example_task_group_decorator to 2024-04-24 00:00:00+00:00, run_after=2024-04-25 00:00:00+00:00
[2024-04-25T11:53:58.390+0800] {processor.py:183} INFO - Processing /mnt/c/Users/Jason/Desktop/IS3107/is3107_DataEngineering/.venv/lib/python3.8/site-packages/airflow/example_dags/example_task_group_decorator.py took 0.293 seconds
[2024-04-25T11:56:48.061+0800] {processor.py:161} INFO - Started process (PID=1931705) to work on /mnt/c/Users/Jason/Desktop/IS3107/is3107_DataEngineering/.venv/lib/python3.8/site-packages/airflow/example_dags/example_task_group_decorator.py
[2024-04-25T11:56:48.062+0800] {processor.py:830} INFO - Processing file /mnt/c/Users/Jason/Desktop/IS3107/is3107_DataEngineering/.venv/lib/python3.8/site-packages/airflow/example_dags/example_task_group_decorator.py for tasks to queue
[2024-04-25T11:56:48.065+0800] {logging_mixin.py:188} INFO - [2024-04-25T11:56:48.064+0800] {dagbag.py:540} INFO - Filling up the DagBag from /mnt/c/Users/Jason/Desktop/IS3107/is3107_DataEngineering/.venv/lib/python3.8/site-packages/airflow/example_dags/example_task_group_decorator.py
[2024-04-25T11:56:48.091+0800] {processor.py:840} INFO - DAG(s) 'example_task_group_decorator' retrieved from /mnt/c/Users/Jason/Desktop/IS3107/is3107_DataEngineering/.venv/lib/python3.8/site-packages/airflow/example_dags/example_task_group_decorator.py
[2024-04-25T11:56:48.118+0800] {logging_mixin.py:188} INFO - [2024-04-25T11:56:48.117+0800] {dag.py:3096} INFO - Sync 1 DAGs
[2024-04-25T11:56:48.144+0800] {logging_mixin.py:188} INFO - [2024-04-25T11:56:48.143+0800] {dag.py:3954} INFO - Setting next_dagrun for example_task_group_decorator to 2024-04-24 00:00:00+00:00, run_after=2024-04-25 00:00:00+00:00
[2024-04-25T11:56:48.202+0800] {processor.py:183} INFO - Processing /mnt/c/Users/Jason/Desktop/IS3107/is3107_DataEngineering/.venv/lib/python3.8/site-packages/airflow/example_dags/example_task_group_decorator.py took 0.153 seconds
[2024-04-25T11:58:56.818+0800] {processor.py:161} INFO - Started process (PID=1932954) to work on /mnt/c/Users/Jason/Desktop/IS3107/is3107_DataEngineering/.venv/lib/python3.8/site-packages/airflow/example_dags/example_task_group_decorator.py
[2024-04-25T11:58:56.821+0800] {processor.py:830} INFO - Processing file /mnt/c/Users/Jason/Desktop/IS3107/is3107_DataEngineering/.venv/lib/python3.8/site-packages/airflow/example_dags/example_task_group_decorator.py for tasks to queue
[2024-04-25T11:58:56.824+0800] {logging_mixin.py:188} INFO - [2024-04-25T11:58:56.822+0800] {dagbag.py:540} INFO - Filling up the DagBag from /mnt/c/Users/Jason/Desktop/IS3107/is3107_DataEngineering/.venv/lib/python3.8/site-packages/airflow/example_dags/example_task_group_decorator.py
[2024-04-25T11:58:56.860+0800] {processor.py:840} INFO - DAG(s) 'example_task_group_decorator' retrieved from /mnt/c/Users/Jason/Desktop/IS3107/is3107_DataEngineering/.venv/lib/python3.8/site-packages/airflow/example_dags/example_task_group_decorator.py
[2024-04-25T11:58:56.909+0800] {logging_mixin.py:188} INFO - [2024-04-25T11:58:56.908+0800] {dag.py:3096} INFO - Sync 1 DAGs
[2024-04-25T11:58:56.947+0800] {logging_mixin.py:188} INFO - [2024-04-25T11:58:56.946+0800] {dag.py:3954} INFO - Setting next_dagrun for example_task_group_decorator to 2024-04-24 00:00:00+00:00, run_after=2024-04-25 00:00:00+00:00
[2024-04-25T11:58:57.026+0800] {processor.py:183} INFO - Processing /mnt/c/Users/Jason/Desktop/IS3107/is3107_DataEngineering/.venv/lib/python3.8/site-packages/airflow/example_dags/example_task_group_decorator.py took 0.226 seconds
[2024-04-25T12:01:26.624+0800] {processor.py:161} INFO - Started process (PID=1934359) to work on /mnt/c/Users/Jason/Desktop/IS3107/is3107_DataEngineering/.venv/lib/python3.8/site-packages/airflow/example_dags/example_task_group_decorator.py
[2024-04-25T12:01:26.626+0800] {processor.py:830} INFO - Processing file /mnt/c/Users/Jason/Desktop/IS3107/is3107_DataEngineering/.venv/lib/python3.8/site-packages/airflow/example_dags/example_task_group_decorator.py for tasks to queue
[2024-04-25T12:01:26.628+0800] {logging_mixin.py:188} INFO - [2024-04-25T12:01:26.627+0800] {dagbag.py:540} INFO - Filling up the DagBag from /mnt/c/Users/Jason/Desktop/IS3107/is3107_DataEngineering/.venv/lib/python3.8/site-packages/airflow/example_dags/example_task_group_decorator.py
[2024-04-25T12:01:26.654+0800] {processor.py:840} INFO - DAG(s) 'example_task_group_decorator' retrieved from /mnt/c/Users/Jason/Desktop/IS3107/is3107_DataEngineering/.venv/lib/python3.8/site-packages/airflow/example_dags/example_task_group_decorator.py
[2024-04-25T12:01:26.687+0800] {logging_mixin.py:188} INFO - [2024-04-25T12:01:26.686+0800] {dag.py:3096} INFO - Sync 1 DAGs
[2024-04-25T12:01:26.715+0800] {logging_mixin.py:188} INFO - [2024-04-25T12:01:26.714+0800] {dag.py:3954} INFO - Setting next_dagrun for example_task_group_decorator to 2024-04-24 00:00:00+00:00, run_after=2024-04-25 00:00:00+00:00
[2024-04-25T12:01:26.794+0800] {processor.py:183} INFO - Processing /mnt/c/Users/Jason/Desktop/IS3107/is3107_DataEngineering/.venv/lib/python3.8/site-packages/airflow/example_dags/example_task_group_decorator.py took 0.180 seconds
[2024-04-25T12:03:51.789+0800] {processor.py:161} INFO - Started process (PID=1935766) to work on /mnt/c/Users/Jason/Desktop/IS3107/is3107_DataEngineering/.venv/lib/python3.8/site-packages/airflow/example_dags/example_task_group_decorator.py
[2024-04-25T12:03:51.793+0800] {processor.py:830} INFO - Processing file /mnt/c/Users/Jason/Desktop/IS3107/is3107_DataEngineering/.venv/lib/python3.8/site-packages/airflow/example_dags/example_task_group_decorator.py for tasks to queue
[2024-04-25T12:03:51.799+0800] {logging_mixin.py:188} INFO - [2024-04-25T12:03:51.796+0800] {dagbag.py:540} INFO - Filling up the DagBag from /mnt/c/Users/Jason/Desktop/IS3107/is3107_DataEngineering/.venv/lib/python3.8/site-packages/airflow/example_dags/example_task_group_decorator.py
[2024-04-25T12:03:51.851+0800] {processor.py:840} INFO - DAG(s) 'example_task_group_decorator' retrieved from /mnt/c/Users/Jason/Desktop/IS3107/is3107_DataEngineering/.venv/lib/python3.8/site-packages/airflow/example_dags/example_task_group_decorator.py
[2024-04-25T12:03:51.906+0800] {logging_mixin.py:188} INFO - [2024-04-25T12:03:51.904+0800] {dag.py:3096} INFO - Sync 1 DAGs
[2024-04-25T12:03:51.948+0800] {logging_mixin.py:188} INFO - [2024-04-25T12:03:51.947+0800] {dag.py:3954} INFO - Setting next_dagrun for example_task_group_decorator to 2024-04-24 00:00:00+00:00, run_after=2024-04-25 00:00:00+00:00
[2024-04-25T12:03:52.056+0800] {processor.py:183} INFO - Processing /mnt/c/Users/Jason/Desktop/IS3107/is3107_DataEngineering/.venv/lib/python3.8/site-packages/airflow/example_dags/example_task_group_decorator.py took 0.293 seconds
[2024-04-25T12:06:10.629+0800] {processor.py:161} INFO - Started process (PID=1937101) to work on /mnt/c/Users/Jason/Desktop/IS3107/is3107_DataEngineering/.venv/lib/python3.8/site-packages/airflow/example_dags/example_task_group_decorator.py
[2024-04-25T12:06:10.631+0800] {processor.py:830} INFO - Processing file /mnt/c/Users/Jason/Desktop/IS3107/is3107_DataEngineering/.venv/lib/python3.8/site-packages/airflow/example_dags/example_task_group_decorator.py for tasks to queue
[2024-04-25T12:06:10.634+0800] {logging_mixin.py:188} INFO - [2024-04-25T12:06:10.632+0800] {dagbag.py:540} INFO - Filling up the DagBag from /mnt/c/Users/Jason/Desktop/IS3107/is3107_DataEngineering/.venv/lib/python3.8/site-packages/airflow/example_dags/example_task_group_decorator.py
[2024-04-25T12:06:10.660+0800] {processor.py:840} INFO - DAG(s) 'example_task_group_decorator' retrieved from /mnt/c/Users/Jason/Desktop/IS3107/is3107_DataEngineering/.venv/lib/python3.8/site-packages/airflow/example_dags/example_task_group_decorator.py
[2024-04-25T12:06:10.696+0800] {logging_mixin.py:188} INFO - [2024-04-25T12:06:10.695+0800] {dag.py:3096} INFO - Sync 1 DAGs
[2024-04-25T12:06:10.724+0800] {logging_mixin.py:188} INFO - [2024-04-25T12:06:10.723+0800] {dag.py:3954} INFO - Setting next_dagrun for example_task_group_decorator to 2024-04-24 00:00:00+00:00, run_after=2024-04-25 00:00:00+00:00
[2024-04-25T12:06:10.820+0800] {processor.py:183} INFO - Processing /mnt/c/Users/Jason/Desktop/IS3107/is3107_DataEngineering/.venv/lib/python3.8/site-packages/airflow/example_dags/example_task_group_decorator.py took 0.202 seconds
[2024-04-25T12:08:09.602+0800] {processor.py:161} INFO - Started process (PID=1938265) to work on /mnt/c/Users/Jason/Desktop/IS3107/is3107_DataEngineering/.venv/lib/python3.8/site-packages/airflow/example_dags/example_task_group_decorator.py
[2024-04-25T12:08:09.604+0800] {processor.py:830} INFO - Processing file /mnt/c/Users/Jason/Desktop/IS3107/is3107_DataEngineering/.venv/lib/python3.8/site-packages/airflow/example_dags/example_task_group_decorator.py for tasks to queue
[2024-04-25T12:08:09.607+0800] {logging_mixin.py:188} INFO - [2024-04-25T12:08:09.605+0800] {dagbag.py:540} INFO - Filling up the DagBag from /mnt/c/Users/Jason/Desktop/IS3107/is3107_DataEngineering/.venv/lib/python3.8/site-packages/airflow/example_dags/example_task_group_decorator.py
[2024-04-25T12:08:09.637+0800] {processor.py:840} INFO - DAG(s) 'example_task_group_decorator' retrieved from /mnt/c/Users/Jason/Desktop/IS3107/is3107_DataEngineering/.venv/lib/python3.8/site-packages/airflow/example_dags/example_task_group_decorator.py
[2024-04-25T12:08:09.668+0800] {logging_mixin.py:188} INFO - [2024-04-25T12:08:09.667+0800] {dag.py:3096} INFO - Sync 1 DAGs
[2024-04-25T12:08:09.698+0800] {logging_mixin.py:188} INFO - [2024-04-25T12:08:09.696+0800] {dag.py:3954} INFO - Setting next_dagrun for example_task_group_decorator to 2024-04-24 00:00:00+00:00, run_after=2024-04-25 00:00:00+00:00
[2024-04-25T12:08:09.782+0800] {processor.py:183} INFO - Processing /mnt/c/Users/Jason/Desktop/IS3107/is3107_DataEngineering/.venv/lib/python3.8/site-packages/airflow/example_dags/example_task_group_decorator.py took 0.192 seconds
[2024-04-25T12:10:18.968+0800] {processor.py:161} INFO - Started process (PID=1939533) to work on /mnt/c/Users/Jason/Desktop/IS3107/is3107_DataEngineering/.venv/lib/python3.8/site-packages/airflow/example_dags/example_task_group_decorator.py
[2024-04-25T12:10:18.971+0800] {processor.py:830} INFO - Processing file /mnt/c/Users/Jason/Desktop/IS3107/is3107_DataEngineering/.venv/lib/python3.8/site-packages/airflow/example_dags/example_task_group_decorator.py for tasks to queue
[2024-04-25T12:10:18.976+0800] {logging_mixin.py:188} INFO - [2024-04-25T12:10:18.974+0800] {dagbag.py:540} INFO - Filling up the DagBag from /mnt/c/Users/Jason/Desktop/IS3107/is3107_DataEngineering/.venv/lib/python3.8/site-packages/airflow/example_dags/example_task_group_decorator.py
[2024-04-25T12:10:19.022+0800] {processor.py:840} INFO - DAG(s) 'example_task_group_decorator' retrieved from /mnt/c/Users/Jason/Desktop/IS3107/is3107_DataEngineering/.venv/lib/python3.8/site-packages/airflow/example_dags/example_task_group_decorator.py
[2024-04-25T12:10:19.088+0800] {logging_mixin.py:188} INFO - [2024-04-25T12:10:19.086+0800] {dag.py:3096} INFO - Sync 1 DAGs
[2024-04-25T12:10:19.140+0800] {logging_mixin.py:188} INFO - [2024-04-25T12:10:19.138+0800] {dag.py:3954} INFO - Setting next_dagrun for example_task_group_decorator to 2024-04-24 00:00:00+00:00, run_after=2024-04-25 00:00:00+00:00
[2024-04-25T12:10:19.269+0800] {processor.py:183} INFO - Processing /mnt/c/Users/Jason/Desktop/IS3107/is3107_DataEngineering/.venv/lib/python3.8/site-packages/airflow/example_dags/example_task_group_decorator.py took 0.328 seconds
[2024-04-25T12:12:52.554+0800] {processor.py:161} INFO - Started process (PID=1940980) to work on /mnt/c/Users/Jason/Desktop/IS3107/is3107_DataEngineering/.venv/lib/python3.8/site-packages/airflow/example_dags/example_task_group_decorator.py
[2024-04-25T12:12:52.556+0800] {processor.py:830} INFO - Processing file /mnt/c/Users/Jason/Desktop/IS3107/is3107_DataEngineering/.venv/lib/python3.8/site-packages/airflow/example_dags/example_task_group_decorator.py for tasks to queue
[2024-04-25T12:12:52.558+0800] {logging_mixin.py:188} INFO - [2024-04-25T12:12:52.557+0800] {dagbag.py:540} INFO - Filling up the DagBag from /mnt/c/Users/Jason/Desktop/IS3107/is3107_DataEngineering/.venv/lib/python3.8/site-packages/airflow/example_dags/example_task_group_decorator.py
[2024-04-25T12:12:52.596+0800] {processor.py:840} INFO - DAG(s) 'example_task_group_decorator' retrieved from /mnt/c/Users/Jason/Desktop/IS3107/is3107_DataEngineering/.venv/lib/python3.8/site-packages/airflow/example_dags/example_task_group_decorator.py
[2024-04-25T12:12:52.642+0800] {logging_mixin.py:188} INFO - [2024-04-25T12:12:52.640+0800] {dag.py:3096} INFO - Sync 1 DAGs
[2024-04-25T12:12:52.682+0800] {logging_mixin.py:188} INFO - [2024-04-25T12:12:52.681+0800] {dag.py:3954} INFO - Setting next_dagrun for example_task_group_decorator to 2024-04-24 00:00:00+00:00, run_after=2024-04-25 00:00:00+00:00
[2024-04-25T12:12:52.759+0800] {processor.py:183} INFO - Processing /mnt/c/Users/Jason/Desktop/IS3107/is3107_DataEngineering/.venv/lib/python3.8/site-packages/airflow/example_dags/example_task_group_decorator.py took 0.217 seconds
