[2024-04-25T11:51:44.247+0800] {processor.py:161} INFO - Started process (PID=1928840) to work on /mnt/c/Users/Jason/Desktop/IS3107/is3107_DataEngineering/.venv/lib/python3.8/site-packages/airflow/example_dags/example_skip_dag.py
[2024-04-25T11:51:44.249+0800] {processor.py:830} INFO - Processing file /mnt/c/Users/Jason/Desktop/IS3107/is3107_DataEngineering/.venv/lib/python3.8/site-packages/airflow/example_dags/example_skip_dag.py for tasks to queue
[2024-04-25T11:51:44.251+0800] {logging_mixin.py:188} INFO - [2024-04-25T11:51:44.250+0800] {dagbag.py:540} INFO - Filling up the DagBag from /mnt/c/Users/Jason/Desktop/IS3107/is3107_DataEngineering/.venv/lib/python3.8/site-packages/airflow/example_dags/example_skip_dag.py
[2024-04-25T11:51:44.273+0800] {processor.py:840} INFO - DAG(s) 'example_skip_dag' retrieved from /mnt/c/Users/Jason/Desktop/IS3107/is3107_DataEngineering/.venv/lib/python3.8/site-packages/airflow/example_dags/example_skip_dag.py
[2024-04-25T11:51:45.462+0800] {logging_mixin.py:188} INFO - [2024-04-25T11:51:45.461+0800] {dag.py:3096} INFO - Sync 1 DAGs
[2024-04-25T11:51:45.502+0800] {logging_mixin.py:188} INFO - [2024-04-25T11:51:45.501+0800] {dag.py:3954} INFO - Setting next_dagrun for example_skip_dag to 2024-04-24 00:00:00+00:00, run_after=2024-04-25 00:00:00+00:00
[2024-04-25T11:51:45.586+0800] {processor.py:183} INFO - Processing /mnt/c/Users/Jason/Desktop/IS3107/is3107_DataEngineering/.venv/lib/python3.8/site-packages/airflow/example_dags/example_skip_dag.py took 1.352 seconds
[2024-04-25T11:53:52.185+0800] {processor.py:161} INFO - Started process (PID=1930010) to work on /mnt/c/Users/Jason/Desktop/IS3107/is3107_DataEngineering/.venv/lib/python3.8/site-packages/airflow/example_dags/example_skip_dag.py
[2024-04-25T11:53:52.188+0800] {processor.py:830} INFO - Processing file /mnt/c/Users/Jason/Desktop/IS3107/is3107_DataEngineering/.venv/lib/python3.8/site-packages/airflow/example_dags/example_skip_dag.py for tasks to queue
[2024-04-25T11:53:52.198+0800] {logging_mixin.py:188} INFO - [2024-04-25T11:53:52.191+0800] {dagbag.py:540} INFO - Filling up the DagBag from /mnt/c/Users/Jason/Desktop/IS3107/is3107_DataEngineering/.venv/lib/python3.8/site-packages/airflow/example_dags/example_skip_dag.py
[2024-04-25T11:53:52.246+0800] {processor.py:840} INFO - DAG(s) 'example_skip_dag' retrieved from /mnt/c/Users/Jason/Desktop/IS3107/is3107_DataEngineering/.venv/lib/python3.8/site-packages/airflow/example_dags/example_skip_dag.py
[2024-04-25T11:53:52.297+0800] {logging_mixin.py:188} INFO - [2024-04-25T11:53:52.296+0800] {dag.py:3096} INFO - Sync 1 DAGs
[2024-04-25T11:53:52.344+0800] {logging_mixin.py:188} INFO - [2024-04-25T11:53:52.342+0800] {dag.py:3954} INFO - Setting next_dagrun for example_skip_dag to 2024-04-24 00:00:00+00:00, run_after=2024-04-25 00:00:00+00:00
[2024-04-25T11:53:52.470+0800] {processor.py:183} INFO - Processing /mnt/c/Users/Jason/Desktop/IS3107/is3107_DataEngineering/.venv/lib/python3.8/site-packages/airflow/example_dags/example_skip_dag.py took 0.310 seconds
[2024-04-25T11:56:44.053+0800] {processor.py:161} INFO - Started process (PID=1931638) to work on /mnt/c/Users/Jason/Desktop/IS3107/is3107_DataEngineering/.venv/lib/python3.8/site-packages/airflow/example_dags/example_skip_dag.py
[2024-04-25T11:56:44.055+0800] {processor.py:830} INFO - Processing file /mnt/c/Users/Jason/Desktop/IS3107/is3107_DataEngineering/.venv/lib/python3.8/site-packages/airflow/example_dags/example_skip_dag.py for tasks to queue
[2024-04-25T11:56:44.057+0800] {logging_mixin.py:188} INFO - [2024-04-25T11:56:44.056+0800] {dagbag.py:540} INFO - Filling up the DagBag from /mnt/c/Users/Jason/Desktop/IS3107/is3107_DataEngineering/.venv/lib/python3.8/site-packages/airflow/example_dags/example_skip_dag.py
[2024-04-25T11:56:44.075+0800] {processor.py:840} INFO - DAG(s) 'example_skip_dag' retrieved from /mnt/c/Users/Jason/Desktop/IS3107/is3107_DataEngineering/.venv/lib/python3.8/site-packages/airflow/example_dags/example_skip_dag.py
[2024-04-25T11:56:44.109+0800] {logging_mixin.py:188} INFO - [2024-04-25T11:56:44.108+0800] {dag.py:3096} INFO - Sync 1 DAGs
[2024-04-25T11:56:44.150+0800] {logging_mixin.py:188} INFO - [2024-04-25T11:56:44.149+0800] {dag.py:3954} INFO - Setting next_dagrun for example_skip_dag to 2024-04-24 00:00:00+00:00, run_after=2024-04-25 00:00:00+00:00
[2024-04-25T11:56:44.231+0800] {processor.py:183} INFO - Processing /mnt/c/Users/Jason/Desktop/IS3107/is3107_DataEngineering/.venv/lib/python3.8/site-packages/airflow/example_dags/example_skip_dag.py took 0.190 seconds
[2024-04-25T11:58:51.304+0800] {processor.py:161} INFO - Started process (PID=1932893) to work on /mnt/c/Users/Jason/Desktop/IS3107/is3107_DataEngineering/.venv/lib/python3.8/site-packages/airflow/example_dags/example_skip_dag.py
[2024-04-25T11:58:51.305+0800] {processor.py:830} INFO - Processing file /mnt/c/Users/Jason/Desktop/IS3107/is3107_DataEngineering/.venv/lib/python3.8/site-packages/airflow/example_dags/example_skip_dag.py for tasks to queue
[2024-04-25T11:58:51.308+0800] {logging_mixin.py:188} INFO - [2024-04-25T11:58:51.307+0800] {dagbag.py:540} INFO - Filling up the DagBag from /mnt/c/Users/Jason/Desktop/IS3107/is3107_DataEngineering/.venv/lib/python3.8/site-packages/airflow/example_dags/example_skip_dag.py
[2024-04-25T11:58:51.328+0800] {processor.py:840} INFO - DAG(s) 'example_skip_dag' retrieved from /mnt/c/Users/Jason/Desktop/IS3107/is3107_DataEngineering/.venv/lib/python3.8/site-packages/airflow/example_dags/example_skip_dag.py
[2024-04-25T11:58:51.363+0800] {logging_mixin.py:188} INFO - [2024-04-25T11:58:51.361+0800] {dag.py:3096} INFO - Sync 1 DAGs
[2024-04-25T11:58:51.397+0800] {logging_mixin.py:188} INFO - [2024-04-25T11:58:51.396+0800] {dag.py:3954} INFO - Setting next_dagrun for example_skip_dag to 2024-04-24 00:00:00+00:00, run_after=2024-04-25 00:00:00+00:00
[2024-04-25T11:58:51.471+0800] {processor.py:183} INFO - Processing /mnt/c/Users/Jason/Desktop/IS3107/is3107_DataEngineering/.venv/lib/python3.8/site-packages/airflow/example_dags/example_skip_dag.py took 0.179 seconds
[2024-04-25T12:01:21.113+0800] {processor.py:161} INFO - Started process (PID=1934337) to work on /mnt/c/Users/Jason/Desktop/IS3107/is3107_DataEngineering/.venv/lib/python3.8/site-packages/airflow/example_dags/example_skip_dag.py
[2024-04-25T12:01:21.115+0800] {processor.py:830} INFO - Processing file /mnt/c/Users/Jason/Desktop/IS3107/is3107_DataEngineering/.venv/lib/python3.8/site-packages/airflow/example_dags/example_skip_dag.py for tasks to queue
[2024-04-25T12:01:21.118+0800] {logging_mixin.py:188} INFO - [2024-04-25T12:01:21.116+0800] {dagbag.py:540} INFO - Filling up the DagBag from /mnt/c/Users/Jason/Desktop/IS3107/is3107_DataEngineering/.venv/lib/python3.8/site-packages/airflow/example_dags/example_skip_dag.py
[2024-04-25T12:01:21.143+0800] {processor.py:840} INFO - DAG(s) 'example_skip_dag' retrieved from /mnt/c/Users/Jason/Desktop/IS3107/is3107_DataEngineering/.venv/lib/python3.8/site-packages/airflow/example_dags/example_skip_dag.py
[2024-04-25T12:01:21.180+0800] {logging_mixin.py:188} INFO - [2024-04-25T12:01:21.179+0800] {dag.py:3096} INFO - Sync 1 DAGs
[2024-04-25T12:01:21.230+0800] {logging_mixin.py:188} INFO - [2024-04-25T12:01:21.229+0800] {dag.py:3954} INFO - Setting next_dagrun for example_skip_dag to 2024-04-24 00:00:00+00:00, run_after=2024-04-25 00:00:00+00:00
[2024-04-25T12:01:21.315+0800] {processor.py:183} INFO - Processing /mnt/c/Users/Jason/Desktop/IS3107/is3107_DataEngineering/.venv/lib/python3.8/site-packages/airflow/example_dags/example_skip_dag.py took 0.216 seconds
[2024-04-25T12:03:46.402+0800] {processor.py:161} INFO - Started process (PID=1935721) to work on /mnt/c/Users/Jason/Desktop/IS3107/is3107_DataEngineering/.venv/lib/python3.8/site-packages/airflow/example_dags/example_skip_dag.py
[2024-04-25T12:03:46.404+0800] {processor.py:830} INFO - Processing file /mnt/c/Users/Jason/Desktop/IS3107/is3107_DataEngineering/.venv/lib/python3.8/site-packages/airflow/example_dags/example_skip_dag.py for tasks to queue
[2024-04-25T12:03:46.407+0800] {logging_mixin.py:188} INFO - [2024-04-25T12:03:46.406+0800] {dagbag.py:540} INFO - Filling up the DagBag from /mnt/c/Users/Jason/Desktop/IS3107/is3107_DataEngineering/.venv/lib/python3.8/site-packages/airflow/example_dags/example_skip_dag.py
[2024-04-25T12:03:46.441+0800] {processor.py:840} INFO - DAG(s) 'example_skip_dag' retrieved from /mnt/c/Users/Jason/Desktop/IS3107/is3107_DataEngineering/.venv/lib/python3.8/site-packages/airflow/example_dags/example_skip_dag.py
[2024-04-25T12:03:46.493+0800] {logging_mixin.py:188} INFO - [2024-04-25T12:03:46.490+0800] {dag.py:3096} INFO - Sync 1 DAGs
[2024-04-25T12:03:46.539+0800] {logging_mixin.py:188} INFO - [2024-04-25T12:03:46.538+0800] {dag.py:3954} INFO - Setting next_dagrun for example_skip_dag to 2024-04-24 00:00:00+00:00, run_after=2024-04-25 00:00:00+00:00
[2024-04-25T12:03:46.649+0800] {processor.py:183} INFO - Processing /mnt/c/Users/Jason/Desktop/IS3107/is3107_DataEngineering/.venv/lib/python3.8/site-packages/airflow/example_dags/example_skip_dag.py took 0.262 seconds
[2024-04-25T12:06:06.275+0800] {processor.py:161} INFO - Started process (PID=1937076) to work on /mnt/c/Users/Jason/Desktop/IS3107/is3107_DataEngineering/.venv/lib/python3.8/site-packages/airflow/example_dags/example_skip_dag.py
[2024-04-25T12:06:06.276+0800] {processor.py:830} INFO - Processing file /mnt/c/Users/Jason/Desktop/IS3107/is3107_DataEngineering/.venv/lib/python3.8/site-packages/airflow/example_dags/example_skip_dag.py for tasks to queue
[2024-04-25T12:06:06.278+0800] {logging_mixin.py:188} INFO - [2024-04-25T12:06:06.277+0800] {dagbag.py:540} INFO - Filling up the DagBag from /mnt/c/Users/Jason/Desktop/IS3107/is3107_DataEngineering/.venv/lib/python3.8/site-packages/airflow/example_dags/example_skip_dag.py
[2024-04-25T12:06:06.299+0800] {processor.py:840} INFO - DAG(s) 'example_skip_dag' retrieved from /mnt/c/Users/Jason/Desktop/IS3107/is3107_DataEngineering/.venv/lib/python3.8/site-packages/airflow/example_dags/example_skip_dag.py
[2024-04-25T12:06:06.325+0800] {logging_mixin.py:188} INFO - [2024-04-25T12:06:06.324+0800] {dag.py:3096} INFO - Sync 1 DAGs
[2024-04-25T12:06:06.353+0800] {logging_mixin.py:188} INFO - [2024-04-25T12:06:06.352+0800] {dag.py:3954} INFO - Setting next_dagrun for example_skip_dag to 2024-04-24 00:00:00+00:00, run_after=2024-04-25 00:00:00+00:00
[2024-04-25T12:06:06.458+0800] {processor.py:183} INFO - Processing /mnt/c/Users/Jason/Desktop/IS3107/is3107_DataEngineering/.venv/lib/python3.8/site-packages/airflow/example_dags/example_skip_dag.py took 0.193 seconds
[2024-04-25T12:08:04.995+0800] {processor.py:161} INFO - Started process (PID=1938213) to work on /mnt/c/Users/Jason/Desktop/IS3107/is3107_DataEngineering/.venv/lib/python3.8/site-packages/airflow/example_dags/example_skip_dag.py
[2024-04-25T12:08:04.997+0800] {processor.py:830} INFO - Processing file /mnt/c/Users/Jason/Desktop/IS3107/is3107_DataEngineering/.venv/lib/python3.8/site-packages/airflow/example_dags/example_skip_dag.py for tasks to queue
[2024-04-25T12:08:05.001+0800] {logging_mixin.py:188} INFO - [2024-04-25T12:08:04.999+0800] {dagbag.py:540} INFO - Filling up the DagBag from /mnt/c/Users/Jason/Desktop/IS3107/is3107_DataEngineering/.venv/lib/python3.8/site-packages/airflow/example_dags/example_skip_dag.py
[2024-04-25T12:08:05.026+0800] {processor.py:840} INFO - DAG(s) 'example_skip_dag' retrieved from /mnt/c/Users/Jason/Desktop/IS3107/is3107_DataEngineering/.venv/lib/python3.8/site-packages/airflow/example_dags/example_skip_dag.py
[2024-04-25T12:08:05.075+0800] {logging_mixin.py:188} INFO - [2024-04-25T12:08:05.073+0800] {dag.py:3096} INFO - Sync 1 DAGs
[2024-04-25T12:08:05.125+0800] {logging_mixin.py:188} INFO - [2024-04-25T12:08:05.123+0800] {dag.py:3954} INFO - Setting next_dagrun for example_skip_dag to 2024-04-24 00:00:00+00:00, run_after=2024-04-25 00:00:00+00:00
[2024-04-25T12:08:05.214+0800] {processor.py:183} INFO - Processing /mnt/c/Users/Jason/Desktop/IS3107/is3107_DataEngineering/.venv/lib/python3.8/site-packages/airflow/example_dags/example_skip_dag.py took 0.232 seconds
[2024-04-25T12:10:13.097+0800] {processor.py:161} INFO - Started process (PID=1939462) to work on /mnt/c/Users/Jason/Desktop/IS3107/is3107_DataEngineering/.venv/lib/python3.8/site-packages/airflow/example_dags/example_skip_dag.py
[2024-04-25T12:10:13.100+0800] {processor.py:830} INFO - Processing file /mnt/c/Users/Jason/Desktop/IS3107/is3107_DataEngineering/.venv/lib/python3.8/site-packages/airflow/example_dags/example_skip_dag.py for tasks to queue
[2024-04-25T12:10:13.104+0800] {logging_mixin.py:188} INFO - [2024-04-25T12:10:13.102+0800] {dagbag.py:540} INFO - Filling up the DagBag from /mnt/c/Users/Jason/Desktop/IS3107/is3107_DataEngineering/.venv/lib/python3.8/site-packages/airflow/example_dags/example_skip_dag.py
[2024-04-25T12:10:13.136+0800] {processor.py:840} INFO - DAG(s) 'example_skip_dag' retrieved from /mnt/c/Users/Jason/Desktop/IS3107/is3107_DataEngineering/.venv/lib/python3.8/site-packages/airflow/example_dags/example_skip_dag.py
[2024-04-25T12:10:13.186+0800] {logging_mixin.py:188} INFO - [2024-04-25T12:10:13.184+0800] {dag.py:3096} INFO - Sync 1 DAGs
[2024-04-25T12:10:13.241+0800] {logging_mixin.py:188} INFO - [2024-04-25T12:10:13.239+0800] {dag.py:3954} INFO - Setting next_dagrun for example_skip_dag to 2024-04-24 00:00:00+00:00, run_after=2024-04-25 00:00:00+00:00
[2024-04-25T12:10:13.337+0800] {processor.py:183} INFO - Processing /mnt/c/Users/Jason/Desktop/IS3107/is3107_DataEngineering/.venv/lib/python3.8/site-packages/airflow/example_dags/example_skip_dag.py took 0.259 seconds
[2024-04-25T12:12:47.919+0800] {processor.py:161} INFO - Started process (PID=1940930) to work on /mnt/c/Users/Jason/Desktop/IS3107/is3107_DataEngineering/.venv/lib/python3.8/site-packages/airflow/example_dags/example_skip_dag.py
[2024-04-25T12:12:47.921+0800] {processor.py:830} INFO - Processing file /mnt/c/Users/Jason/Desktop/IS3107/is3107_DataEngineering/.venv/lib/python3.8/site-packages/airflow/example_dags/example_skip_dag.py for tasks to queue
[2024-04-25T12:12:47.924+0800] {logging_mixin.py:188} INFO - [2024-04-25T12:12:47.923+0800] {dagbag.py:540} INFO - Filling up the DagBag from /mnt/c/Users/Jason/Desktop/IS3107/is3107_DataEngineering/.venv/lib/python3.8/site-packages/airflow/example_dags/example_skip_dag.py
[2024-04-25T12:12:47.953+0800] {processor.py:840} INFO - DAG(s) 'example_skip_dag' retrieved from /mnt/c/Users/Jason/Desktop/IS3107/is3107_DataEngineering/.venv/lib/python3.8/site-packages/airflow/example_dags/example_skip_dag.py
[2024-04-25T12:12:47.989+0800] {logging_mixin.py:188} INFO - [2024-04-25T12:12:47.988+0800] {dag.py:3096} INFO - Sync 1 DAGs
[2024-04-25T12:12:48.022+0800] {logging_mixin.py:188} INFO - [2024-04-25T12:12:48.021+0800] {dag.py:3954} INFO - Setting next_dagrun for example_skip_dag to 2024-04-24 00:00:00+00:00, run_after=2024-04-25 00:00:00+00:00
[2024-04-25T12:12:48.117+0800] {processor.py:183} INFO - Processing /mnt/c/Users/Jason/Desktop/IS3107/is3107_DataEngineering/.venv/lib/python3.8/site-packages/airflow/example_dags/example_skip_dag.py took 0.214 seconds
