[2024-04-25T11:52:00.008+0800] {processor.py:161} INFO - Started process (PID=1928952) to work on /mnt/c/Users/Jason/Desktop/IS3107/is3107_DataEngineering/.venv/lib/python3.8/site-packages/airflow/example_dags/example_trigger_controller_dag.py
[2024-04-25T11:52:00.011+0800] {processor.py:830} INFO - Processing file /mnt/c/Users/Jason/Desktop/IS3107/is3107_DataEngineering/.venv/lib/python3.8/site-packages/airflow/example_dags/example_trigger_controller_dag.py for tasks to queue
[2024-04-25T11:52:00.014+0800] {logging_mixin.py:188} INFO - [2024-04-25T11:52:00.013+0800] {dagbag.py:540} INFO - Filling up the DagBag from /mnt/c/Users/Jason/Desktop/IS3107/is3107_DataEngineering/.venv/lib/python3.8/site-packages/airflow/example_dags/example_trigger_controller_dag.py
[2024-04-25T11:52:00.036+0800] {processor.py:840} INFO - DAG(s) 'example_trigger_controller_dag' retrieved from /mnt/c/Users/Jason/Desktop/IS3107/is3107_DataEngineering/.venv/lib/python3.8/site-packages/airflow/example_dags/example_trigger_controller_dag.py
[2024-04-25T11:52:01.282+0800] {logging_mixin.py:188} INFO - [2024-04-25T11:52:01.280+0800] {dag.py:3096} INFO - Sync 1 DAGs
[2024-04-25T11:52:01.313+0800] {logging_mixin.py:188} INFO - [2024-04-25T11:52:01.312+0800] {dag.py:3954} INFO - Setting next_dagrun for example_trigger_controller_dag to 2021-01-01 00:00:00+00:00, run_after=2021-01-01 00:00:00+00:00
[2024-04-25T11:52:01.416+0800] {processor.py:183} INFO - Processing /mnt/c/Users/Jason/Desktop/IS3107/is3107_DataEngineering/.venv/lib/python3.8/site-packages/airflow/example_dags/example_trigger_controller_dag.py took 1.424 seconds
[2024-04-25T11:54:01.121+0800] {processor.py:161} INFO - Started process (PID=1930082) to work on /mnt/c/Users/Jason/Desktop/IS3107/is3107_DataEngineering/.venv/lib/python3.8/site-packages/airflow/example_dags/example_trigger_controller_dag.py
[2024-04-25T11:54:01.125+0800] {processor.py:830} INFO - Processing file /mnt/c/Users/Jason/Desktop/IS3107/is3107_DataEngineering/.venv/lib/python3.8/site-packages/airflow/example_dags/example_trigger_controller_dag.py for tasks to queue
[2024-04-25T11:54:01.129+0800] {logging_mixin.py:188} INFO - [2024-04-25T11:54:01.127+0800] {dagbag.py:540} INFO - Filling up the DagBag from /mnt/c/Users/Jason/Desktop/IS3107/is3107_DataEngineering/.venv/lib/python3.8/site-packages/airflow/example_dags/example_trigger_controller_dag.py
[2024-04-25T11:54:01.180+0800] {processor.py:840} INFO - DAG(s) 'example_trigger_controller_dag' retrieved from /mnt/c/Users/Jason/Desktop/IS3107/is3107_DataEngineering/.venv/lib/python3.8/site-packages/airflow/example_dags/example_trigger_controller_dag.py
[2024-04-25T11:54:01.240+0800] {logging_mixin.py:188} INFO - [2024-04-25T11:54:01.237+0800] {dag.py:3096} INFO - Sync 1 DAGs
[2024-04-25T11:54:01.290+0800] {logging_mixin.py:188} INFO - [2024-04-25T11:54:01.286+0800] {dag.py:3954} INFO - Setting next_dagrun for example_trigger_controller_dag to 2021-01-01 00:00:00+00:00, run_after=2021-01-01 00:00:00+00:00
[2024-04-25T11:54:01.431+0800] {processor.py:183} INFO - Processing /mnt/c/Users/Jason/Desktop/IS3107/is3107_DataEngineering/.venv/lib/python3.8/site-packages/airflow/example_dags/example_trigger_controller_dag.py took 0.334 seconds
[2024-04-25T11:56:49.716+0800] {processor.py:161} INFO - Started process (PID=1931711) to work on /mnt/c/Users/Jason/Desktop/IS3107/is3107_DataEngineering/.venv/lib/python3.8/site-packages/airflow/example_dags/example_trigger_controller_dag.py
[2024-04-25T11:56:49.718+0800] {processor.py:830} INFO - Processing file /mnt/c/Users/Jason/Desktop/IS3107/is3107_DataEngineering/.venv/lib/python3.8/site-packages/airflow/example_dags/example_trigger_controller_dag.py for tasks to queue
[2024-04-25T11:56:49.720+0800] {logging_mixin.py:188} INFO - [2024-04-25T11:56:49.719+0800] {dagbag.py:540} INFO - Filling up the DagBag from /mnt/c/Users/Jason/Desktop/IS3107/is3107_DataEngineering/.venv/lib/python3.8/site-packages/airflow/example_dags/example_trigger_controller_dag.py
[2024-04-25T11:56:49.734+0800] {processor.py:840} INFO - DAG(s) 'example_trigger_controller_dag' retrieved from /mnt/c/Users/Jason/Desktop/IS3107/is3107_DataEngineering/.venv/lib/python3.8/site-packages/airflow/example_dags/example_trigger_controller_dag.py
[2024-04-25T11:56:49.758+0800] {logging_mixin.py:188} INFO - [2024-04-25T11:56:49.757+0800] {dag.py:3096} INFO - Sync 1 DAGs
[2024-04-25T11:56:49.780+0800] {logging_mixin.py:188} INFO - [2024-04-25T11:56:49.779+0800] {dag.py:3954} INFO - Setting next_dagrun for example_trigger_controller_dag to 2021-01-01 00:00:00+00:00, run_after=2021-01-01 00:00:00+00:00
[2024-04-25T11:56:49.851+0800] {processor.py:183} INFO - Processing /mnt/c/Users/Jason/Desktop/IS3107/is3107_DataEngineering/.venv/lib/python3.8/site-packages/airflow/example_dags/example_trigger_controller_dag.py took 0.148 seconds
[2024-04-25T11:58:59.385+0800] {processor.py:161} INFO - Started process (PID=1932980) to work on /mnt/c/Users/Jason/Desktop/IS3107/is3107_DataEngineering/.venv/lib/python3.8/site-packages/airflow/example_dags/example_trigger_controller_dag.py
[2024-04-25T11:58:59.388+0800] {processor.py:830} INFO - Processing file /mnt/c/Users/Jason/Desktop/IS3107/is3107_DataEngineering/.venv/lib/python3.8/site-packages/airflow/example_dags/example_trigger_controller_dag.py for tasks to queue
[2024-04-25T11:58:59.390+0800] {logging_mixin.py:188} INFO - [2024-04-25T11:58:59.389+0800] {dagbag.py:540} INFO - Filling up the DagBag from /mnt/c/Users/Jason/Desktop/IS3107/is3107_DataEngineering/.venv/lib/python3.8/site-packages/airflow/example_dags/example_trigger_controller_dag.py
[2024-04-25T11:58:59.415+0800] {processor.py:840} INFO - DAG(s) 'example_trigger_controller_dag' retrieved from /mnt/c/Users/Jason/Desktop/IS3107/is3107_DataEngineering/.venv/lib/python3.8/site-packages/airflow/example_dags/example_trigger_controller_dag.py
[2024-04-25T11:58:59.445+0800] {logging_mixin.py:188} INFO - [2024-04-25T11:58:59.444+0800] {dag.py:3096} INFO - Sync 1 DAGs
[2024-04-25T11:58:59.498+0800] {logging_mixin.py:188} INFO - [2024-04-25T11:58:59.497+0800] {dag.py:3954} INFO - Setting next_dagrun for example_trigger_controller_dag to 2021-01-01 00:00:00+00:00, run_after=2021-01-01 00:00:00+00:00
[2024-04-25T11:58:59.595+0800] {processor.py:183} INFO - Processing /mnt/c/Users/Jason/Desktop/IS3107/is3107_DataEngineering/.venv/lib/python3.8/site-packages/airflow/example_dags/example_trigger_controller_dag.py took 0.229 seconds
[2024-04-25T12:01:29.722+0800] {processor.py:161} INFO - Started process (PID=1934406) to work on /mnt/c/Users/Jason/Desktop/IS3107/is3107_DataEngineering/.venv/lib/python3.8/site-packages/airflow/example_dags/example_trigger_controller_dag.py
[2024-04-25T12:01:29.725+0800] {processor.py:830} INFO - Processing file /mnt/c/Users/Jason/Desktop/IS3107/is3107_DataEngineering/.venv/lib/python3.8/site-packages/airflow/example_dags/example_trigger_controller_dag.py for tasks to queue
[2024-04-25T12:01:29.731+0800] {logging_mixin.py:188} INFO - [2024-04-25T12:01:29.729+0800] {dagbag.py:540} INFO - Filling up the DagBag from /mnt/c/Users/Jason/Desktop/IS3107/is3107_DataEngineering/.venv/lib/python3.8/site-packages/airflow/example_dags/example_trigger_controller_dag.py
[2024-04-25T12:01:29.789+0800] {processor.py:840} INFO - DAG(s) 'example_trigger_controller_dag' retrieved from /mnt/c/Users/Jason/Desktop/IS3107/is3107_DataEngineering/.venv/lib/python3.8/site-packages/airflow/example_dags/example_trigger_controller_dag.py
[2024-04-25T12:01:29.850+0800] {logging_mixin.py:188} INFO - [2024-04-25T12:01:29.847+0800] {dag.py:3096} INFO - Sync 1 DAGs
[2024-04-25T12:01:29.915+0800] {logging_mixin.py:188} INFO - [2024-04-25T12:01:29.913+0800] {dag.py:3954} INFO - Setting next_dagrun for example_trigger_controller_dag to 2021-01-01 00:00:00+00:00, run_after=2021-01-01 00:00:00+00:00
[2024-04-25T12:01:30.050+0800] {processor.py:183} INFO - Processing /mnt/c/Users/Jason/Desktop/IS3107/is3107_DataEngineering/.venv/lib/python3.8/site-packages/airflow/example_dags/example_trigger_controller_dag.py took 0.355 seconds
[2024-04-25T12:03:53.966+0800] {processor.py:161} INFO - Started process (PID=1935793) to work on /mnt/c/Users/Jason/Desktop/IS3107/is3107_DataEngineering/.venv/lib/python3.8/site-packages/airflow/example_dags/example_trigger_controller_dag.py
[2024-04-25T12:03:53.968+0800] {processor.py:830} INFO - Processing file /mnt/c/Users/Jason/Desktop/IS3107/is3107_DataEngineering/.venv/lib/python3.8/site-packages/airflow/example_dags/example_trigger_controller_dag.py for tasks to queue
[2024-04-25T12:03:53.972+0800] {logging_mixin.py:188} INFO - [2024-04-25T12:03:53.971+0800] {dagbag.py:540} INFO - Filling up the DagBag from /mnt/c/Users/Jason/Desktop/IS3107/is3107_DataEngineering/.venv/lib/python3.8/site-packages/airflow/example_dags/example_trigger_controller_dag.py
[2024-04-25T12:03:54.003+0800] {processor.py:840} INFO - DAG(s) 'example_trigger_controller_dag' retrieved from /mnt/c/Users/Jason/Desktop/IS3107/is3107_DataEngineering/.venv/lib/python3.8/site-packages/airflow/example_dags/example_trigger_controller_dag.py
[2024-04-25T12:03:54.039+0800] {logging_mixin.py:188} INFO - [2024-04-25T12:03:54.037+0800] {dag.py:3096} INFO - Sync 1 DAGs
[2024-04-25T12:03:54.077+0800] {logging_mixin.py:188} INFO - [2024-04-25T12:03:54.075+0800] {dag.py:3954} INFO - Setting next_dagrun for example_trigger_controller_dag to 2021-01-01 00:00:00+00:00, run_after=2021-01-01 00:00:00+00:00
[2024-04-25T12:03:54.232+0800] {processor.py:183} INFO - Processing /mnt/c/Users/Jason/Desktop/IS3107/is3107_DataEngineering/.venv/lib/python3.8/site-packages/airflow/example_dags/example_trigger_controller_dag.py took 0.282 seconds
[2024-04-25T12:06:13.330+0800] {processor.py:161} INFO - Started process (PID=1937125) to work on /mnt/c/Users/Jason/Desktop/IS3107/is3107_DataEngineering/.venv/lib/python3.8/site-packages/airflow/example_dags/example_trigger_controller_dag.py
[2024-04-25T12:06:13.331+0800] {processor.py:830} INFO - Processing file /mnt/c/Users/Jason/Desktop/IS3107/is3107_DataEngineering/.venv/lib/python3.8/site-packages/airflow/example_dags/example_trigger_controller_dag.py for tasks to queue
[2024-04-25T12:06:13.334+0800] {logging_mixin.py:188} INFO - [2024-04-25T12:06:13.333+0800] {dagbag.py:540} INFO - Filling up the DagBag from /mnt/c/Users/Jason/Desktop/IS3107/is3107_DataEngineering/.venv/lib/python3.8/site-packages/airflow/example_dags/example_trigger_controller_dag.py
[2024-04-25T12:06:13.350+0800] {processor.py:840} INFO - DAG(s) 'example_trigger_controller_dag' retrieved from /mnt/c/Users/Jason/Desktop/IS3107/is3107_DataEngineering/.venv/lib/python3.8/site-packages/airflow/example_dags/example_trigger_controller_dag.py
[2024-04-25T12:06:13.373+0800] {logging_mixin.py:188} INFO - [2024-04-25T12:06:13.373+0800] {dag.py:3096} INFO - Sync 1 DAGs
[2024-04-25T12:06:13.398+0800] {logging_mixin.py:188} INFO - [2024-04-25T12:06:13.397+0800] {dag.py:3954} INFO - Setting next_dagrun for example_trigger_controller_dag to 2021-01-01 00:00:00+00:00, run_after=2021-01-01 00:00:00+00:00
[2024-04-25T12:06:13.459+0800] {processor.py:183} INFO - Processing /mnt/c/Users/Jason/Desktop/IS3107/is3107_DataEngineering/.venv/lib/python3.8/site-packages/airflow/example_dags/example_trigger_controller_dag.py took 0.139 seconds
[2024-04-25T12:08:11.821+0800] {processor.py:161} INFO - Started process (PID=1938284) to work on /mnt/c/Users/Jason/Desktop/IS3107/is3107_DataEngineering/.venv/lib/python3.8/site-packages/airflow/example_dags/example_trigger_controller_dag.py
[2024-04-25T12:08:11.822+0800] {processor.py:830} INFO - Processing file /mnt/c/Users/Jason/Desktop/IS3107/is3107_DataEngineering/.venv/lib/python3.8/site-packages/airflow/example_dags/example_trigger_controller_dag.py for tasks to queue
[2024-04-25T12:08:11.824+0800] {logging_mixin.py:188} INFO - [2024-04-25T12:08:11.823+0800] {dagbag.py:540} INFO - Filling up the DagBag from /mnt/c/Users/Jason/Desktop/IS3107/is3107_DataEngineering/.venv/lib/python3.8/site-packages/airflow/example_dags/example_trigger_controller_dag.py
[2024-04-25T12:08:11.840+0800] {processor.py:840} INFO - DAG(s) 'example_trigger_controller_dag' retrieved from /mnt/c/Users/Jason/Desktop/IS3107/is3107_DataEngineering/.venv/lib/python3.8/site-packages/airflow/example_dags/example_trigger_controller_dag.py
[2024-04-25T12:08:11.864+0800] {logging_mixin.py:188} INFO - [2024-04-25T12:08:11.863+0800] {dag.py:3096} INFO - Sync 1 DAGs
[2024-04-25T12:08:11.884+0800] {logging_mixin.py:188} INFO - [2024-04-25T12:08:11.883+0800] {dag.py:3954} INFO - Setting next_dagrun for example_trigger_controller_dag to 2021-01-01 00:00:00+00:00, run_after=2021-01-01 00:00:00+00:00
[2024-04-25T12:08:11.967+0800] {processor.py:183} INFO - Processing /mnt/c/Users/Jason/Desktop/IS3107/is3107_DataEngineering/.venv/lib/python3.8/site-packages/airflow/example_dags/example_trigger_controller_dag.py took 0.156 seconds
[2024-04-25T12:10:22.034+0800] {processor.py:161} INFO - Started process (PID=1939541) to work on /mnt/c/Users/Jason/Desktop/IS3107/is3107_DataEngineering/.venv/lib/python3.8/site-packages/airflow/example_dags/example_trigger_controller_dag.py
[2024-04-25T12:10:22.036+0800] {processor.py:830} INFO - Processing file /mnt/c/Users/Jason/Desktop/IS3107/is3107_DataEngineering/.venv/lib/python3.8/site-packages/airflow/example_dags/example_trigger_controller_dag.py for tasks to queue
[2024-04-25T12:10:22.039+0800] {logging_mixin.py:188} INFO - [2024-04-25T12:10:22.038+0800] {dagbag.py:540} INFO - Filling up the DagBag from /mnt/c/Users/Jason/Desktop/IS3107/is3107_DataEngineering/.venv/lib/python3.8/site-packages/airflow/example_dags/example_trigger_controller_dag.py
[2024-04-25T12:10:22.063+0800] {processor.py:840} INFO - DAG(s) 'example_trigger_controller_dag' retrieved from /mnt/c/Users/Jason/Desktop/IS3107/is3107_DataEngineering/.venv/lib/python3.8/site-packages/airflow/example_dags/example_trigger_controller_dag.py
[2024-04-25T12:10:22.102+0800] {logging_mixin.py:188} INFO - [2024-04-25T12:10:22.101+0800] {dag.py:3096} INFO - Sync 1 DAGs
[2024-04-25T12:10:22.135+0800] {logging_mixin.py:188} INFO - [2024-04-25T12:10:22.133+0800] {dag.py:3954} INFO - Setting next_dagrun for example_trigger_controller_dag to 2021-01-01 00:00:00+00:00, run_after=2021-01-01 00:00:00+00:00
[2024-04-25T12:10:22.237+0800] {processor.py:183} INFO - Processing /mnt/c/Users/Jason/Desktop/IS3107/is3107_DataEngineering/.venv/lib/python3.8/site-packages/airflow/example_dags/example_trigger_controller_dag.py took 0.218 seconds
[2024-04-25T12:12:54.550+0800] {processor.py:161} INFO - Started process (PID=1941003) to work on /mnt/c/Users/Jason/Desktop/IS3107/is3107_DataEngineering/.venv/lib/python3.8/site-packages/airflow/example_dags/example_trigger_controller_dag.py
[2024-04-25T12:12:54.552+0800] {processor.py:830} INFO - Processing file /mnt/c/Users/Jason/Desktop/IS3107/is3107_DataEngineering/.venv/lib/python3.8/site-packages/airflow/example_dags/example_trigger_controller_dag.py for tasks to queue
[2024-04-25T12:12:54.555+0800] {logging_mixin.py:188} INFO - [2024-04-25T12:12:54.554+0800] {dagbag.py:540} INFO - Filling up the DagBag from /mnt/c/Users/Jason/Desktop/IS3107/is3107_DataEngineering/.venv/lib/python3.8/site-packages/airflow/example_dags/example_trigger_controller_dag.py
[2024-04-25T12:12:54.572+0800] {processor.py:840} INFO - DAG(s) 'example_trigger_controller_dag' retrieved from /mnt/c/Users/Jason/Desktop/IS3107/is3107_DataEngineering/.venv/lib/python3.8/site-packages/airflow/example_dags/example_trigger_controller_dag.py
[2024-04-25T12:12:54.598+0800] {logging_mixin.py:188} INFO - [2024-04-25T12:12:54.597+0800] {dag.py:3096} INFO - Sync 1 DAGs
[2024-04-25T12:12:54.621+0800] {logging_mixin.py:188} INFO - [2024-04-25T12:12:54.620+0800] {dag.py:3954} INFO - Setting next_dagrun for example_trigger_controller_dag to 2021-01-01 00:00:00+00:00, run_after=2021-01-01 00:00:00+00:00
[2024-04-25T12:12:54.710+0800] {processor.py:183} INFO - Processing /mnt/c/Users/Jason/Desktop/IS3107/is3107_DataEngineering/.venv/lib/python3.8/site-packages/airflow/example_dags/example_trigger_controller_dag.py took 0.171 seconds
