[2024-04-25T11:51:27.763+0800] {processor.py:161} INFO - Started process (PID=1928661) to work on /mnt/c/Users/Jason/Desktop/IS3107/is3107_DataEngineering/.venv/lib/python3.8/site-packages/airflow/example_dags/example_sensors.py
[2024-04-25T11:51:27.765+0800] {processor.py:830} INFO - Processing file /mnt/c/Users/Jason/Desktop/IS3107/is3107_DataEngineering/.venv/lib/python3.8/site-packages/airflow/example_dags/example_sensors.py for tasks to queue
[2024-04-25T11:51:27.768+0800] {logging_mixin.py:188} INFO - [2024-04-25T11:51:27.767+0800] {dagbag.py:540} INFO - Filling up the DagBag from /mnt/c/Users/Jason/Desktop/IS3107/is3107_DataEngineering/.venv/lib/python3.8/site-packages/airflow/example_dags/example_sensors.py
[2024-04-25T11:51:27.808+0800] {processor.py:840} INFO - DAG(s) 'example_sensors' retrieved from /mnt/c/Users/Jason/Desktop/IS3107/is3107_DataEngineering/.venv/lib/python3.8/site-packages/airflow/example_dags/example_sensors.py
[2024-04-25T11:51:29.369+0800] {logging_mixin.py:188} INFO - [2024-04-25T11:51:29.368+0800] {dag.py:3096} INFO - Sync 1 DAGs
[2024-04-25T11:51:29.400+0800] {logging_mixin.py:188} INFO - [2024-04-25T11:51:29.397+0800] {dag.py:3954} INFO - Setting next_dagrun for example_sensors to None, run_after=None
[2024-04-25T11:51:29.510+0800] {processor.py:183} INFO - Processing /mnt/c/Users/Jason/Desktop/IS3107/is3107_DataEngineering/.venv/lib/python3.8/site-packages/airflow/example_dags/example_sensors.py took 1.760 seconds
[2024-04-25T11:53:44.128+0800] {processor.py:161} INFO - Started process (PID=1929956) to work on /mnt/c/Users/Jason/Desktop/IS3107/is3107_DataEngineering/.venv/lib/python3.8/site-packages/airflow/example_dags/example_sensors.py
[2024-04-25T11:53:44.131+0800] {processor.py:830} INFO - Processing file /mnt/c/Users/Jason/Desktop/IS3107/is3107_DataEngineering/.venv/lib/python3.8/site-packages/airflow/example_dags/example_sensors.py for tasks to queue
[2024-04-25T11:53:44.135+0800] {logging_mixin.py:188} INFO - [2024-04-25T11:53:44.133+0800] {dagbag.py:540} INFO - Filling up the DagBag from /mnt/c/Users/Jason/Desktop/IS3107/is3107_DataEngineering/.venv/lib/python3.8/site-packages/airflow/example_dags/example_sensors.py
[2024-04-25T11:53:44.190+0800] {processor.py:840} INFO - DAG(s) 'example_sensors' retrieved from /mnt/c/Users/Jason/Desktop/IS3107/is3107_DataEngineering/.venv/lib/python3.8/site-packages/airflow/example_dags/example_sensors.py
[2024-04-25T11:53:44.260+0800] {logging_mixin.py:188} INFO - [2024-04-25T11:53:44.258+0800] {dag.py:3096} INFO - Sync 1 DAGs
[2024-04-25T11:53:44.293+0800] {logging_mixin.py:188} INFO - [2024-04-25T11:53:44.291+0800] {dag.py:3954} INFO - Setting next_dagrun for example_sensors to None, run_after=None
[2024-04-25T11:53:44.404+0800] {processor.py:183} INFO - Processing /mnt/c/Users/Jason/Desktop/IS3107/is3107_DataEngineering/.venv/lib/python3.8/site-packages/airflow/example_dags/example_sensors.py took 0.298 seconds
[2024-04-25T11:56:35.764+0800] {processor.py:161} INFO - Started process (PID=1931568) to work on /mnt/c/Users/Jason/Desktop/IS3107/is3107_DataEngineering/.venv/lib/python3.8/site-packages/airflow/example_dags/example_sensors.py
[2024-04-25T11:56:35.766+0800] {processor.py:830} INFO - Processing file /mnt/c/Users/Jason/Desktop/IS3107/is3107_DataEngineering/.venv/lib/python3.8/site-packages/airflow/example_dags/example_sensors.py for tasks to queue
[2024-04-25T11:56:35.768+0800] {logging_mixin.py:188} INFO - [2024-04-25T11:56:35.767+0800] {dagbag.py:540} INFO - Filling up the DagBag from /mnt/c/Users/Jason/Desktop/IS3107/is3107_DataEngineering/.venv/lib/python3.8/site-packages/airflow/example_dags/example_sensors.py
[2024-04-25T11:56:35.792+0800] {processor.py:840} INFO - DAG(s) 'example_sensors' retrieved from /mnt/c/Users/Jason/Desktop/IS3107/is3107_DataEngineering/.venv/lib/python3.8/site-packages/airflow/example_dags/example_sensors.py
[2024-04-25T11:56:35.828+0800] {logging_mixin.py:188} INFO - [2024-04-25T11:56:35.827+0800] {dag.py:3096} INFO - Sync 1 DAGs
[2024-04-25T11:56:35.846+0800] {logging_mixin.py:188} INFO - [2024-04-25T11:56:35.844+0800] {dag.py:3954} INFO - Setting next_dagrun for example_sensors to None, run_after=None
[2024-04-25T11:56:35.922+0800] {processor.py:183} INFO - Processing /mnt/c/Users/Jason/Desktop/IS3107/is3107_DataEngineering/.venv/lib/python3.8/site-packages/airflow/example_dags/example_sensors.py took 0.169 seconds
[2024-04-25T11:58:42.904+0800] {processor.py:161} INFO - Started process (PID=1932812) to work on /mnt/c/Users/Jason/Desktop/IS3107/is3107_DataEngineering/.venv/lib/python3.8/site-packages/airflow/example_dags/example_sensors.py
[2024-04-25T11:58:42.906+0800] {processor.py:830} INFO - Processing file /mnt/c/Users/Jason/Desktop/IS3107/is3107_DataEngineering/.venv/lib/python3.8/site-packages/airflow/example_dags/example_sensors.py for tasks to queue
[2024-04-25T11:58:42.909+0800] {logging_mixin.py:188} INFO - [2024-04-25T11:58:42.908+0800] {dagbag.py:540} INFO - Filling up the DagBag from /mnt/c/Users/Jason/Desktop/IS3107/is3107_DataEngineering/.venv/lib/python3.8/site-packages/airflow/example_dags/example_sensors.py
[2024-04-25T11:58:42.939+0800] {processor.py:840} INFO - DAG(s) 'example_sensors' retrieved from /mnt/c/Users/Jason/Desktop/IS3107/is3107_DataEngineering/.venv/lib/python3.8/site-packages/airflow/example_dags/example_sensors.py
[2024-04-25T11:58:42.984+0800] {logging_mixin.py:188} INFO - [2024-04-25T11:58:42.982+0800] {dag.py:3096} INFO - Sync 1 DAGs
[2024-04-25T11:58:43.006+0800] {logging_mixin.py:188} INFO - [2024-04-25T11:58:43.005+0800] {dag.py:3954} INFO - Setting next_dagrun for example_sensors to None, run_after=None
[2024-04-25T11:58:43.109+0800] {processor.py:183} INFO - Processing /mnt/c/Users/Jason/Desktop/IS3107/is3107_DataEngineering/.venv/lib/python3.8/site-packages/airflow/example_dags/example_sensors.py took 0.219 seconds
[2024-04-25T12:01:13.883+0800] {processor.py:161} INFO - Started process (PID=1934254) to work on /mnt/c/Users/Jason/Desktop/IS3107/is3107_DataEngineering/.venv/lib/python3.8/site-packages/airflow/example_dags/example_sensors.py
[2024-04-25T12:01:13.885+0800] {processor.py:830} INFO - Processing file /mnt/c/Users/Jason/Desktop/IS3107/is3107_DataEngineering/.venv/lib/python3.8/site-packages/airflow/example_dags/example_sensors.py for tasks to queue
[2024-04-25T12:01:13.887+0800] {logging_mixin.py:188} INFO - [2024-04-25T12:01:13.886+0800] {dagbag.py:540} INFO - Filling up the DagBag from /mnt/c/Users/Jason/Desktop/IS3107/is3107_DataEngineering/.venv/lib/python3.8/site-packages/airflow/example_dags/example_sensors.py
[2024-04-25T12:01:13.918+0800] {processor.py:840} INFO - DAG(s) 'example_sensors' retrieved from /mnt/c/Users/Jason/Desktop/IS3107/is3107_DataEngineering/.venv/lib/python3.8/site-packages/airflow/example_dags/example_sensors.py
[2024-04-25T12:01:13.968+0800] {logging_mixin.py:188} INFO - [2024-04-25T12:01:13.967+0800] {dag.py:3096} INFO - Sync 1 DAGs
[2024-04-25T12:01:13.991+0800] {logging_mixin.py:188} INFO - [2024-04-25T12:01:13.990+0800] {dag.py:3954} INFO - Setting next_dagrun for example_sensors to None, run_after=None
[2024-04-25T12:01:14.096+0800] {processor.py:183} INFO - Processing /mnt/c/Users/Jason/Desktop/IS3107/is3107_DataEngineering/.venv/lib/python3.8/site-packages/airflow/example_dags/example_sensors.py took 0.226 seconds
[2024-04-25T12:03:38.883+0800] {processor.py:161} INFO - Started process (PID=1935633) to work on /mnt/c/Users/Jason/Desktop/IS3107/is3107_DataEngineering/.venv/lib/python3.8/site-packages/airflow/example_dags/example_sensors.py
[2024-04-25T12:03:38.886+0800] {processor.py:830} INFO - Processing file /mnt/c/Users/Jason/Desktop/IS3107/is3107_DataEngineering/.venv/lib/python3.8/site-packages/airflow/example_dags/example_sensors.py for tasks to queue
[2024-04-25T12:03:38.889+0800] {logging_mixin.py:188} INFO - [2024-04-25T12:03:38.888+0800] {dagbag.py:540} INFO - Filling up the DagBag from /mnt/c/Users/Jason/Desktop/IS3107/is3107_DataEngineering/.venv/lib/python3.8/site-packages/airflow/example_dags/example_sensors.py
[2024-04-25T12:03:38.926+0800] {processor.py:840} INFO - DAG(s) 'example_sensors' retrieved from /mnt/c/Users/Jason/Desktop/IS3107/is3107_DataEngineering/.venv/lib/python3.8/site-packages/airflow/example_dags/example_sensors.py
[2024-04-25T12:03:38.976+0800] {logging_mixin.py:188} INFO - [2024-04-25T12:03:38.974+0800] {dag.py:3096} INFO - Sync 1 DAGs
[2024-04-25T12:03:38.999+0800] {logging_mixin.py:188} INFO - [2024-04-25T12:03:38.997+0800] {dag.py:3954} INFO - Setting next_dagrun for example_sensors to None, run_after=None
[2024-04-25T12:03:39.083+0800] {processor.py:183} INFO - Processing /mnt/c/Users/Jason/Desktop/IS3107/is3107_DataEngineering/.venv/lib/python3.8/site-packages/airflow/example_dags/example_sensors.py took 0.219 seconds
[2024-04-25T12:05:58.515+0800] {processor.py:161} INFO - Started process (PID=1936989) to work on /mnt/c/Users/Jason/Desktop/IS3107/is3107_DataEngineering/.venv/lib/python3.8/site-packages/airflow/example_dags/example_sensors.py
[2024-04-25T12:05:58.517+0800] {processor.py:830} INFO - Processing file /mnt/c/Users/Jason/Desktop/IS3107/is3107_DataEngineering/.venv/lib/python3.8/site-packages/airflow/example_dags/example_sensors.py for tasks to queue
[2024-04-25T12:05:58.519+0800] {logging_mixin.py:188} INFO - [2024-04-25T12:05:58.518+0800] {dagbag.py:540} INFO - Filling up the DagBag from /mnt/c/Users/Jason/Desktop/IS3107/is3107_DataEngineering/.venv/lib/python3.8/site-packages/airflow/example_dags/example_sensors.py
[2024-04-25T12:05:58.543+0800] {processor.py:840} INFO - DAG(s) 'example_sensors' retrieved from /mnt/c/Users/Jason/Desktop/IS3107/is3107_DataEngineering/.venv/lib/python3.8/site-packages/airflow/example_dags/example_sensors.py
[2024-04-25T12:05:58.580+0800] {logging_mixin.py:188} INFO - [2024-04-25T12:05:58.579+0800] {dag.py:3096} INFO - Sync 1 DAGs
[2024-04-25T12:05:58.601+0800] {logging_mixin.py:188} INFO - [2024-04-25T12:05:58.599+0800] {dag.py:3954} INFO - Setting next_dagrun for example_sensors to None, run_after=None
[2024-04-25T12:05:58.686+0800] {processor.py:183} INFO - Processing /mnt/c/Users/Jason/Desktop/IS3107/is3107_DataEngineering/.venv/lib/python3.8/site-packages/airflow/example_dags/example_sensors.py took 0.183 seconds
[2024-04-25T12:07:59.289+0800] {processor.py:161} INFO - Started process (PID=1938167) to work on /mnt/c/Users/Jason/Desktop/IS3107/is3107_DataEngineering/.venv/lib/python3.8/site-packages/airflow/example_dags/example_sensors.py
[2024-04-25T12:07:59.290+0800] {processor.py:830} INFO - Processing file /mnt/c/Users/Jason/Desktop/IS3107/is3107_DataEngineering/.venv/lib/python3.8/site-packages/airflow/example_dags/example_sensors.py for tasks to queue
[2024-04-25T12:07:59.292+0800] {logging_mixin.py:188} INFO - [2024-04-25T12:07:59.291+0800] {dagbag.py:540} INFO - Filling up the DagBag from /mnt/c/Users/Jason/Desktop/IS3107/is3107_DataEngineering/.venv/lib/python3.8/site-packages/airflow/example_dags/example_sensors.py
[2024-04-25T12:07:59.312+0800] {processor.py:840} INFO - DAG(s) 'example_sensors' retrieved from /mnt/c/Users/Jason/Desktop/IS3107/is3107_DataEngineering/.venv/lib/python3.8/site-packages/airflow/example_dags/example_sensors.py
[2024-04-25T12:07:59.340+0800] {logging_mixin.py:188} INFO - [2024-04-25T12:07:59.339+0800] {dag.py:3096} INFO - Sync 1 DAGs
[2024-04-25T12:07:59.353+0800] {logging_mixin.py:188} INFO - [2024-04-25T12:07:59.352+0800] {dag.py:3954} INFO - Setting next_dagrun for example_sensors to None, run_after=None
[2024-04-25T12:07:59.416+0800] {processor.py:183} INFO - Processing /mnt/c/Users/Jason/Desktop/IS3107/is3107_DataEngineering/.venv/lib/python3.8/site-packages/airflow/example_dags/example_sensors.py took 0.138 seconds
[2024-04-25T12:10:05.735+0800] {processor.py:161} INFO - Started process (PID=1939386) to work on /mnt/c/Users/Jason/Desktop/IS3107/is3107_DataEngineering/.venv/lib/python3.8/site-packages/airflow/example_dags/example_sensors.py
[2024-04-25T12:10:05.738+0800] {processor.py:830} INFO - Processing file /mnt/c/Users/Jason/Desktop/IS3107/is3107_DataEngineering/.venv/lib/python3.8/site-packages/airflow/example_dags/example_sensors.py for tasks to queue
[2024-04-25T12:10:05.743+0800] {logging_mixin.py:188} INFO - [2024-04-25T12:10:05.741+0800] {dagbag.py:540} INFO - Filling up the DagBag from /mnt/c/Users/Jason/Desktop/IS3107/is3107_DataEngineering/.venv/lib/python3.8/site-packages/airflow/example_dags/example_sensors.py
[2024-04-25T12:10:05.782+0800] {processor.py:840} INFO - DAG(s) 'example_sensors' retrieved from /mnt/c/Users/Jason/Desktop/IS3107/is3107_DataEngineering/.venv/lib/python3.8/site-packages/airflow/example_dags/example_sensors.py
[2024-04-25T12:10:05.825+0800] {logging_mixin.py:188} INFO - [2024-04-25T12:10:05.823+0800] {dag.py:3096} INFO - Sync 1 DAGs
[2024-04-25T12:10:05.847+0800] {logging_mixin.py:188} INFO - [2024-04-25T12:10:05.846+0800] {dag.py:3954} INFO - Setting next_dagrun for example_sensors to None, run_after=None
[2024-04-25T12:10:05.954+0800] {processor.py:183} INFO - Processing /mnt/c/Users/Jason/Desktop/IS3107/is3107_DataEngineering/.venv/lib/python3.8/site-packages/airflow/example_dags/example_sensors.py took 0.238 seconds
[2024-04-25T12:12:39.122+0800] {processor.py:161} INFO - Started process (PID=1940850) to work on /mnt/c/Users/Jason/Desktop/IS3107/is3107_DataEngineering/.venv/lib/python3.8/site-packages/airflow/example_dags/example_sensors.py
[2024-04-25T12:12:39.124+0800] {processor.py:830} INFO - Processing file /mnt/c/Users/Jason/Desktop/IS3107/is3107_DataEngineering/.venv/lib/python3.8/site-packages/airflow/example_dags/example_sensors.py for tasks to queue
[2024-04-25T12:12:39.127+0800] {logging_mixin.py:188} INFO - [2024-04-25T12:12:39.126+0800] {dagbag.py:540} INFO - Filling up the DagBag from /mnt/c/Users/Jason/Desktop/IS3107/is3107_DataEngineering/.venv/lib/python3.8/site-packages/airflow/example_dags/example_sensors.py
[2024-04-25T12:12:39.166+0800] {processor.py:840} INFO - DAG(s) 'example_sensors' retrieved from /mnt/c/Users/Jason/Desktop/IS3107/is3107_DataEngineering/.venv/lib/python3.8/site-packages/airflow/example_dags/example_sensors.py
[2024-04-25T12:12:39.232+0800] {logging_mixin.py:188} INFO - [2024-04-25T12:12:39.231+0800] {dag.py:3096} INFO - Sync 1 DAGs
[2024-04-25T12:12:39.286+0800] {logging_mixin.py:188} INFO - [2024-04-25T12:12:39.285+0800] {dag.py:3954} INFO - Setting next_dagrun for example_sensors to None, run_after=None
[2024-04-25T12:12:39.442+0800] {processor.py:183} INFO - Processing /mnt/c/Users/Jason/Desktop/IS3107/is3107_DataEngineering/.venv/lib/python3.8/site-packages/airflow/example_dags/example_sensors.py took 0.335 seconds
