[2024-04-25T09:39:56.803+0800] {processor.py:161} INFO - Started process (PID=1859905) to work on /mnt/c/Users/Jason/Desktop/IS3107/is3107_DataEngineering/.venv/lib/python3.8/site-packages/airflow/example_dags/example_branch_operator_decorator.py
[2024-04-25T09:39:56.805+0800] {processor.py:830} INFO - Processing file /mnt/c/Users/Jason/Desktop/IS3107/is3107_DataEngineering/.venv/lib/python3.8/site-packages/airflow/example_dags/example_branch_operator_decorator.py for tasks to queue
[2024-04-25T09:39:56.809+0800] {logging_mixin.py:188} INFO - [2024-04-25T09:39:56.808+0800] {dagbag.py:540} INFO - Filling up the DagBag from /mnt/c/Users/Jason/Desktop/IS3107/is3107_DataEngineering/.venv/lib/python3.8/site-packages/airflow/example_dags/example_branch_operator_decorator.py
[2024-04-25T09:39:56.982+0800] {processor.py:840} INFO - DAG(s) 'example_branch_python_operator_decorator' retrieved from /mnt/c/Users/Jason/Desktop/IS3107/is3107_DataEngineering/.venv/lib/python3.8/site-packages/airflow/example_dags/example_branch_operator_decorator.py
[2024-04-25T09:39:58.362+0800] {logging_mixin.py:188} INFO - [2024-04-25T09:39:58.361+0800] {dag.py:3096} INFO - Sync 1 DAGs
[2024-04-25T09:39:58.401+0800] {logging_mixin.py:188} INFO - [2024-04-25T09:39:58.398+0800] {dag.py:3954} INFO - Setting next_dagrun for example_branch_python_operator_decorator to 2024-04-24 00:00:00+00:00, run_after=2024-04-25 00:00:00+00:00
[2024-04-25T09:39:58.516+0800] {processor.py:183} INFO - Processing /mnt/c/Users/Jason/Desktop/IS3107/is3107_DataEngineering/.venv/lib/python3.8/site-packages/airflow/example_dags/example_branch_operator_decorator.py took 1.732 seconds
[2024-04-25T11:50:33.014+0800] {processor.py:161} INFO - Started process (PID=1928201) to work on /mnt/c/Users/Jason/Desktop/IS3107/is3107_DataEngineering/.venv/lib/python3.8/site-packages/airflow/example_dags/example_branch_operator_decorator.py
[2024-04-25T11:50:33.018+0800] {processor.py:830} INFO - Processing file /mnt/c/Users/Jason/Desktop/IS3107/is3107_DataEngineering/.venv/lib/python3.8/site-packages/airflow/example_dags/example_branch_operator_decorator.py for tasks to queue
[2024-04-25T11:50:33.022+0800] {logging_mixin.py:188} INFO - [2024-04-25T11:50:33.021+0800] {dagbag.py:540} INFO - Filling up the DagBag from /mnt/c/Users/Jason/Desktop/IS3107/is3107_DataEngineering/.venv/lib/python3.8/site-packages/airflow/example_dags/example_branch_operator_decorator.py
[2024-04-25T11:50:33.109+0800] {processor.py:840} INFO - DAG(s) 'example_branch_python_operator_decorator' retrieved from /mnt/c/Users/Jason/Desktop/IS3107/is3107_DataEngineering/.venv/lib/python3.8/site-packages/airflow/example_dags/example_branch_operator_decorator.py
[2024-04-25T11:50:34.565+0800] {logging_mixin.py:188} INFO - [2024-04-25T11:50:34.564+0800] {dag.py:3096} INFO - Sync 1 DAGs
[2024-04-25T11:50:34.598+0800] {logging_mixin.py:188} INFO - [2024-04-25T11:50:34.597+0800] {dag.py:3954} INFO - Setting next_dagrun for example_branch_python_operator_decorator to 2024-04-24 00:00:00+00:00, run_after=2024-04-25 00:00:00+00:00
[2024-04-25T11:50:34.697+0800] {processor.py:183} INFO - Processing /mnt/c/Users/Jason/Desktop/IS3107/is3107_DataEngineering/.venv/lib/python3.8/site-packages/airflow/example_dags/example_branch_operator_decorator.py took 1.700 seconds
[2024-04-25T11:53:12.049+0800] {processor.py:161} INFO - Started process (PID=1929642) to work on /mnt/c/Users/Jason/Desktop/IS3107/is3107_DataEngineering/.venv/lib/python3.8/site-packages/airflow/example_dags/example_branch_operator_decorator.py
[2024-04-25T11:53:12.051+0800] {processor.py:830} INFO - Processing file /mnt/c/Users/Jason/Desktop/IS3107/is3107_DataEngineering/.venv/lib/python3.8/site-packages/airflow/example_dags/example_branch_operator_decorator.py for tasks to queue
[2024-04-25T11:53:12.053+0800] {logging_mixin.py:188} INFO - [2024-04-25T11:53:12.052+0800] {dagbag.py:540} INFO - Filling up the DagBag from /mnt/c/Users/Jason/Desktop/IS3107/is3107_DataEngineering/.venv/lib/python3.8/site-packages/airflow/example_dags/example_branch_operator_decorator.py
[2024-04-25T11:53:12.118+0800] {processor.py:840} INFO - DAG(s) 'example_branch_python_operator_decorator' retrieved from /mnt/c/Users/Jason/Desktop/IS3107/is3107_DataEngineering/.venv/lib/python3.8/site-packages/airflow/example_dags/example_branch_operator_decorator.py
[2024-04-25T11:53:12.159+0800] {logging_mixin.py:188} INFO - [2024-04-25T11:53:12.158+0800] {dag.py:3096} INFO - Sync 1 DAGs
[2024-04-25T11:53:12.192+0800] {logging_mixin.py:188} INFO - [2024-04-25T11:53:12.191+0800] {dag.py:3954} INFO - Setting next_dagrun for example_branch_python_operator_decorator to 2024-04-24 00:00:00+00:00, run_after=2024-04-25 00:00:00+00:00
[2024-04-25T11:53:12.263+0800] {processor.py:183} INFO - Processing /mnt/c/Users/Jason/Desktop/IS3107/is3107_DataEngineering/.venv/lib/python3.8/site-packages/airflow/example_dags/example_branch_operator_decorator.py took 0.227 seconds
[2024-04-25T11:55:06.657+0800] {processor.py:161} INFO - Started process (PID=1930723) to work on /mnt/c/Users/Jason/Desktop/IS3107/is3107_DataEngineering/.venv/lib/python3.8/site-packages/airflow/example_dags/example_branch_operator_decorator.py
[2024-04-25T11:55:06.662+0800] {processor.py:830} INFO - Processing file /mnt/c/Users/Jason/Desktop/IS3107/is3107_DataEngineering/.venv/lib/python3.8/site-packages/airflow/example_dags/example_branch_operator_decorator.py for tasks to queue
[2024-04-25T11:55:06.668+0800] {logging_mixin.py:188} INFO - [2024-04-25T11:55:06.665+0800] {dagbag.py:540} INFO - Filling up the DagBag from /mnt/c/Users/Jason/Desktop/IS3107/is3107_DataEngineering/.venv/lib/python3.8/site-packages/airflow/example_dags/example_branch_operator_decorator.py
[2024-04-25T11:55:06.881+0800] {processor.py:840} INFO - DAG(s) 'example_branch_python_operator_decorator' retrieved from /mnt/c/Users/Jason/Desktop/IS3107/is3107_DataEngineering/.venv/lib/python3.8/site-packages/airflow/example_dags/example_branch_operator_decorator.py
[2024-04-25T11:55:06.961+0800] {logging_mixin.py:188} INFO - [2024-04-25T11:55:06.958+0800] {dag.py:3096} INFO - Sync 1 DAGs
[2024-04-25T11:55:07.025+0800] {logging_mixin.py:188} INFO - [2024-04-25T11:55:07.022+0800] {dag.py:3954} INFO - Setting next_dagrun for example_branch_python_operator_decorator to 2024-04-24 00:00:00+00:00, run_after=2024-04-25 00:00:00+00:00
[2024-04-25T11:55:07.172+0800] {processor.py:183} INFO - Processing /mnt/c/Users/Jason/Desktop/IS3107/is3107_DataEngineering/.venv/lib/python3.8/site-packages/airflow/example_dags/example_branch_operator_decorator.py took 0.553 seconds
[2024-04-25T11:56:18.986+0800] {processor.py:161} INFO - Started process (PID=1931429) to work on /mnt/c/Users/Jason/Desktop/IS3107/is3107_DataEngineering/.venv/lib/python3.8/site-packages/airflow/example_dags/example_branch_operator_decorator.py
[2024-04-25T11:56:18.988+0800] {processor.py:830} INFO - Processing file /mnt/c/Users/Jason/Desktop/IS3107/is3107_DataEngineering/.venv/lib/python3.8/site-packages/airflow/example_dags/example_branch_operator_decorator.py for tasks to queue
[2024-04-25T11:56:18.990+0800] {logging_mixin.py:188} INFO - [2024-04-25T11:56:18.989+0800] {dagbag.py:540} INFO - Filling up the DagBag from /mnt/c/Users/Jason/Desktop/IS3107/is3107_DataEngineering/.venv/lib/python3.8/site-packages/airflow/example_dags/example_branch_operator_decorator.py
[2024-04-25T11:56:19.053+0800] {processor.py:840} INFO - DAG(s) 'example_branch_python_operator_decorator' retrieved from /mnt/c/Users/Jason/Desktop/IS3107/is3107_DataEngineering/.venv/lib/python3.8/site-packages/airflow/example_dags/example_branch_operator_decorator.py
[2024-04-25T11:56:19.095+0800] {logging_mixin.py:188} INFO - [2024-04-25T11:56:19.093+0800] {dag.py:3096} INFO - Sync 1 DAGs
[2024-04-25T11:56:19.128+0800] {logging_mixin.py:188} INFO - [2024-04-25T11:56:19.126+0800] {dag.py:3954} INFO - Setting next_dagrun for example_branch_python_operator_decorator to 2024-04-24 00:00:00+00:00, run_after=2024-04-25 00:00:00+00:00
[2024-04-25T11:56:19.204+0800] {processor.py:183} INFO - Processing /mnt/c/Users/Jason/Desktop/IS3107/is3107_DataEngineering/.venv/lib/python3.8/site-packages/airflow/example_dags/example_branch_operator_decorator.py took 0.231 seconds
[2024-04-25T11:57:24.361+0800] {processor.py:161} INFO - Started process (PID=1932036) to work on /mnt/c/Users/Jason/Desktop/IS3107/is3107_DataEngineering/.venv/lib/python3.8/site-packages/airflow/example_dags/example_branch_operator_decorator.py
[2024-04-25T11:57:24.363+0800] {processor.py:830} INFO - Processing file /mnt/c/Users/Jason/Desktop/IS3107/is3107_DataEngineering/.venv/lib/python3.8/site-packages/airflow/example_dags/example_branch_operator_decorator.py for tasks to queue
[2024-04-25T11:57:24.365+0800] {logging_mixin.py:188} INFO - [2024-04-25T11:57:24.364+0800] {dagbag.py:540} INFO - Filling up the DagBag from /mnt/c/Users/Jason/Desktop/IS3107/is3107_DataEngineering/.venv/lib/python3.8/site-packages/airflow/example_dags/example_branch_operator_decorator.py
[2024-04-25T11:57:24.424+0800] {processor.py:840} INFO - DAG(s) 'example_branch_python_operator_decorator' retrieved from /mnt/c/Users/Jason/Desktop/IS3107/is3107_DataEngineering/.venv/lib/python3.8/site-packages/airflow/example_dags/example_branch_operator_decorator.py
[2024-04-25T11:57:24.462+0800] {logging_mixin.py:188} INFO - [2024-04-25T11:57:24.461+0800] {dag.py:3096} INFO - Sync 1 DAGs
[2024-04-25T11:57:24.509+0800] {logging_mixin.py:188} INFO - [2024-04-25T11:57:24.508+0800] {dag.py:3954} INFO - Setting next_dagrun for example_branch_python_operator_decorator to 2024-04-24 00:00:00+00:00, run_after=2024-04-25 00:00:00+00:00
[2024-04-25T11:57:24.575+0800] {processor.py:183} INFO - Processing /mnt/c/Users/Jason/Desktop/IS3107/is3107_DataEngineering/.venv/lib/python3.8/site-packages/airflow/example_dags/example_branch_operator_decorator.py took 0.225 seconds
[2024-04-25T11:58:28.914+0800] {processor.py:161} INFO - Started process (PID=1932698) to work on /mnt/c/Users/Jason/Desktop/IS3107/is3107_DataEngineering/.venv/lib/python3.8/site-packages/airflow/example_dags/example_branch_operator_decorator.py
[2024-04-25T11:58:28.917+0800] {processor.py:830} INFO - Processing file /mnt/c/Users/Jason/Desktop/IS3107/is3107_DataEngineering/.venv/lib/python3.8/site-packages/airflow/example_dags/example_branch_operator_decorator.py for tasks to queue
[2024-04-25T11:58:28.921+0800] {logging_mixin.py:188} INFO - [2024-04-25T11:58:28.920+0800] {dagbag.py:540} INFO - Filling up the DagBag from /mnt/c/Users/Jason/Desktop/IS3107/is3107_DataEngineering/.venv/lib/python3.8/site-packages/airflow/example_dags/example_branch_operator_decorator.py
[2024-04-25T11:58:29.012+0800] {processor.py:840} INFO - DAG(s) 'example_branch_python_operator_decorator' retrieved from /mnt/c/Users/Jason/Desktop/IS3107/is3107_DataEngineering/.venv/lib/python3.8/site-packages/airflow/example_dags/example_branch_operator_decorator.py
[2024-04-25T11:58:29.059+0800] {logging_mixin.py:188} INFO - [2024-04-25T11:58:29.058+0800] {dag.py:3096} INFO - Sync 1 DAGs
[2024-04-25T11:58:29.102+0800] {logging_mixin.py:188} INFO - [2024-04-25T11:58:29.099+0800] {dag.py:3954} INFO - Setting next_dagrun for example_branch_python_operator_decorator to 2024-04-24 00:00:00+00:00, run_after=2024-04-25 00:00:00+00:00
[2024-04-25T11:58:29.216+0800] {processor.py:183} INFO - Processing /mnt/c/Users/Jason/Desktop/IS3107/is3107_DataEngineering/.venv/lib/python3.8/site-packages/airflow/example_dags/example_branch_operator_decorator.py took 0.318 seconds
[2024-04-25T11:59:39.413+0800] {processor.py:161} INFO - Started process (PID=1933340) to work on /mnt/c/Users/Jason/Desktop/IS3107/is3107_DataEngineering/.venv/lib/python3.8/site-packages/airflow/example_dags/example_branch_operator_decorator.py
[2024-04-25T11:59:39.415+0800] {processor.py:830} INFO - Processing file /mnt/c/Users/Jason/Desktop/IS3107/is3107_DataEngineering/.venv/lib/python3.8/site-packages/airflow/example_dags/example_branch_operator_decorator.py for tasks to queue
[2024-04-25T11:59:39.418+0800] {logging_mixin.py:188} INFO - [2024-04-25T11:59:39.416+0800] {dagbag.py:540} INFO - Filling up the DagBag from /mnt/c/Users/Jason/Desktop/IS3107/is3107_DataEngineering/.venv/lib/python3.8/site-packages/airflow/example_dags/example_branch_operator_decorator.py
[2024-04-25T11:59:39.513+0800] {processor.py:840} INFO - DAG(s) 'example_branch_python_operator_decorator' retrieved from /mnt/c/Users/Jason/Desktop/IS3107/is3107_DataEngineering/.venv/lib/python3.8/site-packages/airflow/example_dags/example_branch_operator_decorator.py
[2024-04-25T11:59:39.580+0800] {logging_mixin.py:188} INFO - [2024-04-25T11:59:39.578+0800] {dag.py:3096} INFO - Sync 1 DAGs
[2024-04-25T11:59:39.618+0800] {logging_mixin.py:188} INFO - [2024-04-25T11:59:39.616+0800] {dag.py:3954} INFO - Setting next_dagrun for example_branch_python_operator_decorator to 2024-04-24 00:00:00+00:00, run_after=2024-04-25 00:00:00+00:00
[2024-04-25T11:59:39.711+0800] {processor.py:183} INFO - Processing /mnt/c/Users/Jason/Desktop/IS3107/is3107_DataEngineering/.venv/lib/python3.8/site-packages/airflow/example_dags/example_branch_operator_decorator.py took 0.315 seconds
[2024-04-25T12:00:55.081+0800] {processor.py:161} INFO - Started process (PID=1934071) to work on /mnt/c/Users/Jason/Desktop/IS3107/is3107_DataEngineering/.venv/lib/python3.8/site-packages/airflow/example_dags/example_branch_operator_decorator.py
[2024-04-25T12:00:55.086+0800] {processor.py:830} INFO - Processing file /mnt/c/Users/Jason/Desktop/IS3107/is3107_DataEngineering/.venv/lib/python3.8/site-packages/airflow/example_dags/example_branch_operator_decorator.py for tasks to queue
[2024-04-25T12:00:55.092+0800] {logging_mixin.py:188} INFO - [2024-04-25T12:00:55.089+0800] {dagbag.py:540} INFO - Filling up the DagBag from /mnt/c/Users/Jason/Desktop/IS3107/is3107_DataEngineering/.venv/lib/python3.8/site-packages/airflow/example_dags/example_branch_operator_decorator.py
[2024-04-25T12:00:55.248+0800] {processor.py:840} INFO - DAG(s) 'example_branch_python_operator_decorator' retrieved from /mnt/c/Users/Jason/Desktop/IS3107/is3107_DataEngineering/.venv/lib/python3.8/site-packages/airflow/example_dags/example_branch_operator_decorator.py
[2024-04-25T12:00:55.329+0800] {logging_mixin.py:188} INFO - [2024-04-25T12:00:55.325+0800] {dag.py:3096} INFO - Sync 1 DAGs
[2024-04-25T12:00:55.378+0800] {logging_mixin.py:188} INFO - [2024-04-25T12:00:55.376+0800] {dag.py:3954} INFO - Setting next_dagrun for example_branch_python_operator_decorator to 2024-04-24 00:00:00+00:00, run_after=2024-04-25 00:00:00+00:00
[2024-04-25T12:00:55.524+0800] {processor.py:183} INFO - Processing /mnt/c/Users/Jason/Desktop/IS3107/is3107_DataEngineering/.venv/lib/python3.8/site-packages/airflow/example_dags/example_branch_operator_decorator.py took 0.476 seconds
[2024-04-25T12:02:12.311+0800] {processor.py:161} INFO - Started process (PID=1934824) to work on /mnt/c/Users/Jason/Desktop/IS3107/is3107_DataEngineering/.venv/lib/python3.8/site-packages/airflow/example_dags/example_branch_operator_decorator.py
[2024-04-25T12:02:12.313+0800] {processor.py:830} INFO - Processing file /mnt/c/Users/Jason/Desktop/IS3107/is3107_DataEngineering/.venv/lib/python3.8/site-packages/airflow/example_dags/example_branch_operator_decorator.py for tasks to queue
[2024-04-25T12:02:12.316+0800] {logging_mixin.py:188} INFO - [2024-04-25T12:02:12.315+0800] {dagbag.py:540} INFO - Filling up the DagBag from /mnt/c/Users/Jason/Desktop/IS3107/is3107_DataEngineering/.venv/lib/python3.8/site-packages/airflow/example_dags/example_branch_operator_decorator.py
[2024-04-25T12:02:12.376+0800] {processor.py:840} INFO - DAG(s) 'example_branch_python_operator_decorator' retrieved from /mnt/c/Users/Jason/Desktop/IS3107/is3107_DataEngineering/.venv/lib/python3.8/site-packages/airflow/example_dags/example_branch_operator_decorator.py
[2024-04-25T12:02:12.412+0800] {logging_mixin.py:188} INFO - [2024-04-25T12:02:12.412+0800] {dag.py:3096} INFO - Sync 1 DAGs
[2024-04-25T12:02:12.437+0800] {logging_mixin.py:188} INFO - [2024-04-25T12:02:12.436+0800] {dag.py:3954} INFO - Setting next_dagrun for example_branch_python_operator_decorator to 2024-04-24 00:00:00+00:00, run_after=2024-04-25 00:00:00+00:00
[2024-04-25T12:02:12.525+0800] {processor.py:183} INFO - Processing /mnt/c/Users/Jason/Desktop/IS3107/is3107_DataEngineering/.venv/lib/python3.8/site-packages/airflow/example_dags/example_branch_operator_decorator.py took 0.225 seconds
[2024-04-25T12:03:22.127+0800] {processor.py:161} INFO - Started process (PID=1935488) to work on /mnt/c/Users/Jason/Desktop/IS3107/is3107_DataEngineering/.venv/lib/python3.8/site-packages/airflow/example_dags/example_branch_operator_decorator.py
[2024-04-25T12:03:22.129+0800] {processor.py:830} INFO - Processing file /mnt/c/Users/Jason/Desktop/IS3107/is3107_DataEngineering/.venv/lib/python3.8/site-packages/airflow/example_dags/example_branch_operator_decorator.py for tasks to queue
[2024-04-25T12:03:22.132+0800] {logging_mixin.py:188} INFO - [2024-04-25T12:03:22.130+0800] {dagbag.py:540} INFO - Filling up the DagBag from /mnt/c/Users/Jason/Desktop/IS3107/is3107_DataEngineering/.venv/lib/python3.8/site-packages/airflow/example_dags/example_branch_operator_decorator.py
[2024-04-25T12:03:22.209+0800] {processor.py:840} INFO - DAG(s) 'example_branch_python_operator_decorator' retrieved from /mnt/c/Users/Jason/Desktop/IS3107/is3107_DataEngineering/.venv/lib/python3.8/site-packages/airflow/example_dags/example_branch_operator_decorator.py
[2024-04-25T12:03:22.256+0800] {logging_mixin.py:188} INFO - [2024-04-25T12:03:22.255+0800] {dag.py:3096} INFO - Sync 1 DAGs
[2024-04-25T12:03:22.290+0800] {logging_mixin.py:188} INFO - [2024-04-25T12:03:22.290+0800] {dag.py:3954} INFO - Setting next_dagrun for example_branch_python_operator_decorator to 2024-04-24 00:00:00+00:00, run_after=2024-04-25 00:00:00+00:00
[2024-04-25T12:03:22.364+0800] {processor.py:183} INFO - Processing /mnt/c/Users/Jason/Desktop/IS3107/is3107_DataEngineering/.venv/lib/python3.8/site-packages/airflow/example_dags/example_branch_operator_decorator.py took 0.250 seconds
[2024-04-25T12:04:34.579+0800] {processor.py:161} INFO - Started process (PID=1936182) to work on /mnt/c/Users/Jason/Desktop/IS3107/is3107_DataEngineering/.venv/lib/python3.8/site-packages/airflow/example_dags/example_branch_operator_decorator.py
[2024-04-25T12:04:34.580+0800] {processor.py:830} INFO - Processing file /mnt/c/Users/Jason/Desktop/IS3107/is3107_DataEngineering/.venv/lib/python3.8/site-packages/airflow/example_dags/example_branch_operator_decorator.py for tasks to queue
[2024-04-25T12:04:34.583+0800] {logging_mixin.py:188} INFO - [2024-04-25T12:04:34.582+0800] {dagbag.py:540} INFO - Filling up the DagBag from /mnt/c/Users/Jason/Desktop/IS3107/is3107_DataEngineering/.venv/lib/python3.8/site-packages/airflow/example_dags/example_branch_operator_decorator.py
[2024-04-25T12:04:34.648+0800] {processor.py:840} INFO - DAG(s) 'example_branch_python_operator_decorator' retrieved from /mnt/c/Users/Jason/Desktop/IS3107/is3107_DataEngineering/.venv/lib/python3.8/site-packages/airflow/example_dags/example_branch_operator_decorator.py
[2024-04-25T12:04:34.688+0800] {logging_mixin.py:188} INFO - [2024-04-25T12:04:34.687+0800] {dag.py:3096} INFO - Sync 1 DAGs
[2024-04-25T12:04:34.718+0800] {logging_mixin.py:188} INFO - [2024-04-25T12:04:34.717+0800] {dag.py:3954} INFO - Setting next_dagrun for example_branch_python_operator_decorator to 2024-04-24 00:00:00+00:00, run_after=2024-04-25 00:00:00+00:00
[2024-04-25T12:04:34.802+0800] {processor.py:183} INFO - Processing /mnt/c/Users/Jason/Desktop/IS3107/is3107_DataEngineering/.venv/lib/python3.8/site-packages/airflow/example_dags/example_branch_operator_decorator.py took 0.236 seconds
[2024-04-25T12:05:45.183+0800] {processor.py:161} INFO - Started process (PID=1936866) to work on /mnt/c/Users/Jason/Desktop/IS3107/is3107_DataEngineering/.venv/lib/python3.8/site-packages/airflow/example_dags/example_branch_operator_decorator.py
[2024-04-25T12:05:45.185+0800] {processor.py:830} INFO - Processing file /mnt/c/Users/Jason/Desktop/IS3107/is3107_DataEngineering/.venv/lib/python3.8/site-packages/airflow/example_dags/example_branch_operator_decorator.py for tasks to queue
[2024-04-25T12:05:45.187+0800] {logging_mixin.py:188} INFO - [2024-04-25T12:05:45.186+0800] {dagbag.py:540} INFO - Filling up the DagBag from /mnt/c/Users/Jason/Desktop/IS3107/is3107_DataEngineering/.venv/lib/python3.8/site-packages/airflow/example_dags/example_branch_operator_decorator.py
[2024-04-25T12:05:45.243+0800] {processor.py:840} INFO - DAG(s) 'example_branch_python_operator_decorator' retrieved from /mnt/c/Users/Jason/Desktop/IS3107/is3107_DataEngineering/.venv/lib/python3.8/site-packages/airflow/example_dags/example_branch_operator_decorator.py
[2024-04-25T12:05:45.274+0800] {logging_mixin.py:188} INFO - [2024-04-25T12:05:45.273+0800] {dag.py:3096} INFO - Sync 1 DAGs
[2024-04-25T12:05:45.299+0800] {logging_mixin.py:188} INFO - [2024-04-25T12:05:45.298+0800] {dag.py:3954} INFO - Setting next_dagrun for example_branch_python_operator_decorator to 2024-04-24 00:00:00+00:00, run_after=2024-04-25 00:00:00+00:00
[2024-04-25T12:05:45.364+0800] {processor.py:183} INFO - Processing /mnt/c/Users/Jason/Desktop/IS3107/is3107_DataEngineering/.venv/lib/python3.8/site-packages/airflow/example_dags/example_branch_operator_decorator.py took 0.192 seconds
[2024-04-25T12:06:46.865+0800] {processor.py:161} INFO - Started process (PID=1937460) to work on /mnt/c/Users/Jason/Desktop/IS3107/is3107_DataEngineering/.venv/lib/python3.8/site-packages/airflow/example_dags/example_branch_operator_decorator.py
[2024-04-25T12:06:46.867+0800] {processor.py:830} INFO - Processing file /mnt/c/Users/Jason/Desktop/IS3107/is3107_DataEngineering/.venv/lib/python3.8/site-packages/airflow/example_dags/example_branch_operator_decorator.py for tasks to queue
[2024-04-25T12:06:46.870+0800] {logging_mixin.py:188} INFO - [2024-04-25T12:06:46.869+0800] {dagbag.py:540} INFO - Filling up the DagBag from /mnt/c/Users/Jason/Desktop/IS3107/is3107_DataEngineering/.venv/lib/python3.8/site-packages/airflow/example_dags/example_branch_operator_decorator.py
[2024-04-25T12:06:46.929+0800] {processor.py:840} INFO - DAG(s) 'example_branch_python_operator_decorator' retrieved from /mnt/c/Users/Jason/Desktop/IS3107/is3107_DataEngineering/.venv/lib/python3.8/site-packages/airflow/example_dags/example_branch_operator_decorator.py
[2024-04-25T12:06:46.962+0800] {logging_mixin.py:188} INFO - [2024-04-25T12:06:46.961+0800] {dag.py:3096} INFO - Sync 1 DAGs
[2024-04-25T12:06:46.992+0800] {logging_mixin.py:188} INFO - [2024-04-25T12:06:46.990+0800] {dag.py:3954} INFO - Setting next_dagrun for example_branch_python_operator_decorator to 2024-04-24 00:00:00+00:00, run_after=2024-04-25 00:00:00+00:00
[2024-04-25T12:06:47.062+0800] {processor.py:183} INFO - Processing /mnt/c/Users/Jason/Desktop/IS3107/is3107_DataEngineering/.venv/lib/python3.8/site-packages/airflow/example_dags/example_branch_operator_decorator.py took 0.207 seconds
[2024-04-25T12:08:43.161+0800] {processor.py:161} INFO - Started process (PID=1938593) to work on /mnt/c/Users/Jason/Desktop/IS3107/is3107_DataEngineering/.venv/lib/python3.8/site-packages/airflow/example_dags/example_branch_operator_decorator.py
[2024-04-25T12:08:43.162+0800] {processor.py:830} INFO - Processing file /mnt/c/Users/Jason/Desktop/IS3107/is3107_DataEngineering/.venv/lib/python3.8/site-packages/airflow/example_dags/example_branch_operator_decorator.py for tasks to queue
[2024-04-25T12:08:43.165+0800] {logging_mixin.py:188} INFO - [2024-04-25T12:08:43.164+0800] {dagbag.py:540} INFO - Filling up the DagBag from /mnt/c/Users/Jason/Desktop/IS3107/is3107_DataEngineering/.venv/lib/python3.8/site-packages/airflow/example_dags/example_branch_operator_decorator.py
[2024-04-25T12:08:43.219+0800] {processor.py:840} INFO - DAG(s) 'example_branch_python_operator_decorator' retrieved from /mnt/c/Users/Jason/Desktop/IS3107/is3107_DataEngineering/.venv/lib/python3.8/site-packages/airflow/example_dags/example_branch_operator_decorator.py
[2024-04-25T12:08:43.257+0800] {logging_mixin.py:188} INFO - [2024-04-25T12:08:43.256+0800] {dag.py:3096} INFO - Sync 1 DAGs
[2024-04-25T12:08:43.301+0800] {logging_mixin.py:188} INFO - [2024-04-25T12:08:43.300+0800] {dag.py:3954} INFO - Setting next_dagrun for example_branch_python_operator_decorator to 2024-04-24 00:00:00+00:00, run_after=2024-04-25 00:00:00+00:00
[2024-04-25T12:08:43.374+0800] {processor.py:183} INFO - Processing /mnt/c/Users/Jason/Desktop/IS3107/is3107_DataEngineering/.venv/lib/python3.8/site-packages/airflow/example_dags/example_branch_operator_decorator.py took 0.222 seconds
[2024-04-25T12:09:49.334+0800] {processor.py:161} INFO - Started process (PID=1939255) to work on /mnt/c/Users/Jason/Desktop/IS3107/is3107_DataEngineering/.venv/lib/python3.8/site-packages/airflow/example_dags/example_branch_operator_decorator.py
[2024-04-25T12:09:49.338+0800] {processor.py:830} INFO - Processing file /mnt/c/Users/Jason/Desktop/IS3107/is3107_DataEngineering/.venv/lib/python3.8/site-packages/airflow/example_dags/example_branch_operator_decorator.py for tasks to queue
[2024-04-25T12:09:49.344+0800] {logging_mixin.py:188} INFO - [2024-04-25T12:09:49.341+0800] {dagbag.py:540} INFO - Filling up the DagBag from /mnt/c/Users/Jason/Desktop/IS3107/is3107_DataEngineering/.venv/lib/python3.8/site-packages/airflow/example_dags/example_branch_operator_decorator.py
[2024-04-25T12:09:49.494+0800] {processor.py:840} INFO - DAG(s) 'example_branch_python_operator_decorator' retrieved from /mnt/c/Users/Jason/Desktop/IS3107/is3107_DataEngineering/.venv/lib/python3.8/site-packages/airflow/example_dags/example_branch_operator_decorator.py
[2024-04-25T12:09:49.598+0800] {logging_mixin.py:188} INFO - [2024-04-25T12:09:49.595+0800] {dag.py:3096} INFO - Sync 1 DAGs
[2024-04-25T12:09:49.672+0800] {logging_mixin.py:188} INFO - [2024-04-25T12:09:49.669+0800] {dag.py:3954} INFO - Setting next_dagrun for example_branch_python_operator_decorator to 2024-04-24 00:00:00+00:00, run_after=2024-04-25 00:00:00+00:00
[2024-04-25T12:09:49.832+0800] {processor.py:183} INFO - Processing /mnt/c/Users/Jason/Desktop/IS3107/is3107_DataEngineering/.venv/lib/python3.8/site-packages/airflow/example_dags/example_branch_operator_decorator.py took 0.527 seconds
[2024-04-25T12:11:05.573+0800] {processor.py:161} INFO - Started process (PID=1939964) to work on /mnt/c/Users/Jason/Desktop/IS3107/is3107_DataEngineering/.venv/lib/python3.8/site-packages/airflow/example_dags/example_branch_operator_decorator.py
[2024-04-25T12:11:05.576+0800] {processor.py:830} INFO - Processing file /mnt/c/Users/Jason/Desktop/IS3107/is3107_DataEngineering/.venv/lib/python3.8/site-packages/airflow/example_dags/example_branch_operator_decorator.py for tasks to queue
[2024-04-25T12:11:05.579+0800] {logging_mixin.py:188} INFO - [2024-04-25T12:11:05.578+0800] {dagbag.py:540} INFO - Filling up the DagBag from /mnt/c/Users/Jason/Desktop/IS3107/is3107_DataEngineering/.venv/lib/python3.8/site-packages/airflow/example_dags/example_branch_operator_decorator.py
[2024-04-25T12:11:05.671+0800] {processor.py:840} INFO - DAG(s) 'example_branch_python_operator_decorator' retrieved from /mnt/c/Users/Jason/Desktop/IS3107/is3107_DataEngineering/.venv/lib/python3.8/site-packages/airflow/example_dags/example_branch_operator_decorator.py
[2024-04-25T12:11:05.722+0800] {logging_mixin.py:188} INFO - [2024-04-25T12:11:05.721+0800] {dag.py:3096} INFO - Sync 1 DAGs
[2024-04-25T12:11:05.762+0800] {logging_mixin.py:188} INFO - [2024-04-25T12:11:05.760+0800] {dag.py:3954} INFO - Setting next_dagrun for example_branch_python_operator_decorator to 2024-04-24 00:00:00+00:00, run_after=2024-04-25 00:00:00+00:00
[2024-04-25T12:11:05.867+0800] {processor.py:183} INFO - Processing /mnt/c/Users/Jason/Desktop/IS3107/is3107_DataEngineering/.venv/lib/python3.8/site-packages/airflow/example_dags/example_branch_operator_decorator.py took 0.309 seconds
[2024-04-25T12:12:20.128+0800] {processor.py:161} INFO - Started process (PID=1940693) to work on /mnt/c/Users/Jason/Desktop/IS3107/is3107_DataEngineering/.venv/lib/python3.8/site-packages/airflow/example_dags/example_branch_operator_decorator.py
[2024-04-25T12:12:20.130+0800] {processor.py:830} INFO - Processing file /mnt/c/Users/Jason/Desktop/IS3107/is3107_DataEngineering/.venv/lib/python3.8/site-packages/airflow/example_dags/example_branch_operator_decorator.py for tasks to queue
[2024-04-25T12:12:20.132+0800] {logging_mixin.py:188} INFO - [2024-04-25T12:12:20.131+0800] {dagbag.py:540} INFO - Filling up the DagBag from /mnt/c/Users/Jason/Desktop/IS3107/is3107_DataEngineering/.venv/lib/python3.8/site-packages/airflow/example_dags/example_branch_operator_decorator.py
[2024-04-25T12:12:20.209+0800] {processor.py:840} INFO - DAG(s) 'example_branch_python_operator_decorator' retrieved from /mnt/c/Users/Jason/Desktop/IS3107/is3107_DataEngineering/.venv/lib/python3.8/site-packages/airflow/example_dags/example_branch_operator_decorator.py
[2024-04-25T12:12:20.247+0800] {logging_mixin.py:188} INFO - [2024-04-25T12:12:20.246+0800] {dag.py:3096} INFO - Sync 1 DAGs
[2024-04-25T12:12:20.276+0800] {logging_mixin.py:188} INFO - [2024-04-25T12:12:20.275+0800] {dag.py:3954} INFO - Setting next_dagrun for example_branch_python_operator_decorator to 2024-04-24 00:00:00+00:00, run_after=2024-04-25 00:00:00+00:00
[2024-04-25T12:12:20.457+0800] {processor.py:183} INFO - Processing /mnt/c/Users/Jason/Desktop/IS3107/is3107_DataEngineering/.venv/lib/python3.8/site-packages/airflow/example_dags/example_branch_operator_decorator.py took 0.341 seconds
[2024-04-25T12:13:28.600+0800] {processor.py:161} INFO - Started process (PID=1941326) to work on /mnt/c/Users/Jason/Desktop/IS3107/is3107_DataEngineering/.venv/lib/python3.8/site-packages/airflow/example_dags/example_branch_operator_decorator.py
[2024-04-25T12:13:28.602+0800] {processor.py:830} INFO - Processing file /mnt/c/Users/Jason/Desktop/IS3107/is3107_DataEngineering/.venv/lib/python3.8/site-packages/airflow/example_dags/example_branch_operator_decorator.py for tasks to queue
[2024-04-25T12:13:28.603+0800] {logging_mixin.py:188} INFO - [2024-04-25T12:13:28.602+0800] {dagbag.py:540} INFO - Filling up the DagBag from /mnt/c/Users/Jason/Desktop/IS3107/is3107_DataEngineering/.venv/lib/python3.8/site-packages/airflow/example_dags/example_branch_operator_decorator.py
[2024-04-25T12:13:28.649+0800] {processor.py:840} INFO - DAG(s) 'example_branch_python_operator_decorator' retrieved from /mnt/c/Users/Jason/Desktop/IS3107/is3107_DataEngineering/.venv/lib/python3.8/site-packages/airflow/example_dags/example_branch_operator_decorator.py
[2024-04-25T12:13:28.685+0800] {logging_mixin.py:188} INFO - [2024-04-25T12:13:28.684+0800] {dag.py:3096} INFO - Sync 1 DAGs
[2024-04-25T12:13:28.710+0800] {logging_mixin.py:188} INFO - [2024-04-25T12:13:28.709+0800] {dag.py:3954} INFO - Setting next_dagrun for example_branch_python_operator_decorator to 2024-04-24 00:00:00+00:00, run_after=2024-04-25 00:00:00+00:00
[2024-04-25T12:13:28.770+0800] {processor.py:183} INFO - Processing /mnt/c/Users/Jason/Desktop/IS3107/is3107_DataEngineering/.venv/lib/python3.8/site-packages/airflow/example_dags/example_branch_operator_decorator.py took 0.178 seconds
