[2024-04-25T11:51:14.380+0800] {processor.py:161} INFO - Started process (PID=1928566) to work on /mnt/c/Users/Jason/Desktop/IS3107/is3107_DataEngineering/.venv/lib/python3.8/site-packages/airflow/example_dags/example_params_trigger_ui.py
[2024-04-25T11:51:14.382+0800] {processor.py:830} INFO - Processing file /mnt/c/Users/Jason/Desktop/IS3107/is3107_DataEngineering/.venv/lib/python3.8/site-packages/airflow/example_dags/example_params_trigger_ui.py for tasks to queue
[2024-04-25T11:51:14.384+0800] {logging_mixin.py:188} INFO - [2024-04-25T11:51:14.383+0800] {dagbag.py:540} INFO - Filling up the DagBag from /mnt/c/Users/Jason/Desktop/IS3107/is3107_DataEngineering/.venv/lib/python3.8/site-packages/airflow/example_dags/example_params_trigger_ui.py
[2024-04-25T11:51:14.430+0800] {processor.py:840} INFO - DAG(s) 'example_params_trigger_ui' retrieved from /mnt/c/Users/Jason/Desktop/IS3107/is3107_DataEngineering/.venv/lib/python3.8/site-packages/airflow/example_dags/example_params_trigger_ui.py
[2024-04-25T11:51:15.922+0800] {logging_mixin.py:188} INFO - [2024-04-25T11:51:15.921+0800] {dag.py:3096} INFO - Sync 1 DAGs
[2024-04-25T11:51:15.941+0800] {logging_mixin.py:188} INFO - [2024-04-25T11:51:15.940+0800] {dag.py:3954} INFO - Setting next_dagrun for example_params_trigger_ui to None, run_after=None
[2024-04-25T11:51:16.046+0800] {processor.py:183} INFO - Processing /mnt/c/Users/Jason/Desktop/IS3107/is3107_DataEngineering/.venv/lib/python3.8/site-packages/airflow/example_dags/example_params_trigger_ui.py took 1.681 seconds
[2024-04-25T11:53:36.147+0800] {processor.py:161} INFO - Started process (PID=1929881) to work on /mnt/c/Users/Jason/Desktop/IS3107/is3107_DataEngineering/.venv/lib/python3.8/site-packages/airflow/example_dags/example_params_trigger_ui.py
[2024-04-25T11:53:36.151+0800] {processor.py:830} INFO - Processing file /mnt/c/Users/Jason/Desktop/IS3107/is3107_DataEngineering/.venv/lib/python3.8/site-packages/airflow/example_dags/example_params_trigger_ui.py for tasks to queue
[2024-04-25T11:53:36.157+0800] {logging_mixin.py:188} INFO - [2024-04-25T11:53:36.154+0800] {dagbag.py:540} INFO - Filling up the DagBag from /mnt/c/Users/Jason/Desktop/IS3107/is3107_DataEngineering/.venv/lib/python3.8/site-packages/airflow/example_dags/example_params_trigger_ui.py
[2024-04-25T11:53:36.239+0800] {processor.py:840} INFO - DAG(s) 'example_params_trigger_ui' retrieved from /mnt/c/Users/Jason/Desktop/IS3107/is3107_DataEngineering/.venv/lib/python3.8/site-packages/airflow/example_dags/example_params_trigger_ui.py
[2024-04-25T11:53:36.407+0800] {logging_mixin.py:188} INFO - [2024-04-25T11:53:36.405+0800] {dag.py:3096} INFO - Sync 1 DAGs
[2024-04-25T11:53:36.434+0800] {logging_mixin.py:188} INFO - [2024-04-25T11:53:36.431+0800] {dag.py:3954} INFO - Setting next_dagrun for example_params_trigger_ui to None, run_after=None
[2024-04-25T11:53:36.606+0800] {processor.py:183} INFO - Processing /mnt/c/Users/Jason/Desktop/IS3107/is3107_DataEngineering/.venv/lib/python3.8/site-packages/airflow/example_dags/example_params_trigger_ui.py took 0.492 seconds
[2024-04-25T11:56:29.084+0800] {processor.py:161} INFO - Started process (PID=1931519) to work on /mnt/c/Users/Jason/Desktop/IS3107/is3107_DataEngineering/.venv/lib/python3.8/site-packages/airflow/example_dags/example_params_trigger_ui.py
[2024-04-25T11:56:29.087+0800] {processor.py:830} INFO - Processing file /mnt/c/Users/Jason/Desktop/IS3107/is3107_DataEngineering/.venv/lib/python3.8/site-packages/airflow/example_dags/example_params_trigger_ui.py for tasks to queue
[2024-04-25T11:56:29.091+0800] {logging_mixin.py:188} INFO - [2024-04-25T11:56:29.089+0800] {dagbag.py:540} INFO - Filling up the DagBag from /mnt/c/Users/Jason/Desktop/IS3107/is3107_DataEngineering/.venv/lib/python3.8/site-packages/airflow/example_dags/example_params_trigger_ui.py
[2024-04-25T11:56:29.151+0800] {processor.py:840} INFO - DAG(s) 'example_params_trigger_ui' retrieved from /mnt/c/Users/Jason/Desktop/IS3107/is3107_DataEngineering/.venv/lib/python3.8/site-packages/airflow/example_dags/example_params_trigger_ui.py
[2024-04-25T11:56:29.212+0800] {logging_mixin.py:188} INFO - [2024-04-25T11:56:29.211+0800] {dag.py:3096} INFO - Sync 1 DAGs
[2024-04-25T11:56:29.234+0800] {logging_mixin.py:188} INFO - [2024-04-25T11:56:29.233+0800] {dag.py:3954} INFO - Setting next_dagrun for example_params_trigger_ui to None, run_after=None
[2024-04-25T11:56:29.322+0800] {processor.py:183} INFO - Processing /mnt/c/Users/Jason/Desktop/IS3107/is3107_DataEngineering/.venv/lib/python3.8/site-packages/airflow/example_dags/example_params_trigger_ui.py took 0.256 seconds
[2024-04-25T11:58:35.955+0800] {processor.py:161} INFO - Started process (PID=1932727) to work on /mnt/c/Users/Jason/Desktop/IS3107/is3107_DataEngineering/.venv/lib/python3.8/site-packages/airflow/example_dags/example_params_trigger_ui.py
[2024-04-25T11:58:35.957+0800] {processor.py:830} INFO - Processing file /mnt/c/Users/Jason/Desktop/IS3107/is3107_DataEngineering/.venv/lib/python3.8/site-packages/airflow/example_dags/example_params_trigger_ui.py for tasks to queue
[2024-04-25T11:58:35.961+0800] {logging_mixin.py:188} INFO - [2024-04-25T11:58:35.959+0800] {dagbag.py:540} INFO - Filling up the DagBag from /mnt/c/Users/Jason/Desktop/IS3107/is3107_DataEngineering/.venv/lib/python3.8/site-packages/airflow/example_dags/example_params_trigger_ui.py
[2024-04-25T11:58:36.008+0800] {processor.py:840} INFO - DAG(s) 'example_params_trigger_ui' retrieved from /mnt/c/Users/Jason/Desktop/IS3107/is3107_DataEngineering/.venv/lib/python3.8/site-packages/airflow/example_dags/example_params_trigger_ui.py
[2024-04-25T11:58:36.095+0800] {logging_mixin.py:188} INFO - [2024-04-25T11:58:36.093+0800] {dag.py:3096} INFO - Sync 1 DAGs
[2024-04-25T11:58:36.117+0800] {logging_mixin.py:188} INFO - [2024-04-25T11:58:36.116+0800] {dag.py:3954} INFO - Setting next_dagrun for example_params_trigger_ui to None, run_after=None
[2024-04-25T11:58:36.219+0800] {processor.py:183} INFO - Processing /mnt/c/Users/Jason/Desktop/IS3107/is3107_DataEngineering/.venv/lib/python3.8/site-packages/airflow/example_dags/example_params_trigger_ui.py took 0.277 seconds
[2024-04-25T12:01:07.355+0800] {processor.py:161} INFO - Started process (PID=1934179) to work on /mnt/c/Users/Jason/Desktop/IS3107/is3107_DataEngineering/.venv/lib/python3.8/site-packages/airflow/example_dags/example_params_trigger_ui.py
[2024-04-25T12:01:07.357+0800] {processor.py:830} INFO - Processing file /mnt/c/Users/Jason/Desktop/IS3107/is3107_DataEngineering/.venv/lib/python3.8/site-packages/airflow/example_dags/example_params_trigger_ui.py for tasks to queue
[2024-04-25T12:01:07.359+0800] {logging_mixin.py:188} INFO - [2024-04-25T12:01:07.358+0800] {dagbag.py:540} INFO - Filling up the DagBag from /mnt/c/Users/Jason/Desktop/IS3107/is3107_DataEngineering/.venv/lib/python3.8/site-packages/airflow/example_dags/example_params_trigger_ui.py
[2024-04-25T12:01:07.392+0800] {processor.py:840} INFO - DAG(s) 'example_params_trigger_ui' retrieved from /mnt/c/Users/Jason/Desktop/IS3107/is3107_DataEngineering/.venv/lib/python3.8/site-packages/airflow/example_dags/example_params_trigger_ui.py
[2024-04-25T12:01:07.456+0800] {logging_mixin.py:188} INFO - [2024-04-25T12:01:07.454+0800] {dag.py:3096} INFO - Sync 1 DAGs
[2024-04-25T12:01:07.478+0800] {logging_mixin.py:188} INFO - [2024-04-25T12:01:07.476+0800] {dag.py:3954} INFO - Setting next_dagrun for example_params_trigger_ui to None, run_after=None
[2024-04-25T12:01:07.569+0800] {processor.py:183} INFO - Processing /mnt/c/Users/Jason/Desktop/IS3107/is3107_DataEngineering/.venv/lib/python3.8/site-packages/airflow/example_dags/example_params_trigger_ui.py took 0.226 seconds
[2024-04-25T12:03:31.824+0800] {processor.py:161} INFO - Started process (PID=1935577) to work on /mnt/c/Users/Jason/Desktop/IS3107/is3107_DataEngineering/.venv/lib/python3.8/site-packages/airflow/example_dags/example_params_trigger_ui.py
[2024-04-25T12:03:31.827+0800] {processor.py:830} INFO - Processing file /mnt/c/Users/Jason/Desktop/IS3107/is3107_DataEngineering/.venv/lib/python3.8/site-packages/airflow/example_dags/example_params_trigger_ui.py for tasks to queue
[2024-04-25T12:03:31.829+0800] {logging_mixin.py:188} INFO - [2024-04-25T12:03:31.828+0800] {dagbag.py:540} INFO - Filling up the DagBag from /mnt/c/Users/Jason/Desktop/IS3107/is3107_DataEngineering/.venv/lib/python3.8/site-packages/airflow/example_dags/example_params_trigger_ui.py
[2024-04-25T12:03:31.867+0800] {processor.py:840} INFO - DAG(s) 'example_params_trigger_ui' retrieved from /mnt/c/Users/Jason/Desktop/IS3107/is3107_DataEngineering/.venv/lib/python3.8/site-packages/airflow/example_dags/example_params_trigger_ui.py
[2024-04-25T12:03:31.934+0800] {logging_mixin.py:188} INFO - [2024-04-25T12:03:31.933+0800] {dag.py:3096} INFO - Sync 1 DAGs
[2024-04-25T12:03:31.951+0800] {logging_mixin.py:188} INFO - [2024-04-25T12:03:31.950+0800] {dag.py:3954} INFO - Setting next_dagrun for example_params_trigger_ui to None, run_after=None
[2024-04-25T12:03:32.066+0800] {processor.py:183} INFO - Processing /mnt/c/Users/Jason/Desktop/IS3107/is3107_DataEngineering/.venv/lib/python3.8/site-packages/airflow/example_dags/example_params_trigger_ui.py took 0.255 seconds
[2024-04-25T12:05:53.079+0800] {processor.py:161} INFO - Started process (PID=1936925) to work on /mnt/c/Users/Jason/Desktop/IS3107/is3107_DataEngineering/.venv/lib/python3.8/site-packages/airflow/example_dags/example_params_trigger_ui.py
[2024-04-25T12:05:53.081+0800] {processor.py:830} INFO - Processing file /mnt/c/Users/Jason/Desktop/IS3107/is3107_DataEngineering/.venv/lib/python3.8/site-packages/airflow/example_dags/example_params_trigger_ui.py for tasks to queue
[2024-04-25T12:05:53.084+0800] {logging_mixin.py:188} INFO - [2024-04-25T12:05:53.083+0800] {dagbag.py:540} INFO - Filling up the DagBag from /mnt/c/Users/Jason/Desktop/IS3107/is3107_DataEngineering/.venv/lib/python3.8/site-packages/airflow/example_dags/example_params_trigger_ui.py
[2024-04-25T12:05:53.118+0800] {processor.py:840} INFO - DAG(s) 'example_params_trigger_ui' retrieved from /mnt/c/Users/Jason/Desktop/IS3107/is3107_DataEngineering/.venv/lib/python3.8/site-packages/airflow/example_dags/example_params_trigger_ui.py
[2024-04-25T12:05:53.174+0800] {logging_mixin.py:188} INFO - [2024-04-25T12:05:53.172+0800] {dag.py:3096} INFO - Sync 1 DAGs
[2024-04-25T12:05:53.190+0800] {logging_mixin.py:188} INFO - [2024-04-25T12:05:53.189+0800] {dag.py:3954} INFO - Setting next_dagrun for example_params_trigger_ui to None, run_after=None
[2024-04-25T12:05:53.274+0800] {processor.py:183} INFO - Processing /mnt/c/Users/Jason/Desktop/IS3107/is3107_DataEngineering/.venv/lib/python3.8/site-packages/airflow/example_dags/example_params_trigger_ui.py took 0.205 seconds
[2024-04-25T12:07:52.907+0800] {processor.py:161} INFO - Started process (PID=1938110) to work on /mnt/c/Users/Jason/Desktop/IS3107/is3107_DataEngineering/.venv/lib/python3.8/site-packages/airflow/example_dags/example_params_trigger_ui.py
[2024-04-25T12:07:52.909+0800] {processor.py:830} INFO - Processing file /mnt/c/Users/Jason/Desktop/IS3107/is3107_DataEngineering/.venv/lib/python3.8/site-packages/airflow/example_dags/example_params_trigger_ui.py for tasks to queue
[2024-04-25T12:07:52.912+0800] {logging_mixin.py:188} INFO - [2024-04-25T12:07:52.911+0800] {dagbag.py:540} INFO - Filling up the DagBag from /mnt/c/Users/Jason/Desktop/IS3107/is3107_DataEngineering/.venv/lib/python3.8/site-packages/airflow/example_dags/example_params_trigger_ui.py
[2024-04-25T12:07:52.947+0800] {processor.py:840} INFO - DAG(s) 'example_params_trigger_ui' retrieved from /mnt/c/Users/Jason/Desktop/IS3107/is3107_DataEngineering/.venv/lib/python3.8/site-packages/airflow/example_dags/example_params_trigger_ui.py
[2024-04-25T12:07:53.004+0800] {logging_mixin.py:188} INFO - [2024-04-25T12:07:53.003+0800] {dag.py:3096} INFO - Sync 1 DAGs
[2024-04-25T12:07:53.021+0800] {logging_mixin.py:188} INFO - [2024-04-25T12:07:53.020+0800] {dag.py:3954} INFO - Setting next_dagrun for example_params_trigger_ui to None, run_after=None
[2024-04-25T12:07:53.094+0800] {processor.py:183} INFO - Processing /mnt/c/Users/Jason/Desktop/IS3107/is3107_DataEngineering/.venv/lib/python3.8/site-packages/airflow/example_dags/example_params_trigger_ui.py took 0.199 seconds
[2024-04-25T12:09:59.804+0800] {processor.py:161} INFO - Started process (PID=1939343) to work on /mnt/c/Users/Jason/Desktop/IS3107/is3107_DataEngineering/.venv/lib/python3.8/site-packages/airflow/example_dags/example_params_trigger_ui.py
[2024-04-25T12:09:59.807+0800] {processor.py:830} INFO - Processing file /mnt/c/Users/Jason/Desktop/IS3107/is3107_DataEngineering/.venv/lib/python3.8/site-packages/airflow/example_dags/example_params_trigger_ui.py for tasks to queue
[2024-04-25T12:09:59.811+0800] {logging_mixin.py:188} INFO - [2024-04-25T12:09:59.809+0800] {dagbag.py:540} INFO - Filling up the DagBag from /mnt/c/Users/Jason/Desktop/IS3107/is3107_DataEngineering/.venv/lib/python3.8/site-packages/airflow/example_dags/example_params_trigger_ui.py
[2024-04-25T12:09:59.876+0800] {processor.py:840} INFO - DAG(s) 'example_params_trigger_ui' retrieved from /mnt/c/Users/Jason/Desktop/IS3107/is3107_DataEngineering/.venv/lib/python3.8/site-packages/airflow/example_dags/example_params_trigger_ui.py
[2024-04-25T12:09:59.984+0800] {logging_mixin.py:188} INFO - [2024-04-25T12:09:59.981+0800] {dag.py:3096} INFO - Sync 1 DAGs
[2024-04-25T12:10:00.016+0800] {logging_mixin.py:188} INFO - [2024-04-25T12:10:00.014+0800] {dag.py:3954} INFO - Setting next_dagrun for example_params_trigger_ui to None, run_after=None
[2024-04-25T12:10:00.131+0800] {processor.py:183} INFO - Processing /mnt/c/Users/Jason/Desktop/IS3107/is3107_DataEngineering/.venv/lib/python3.8/site-packages/airflow/example_dags/example_params_trigger_ui.py took 0.347 seconds
[2024-04-25T12:12:33.631+0800] {processor.py:161} INFO - Started process (PID=1940810) to work on /mnt/c/Users/Jason/Desktop/IS3107/is3107_DataEngineering/.venv/lib/python3.8/site-packages/airflow/example_dags/example_params_trigger_ui.py
[2024-04-25T12:12:33.632+0800] {processor.py:830} INFO - Processing file /mnt/c/Users/Jason/Desktop/IS3107/is3107_DataEngineering/.venv/lib/python3.8/site-packages/airflow/example_dags/example_params_trigger_ui.py for tasks to queue
[2024-04-25T12:12:33.635+0800] {logging_mixin.py:188} INFO - [2024-04-25T12:12:33.634+0800] {dagbag.py:540} INFO - Filling up the DagBag from /mnt/c/Users/Jason/Desktop/IS3107/is3107_DataEngineering/.venv/lib/python3.8/site-packages/airflow/example_dags/example_params_trigger_ui.py
[2024-04-25T12:12:33.666+0800] {processor.py:840} INFO - DAG(s) 'example_params_trigger_ui' retrieved from /mnt/c/Users/Jason/Desktop/IS3107/is3107_DataEngineering/.venv/lib/python3.8/site-packages/airflow/example_dags/example_params_trigger_ui.py
[2024-04-25T12:12:33.738+0800] {logging_mixin.py:188} INFO - [2024-04-25T12:12:33.737+0800] {dag.py:3096} INFO - Sync 1 DAGs
[2024-04-25T12:12:33.757+0800] {logging_mixin.py:188} INFO - [2024-04-25T12:12:33.756+0800] {dag.py:3954} INFO - Setting next_dagrun for example_params_trigger_ui to None, run_after=None
[2024-04-25T12:12:33.887+0800] {processor.py:183} INFO - Processing /mnt/c/Users/Jason/Desktop/IS3107/is3107_DataEngineering/.venv/lib/python3.8/site-packages/airflow/example_dags/example_params_trigger_ui.py took 0.268 seconds
