[2024-04-25T11:51:36.032+0800] {processor.py:161} INFO - Started process (PID=1928746) to work on /mnt/c/Users/Jason/Desktop/IS3107/is3107_DataEngineering/.venv/lib/python3.8/site-packages/airflow/example_dags/example_setup_teardown_taskflow.py
[2024-04-25T11:51:36.034+0800] {processor.py:830} INFO - Processing file /mnt/c/Users/Jason/Desktop/IS3107/is3107_DataEngineering/.venv/lib/python3.8/site-packages/airflow/example_dags/example_setup_teardown_taskflow.py for tasks to queue
[2024-04-25T11:51:36.036+0800] {logging_mixin.py:188} INFO - [2024-04-25T11:51:36.035+0800] {dagbag.py:540} INFO - Filling up the DagBag from /mnt/c/Users/Jason/Desktop/IS3107/is3107_DataEngineering/.venv/lib/python3.8/site-packages/airflow/example_dags/example_setup_teardown_taskflow.py
[2024-04-25T11:51:36.062+0800] {processor.py:840} INFO - DAG(s) 'example_setup_teardown_taskflow' retrieved from /mnt/c/Users/Jason/Desktop/IS3107/is3107_DataEngineering/.venv/lib/python3.8/site-packages/airflow/example_dags/example_setup_teardown_taskflow.py
[2024-04-25T11:51:37.335+0800] {logging_mixin.py:188} INFO - [2024-04-25T11:51:37.334+0800] {dag.py:3096} INFO - Sync 1 DAGs
[2024-04-25T11:51:37.366+0800] {logging_mixin.py:188} INFO - [2024-04-25T11:51:37.365+0800] {dag.py:3954} INFO - Setting next_dagrun for example_setup_teardown_taskflow to 2024-04-24 00:00:00+00:00, run_after=2024-04-25 00:00:00+00:00
[2024-04-25T11:51:37.460+0800] {processor.py:183} INFO - Processing /mnt/c/Users/Jason/Desktop/IS3107/is3107_DataEngineering/.venv/lib/python3.8/site-packages/airflow/example_dags/example_setup_teardown_taskflow.py took 1.439 seconds
[2024-04-25T11:53:48.107+0800] {processor.py:161} INFO - Started process (PID=1929993) to work on /mnt/c/Users/Jason/Desktop/IS3107/is3107_DataEngineering/.venv/lib/python3.8/site-packages/airflow/example_dags/example_setup_teardown_taskflow.py
[2024-04-25T11:53:48.110+0800] {processor.py:830} INFO - Processing file /mnt/c/Users/Jason/Desktop/IS3107/is3107_DataEngineering/.venv/lib/python3.8/site-packages/airflow/example_dags/example_setup_teardown_taskflow.py for tasks to queue
[2024-04-25T11:53:48.114+0800] {logging_mixin.py:188} INFO - [2024-04-25T11:53:48.112+0800] {dagbag.py:540} INFO - Filling up the DagBag from /mnt/c/Users/Jason/Desktop/IS3107/is3107_DataEngineering/.venv/lib/python3.8/site-packages/airflow/example_dags/example_setup_teardown_taskflow.py
[2024-04-25T11:53:48.160+0800] {processor.py:840} INFO - DAG(s) 'example_setup_teardown_taskflow' retrieved from /mnt/c/Users/Jason/Desktop/IS3107/is3107_DataEngineering/.venv/lib/python3.8/site-packages/airflow/example_dags/example_setup_teardown_taskflow.py
[2024-04-25T11:53:48.230+0800] {logging_mixin.py:188} INFO - [2024-04-25T11:53:48.228+0800] {dag.py:3096} INFO - Sync 1 DAGs
[2024-04-25T11:53:48.291+0800] {logging_mixin.py:188} INFO - [2024-04-25T11:53:48.289+0800] {dag.py:3954} INFO - Setting next_dagrun for example_setup_teardown_taskflow to 2024-04-24 00:00:00+00:00, run_after=2024-04-25 00:00:00+00:00
[2024-04-25T11:53:48.408+0800] {processor.py:183} INFO - Processing /mnt/c/Users/Jason/Desktop/IS3107/is3107_DataEngineering/.venv/lib/python3.8/site-packages/airflow/example_dags/example_setup_teardown_taskflow.py took 0.322 seconds
[2024-04-25T11:56:40.026+0800] {processor.py:161} INFO - Started process (PID=1931621) to work on /mnt/c/Users/Jason/Desktop/IS3107/is3107_DataEngineering/.venv/lib/python3.8/site-packages/airflow/example_dags/example_setup_teardown_taskflow.py
[2024-04-25T11:56:40.028+0800] {processor.py:830} INFO - Processing file /mnt/c/Users/Jason/Desktop/IS3107/is3107_DataEngineering/.venv/lib/python3.8/site-packages/airflow/example_dags/example_setup_teardown_taskflow.py for tasks to queue
[2024-04-25T11:56:40.030+0800] {logging_mixin.py:188} INFO - [2024-04-25T11:56:40.029+0800] {dagbag.py:540} INFO - Filling up the DagBag from /mnt/c/Users/Jason/Desktop/IS3107/is3107_DataEngineering/.venv/lib/python3.8/site-packages/airflow/example_dags/example_setup_teardown_taskflow.py
[2024-04-25T11:56:40.053+0800] {processor.py:840} INFO - DAG(s) 'example_setup_teardown_taskflow' retrieved from /mnt/c/Users/Jason/Desktop/IS3107/is3107_DataEngineering/.venv/lib/python3.8/site-packages/airflow/example_dags/example_setup_teardown_taskflow.py
[2024-04-25T11:56:40.083+0800] {logging_mixin.py:188} INFO - [2024-04-25T11:56:40.082+0800] {dag.py:3096} INFO - Sync 1 DAGs
[2024-04-25T11:56:40.112+0800] {logging_mixin.py:188} INFO - [2024-04-25T11:56:40.111+0800] {dag.py:3954} INFO - Setting next_dagrun for example_setup_teardown_taskflow to 2024-04-24 00:00:00+00:00, run_after=2024-04-25 00:00:00+00:00
[2024-04-25T11:56:40.185+0800] {processor.py:183} INFO - Processing /mnt/c/Users/Jason/Desktop/IS3107/is3107_DataEngineering/.venv/lib/python3.8/site-packages/airflow/example_dags/example_setup_teardown_taskflow.py took 0.171 seconds
[2024-04-25T11:58:47.184+0800] {processor.py:161} INFO - Started process (PID=1932865) to work on /mnt/c/Users/Jason/Desktop/IS3107/is3107_DataEngineering/.venv/lib/python3.8/site-packages/airflow/example_dags/example_setup_teardown_taskflow.py
[2024-04-25T11:58:47.186+0800] {processor.py:830} INFO - Processing file /mnt/c/Users/Jason/Desktop/IS3107/is3107_DataEngineering/.venv/lib/python3.8/site-packages/airflow/example_dags/example_setup_teardown_taskflow.py for tasks to queue
[2024-04-25T11:58:47.189+0800] {logging_mixin.py:188} INFO - [2024-04-25T11:58:47.188+0800] {dagbag.py:540} INFO - Filling up the DagBag from /mnt/c/Users/Jason/Desktop/IS3107/is3107_DataEngineering/.venv/lib/python3.8/site-packages/airflow/example_dags/example_setup_teardown_taskflow.py
[2024-04-25T11:58:47.221+0800] {processor.py:840} INFO - DAG(s) 'example_setup_teardown_taskflow' retrieved from /mnt/c/Users/Jason/Desktop/IS3107/is3107_DataEngineering/.venv/lib/python3.8/site-packages/airflow/example_dags/example_setup_teardown_taskflow.py
[2024-04-25T11:58:47.272+0800] {logging_mixin.py:188} INFO - [2024-04-25T11:58:47.270+0800] {dag.py:3096} INFO - Sync 1 DAGs
[2024-04-25T11:58:47.318+0800] {logging_mixin.py:188} INFO - [2024-04-25T11:58:47.317+0800] {dag.py:3954} INFO - Setting next_dagrun for example_setup_teardown_taskflow to 2024-04-24 00:00:00+00:00, run_after=2024-04-25 00:00:00+00:00
[2024-04-25T11:58:47.397+0800] {processor.py:183} INFO - Processing /mnt/c/Users/Jason/Desktop/IS3107/is3107_DataEngineering/.venv/lib/python3.8/site-packages/airflow/example_dags/example_setup_teardown_taskflow.py took 0.228 seconds
[2024-04-25T12:01:17.832+0800] {processor.py:161} INFO - Started process (PID=1934299) to work on /mnt/c/Users/Jason/Desktop/IS3107/is3107_DataEngineering/.venv/lib/python3.8/site-packages/airflow/example_dags/example_setup_teardown_taskflow.py
[2024-04-25T12:01:17.835+0800] {processor.py:830} INFO - Processing file /mnt/c/Users/Jason/Desktop/IS3107/is3107_DataEngineering/.venv/lib/python3.8/site-packages/airflow/example_dags/example_setup_teardown_taskflow.py for tasks to queue
[2024-04-25T12:01:17.837+0800] {logging_mixin.py:188} INFO - [2024-04-25T12:01:17.836+0800] {dagbag.py:540} INFO - Filling up the DagBag from /mnt/c/Users/Jason/Desktop/IS3107/is3107_DataEngineering/.venv/lib/python3.8/site-packages/airflow/example_dags/example_setup_teardown_taskflow.py
[2024-04-25T12:01:17.871+0800] {processor.py:840} INFO - DAG(s) 'example_setup_teardown_taskflow' retrieved from /mnt/c/Users/Jason/Desktop/IS3107/is3107_DataEngineering/.venv/lib/python3.8/site-packages/airflow/example_dags/example_setup_teardown_taskflow.py
[2024-04-25T12:01:17.908+0800] {logging_mixin.py:188} INFO - [2024-04-25T12:01:17.907+0800] {dag.py:3096} INFO - Sync 1 DAGs
[2024-04-25T12:01:17.945+0800] {logging_mixin.py:188} INFO - [2024-04-25T12:01:17.944+0800] {dag.py:3954} INFO - Setting next_dagrun for example_setup_teardown_taskflow to 2024-04-24 00:00:00+00:00, run_after=2024-04-25 00:00:00+00:00
[2024-04-25T12:01:18.035+0800] {processor.py:183} INFO - Processing /mnt/c/Users/Jason/Desktop/IS3107/is3107_DataEngineering/.venv/lib/python3.8/site-packages/airflow/example_dags/example_setup_teardown_taskflow.py took 0.217 seconds
[2024-04-25T12:03:42.733+0800] {processor.py:161} INFO - Started process (PID=1935679) to work on /mnt/c/Users/Jason/Desktop/IS3107/is3107_DataEngineering/.venv/lib/python3.8/site-packages/airflow/example_dags/example_setup_teardown_taskflow.py
[2024-04-25T12:03:42.735+0800] {processor.py:830} INFO - Processing file /mnt/c/Users/Jason/Desktop/IS3107/is3107_DataEngineering/.venv/lib/python3.8/site-packages/airflow/example_dags/example_setup_teardown_taskflow.py for tasks to queue
[2024-04-25T12:03:42.737+0800] {logging_mixin.py:188} INFO - [2024-04-25T12:03:42.736+0800] {dagbag.py:540} INFO - Filling up the DagBag from /mnt/c/Users/Jason/Desktop/IS3107/is3107_DataEngineering/.venv/lib/python3.8/site-packages/airflow/example_dags/example_setup_teardown_taskflow.py
[2024-04-25T12:03:42.758+0800] {processor.py:840} INFO - DAG(s) 'example_setup_teardown_taskflow' retrieved from /mnt/c/Users/Jason/Desktop/IS3107/is3107_DataEngineering/.venv/lib/python3.8/site-packages/airflow/example_dags/example_setup_teardown_taskflow.py
[2024-04-25T12:03:42.793+0800] {logging_mixin.py:188} INFO - [2024-04-25T12:03:42.792+0800] {dag.py:3096} INFO - Sync 1 DAGs
[2024-04-25T12:03:42.828+0800] {logging_mixin.py:188} INFO - [2024-04-25T12:03:42.827+0800] {dag.py:3954} INFO - Setting next_dagrun for example_setup_teardown_taskflow to 2024-04-24 00:00:00+00:00, run_after=2024-04-25 00:00:00+00:00
[2024-04-25T12:03:42.915+0800] {processor.py:183} INFO - Processing /mnt/c/Users/Jason/Desktop/IS3107/is3107_DataEngineering/.venv/lib/python3.8/site-packages/airflow/example_dags/example_setup_teardown_taskflow.py took 0.194 seconds
[2024-04-25T12:06:02.515+0800] {processor.py:161} INFO - Started process (PID=1937025) to work on /mnt/c/Users/Jason/Desktop/IS3107/is3107_DataEngineering/.venv/lib/python3.8/site-packages/airflow/example_dags/example_setup_teardown_taskflow.py
[2024-04-25T12:06:02.517+0800] {processor.py:830} INFO - Processing file /mnt/c/Users/Jason/Desktop/IS3107/is3107_DataEngineering/.venv/lib/python3.8/site-packages/airflow/example_dags/example_setup_teardown_taskflow.py for tasks to queue
[2024-04-25T12:06:02.519+0800] {logging_mixin.py:188} INFO - [2024-04-25T12:06:02.518+0800] {dagbag.py:540} INFO - Filling up the DagBag from /mnt/c/Users/Jason/Desktop/IS3107/is3107_DataEngineering/.venv/lib/python3.8/site-packages/airflow/example_dags/example_setup_teardown_taskflow.py
[2024-04-25T12:06:02.541+0800] {processor.py:840} INFO - DAG(s) 'example_setup_teardown_taskflow' retrieved from /mnt/c/Users/Jason/Desktop/IS3107/is3107_DataEngineering/.venv/lib/python3.8/site-packages/airflow/example_dags/example_setup_teardown_taskflow.py
[2024-04-25T12:06:02.567+0800] {logging_mixin.py:188} INFO - [2024-04-25T12:06:02.567+0800] {dag.py:3096} INFO - Sync 1 DAGs
[2024-04-25T12:06:02.594+0800] {logging_mixin.py:188} INFO - [2024-04-25T12:06:02.593+0800] {dag.py:3954} INFO - Setting next_dagrun for example_setup_teardown_taskflow to 2024-04-24 00:00:00+00:00, run_after=2024-04-25 00:00:00+00:00
[2024-04-25T12:06:02.666+0800] {processor.py:183} INFO - Processing /mnt/c/Users/Jason/Desktop/IS3107/is3107_DataEngineering/.venv/lib/python3.8/site-packages/airflow/example_dags/example_setup_teardown_taskflow.py took 0.164 seconds
[2024-04-25T12:08:02.307+0800] {processor.py:161} INFO - Started process (PID=1938204) to work on /mnt/c/Users/Jason/Desktop/IS3107/is3107_DataEngineering/.venv/lib/python3.8/site-packages/airflow/example_dags/example_setup_teardown_taskflow.py
[2024-04-25T12:08:02.310+0800] {processor.py:830} INFO - Processing file /mnt/c/Users/Jason/Desktop/IS3107/is3107_DataEngineering/.venv/lib/python3.8/site-packages/airflow/example_dags/example_setup_teardown_taskflow.py for tasks to queue
[2024-04-25T12:08:02.316+0800] {logging_mixin.py:188} INFO - [2024-04-25T12:08:02.314+0800] {dagbag.py:540} INFO - Filling up the DagBag from /mnt/c/Users/Jason/Desktop/IS3107/is3107_DataEngineering/.venv/lib/python3.8/site-packages/airflow/example_dags/example_setup_teardown_taskflow.py
[2024-04-25T12:08:02.353+0800] {processor.py:840} INFO - DAG(s) 'example_setup_teardown_taskflow' retrieved from /mnt/c/Users/Jason/Desktop/IS3107/is3107_DataEngineering/.venv/lib/python3.8/site-packages/airflow/example_dags/example_setup_teardown_taskflow.py
[2024-04-25T12:08:02.397+0800] {logging_mixin.py:188} INFO - [2024-04-25T12:08:02.395+0800] {dag.py:3096} INFO - Sync 1 DAGs
[2024-04-25T12:08:02.433+0800] {logging_mixin.py:188} INFO - [2024-04-25T12:08:02.431+0800] {dag.py:3954} INFO - Setting next_dagrun for example_setup_teardown_taskflow to 2024-04-24 00:00:00+00:00, run_after=2024-04-25 00:00:00+00:00
[2024-04-25T12:08:02.520+0800] {processor.py:183} INFO - Processing /mnt/c/Users/Jason/Desktop/IS3107/is3107_DataEngineering/.venv/lib/python3.8/site-packages/airflow/example_dags/example_setup_teardown_taskflow.py took 0.231 seconds
[2024-04-25T12:10:09.931+0800] {processor.py:161} INFO - Started process (PID=1939441) to work on /mnt/c/Users/Jason/Desktop/IS3107/is3107_DataEngineering/.venv/lib/python3.8/site-packages/airflow/example_dags/example_setup_teardown_taskflow.py
[2024-04-25T12:10:09.933+0800] {processor.py:830} INFO - Processing file /mnt/c/Users/Jason/Desktop/IS3107/is3107_DataEngineering/.venv/lib/python3.8/site-packages/airflow/example_dags/example_setup_teardown_taskflow.py for tasks to queue
[2024-04-25T12:10:09.936+0800] {logging_mixin.py:188} INFO - [2024-04-25T12:10:09.934+0800] {dagbag.py:540} INFO - Filling up the DagBag from /mnt/c/Users/Jason/Desktop/IS3107/is3107_DataEngineering/.venv/lib/python3.8/site-packages/airflow/example_dags/example_setup_teardown_taskflow.py
[2024-04-25T12:10:09.958+0800] {processor.py:840} INFO - DAG(s) 'example_setup_teardown_taskflow' retrieved from /mnt/c/Users/Jason/Desktop/IS3107/is3107_DataEngineering/.venv/lib/python3.8/site-packages/airflow/example_dags/example_setup_teardown_taskflow.py
[2024-04-25T12:10:09.996+0800] {logging_mixin.py:188} INFO - [2024-04-25T12:10:09.995+0800] {dag.py:3096} INFO - Sync 1 DAGs
[2024-04-25T12:10:10.034+0800] {logging_mixin.py:188} INFO - [2024-04-25T12:10:10.033+0800] {dag.py:3954} INFO - Setting next_dagrun for example_setup_teardown_taskflow to 2024-04-24 00:00:00+00:00, run_after=2024-04-25 00:00:00+00:00
[2024-04-25T12:10:10.108+0800] {processor.py:183} INFO - Processing /mnt/c/Users/Jason/Desktop/IS3107/is3107_DataEngineering/.venv/lib/python3.8/site-packages/airflow/example_dags/example_setup_teardown_taskflow.py took 0.188 seconds
[2024-04-25T12:12:44.127+0800] {processor.py:161} INFO - Started process (PID=1940907) to work on /mnt/c/Users/Jason/Desktop/IS3107/is3107_DataEngineering/.venv/lib/python3.8/site-packages/airflow/example_dags/example_setup_teardown_taskflow.py
[2024-04-25T12:12:44.130+0800] {processor.py:830} INFO - Processing file /mnt/c/Users/Jason/Desktop/IS3107/is3107_DataEngineering/.venv/lib/python3.8/site-packages/airflow/example_dags/example_setup_teardown_taskflow.py for tasks to queue
[2024-04-25T12:12:44.135+0800] {logging_mixin.py:188} INFO - [2024-04-25T12:12:44.133+0800] {dagbag.py:540} INFO - Filling up the DagBag from /mnt/c/Users/Jason/Desktop/IS3107/is3107_DataEngineering/.venv/lib/python3.8/site-packages/airflow/example_dags/example_setup_teardown_taskflow.py
[2024-04-25T12:12:44.179+0800] {processor.py:840} INFO - DAG(s) 'example_setup_teardown_taskflow' retrieved from /mnt/c/Users/Jason/Desktop/IS3107/is3107_DataEngineering/.venv/lib/python3.8/site-packages/airflow/example_dags/example_setup_teardown_taskflow.py
[2024-04-25T12:12:44.229+0800] {logging_mixin.py:188} INFO - [2024-04-25T12:12:44.228+0800] {dag.py:3096} INFO - Sync 1 DAGs
[2024-04-25T12:12:44.271+0800] {logging_mixin.py:188} INFO - [2024-04-25T12:12:44.269+0800] {dag.py:3954} INFO - Setting next_dagrun for example_setup_teardown_taskflow to 2024-04-24 00:00:00+00:00, run_after=2024-04-25 00:00:00+00:00
[2024-04-25T12:12:44.380+0800] {processor.py:183} INFO - Processing /mnt/c/Users/Jason/Desktop/IS3107/is3107_DataEngineering/.venv/lib/python3.8/site-packages/airflow/example_dags/example_setup_teardown_taskflow.py took 0.271 seconds
