[2024-04-25T11:51:11.277+0800] {processor.py:161} INFO - Started process (PID=1928528) to work on /mnt/c/Users/Jason/Desktop/IS3107/is3107_DataEngineering/.venv/lib/python3.8/site-packages/airflow/example_dags/example_nested_branch_dag.py
[2024-04-25T11:51:11.279+0800] {processor.py:830} INFO - Processing file /mnt/c/Users/Jason/Desktop/IS3107/is3107_DataEngineering/.venv/lib/python3.8/site-packages/airflow/example_dags/example_nested_branch_dag.py for tasks to queue
[2024-04-25T11:51:11.283+0800] {logging_mixin.py:188} INFO - [2024-04-25T11:51:11.281+0800] {dagbag.py:540} INFO - Filling up the DagBag from /mnt/c/Users/Jason/Desktop/IS3107/is3107_DataEngineering/.venv/lib/python3.8/site-packages/airflow/example_dags/example_nested_branch_dag.py
[2024-04-25T11:51:11.317+0800] {processor.py:840} INFO - DAG(s) 'example_nested_branch_dag' retrieved from /mnt/c/Users/Jason/Desktop/IS3107/is3107_DataEngineering/.venv/lib/python3.8/site-packages/airflow/example_dags/example_nested_branch_dag.py
[2024-04-25T11:51:12.878+0800] {logging_mixin.py:188} INFO - [2024-04-25T11:51:12.876+0800] {dag.py:3096} INFO - Sync 1 DAGs
[2024-04-25T11:51:12.915+0800] {logging_mixin.py:188} INFO - [2024-04-25T11:51:12.913+0800] {dag.py:3954} INFO - Setting next_dagrun for example_nested_branch_dag to 2024-04-24 00:00:00+00:00, run_after=2024-04-25 00:00:00+00:00
[2024-04-25T11:51:13.038+0800] {processor.py:183} INFO - Processing /mnt/c/Users/Jason/Desktop/IS3107/is3107_DataEngineering/.venv/lib/python3.8/site-packages/airflow/example_dags/example_nested_branch_dag.py took 1.775 seconds
[2024-04-25T11:53:34.942+0800] {processor.py:161} INFO - Started process (PID=1929871) to work on /mnt/c/Users/Jason/Desktop/IS3107/is3107_DataEngineering/.venv/lib/python3.8/site-packages/airflow/example_dags/example_nested_branch_dag.py
[2024-04-25T11:53:34.946+0800] {processor.py:830} INFO - Processing file /mnt/c/Users/Jason/Desktop/IS3107/is3107_DataEngineering/.venv/lib/python3.8/site-packages/airflow/example_dags/example_nested_branch_dag.py for tasks to queue
[2024-04-25T11:53:34.951+0800] {logging_mixin.py:188} INFO - [2024-04-25T11:53:34.949+0800] {dagbag.py:540} INFO - Filling up the DagBag from /mnt/c/Users/Jason/Desktop/IS3107/is3107_DataEngineering/.venv/lib/python3.8/site-packages/airflow/example_dags/example_nested_branch_dag.py
[2024-04-25T11:53:35.010+0800] {processor.py:840} INFO - DAG(s) 'example_nested_branch_dag' retrieved from /mnt/c/Users/Jason/Desktop/IS3107/is3107_DataEngineering/.venv/lib/python3.8/site-packages/airflow/example_dags/example_nested_branch_dag.py
[2024-04-25T11:53:35.057+0800] {logging_mixin.py:188} INFO - [2024-04-25T11:53:35.055+0800] {dag.py:3096} INFO - Sync 1 DAGs
[2024-04-25T11:53:35.107+0800] {logging_mixin.py:188} INFO - [2024-04-25T11:53:35.105+0800] {dag.py:3954} INFO - Setting next_dagrun for example_nested_branch_dag to 2024-04-24 00:00:00+00:00, run_after=2024-04-25 00:00:00+00:00
[2024-04-25T11:53:35.207+0800] {processor.py:183} INFO - Processing /mnt/c/Users/Jason/Desktop/IS3107/is3107_DataEngineering/.venv/lib/python3.8/site-packages/airflow/example_dags/example_nested_branch_dag.py took 0.297 seconds
[2024-04-25T11:56:27.647+0800] {processor.py:161} INFO - Started process (PID=1931518) to work on /mnt/c/Users/Jason/Desktop/IS3107/is3107_DataEngineering/.venv/lib/python3.8/site-packages/airflow/example_dags/example_nested_branch_dag.py
[2024-04-25T11:56:27.649+0800] {processor.py:830} INFO - Processing file /mnt/c/Users/Jason/Desktop/IS3107/is3107_DataEngineering/.venv/lib/python3.8/site-packages/airflow/example_dags/example_nested_branch_dag.py for tasks to queue
[2024-04-25T11:56:27.651+0800] {logging_mixin.py:188} INFO - [2024-04-25T11:56:27.650+0800] {dagbag.py:540} INFO - Filling up the DagBag from /mnt/c/Users/Jason/Desktop/IS3107/is3107_DataEngineering/.venv/lib/python3.8/site-packages/airflow/example_dags/example_nested_branch_dag.py
[2024-04-25T11:56:27.681+0800] {processor.py:840} INFO - DAG(s) 'example_nested_branch_dag' retrieved from /mnt/c/Users/Jason/Desktop/IS3107/is3107_DataEngineering/.venv/lib/python3.8/site-packages/airflow/example_dags/example_nested_branch_dag.py
[2024-04-25T11:56:27.709+0800] {logging_mixin.py:188} INFO - [2024-04-25T11:56:27.708+0800] {dag.py:3096} INFO - Sync 1 DAGs
[2024-04-25T11:56:27.735+0800] {logging_mixin.py:188} INFO - [2024-04-25T11:56:27.734+0800] {dag.py:3954} INFO - Setting next_dagrun for example_nested_branch_dag to 2024-04-24 00:00:00+00:00, run_after=2024-04-25 00:00:00+00:00
[2024-04-25T11:56:27.836+0800] {processor.py:183} INFO - Processing /mnt/c/Users/Jason/Desktop/IS3107/is3107_DataEngineering/.venv/lib/python3.8/site-packages/airflow/example_dags/example_nested_branch_dag.py took 0.200 seconds
[2024-04-25T11:58:34.617+0800] {processor.py:161} INFO - Started process (PID=1932726) to work on /mnt/c/Users/Jason/Desktop/IS3107/is3107_DataEngineering/.venv/lib/python3.8/site-packages/airflow/example_dags/example_nested_branch_dag.py
[2024-04-25T11:58:34.620+0800] {processor.py:830} INFO - Processing file /mnt/c/Users/Jason/Desktop/IS3107/is3107_DataEngineering/.venv/lib/python3.8/site-packages/airflow/example_dags/example_nested_branch_dag.py for tasks to queue
[2024-04-25T11:58:34.622+0800] {logging_mixin.py:188} INFO - [2024-04-25T11:58:34.621+0800] {dagbag.py:540} INFO - Filling up the DagBag from /mnt/c/Users/Jason/Desktop/IS3107/is3107_DataEngineering/.venv/lib/python3.8/site-packages/airflow/example_dags/example_nested_branch_dag.py
[2024-04-25T11:58:34.654+0800] {processor.py:840} INFO - DAG(s) 'example_nested_branch_dag' retrieved from /mnt/c/Users/Jason/Desktop/IS3107/is3107_DataEngineering/.venv/lib/python3.8/site-packages/airflow/example_dags/example_nested_branch_dag.py
[2024-04-25T11:58:34.690+0800] {logging_mixin.py:188} INFO - [2024-04-25T11:58:34.689+0800] {dag.py:3096} INFO - Sync 1 DAGs
[2024-04-25T11:58:34.717+0800] {logging_mixin.py:188} INFO - [2024-04-25T11:58:34.716+0800] {dag.py:3954} INFO - Setting next_dagrun for example_nested_branch_dag to 2024-04-24 00:00:00+00:00, run_after=2024-04-25 00:00:00+00:00
[2024-04-25T11:58:34.782+0800] {processor.py:183} INFO - Processing /mnt/c/Users/Jason/Desktop/IS3107/is3107_DataEngineering/.venv/lib/python3.8/site-packages/airflow/example_dags/example_nested_branch_dag.py took 0.178 seconds
[2024-04-25T12:01:05.905+0800] {processor.py:161} INFO - Started process (PID=1934172) to work on /mnt/c/Users/Jason/Desktop/IS3107/is3107_DataEngineering/.venv/lib/python3.8/site-packages/airflow/example_dags/example_nested_branch_dag.py
[2024-04-25T12:01:05.907+0800] {processor.py:830} INFO - Processing file /mnt/c/Users/Jason/Desktop/IS3107/is3107_DataEngineering/.venv/lib/python3.8/site-packages/airflow/example_dags/example_nested_branch_dag.py for tasks to queue
[2024-04-25T12:01:05.910+0800] {logging_mixin.py:188} INFO - [2024-04-25T12:01:05.909+0800] {dagbag.py:540} INFO - Filling up the DagBag from /mnt/c/Users/Jason/Desktop/IS3107/is3107_DataEngineering/.venv/lib/python3.8/site-packages/airflow/example_dags/example_nested_branch_dag.py
[2024-04-25T12:01:05.952+0800] {processor.py:840} INFO - DAG(s) 'example_nested_branch_dag' retrieved from /mnt/c/Users/Jason/Desktop/IS3107/is3107_DataEngineering/.venv/lib/python3.8/site-packages/airflow/example_dags/example_nested_branch_dag.py
[2024-04-25T12:01:05.986+0800] {logging_mixin.py:188} INFO - [2024-04-25T12:01:05.984+0800] {dag.py:3096} INFO - Sync 1 DAGs
[2024-04-25T12:01:06.018+0800] {logging_mixin.py:188} INFO - [2024-04-25T12:01:06.017+0800] {dag.py:3954} INFO - Setting next_dagrun for example_nested_branch_dag to 2024-04-24 00:00:00+00:00, run_after=2024-04-25 00:00:00+00:00
[2024-04-25T12:01:06.151+0800] {processor.py:183} INFO - Processing /mnt/c/Users/Jason/Desktop/IS3107/is3107_DataEngineering/.venv/lib/python3.8/site-packages/airflow/example_dags/example_nested_branch_dag.py took 0.262 seconds
[2024-04-25T12:03:30.380+0800] {processor.py:161} INFO - Started process (PID=1935570) to work on /mnt/c/Users/Jason/Desktop/IS3107/is3107_DataEngineering/.venv/lib/python3.8/site-packages/airflow/example_dags/example_nested_branch_dag.py
[2024-04-25T12:03:30.382+0800] {processor.py:830} INFO - Processing file /mnt/c/Users/Jason/Desktop/IS3107/is3107_DataEngineering/.venv/lib/python3.8/site-packages/airflow/example_dags/example_nested_branch_dag.py for tasks to queue
[2024-04-25T12:03:30.385+0800] {logging_mixin.py:188} INFO - [2024-04-25T12:03:30.383+0800] {dagbag.py:540} INFO - Filling up the DagBag from /mnt/c/Users/Jason/Desktop/IS3107/is3107_DataEngineering/.venv/lib/python3.8/site-packages/airflow/example_dags/example_nested_branch_dag.py
[2024-04-25T12:03:30.419+0800] {processor.py:840} INFO - DAG(s) 'example_nested_branch_dag' retrieved from /mnt/c/Users/Jason/Desktop/IS3107/is3107_DataEngineering/.venv/lib/python3.8/site-packages/airflow/example_dags/example_nested_branch_dag.py
[2024-04-25T12:03:30.455+0800] {logging_mixin.py:188} INFO - [2024-04-25T12:03:30.454+0800] {dag.py:3096} INFO - Sync 1 DAGs
[2024-04-25T12:03:30.489+0800] {logging_mixin.py:188} INFO - [2024-04-25T12:03:30.487+0800] {dag.py:3954} INFO - Setting next_dagrun for example_nested_branch_dag to 2024-04-24 00:00:00+00:00, run_after=2024-04-25 00:00:00+00:00
[2024-04-25T12:03:30.567+0800] {processor.py:183} INFO - Processing /mnt/c/Users/Jason/Desktop/IS3107/is3107_DataEngineering/.venv/lib/python3.8/site-packages/airflow/example_dags/example_nested_branch_dag.py took 0.201 seconds
[2024-04-25T12:05:51.553+0800] {processor.py:161} INFO - Started process (PID=1936924) to work on /mnt/c/Users/Jason/Desktop/IS3107/is3107_DataEngineering/.venv/lib/python3.8/site-packages/airflow/example_dags/example_nested_branch_dag.py
[2024-04-25T12:05:51.555+0800] {processor.py:830} INFO - Processing file /mnt/c/Users/Jason/Desktop/IS3107/is3107_DataEngineering/.venv/lib/python3.8/site-packages/airflow/example_dags/example_nested_branch_dag.py for tasks to queue
[2024-04-25T12:05:51.559+0800] {logging_mixin.py:188} INFO - [2024-04-25T12:05:51.557+0800] {dagbag.py:540} INFO - Filling up the DagBag from /mnt/c/Users/Jason/Desktop/IS3107/is3107_DataEngineering/.venv/lib/python3.8/site-packages/airflow/example_dags/example_nested_branch_dag.py
[2024-04-25T12:05:51.594+0800] {processor.py:840} INFO - DAG(s) 'example_nested_branch_dag' retrieved from /mnt/c/Users/Jason/Desktop/IS3107/is3107_DataEngineering/.venv/lib/python3.8/site-packages/airflow/example_dags/example_nested_branch_dag.py
[2024-04-25T12:05:51.631+0800] {logging_mixin.py:188} INFO - [2024-04-25T12:05:51.630+0800] {dag.py:3096} INFO - Sync 1 DAGs
[2024-04-25T12:05:51.668+0800] {logging_mixin.py:188} INFO - [2024-04-25T12:05:51.666+0800] {dag.py:3954} INFO - Setting next_dagrun for example_nested_branch_dag to 2024-04-24 00:00:00+00:00, run_after=2024-04-25 00:00:00+00:00
[2024-04-25T12:05:51.773+0800] {processor.py:183} INFO - Processing /mnt/c/Users/Jason/Desktop/IS3107/is3107_DataEngineering/.venv/lib/python3.8/site-packages/airflow/example_dags/example_nested_branch_dag.py took 0.234 seconds
[2024-04-25T12:07:51.600+0800] {processor.py:161} INFO - Started process (PID=1938099) to work on /mnt/c/Users/Jason/Desktop/IS3107/is3107_DataEngineering/.venv/lib/python3.8/site-packages/airflow/example_dags/example_nested_branch_dag.py
[2024-04-25T12:07:51.601+0800] {processor.py:830} INFO - Processing file /mnt/c/Users/Jason/Desktop/IS3107/is3107_DataEngineering/.venv/lib/python3.8/site-packages/airflow/example_dags/example_nested_branch_dag.py for tasks to queue
[2024-04-25T12:07:51.603+0800] {logging_mixin.py:188} INFO - [2024-04-25T12:07:51.602+0800] {dagbag.py:540} INFO - Filling up the DagBag from /mnt/c/Users/Jason/Desktop/IS3107/is3107_DataEngineering/.venv/lib/python3.8/site-packages/airflow/example_dags/example_nested_branch_dag.py
[2024-04-25T12:07:51.627+0800] {processor.py:840} INFO - DAG(s) 'example_nested_branch_dag' retrieved from /mnt/c/Users/Jason/Desktop/IS3107/is3107_DataEngineering/.venv/lib/python3.8/site-packages/airflow/example_dags/example_nested_branch_dag.py
[2024-04-25T12:07:51.653+0800] {logging_mixin.py:188} INFO - [2024-04-25T12:07:51.652+0800] {dag.py:3096} INFO - Sync 1 DAGs
[2024-04-25T12:07:51.674+0800] {logging_mixin.py:188} INFO - [2024-04-25T12:07:51.673+0800] {dag.py:3954} INFO - Setting next_dagrun for example_nested_branch_dag to 2024-04-24 00:00:00+00:00, run_after=2024-04-25 00:00:00+00:00
[2024-04-25T12:07:51.748+0800] {processor.py:183} INFO - Processing /mnt/c/Users/Jason/Desktop/IS3107/is3107_DataEngineering/.venv/lib/python3.8/site-packages/airflow/example_dags/example_nested_branch_dag.py took 0.165 seconds
[2024-04-25T12:09:58.290+0800] {processor.py:161} INFO - Started process (PID=1939311) to work on /mnt/c/Users/Jason/Desktop/IS3107/is3107_DataEngineering/.venv/lib/python3.8/site-packages/airflow/example_dags/example_nested_branch_dag.py
[2024-04-25T12:09:58.293+0800] {processor.py:830} INFO - Processing file /mnt/c/Users/Jason/Desktop/IS3107/is3107_DataEngineering/.venv/lib/python3.8/site-packages/airflow/example_dags/example_nested_branch_dag.py for tasks to queue
[2024-04-25T12:09:58.296+0800] {logging_mixin.py:188} INFO - [2024-04-25T12:09:58.295+0800] {dagbag.py:540} INFO - Filling up the DagBag from /mnt/c/Users/Jason/Desktop/IS3107/is3107_DataEngineering/.venv/lib/python3.8/site-packages/airflow/example_dags/example_nested_branch_dag.py
[2024-04-25T12:09:58.331+0800] {processor.py:840} INFO - DAG(s) 'example_nested_branch_dag' retrieved from /mnt/c/Users/Jason/Desktop/IS3107/is3107_DataEngineering/.venv/lib/python3.8/site-packages/airflow/example_dags/example_nested_branch_dag.py
[2024-04-25T12:09:58.377+0800] {logging_mixin.py:188} INFO - [2024-04-25T12:09:58.375+0800] {dag.py:3096} INFO - Sync 1 DAGs
[2024-04-25T12:09:58.416+0800] {logging_mixin.py:188} INFO - [2024-04-25T12:09:58.414+0800] {dag.py:3954} INFO - Setting next_dagrun for example_nested_branch_dag to 2024-04-24 00:00:00+00:00, run_after=2024-04-25 00:00:00+00:00
[2024-04-25T12:09:58.524+0800] {processor.py:183} INFO - Processing /mnt/c/Users/Jason/Desktop/IS3107/is3107_DataEngineering/.venv/lib/python3.8/site-packages/airflow/example_dags/example_nested_branch_dag.py took 0.248 seconds
[2024-04-25T12:12:32.192+0800] {processor.py:161} INFO - Started process (PID=1940786) to work on /mnt/c/Users/Jason/Desktop/IS3107/is3107_DataEngineering/.venv/lib/python3.8/site-packages/airflow/example_dags/example_nested_branch_dag.py
[2024-04-25T12:12:32.194+0800] {processor.py:830} INFO - Processing file /mnt/c/Users/Jason/Desktop/IS3107/is3107_DataEngineering/.venv/lib/python3.8/site-packages/airflow/example_dags/example_nested_branch_dag.py for tasks to queue
[2024-04-25T12:12:32.197+0800] {logging_mixin.py:188} INFO - [2024-04-25T12:12:32.196+0800] {dagbag.py:540} INFO - Filling up the DagBag from /mnt/c/Users/Jason/Desktop/IS3107/is3107_DataEngineering/.venv/lib/python3.8/site-packages/airflow/example_dags/example_nested_branch_dag.py
[2024-04-25T12:12:32.245+0800] {processor.py:840} INFO - DAG(s) 'example_nested_branch_dag' retrieved from /mnt/c/Users/Jason/Desktop/IS3107/is3107_DataEngineering/.venv/lib/python3.8/site-packages/airflow/example_dags/example_nested_branch_dag.py
[2024-04-25T12:12:32.295+0800] {logging_mixin.py:188} INFO - [2024-04-25T12:12:32.294+0800] {dag.py:3096} INFO - Sync 1 DAGs
[2024-04-25T12:12:32.334+0800] {logging_mixin.py:188} INFO - [2024-04-25T12:12:32.333+0800] {dag.py:3954} INFO - Setting next_dagrun for example_nested_branch_dag to 2024-04-24 00:00:00+00:00, run_after=2024-04-25 00:00:00+00:00
[2024-04-25T12:12:32.428+0800] {processor.py:183} INFO - Processing /mnt/c/Users/Jason/Desktop/IS3107/is3107_DataEngineering/.venv/lib/python3.8/site-packages/airflow/example_dags/example_nested_branch_dag.py took 0.252 seconds
