[2024-04-25T11:50:47.092+0800] {processor.py:161} INFO - Started process (PID=1928309) to work on /mnt/c/Users/Jason/Desktop/IS3107/is3107_DataEngineering/.venv/lib/python3.8/site-packages/airflow/example_dags/example_datasets.py
[2024-04-25T11:50:47.096+0800] {processor.py:830} INFO - Processing file /mnt/c/Users/Jason/Desktop/IS3107/is3107_DataEngineering/.venv/lib/python3.8/site-packages/airflow/example_dags/example_datasets.py for tasks to queue
[2024-04-25T11:50:47.103+0800] {logging_mixin.py:188} INFO - [2024-04-25T11:50:47.100+0800] {dagbag.py:540} INFO - Filling up the DagBag from /mnt/c/Users/Jason/Desktop/IS3107/is3107_DataEngineering/.venv/lib/python3.8/site-packages/airflow/example_dags/example_datasets.py
[2024-04-25T11:50:47.237+0800] {processor.py:840} INFO - DAG(s) 'dataset_produces_2', 'dataset_consumes_1_never_scheduled', 'dataset_produces_1', 'dataset_consumes_unknown_never_scheduled', 'dataset_consumes_1_and_2', 'conditional_dataset_and_time_based_timetable', 'consume_1_and_2_with_dataset_expressions', 'consume_1_or_both_2_and_3_with_dataset_expressions', 'consume_1_or_2_with_dataset_expressions', 'dataset_consumes_1' retrieved from /mnt/c/Users/Jason/Desktop/IS3107/is3107_DataEngineering/.venv/lib/python3.8/site-packages/airflow/example_dags/example_datasets.py
[2024-04-25T11:50:49.680+0800] {logging_mixin.py:188} INFO - [2024-04-25T11:50:49.678+0800] {dag.py:3096} INFO - Sync 10 DAGs
[2024-04-25T11:50:49.728+0800] {logging_mixin.py:188} INFO - [2024-04-25T11:50:49.725+0800] {dag.py:3954} INFO - Setting next_dagrun for conditional_dataset_and_time_based_timetable to 2024-04-24 01:00:00+00:00, run_after=2024-04-24 01:00:00+00:00
[2024-04-25T11:50:49.738+0800] {logging_mixin.py:188} INFO - [2024-04-25T11:50:49.736+0800] {dag.py:3954} INFO - Setting next_dagrun for consume_1_and_2_with_dataset_expressions to None, run_after=None
[2024-04-25T11:50:49.744+0800] {logging_mixin.py:188} INFO - [2024-04-25T11:50:49.743+0800] {dag.py:3954} INFO - Setting next_dagrun for consume_1_or_2_with_dataset_expressions to None, run_after=None
[2024-04-25T11:50:49.749+0800] {logging_mixin.py:188} INFO - [2024-04-25T11:50:49.748+0800] {dag.py:3954} INFO - Setting next_dagrun for consume_1_or_both_2_and_3_with_dataset_expressions to None, run_after=None
[2024-04-25T11:50:49.756+0800] {logging_mixin.py:188} INFO - [2024-04-25T11:50:49.754+0800] {dag.py:3954} INFO - Setting next_dagrun for dataset_consumes_1 to None, run_after=None
[2024-04-25T11:50:49.761+0800] {logging_mixin.py:188} INFO - [2024-04-25T11:50:49.759+0800] {dag.py:3954} INFO - Setting next_dagrun for dataset_consumes_1_and_2 to None, run_after=None
[2024-04-25T11:50:49.766+0800] {logging_mixin.py:188} INFO - [2024-04-25T11:50:49.765+0800] {dag.py:3954} INFO - Setting next_dagrun for dataset_consumes_1_never_scheduled to None, run_after=None
[2024-04-25T11:50:49.772+0800] {logging_mixin.py:188} INFO - [2024-04-25T11:50:49.771+0800] {dag.py:3954} INFO - Setting next_dagrun for dataset_consumes_unknown_never_scheduled to None, run_after=None
[2024-04-25T11:50:49.781+0800] {logging_mixin.py:188} INFO - [2024-04-25T11:50:49.779+0800] {dag.py:3954} INFO - Setting next_dagrun for dataset_produces_1 to 2024-04-24 00:00:00+00:00, run_after=2024-04-25 00:00:00+00:00
[2024-04-25T11:50:49.788+0800] {logging_mixin.py:188} INFO - [2024-04-25T11:50:49.786+0800] {dag.py:3954} INFO - Setting next_dagrun for dataset_produces_2 to None, run_after=None
[2024-04-25T11:50:49.935+0800] {processor.py:183} INFO - Processing /mnt/c/Users/Jason/Desktop/IS3107/is3107_DataEngineering/.venv/lib/python3.8/site-packages/airflow/example_dags/example_datasets.py took 2.869 seconds
[2024-04-25T11:53:19.748+0800] {processor.py:161} INFO - Started process (PID=1929715) to work on /mnt/c/Users/Jason/Desktop/IS3107/is3107_DataEngineering/.venv/lib/python3.8/site-packages/airflow/example_dags/example_datasets.py
[2024-04-25T11:53:19.751+0800] {processor.py:830} INFO - Processing file /mnt/c/Users/Jason/Desktop/IS3107/is3107_DataEngineering/.venv/lib/python3.8/site-packages/airflow/example_dags/example_datasets.py for tasks to queue
[2024-04-25T11:53:19.756+0800] {logging_mixin.py:188} INFO - [2024-04-25T11:53:19.754+0800] {dagbag.py:540} INFO - Filling up the DagBag from /mnt/c/Users/Jason/Desktop/IS3107/is3107_DataEngineering/.venv/lib/python3.8/site-packages/airflow/example_dags/example_datasets.py
[2024-04-25T11:53:19.901+0800] {processor.py:840} INFO - DAG(s) 'consume_1_or_both_2_and_3_with_dataset_expressions', 'dataset_consumes_1_and_2', 'dataset_consumes_1', 'dataset_consumes_1_never_scheduled', 'conditional_dataset_and_time_based_timetable', 'consume_1_and_2_with_dataset_expressions', 'consume_1_or_2_with_dataset_expressions', 'dataset_consumes_unknown_never_scheduled', 'dataset_produces_1', 'dataset_produces_2' retrieved from /mnt/c/Users/Jason/Desktop/IS3107/is3107_DataEngineering/.venv/lib/python3.8/site-packages/airflow/example_dags/example_datasets.py
[2024-04-25T11:53:20.065+0800] {logging_mixin.py:188} INFO - [2024-04-25T11:53:20.064+0800] {dag.py:3096} INFO - Sync 10 DAGs
[2024-04-25T11:53:20.108+0800] {logging_mixin.py:188} INFO - [2024-04-25T11:53:20.107+0800] {dag.py:3954} INFO - Setting next_dagrun for conditional_dataset_and_time_based_timetable to 2024-04-24 01:00:00+00:00, run_after=2024-04-24 01:00:00+00:00
[2024-04-25T11:53:20.120+0800] {logging_mixin.py:188} INFO - [2024-04-25T11:53:20.118+0800] {dag.py:3954} INFO - Setting next_dagrun for consume_1_and_2_with_dataset_expressions to None, run_after=None
[2024-04-25T11:53:20.126+0800] {logging_mixin.py:188} INFO - [2024-04-25T11:53:20.125+0800] {dag.py:3954} INFO - Setting next_dagrun for consume_1_or_2_with_dataset_expressions to None, run_after=None
[2024-04-25T11:53:20.133+0800] {logging_mixin.py:188} INFO - [2024-04-25T11:53:20.131+0800] {dag.py:3954} INFO - Setting next_dagrun for consume_1_or_both_2_and_3_with_dataset_expressions to None, run_after=None
[2024-04-25T11:53:20.140+0800] {logging_mixin.py:188} INFO - [2024-04-25T11:53:20.138+0800] {dag.py:3954} INFO - Setting next_dagrun for dataset_consumes_1 to None, run_after=None
[2024-04-25T11:53:20.145+0800] {logging_mixin.py:188} INFO - [2024-04-25T11:53:20.144+0800] {dag.py:3954} INFO - Setting next_dagrun for dataset_consumes_1_and_2 to None, run_after=None
[2024-04-25T11:53:20.153+0800] {logging_mixin.py:188} INFO - [2024-04-25T11:53:20.150+0800] {dag.py:3954} INFO - Setting next_dagrun for dataset_consumes_1_never_scheduled to None, run_after=None
[2024-04-25T11:53:20.159+0800] {logging_mixin.py:188} INFO - [2024-04-25T11:53:20.158+0800] {dag.py:3954} INFO - Setting next_dagrun for dataset_consumes_unknown_never_scheduled to None, run_after=None
[2024-04-25T11:53:20.168+0800] {logging_mixin.py:188} INFO - [2024-04-25T11:53:20.166+0800] {dag.py:3954} INFO - Setting next_dagrun for dataset_produces_1 to 2024-04-24 00:00:00+00:00, run_after=2024-04-25 00:00:00+00:00
[2024-04-25T11:53:20.175+0800] {logging_mixin.py:188} INFO - [2024-04-25T11:53:20.174+0800] {dag.py:3954} INFO - Setting next_dagrun for dataset_produces_2 to None, run_after=None
[2024-04-25T11:53:20.371+0800] {processor.py:183} INFO - Processing /mnt/c/Users/Jason/Desktop/IS3107/is3107_DataEngineering/.venv/lib/python3.8/site-packages/airflow/example_dags/example_datasets.py took 0.647 seconds
[2024-04-25T11:55:16.000+0800] {processor.py:161} INFO - Started process (PID=1930811) to work on /mnt/c/Users/Jason/Desktop/IS3107/is3107_DataEngineering/.venv/lib/python3.8/site-packages/airflow/example_dags/example_datasets.py
[2024-04-25T11:55:16.003+0800] {processor.py:830} INFO - Processing file /mnt/c/Users/Jason/Desktop/IS3107/is3107_DataEngineering/.venv/lib/python3.8/site-packages/airflow/example_dags/example_datasets.py for tasks to queue
[2024-04-25T11:55:16.006+0800] {logging_mixin.py:188} INFO - [2024-04-25T11:55:16.005+0800] {dagbag.py:540} INFO - Filling up the DagBag from /mnt/c/Users/Jason/Desktop/IS3107/is3107_DataEngineering/.venv/lib/python3.8/site-packages/airflow/example_dags/example_datasets.py
[2024-04-25T11:55:16.100+0800] {processor.py:840} INFO - DAG(s) 'consume_1_or_2_with_dataset_expressions', 'consume_1_or_both_2_and_3_with_dataset_expressions', 'dataset_consumes_unknown_never_scheduled', 'conditional_dataset_and_time_based_timetable', 'consume_1_and_2_with_dataset_expressions', 'dataset_consumes_1', 'dataset_produces_1', 'dataset_produces_2', 'dataset_consumes_1_and_2', 'dataset_consumes_1_never_scheduled' retrieved from /mnt/c/Users/Jason/Desktop/IS3107/is3107_DataEngineering/.venv/lib/python3.8/site-packages/airflow/example_dags/example_datasets.py
[2024-04-25T11:55:16.196+0800] {logging_mixin.py:188} INFO - [2024-04-25T11:55:16.195+0800] {dag.py:3096} INFO - Sync 10 DAGs
[2024-04-25T11:55:16.237+0800] {logging_mixin.py:188} INFO - [2024-04-25T11:55:16.235+0800] {dag.py:3954} INFO - Setting next_dagrun for conditional_dataset_and_time_based_timetable to 2024-04-24 01:00:00+00:00, run_after=2024-04-24 01:00:00+00:00
[2024-04-25T11:55:16.247+0800] {logging_mixin.py:188} INFO - [2024-04-25T11:55:16.245+0800] {dag.py:3954} INFO - Setting next_dagrun for consume_1_and_2_with_dataset_expressions to None, run_after=None
[2024-04-25T11:55:16.254+0800] {logging_mixin.py:188} INFO - [2024-04-25T11:55:16.253+0800] {dag.py:3954} INFO - Setting next_dagrun for consume_1_or_2_with_dataset_expressions to None, run_after=None
[2024-04-25T11:55:16.258+0800] {logging_mixin.py:188} INFO - [2024-04-25T11:55:16.258+0800] {dag.py:3954} INFO - Setting next_dagrun for consume_1_or_both_2_and_3_with_dataset_expressions to None, run_after=None
[2024-04-25T11:55:16.264+0800] {logging_mixin.py:188} INFO - [2024-04-25T11:55:16.263+0800] {dag.py:3954} INFO - Setting next_dagrun for dataset_consumes_1 to None, run_after=None
[2024-04-25T11:55:16.272+0800] {logging_mixin.py:188} INFO - [2024-04-25T11:55:16.271+0800] {dag.py:3954} INFO - Setting next_dagrun for dataset_consumes_1_and_2 to None, run_after=None
[2024-04-25T11:55:16.278+0800] {logging_mixin.py:188} INFO - [2024-04-25T11:55:16.277+0800] {dag.py:3954} INFO - Setting next_dagrun for dataset_consumes_1_never_scheduled to None, run_after=None
[2024-04-25T11:55:16.284+0800] {logging_mixin.py:188} INFO - [2024-04-25T11:55:16.283+0800] {dag.py:3954} INFO - Setting next_dagrun for dataset_consumes_unknown_never_scheduled to None, run_after=None
[2024-04-25T11:55:16.294+0800] {logging_mixin.py:188} INFO - [2024-04-25T11:55:16.293+0800] {dag.py:3954} INFO - Setting next_dagrun for dataset_produces_1 to 2024-04-24 00:00:00+00:00, run_after=2024-04-25 00:00:00+00:00
[2024-04-25T11:55:16.302+0800] {logging_mixin.py:188} INFO - [2024-04-25T11:55:16.300+0800] {dag.py:3954} INFO - Setting next_dagrun for dataset_produces_2 to None, run_after=None
[2024-04-25T11:55:16.432+0800] {processor.py:183} INFO - Processing /mnt/c/Users/Jason/Desktop/IS3107/is3107_DataEngineering/.venv/lib/python3.8/site-packages/airflow/example_dags/example_datasets.py took 0.451 seconds
[2024-04-25T11:56:25.928+0800] {processor.py:161} INFO - Started process (PID=1931482) to work on /mnt/c/Users/Jason/Desktop/IS3107/is3107_DataEngineering/.venv/lib/python3.8/site-packages/airflow/example_dags/example_datasets.py
[2024-04-25T11:56:25.930+0800] {processor.py:830} INFO - Processing file /mnt/c/Users/Jason/Desktop/IS3107/is3107_DataEngineering/.venv/lib/python3.8/site-packages/airflow/example_dags/example_datasets.py for tasks to queue
[2024-04-25T11:56:25.933+0800] {logging_mixin.py:188} INFO - [2024-04-25T11:56:25.931+0800] {dagbag.py:540} INFO - Filling up the DagBag from /mnt/c/Users/Jason/Desktop/IS3107/is3107_DataEngineering/.venv/lib/python3.8/site-packages/airflow/example_dags/example_datasets.py
[2024-04-25T11:56:26.009+0800] {processor.py:840} INFO - DAG(s) 'conditional_dataset_and_time_based_timetable', 'dataset_consumes_1_never_scheduled', 'consume_1_and_2_with_dataset_expressions', 'dataset_consumes_1', 'consume_1_or_both_2_and_3_with_dataset_expressions', 'consume_1_or_2_with_dataset_expressions', 'dataset_produces_1', 'dataset_consumes_unknown_never_scheduled', 'dataset_produces_2', 'dataset_consumes_1_and_2' retrieved from /mnt/c/Users/Jason/Desktop/IS3107/is3107_DataEngineering/.venv/lib/python3.8/site-packages/airflow/example_dags/example_datasets.py
[2024-04-25T11:56:26.094+0800] {logging_mixin.py:188} INFO - [2024-04-25T11:56:26.093+0800] {dag.py:3096} INFO - Sync 10 DAGs
[2024-04-25T11:56:26.132+0800] {logging_mixin.py:188} INFO - [2024-04-25T11:56:26.131+0800] {dag.py:3954} INFO - Setting next_dagrun for conditional_dataset_and_time_based_timetable to 2024-04-24 01:00:00+00:00, run_after=2024-04-24 01:00:00+00:00
[2024-04-25T11:56:26.149+0800] {logging_mixin.py:188} INFO - [2024-04-25T11:56:26.148+0800] {dag.py:3954} INFO - Setting next_dagrun for consume_1_and_2_with_dataset_expressions to None, run_after=None
[2024-04-25T11:56:26.154+0800] {logging_mixin.py:188} INFO - [2024-04-25T11:56:26.154+0800] {dag.py:3954} INFO - Setting next_dagrun for consume_1_or_2_with_dataset_expressions to None, run_after=None
[2024-04-25T11:56:26.158+0800] {logging_mixin.py:188} INFO - [2024-04-25T11:56:26.157+0800] {dag.py:3954} INFO - Setting next_dagrun for consume_1_or_both_2_and_3_with_dataset_expressions to None, run_after=None
[2024-04-25T11:56:26.163+0800] {logging_mixin.py:188} INFO - [2024-04-25T11:56:26.161+0800] {dag.py:3954} INFO - Setting next_dagrun for dataset_consumes_1 to None, run_after=None
[2024-04-25T11:56:26.171+0800] {logging_mixin.py:188} INFO - [2024-04-25T11:56:26.169+0800] {dag.py:3954} INFO - Setting next_dagrun for dataset_consumes_1_and_2 to None, run_after=None
[2024-04-25T11:56:26.181+0800] {logging_mixin.py:188} INFO - [2024-04-25T11:56:26.180+0800] {dag.py:3954} INFO - Setting next_dagrun for dataset_consumes_1_never_scheduled to None, run_after=None
[2024-04-25T11:56:26.187+0800] {logging_mixin.py:188} INFO - [2024-04-25T11:56:26.186+0800] {dag.py:3954} INFO - Setting next_dagrun for dataset_consumes_unknown_never_scheduled to None, run_after=None
[2024-04-25T11:56:26.194+0800] {logging_mixin.py:188} INFO - [2024-04-25T11:56:26.192+0800] {dag.py:3954} INFO - Setting next_dagrun for dataset_produces_1 to 2024-04-24 00:00:00+00:00, run_after=2024-04-25 00:00:00+00:00
[2024-04-25T11:56:26.198+0800] {logging_mixin.py:188} INFO - [2024-04-25T11:56:26.197+0800] {dag.py:3954} INFO - Setting next_dagrun for dataset_produces_2 to None, run_after=None
[2024-04-25T11:56:26.337+0800] {processor.py:183} INFO - Processing /mnt/c/Users/Jason/Desktop/IS3107/is3107_DataEngineering/.venv/lib/python3.8/site-packages/airflow/example_dags/example_datasets.py took 0.423 seconds
[2024-04-25T11:58:33.418+0800] {processor.py:161} INFO - Started process (PID=1932702) to work on /mnt/c/Users/Jason/Desktop/IS3107/is3107_DataEngineering/.venv/lib/python3.8/site-packages/airflow/example_dags/example_datasets.py
[2024-04-25T11:58:33.420+0800] {processor.py:830} INFO - Processing file /mnt/c/Users/Jason/Desktop/IS3107/is3107_DataEngineering/.venv/lib/python3.8/site-packages/airflow/example_dags/example_datasets.py for tasks to queue
[2024-04-25T11:58:33.422+0800] {logging_mixin.py:188} INFO - [2024-04-25T11:58:33.421+0800] {dagbag.py:540} INFO - Filling up the DagBag from /mnt/c/Users/Jason/Desktop/IS3107/is3107_DataEngineering/.venv/lib/python3.8/site-packages/airflow/example_dags/example_datasets.py
[2024-04-25T11:58:33.484+0800] {processor.py:840} INFO - DAG(s) 'conditional_dataset_and_time_based_timetable', 'dataset_consumes_1_never_scheduled', 'dataset_consumes_unknown_never_scheduled', 'consume_1_or_2_with_dataset_expressions', 'dataset_produces_2', 'dataset_produces_1', 'dataset_consumes_1', 'dataset_consumes_1_and_2', 'consume_1_or_both_2_and_3_with_dataset_expressions', 'consume_1_and_2_with_dataset_expressions' retrieved from /mnt/c/Users/Jason/Desktop/IS3107/is3107_DataEngineering/.venv/lib/python3.8/site-packages/airflow/example_dags/example_datasets.py
[2024-04-25T11:58:33.569+0800] {logging_mixin.py:188} INFO - [2024-04-25T11:58:33.568+0800] {dag.py:3096} INFO - Sync 10 DAGs
[2024-04-25T11:58:33.602+0800] {logging_mixin.py:188} INFO - [2024-04-25T11:58:33.601+0800] {dag.py:3954} INFO - Setting next_dagrun for conditional_dataset_and_time_based_timetable to 2024-04-24 01:00:00+00:00, run_after=2024-04-24 01:00:00+00:00
[2024-04-25T11:58:33.610+0800] {logging_mixin.py:188} INFO - [2024-04-25T11:58:33.609+0800] {dag.py:3954} INFO - Setting next_dagrun for consume_1_and_2_with_dataset_expressions to None, run_after=None
[2024-04-25T11:58:33.614+0800] {logging_mixin.py:188} INFO - [2024-04-25T11:58:33.613+0800] {dag.py:3954} INFO - Setting next_dagrun for consume_1_or_2_with_dataset_expressions to None, run_after=None
[2024-04-25T11:58:33.618+0800] {logging_mixin.py:188} INFO - [2024-04-25T11:58:33.617+0800] {dag.py:3954} INFO - Setting next_dagrun for consume_1_or_both_2_and_3_with_dataset_expressions to None, run_after=None
[2024-04-25T11:58:33.623+0800] {logging_mixin.py:188} INFO - [2024-04-25T11:58:33.622+0800] {dag.py:3954} INFO - Setting next_dagrun for dataset_consumes_1 to None, run_after=None
[2024-04-25T11:58:33.628+0800] {logging_mixin.py:188} INFO - [2024-04-25T11:58:33.626+0800] {dag.py:3954} INFO - Setting next_dagrun for dataset_consumes_1_and_2 to None, run_after=None
[2024-04-25T11:58:33.632+0800] {logging_mixin.py:188} INFO - [2024-04-25T11:58:33.631+0800] {dag.py:3954} INFO - Setting next_dagrun for dataset_consumes_1_never_scheduled to None, run_after=None
[2024-04-25T11:58:33.635+0800] {logging_mixin.py:188} INFO - [2024-04-25T11:58:33.635+0800] {dag.py:3954} INFO - Setting next_dagrun for dataset_consumes_unknown_never_scheduled to None, run_after=None
[2024-04-25T11:58:33.640+0800] {logging_mixin.py:188} INFO - [2024-04-25T11:58:33.639+0800] {dag.py:3954} INFO - Setting next_dagrun for dataset_produces_1 to 2024-04-24 00:00:00+00:00, run_after=2024-04-25 00:00:00+00:00
[2024-04-25T11:58:33.644+0800] {logging_mixin.py:188} INFO - [2024-04-25T11:58:33.643+0800] {dag.py:3954} INFO - Setting next_dagrun for dataset_produces_2 to None, run_after=None
[2024-04-25T11:58:33.756+0800] {processor.py:183} INFO - Processing /mnt/c/Users/Jason/Desktop/IS3107/is3107_DataEngineering/.venv/lib/python3.8/site-packages/airflow/example_dags/example_datasets.py took 0.351 seconds
[2024-04-25T12:01:04.471+0800] {processor.py:161} INFO - Started process (PID=1934152) to work on /mnt/c/Users/Jason/Desktop/IS3107/is3107_DataEngineering/.venv/lib/python3.8/site-packages/airflow/example_dags/example_datasets.py
[2024-04-25T12:01:04.473+0800] {processor.py:830} INFO - Processing file /mnt/c/Users/Jason/Desktop/IS3107/is3107_DataEngineering/.venv/lib/python3.8/site-packages/airflow/example_dags/example_datasets.py for tasks to queue
[2024-04-25T12:01:04.477+0800] {logging_mixin.py:188} INFO - [2024-04-25T12:01:04.475+0800] {dagbag.py:540} INFO - Filling up the DagBag from /mnt/c/Users/Jason/Desktop/IS3107/is3107_DataEngineering/.venv/lib/python3.8/site-packages/airflow/example_dags/example_datasets.py
[2024-04-25T12:01:04.559+0800] {processor.py:840} INFO - DAG(s) 'conditional_dataset_and_time_based_timetable', 'consume_1_or_2_with_dataset_expressions', 'consume_1_or_both_2_and_3_with_dataset_expressions', 'dataset_consumes_1', 'dataset_consumes_1_and_2', 'consume_1_and_2_with_dataset_expressions', 'dataset_consumes_1_never_scheduled', 'dataset_produces_1', 'dataset_consumes_unknown_never_scheduled', 'dataset_produces_2' retrieved from /mnt/c/Users/Jason/Desktop/IS3107/is3107_DataEngineering/.venv/lib/python3.8/site-packages/airflow/example_dags/example_datasets.py
[2024-04-25T12:01:04.699+0800] {logging_mixin.py:188} INFO - [2024-04-25T12:01:04.697+0800] {dag.py:3096} INFO - Sync 10 DAGs
[2024-04-25T12:01:04.739+0800] {logging_mixin.py:188} INFO - [2024-04-25T12:01:04.737+0800] {dag.py:3954} INFO - Setting next_dagrun for conditional_dataset_and_time_based_timetable to 2024-04-24 01:00:00+00:00, run_after=2024-04-24 01:00:00+00:00
[2024-04-25T12:01:04.747+0800] {logging_mixin.py:188} INFO - [2024-04-25T12:01:04.746+0800] {dag.py:3954} INFO - Setting next_dagrun for consume_1_and_2_with_dataset_expressions to None, run_after=None
[2024-04-25T12:01:04.750+0800] {logging_mixin.py:188} INFO - [2024-04-25T12:01:04.750+0800] {dag.py:3954} INFO - Setting next_dagrun for consume_1_or_2_with_dataset_expressions to None, run_after=None
[2024-04-25T12:01:04.756+0800] {logging_mixin.py:188} INFO - [2024-04-25T12:01:04.755+0800] {dag.py:3954} INFO - Setting next_dagrun for consume_1_or_both_2_and_3_with_dataset_expressions to None, run_after=None
[2024-04-25T12:01:04.761+0800] {logging_mixin.py:188} INFO - [2024-04-25T12:01:04.760+0800] {dag.py:3954} INFO - Setting next_dagrun for dataset_consumes_1 to None, run_after=None
[2024-04-25T12:01:04.766+0800] {logging_mixin.py:188} INFO - [2024-04-25T12:01:04.765+0800] {dag.py:3954} INFO - Setting next_dagrun for dataset_consumes_1_and_2 to None, run_after=None
[2024-04-25T12:01:04.771+0800] {logging_mixin.py:188} INFO - [2024-04-25T12:01:04.769+0800] {dag.py:3954} INFO - Setting next_dagrun for dataset_consumes_1_never_scheduled to None, run_after=None
[2024-04-25T12:01:04.775+0800] {logging_mixin.py:188} INFO - [2024-04-25T12:01:04.775+0800] {dag.py:3954} INFO - Setting next_dagrun for dataset_consumes_unknown_never_scheduled to None, run_after=None
[2024-04-25T12:01:04.780+0800] {logging_mixin.py:188} INFO - [2024-04-25T12:01:04.779+0800] {dag.py:3954} INFO - Setting next_dagrun for dataset_produces_1 to 2024-04-24 00:00:00+00:00, run_after=2024-04-25 00:00:00+00:00
[2024-04-25T12:01:04.784+0800] {logging_mixin.py:188} INFO - [2024-04-25T12:01:04.783+0800] {dag.py:3954} INFO - Setting next_dagrun for dataset_produces_2 to None, run_after=None
[2024-04-25T12:01:04.936+0800] {processor.py:183} INFO - Processing /mnt/c/Users/Jason/Desktop/IS3107/is3107_DataEngineering/.venv/lib/python3.8/site-packages/airflow/example_dags/example_datasets.py took 0.483 seconds
[2024-04-25T12:03:27.133+0800] {processor.py:161} INFO - Started process (PID=1935527) to work on /mnt/c/Users/Jason/Desktop/IS3107/is3107_DataEngineering/.venv/lib/python3.8/site-packages/airflow/example_dags/example_datasets.py
[2024-04-25T12:03:27.137+0800] {processor.py:830} INFO - Processing file /mnt/c/Users/Jason/Desktop/IS3107/is3107_DataEngineering/.venv/lib/python3.8/site-packages/airflow/example_dags/example_datasets.py for tasks to queue
[2024-04-25T12:03:27.141+0800] {logging_mixin.py:188} INFO - [2024-04-25T12:03:27.140+0800] {dagbag.py:540} INFO - Filling up the DagBag from /mnt/c/Users/Jason/Desktop/IS3107/is3107_DataEngineering/.venv/lib/python3.8/site-packages/airflow/example_dags/example_datasets.py
[2024-04-25T12:03:27.364+0800] {processor.py:840} INFO - DAG(s) 'consume_1_or_2_with_dataset_expressions', 'consume_1_or_both_2_and_3_with_dataset_expressions', 'dataset_consumes_1', 'conditional_dataset_and_time_based_timetable', 'dataset_consumes_unknown_never_scheduled', 'dataset_consumes_1_never_scheduled', 'consume_1_and_2_with_dataset_expressions', 'dataset_produces_2', 'dataset_consumes_1_and_2', 'dataset_produces_1' retrieved from /mnt/c/Users/Jason/Desktop/IS3107/is3107_DataEngineering/.venv/lib/python3.8/site-packages/airflow/example_dags/example_datasets.py
[2024-04-25T12:03:27.482+0800] {logging_mixin.py:188} INFO - [2024-04-25T12:03:27.480+0800] {dag.py:3096} INFO - Sync 10 DAGs
[2024-04-25T12:03:27.530+0800] {logging_mixin.py:188} INFO - [2024-04-25T12:03:27.528+0800] {dag.py:3954} INFO - Setting next_dagrun for conditional_dataset_and_time_based_timetable to 2024-04-24 01:00:00+00:00, run_after=2024-04-24 01:00:00+00:00
[2024-04-25T12:03:27.540+0800] {logging_mixin.py:188} INFO - [2024-04-25T12:03:27.538+0800] {dag.py:3954} INFO - Setting next_dagrun for consume_1_and_2_with_dataset_expressions to None, run_after=None
[2024-04-25T12:03:27.546+0800] {logging_mixin.py:188} INFO - [2024-04-25T12:03:27.545+0800] {dag.py:3954} INFO - Setting next_dagrun for consume_1_or_2_with_dataset_expressions to None, run_after=None
[2024-04-25T12:03:27.552+0800] {logging_mixin.py:188} INFO - [2024-04-25T12:03:27.551+0800] {dag.py:3954} INFO - Setting next_dagrun for consume_1_or_both_2_and_3_with_dataset_expressions to None, run_after=None
[2024-04-25T12:03:27.557+0800] {logging_mixin.py:188} INFO - [2024-04-25T12:03:27.556+0800] {dag.py:3954} INFO - Setting next_dagrun for dataset_consumes_1 to None, run_after=None
[2024-04-25T12:03:27.563+0800] {logging_mixin.py:188} INFO - [2024-04-25T12:03:27.562+0800] {dag.py:3954} INFO - Setting next_dagrun for dataset_consumes_1_and_2 to None, run_after=None
[2024-04-25T12:03:27.569+0800] {logging_mixin.py:188} INFO - [2024-04-25T12:03:27.567+0800] {dag.py:3954} INFO - Setting next_dagrun for dataset_consumes_1_never_scheduled to None, run_after=None
[2024-04-25T12:03:27.575+0800] {logging_mixin.py:188} INFO - [2024-04-25T12:03:27.574+0800] {dag.py:3954} INFO - Setting next_dagrun for dataset_consumes_unknown_never_scheduled to None, run_after=None
[2024-04-25T12:03:27.581+0800] {logging_mixin.py:188} INFO - [2024-04-25T12:03:27.580+0800] {dag.py:3954} INFO - Setting next_dagrun for dataset_produces_1 to 2024-04-24 00:00:00+00:00, run_after=2024-04-25 00:00:00+00:00
[2024-04-25T12:03:27.586+0800] {logging_mixin.py:188} INFO - [2024-04-25T12:03:27.585+0800] {dag.py:3954} INFO - Setting next_dagrun for dataset_produces_2 to None, run_after=None
[2024-04-25T12:03:27.871+0800] {processor.py:183} INFO - Processing /mnt/c/Users/Jason/Desktop/IS3107/is3107_DataEngineering/.venv/lib/python3.8/site-packages/airflow/example_dags/example_datasets.py took 0.760 seconds
[2024-04-25T12:04:42.300+0800] {processor.py:161} INFO - Started process (PID=1936234) to work on /mnt/c/Users/Jason/Desktop/IS3107/is3107_DataEngineering/.venv/lib/python3.8/site-packages/airflow/example_dags/example_datasets.py
[2024-04-25T12:04:42.302+0800] {processor.py:830} INFO - Processing file /mnt/c/Users/Jason/Desktop/IS3107/is3107_DataEngineering/.venv/lib/python3.8/site-packages/airflow/example_dags/example_datasets.py for tasks to queue
[2024-04-25T12:04:42.306+0800] {logging_mixin.py:188} INFO - [2024-04-25T12:04:42.304+0800] {dagbag.py:540} INFO - Filling up the DagBag from /mnt/c/Users/Jason/Desktop/IS3107/is3107_DataEngineering/.venv/lib/python3.8/site-packages/airflow/example_dags/example_datasets.py
[2024-04-25T12:04:42.415+0800] {processor.py:840} INFO - DAG(s) 'dataset_consumes_1_and_2', 'dataset_produces_1', 'dataset_consumes_1', 'dataset_consumes_1_never_scheduled', 'dataset_consumes_unknown_never_scheduled', 'consume_1_or_both_2_and_3_with_dataset_expressions', 'conditional_dataset_and_time_based_timetable', 'consume_1_or_2_with_dataset_expressions', 'dataset_produces_2', 'consume_1_and_2_with_dataset_expressions' retrieved from /mnt/c/Users/Jason/Desktop/IS3107/is3107_DataEngineering/.venv/lib/python3.8/site-packages/airflow/example_dags/example_datasets.py
[2024-04-25T12:04:42.554+0800] {logging_mixin.py:188} INFO - [2024-04-25T12:04:42.552+0800] {dag.py:3096} INFO - Sync 10 DAGs
[2024-04-25T12:04:42.604+0800] {logging_mixin.py:188} INFO - [2024-04-25T12:04:42.602+0800] {dag.py:3954} INFO - Setting next_dagrun for conditional_dataset_and_time_based_timetable to 2024-04-24 01:00:00+00:00, run_after=2024-04-24 01:00:00+00:00
[2024-04-25T12:04:42.617+0800] {logging_mixin.py:188} INFO - [2024-04-25T12:04:42.613+0800] {dag.py:3954} INFO - Setting next_dagrun for consume_1_and_2_with_dataset_expressions to None, run_after=None
[2024-04-25T12:04:42.627+0800] {logging_mixin.py:188} INFO - [2024-04-25T12:04:42.624+0800] {dag.py:3954} INFO - Setting next_dagrun for consume_1_or_2_with_dataset_expressions to None, run_after=None
[2024-04-25T12:04:42.635+0800] {logging_mixin.py:188} INFO - [2024-04-25T12:04:42.633+0800] {dag.py:3954} INFO - Setting next_dagrun for consume_1_or_both_2_and_3_with_dataset_expressions to None, run_after=None
[2024-04-25T12:04:42.641+0800] {logging_mixin.py:188} INFO - [2024-04-25T12:04:42.640+0800] {dag.py:3954} INFO - Setting next_dagrun for dataset_consumes_1 to None, run_after=None
[2024-04-25T12:04:42.644+0800] {logging_mixin.py:188} INFO - [2024-04-25T12:04:42.644+0800] {dag.py:3954} INFO - Setting next_dagrun for dataset_consumes_1_and_2 to None, run_after=None
[2024-04-25T12:04:42.649+0800] {logging_mixin.py:188} INFO - [2024-04-25T12:04:42.648+0800] {dag.py:3954} INFO - Setting next_dagrun for dataset_consumes_1_never_scheduled to None, run_after=None
[2024-04-25T12:04:42.655+0800] {logging_mixin.py:188} INFO - [2024-04-25T12:04:42.654+0800] {dag.py:3954} INFO - Setting next_dagrun for dataset_consumes_unknown_never_scheduled to None, run_after=None
[2024-04-25T12:04:42.661+0800] {logging_mixin.py:188} INFO - [2024-04-25T12:04:42.660+0800] {dag.py:3954} INFO - Setting next_dagrun for dataset_produces_1 to 2024-04-24 00:00:00+00:00, run_after=2024-04-25 00:00:00+00:00
[2024-04-25T12:04:42.666+0800] {logging_mixin.py:188} INFO - [2024-04-25T12:04:42.665+0800] {dag.py:3954} INFO - Setting next_dagrun for dataset_produces_2 to None, run_after=None
[2024-04-25T12:04:42.884+0800] {processor.py:183} INFO - Processing /mnt/c/Users/Jason/Desktop/IS3107/is3107_DataEngineering/.venv/lib/python3.8/site-packages/airflow/example_dags/example_datasets.py took 0.601 seconds
[2024-04-25T12:06:50.964+0800] {processor.py:161} INFO - Started process (PID=1937503) to work on /mnt/c/Users/Jason/Desktop/IS3107/is3107_DataEngineering/.venv/lib/python3.8/site-packages/airflow/example_dags/example_datasets.py
[2024-04-25T12:06:50.966+0800] {processor.py:830} INFO - Processing file /mnt/c/Users/Jason/Desktop/IS3107/is3107_DataEngineering/.venv/lib/python3.8/site-packages/airflow/example_dags/example_datasets.py for tasks to queue
[2024-04-25T12:06:50.968+0800] {logging_mixin.py:188} INFO - [2024-04-25T12:06:50.967+0800] {dagbag.py:540} INFO - Filling up the DagBag from /mnt/c/Users/Jason/Desktop/IS3107/is3107_DataEngineering/.venv/lib/python3.8/site-packages/airflow/example_dags/example_datasets.py
[2024-04-25T12:06:51.019+0800] {processor.py:840} INFO - DAG(s) 'consume_1_or_both_2_and_3_with_dataset_expressions', 'consume_1_or_2_with_dataset_expressions', 'dataset_consumes_1_and_2', 'dataset_consumes_unknown_never_scheduled', 'consume_1_and_2_with_dataset_expressions', 'conditional_dataset_and_time_based_timetable', 'dataset_produces_2', 'dataset_consumes_1', 'dataset_produces_1', 'dataset_consumes_1_never_scheduled' retrieved from /mnt/c/Users/Jason/Desktop/IS3107/is3107_DataEngineering/.venv/lib/python3.8/site-packages/airflow/example_dags/example_datasets.py
[2024-04-25T12:06:51.074+0800] {logging_mixin.py:188} INFO - [2024-04-25T12:06:51.074+0800] {dag.py:3096} INFO - Sync 10 DAGs
[2024-04-25T12:06:51.097+0800] {logging_mixin.py:188} INFO - [2024-04-25T12:06:51.096+0800] {dag.py:3954} INFO - Setting next_dagrun for conditional_dataset_and_time_based_timetable to 2024-04-24 01:00:00+00:00, run_after=2024-04-24 01:00:00+00:00
[2024-04-25T12:06:51.101+0800] {logging_mixin.py:188} INFO - [2024-04-25T12:06:51.101+0800] {dag.py:3954} INFO - Setting next_dagrun for consume_1_and_2_with_dataset_expressions to None, run_after=None
[2024-04-25T12:06:51.105+0800] {logging_mixin.py:188} INFO - [2024-04-25T12:06:51.104+0800] {dag.py:3954} INFO - Setting next_dagrun for consume_1_or_2_with_dataset_expressions to None, run_after=None
[2024-04-25T12:06:51.108+0800] {logging_mixin.py:188} INFO - [2024-04-25T12:06:51.107+0800] {dag.py:3954} INFO - Setting next_dagrun for consume_1_or_both_2_and_3_with_dataset_expressions to None, run_after=None
[2024-04-25T12:06:51.110+0800] {logging_mixin.py:188} INFO - [2024-04-25T12:06:51.110+0800] {dag.py:3954} INFO - Setting next_dagrun for dataset_consumes_1 to None, run_after=None
[2024-04-25T12:06:51.113+0800] {logging_mixin.py:188} INFO - [2024-04-25T12:06:51.113+0800] {dag.py:3954} INFO - Setting next_dagrun for dataset_consumes_1_and_2 to None, run_after=None
[2024-04-25T12:06:51.116+0800] {logging_mixin.py:188} INFO - [2024-04-25T12:06:51.115+0800] {dag.py:3954} INFO - Setting next_dagrun for dataset_consumes_1_never_scheduled to None, run_after=None
[2024-04-25T12:06:51.118+0800] {logging_mixin.py:188} INFO - [2024-04-25T12:06:51.118+0800] {dag.py:3954} INFO - Setting next_dagrun for dataset_consumes_unknown_never_scheduled to None, run_after=None
[2024-04-25T12:06:51.122+0800] {logging_mixin.py:188} INFO - [2024-04-25T12:06:51.121+0800] {dag.py:3954} INFO - Setting next_dagrun for dataset_produces_1 to 2024-04-24 00:00:00+00:00, run_after=2024-04-25 00:00:00+00:00
[2024-04-25T12:06:51.124+0800] {logging_mixin.py:188} INFO - [2024-04-25T12:06:51.124+0800] {dag.py:3954} INFO - Setting next_dagrun for dataset_produces_2 to None, run_after=None
[2024-04-25T12:06:51.225+0800] {processor.py:183} INFO - Processing /mnt/c/Users/Jason/Desktop/IS3107/is3107_DataEngineering/.venv/lib/python3.8/site-packages/airflow/example_dags/example_datasets.py took 0.270 seconds
[2024-04-25T12:08:47.243+0800] {processor.py:161} INFO - Started process (PID=1938649) to work on /mnt/c/Users/Jason/Desktop/IS3107/is3107_DataEngineering/.venv/lib/python3.8/site-packages/airflow/example_dags/example_datasets.py
[2024-04-25T12:08:47.246+0800] {processor.py:830} INFO - Processing file /mnt/c/Users/Jason/Desktop/IS3107/is3107_DataEngineering/.venv/lib/python3.8/site-packages/airflow/example_dags/example_datasets.py for tasks to queue
[2024-04-25T12:08:47.249+0800] {logging_mixin.py:188} INFO - [2024-04-25T12:08:47.248+0800] {dagbag.py:540} INFO - Filling up the DagBag from /mnt/c/Users/Jason/Desktop/IS3107/is3107_DataEngineering/.venv/lib/python3.8/site-packages/airflow/example_dags/example_datasets.py
[2024-04-25T12:08:47.301+0800] {processor.py:840} INFO - DAG(s) 'dataset_consumes_1_never_scheduled', 'consume_1_or_both_2_and_3_with_dataset_expressions', 'dataset_consumes_1_and_2', 'dataset_produces_1', 'consume_1_and_2_with_dataset_expressions', 'dataset_produces_2', 'consume_1_or_2_with_dataset_expressions', 'dataset_consumes_unknown_never_scheduled', 'dataset_consumes_1', 'conditional_dataset_and_time_based_timetable' retrieved from /mnt/c/Users/Jason/Desktop/IS3107/is3107_DataEngineering/.venv/lib/python3.8/site-packages/airflow/example_dags/example_datasets.py
[2024-04-25T12:08:47.363+0800] {logging_mixin.py:188} INFO - [2024-04-25T12:08:47.362+0800] {dag.py:3096} INFO - Sync 10 DAGs
[2024-04-25T12:08:47.389+0800] {logging_mixin.py:188} INFO - [2024-04-25T12:08:47.388+0800] {dag.py:3954} INFO - Setting next_dagrun for conditional_dataset_and_time_based_timetable to 2024-04-24 01:00:00+00:00, run_after=2024-04-24 01:00:00+00:00
[2024-04-25T12:08:47.394+0800] {logging_mixin.py:188} INFO - [2024-04-25T12:08:47.393+0800] {dag.py:3954} INFO - Setting next_dagrun for consume_1_and_2_with_dataset_expressions to None, run_after=None
[2024-04-25T12:08:47.396+0800] {logging_mixin.py:188} INFO - [2024-04-25T12:08:47.396+0800] {dag.py:3954} INFO - Setting next_dagrun for consume_1_or_2_with_dataset_expressions to None, run_after=None
[2024-04-25T12:08:47.399+0800] {logging_mixin.py:188} INFO - [2024-04-25T12:08:47.398+0800] {dag.py:3954} INFO - Setting next_dagrun for consume_1_or_both_2_and_3_with_dataset_expressions to None, run_after=None
[2024-04-25T12:08:47.402+0800] {logging_mixin.py:188} INFO - [2024-04-25T12:08:47.401+0800] {dag.py:3954} INFO - Setting next_dagrun for dataset_consumes_1 to None, run_after=None
[2024-04-25T12:08:47.404+0800] {logging_mixin.py:188} INFO - [2024-04-25T12:08:47.404+0800] {dag.py:3954} INFO - Setting next_dagrun for dataset_consumes_1_and_2 to None, run_after=None
[2024-04-25T12:08:47.407+0800] {logging_mixin.py:188} INFO - [2024-04-25T12:08:47.407+0800] {dag.py:3954} INFO - Setting next_dagrun for dataset_consumes_1_never_scheduled to None, run_after=None
[2024-04-25T12:08:47.410+0800] {logging_mixin.py:188} INFO - [2024-04-25T12:08:47.409+0800] {dag.py:3954} INFO - Setting next_dagrun for dataset_consumes_unknown_never_scheduled to None, run_after=None
[2024-04-25T12:08:47.413+0800] {logging_mixin.py:188} INFO - [2024-04-25T12:08:47.412+0800] {dag.py:3954} INFO - Setting next_dagrun for dataset_produces_1 to 2024-04-24 00:00:00+00:00, run_after=2024-04-25 00:00:00+00:00
[2024-04-25T12:08:47.416+0800] {logging_mixin.py:188} INFO - [2024-04-25T12:08:47.415+0800] {dag.py:3954} INFO - Setting next_dagrun for dataset_produces_2 to None, run_after=None
[2024-04-25T12:08:47.500+0800] {processor.py:183} INFO - Processing /mnt/c/Users/Jason/Desktop/IS3107/is3107_DataEngineering/.venv/lib/python3.8/site-packages/airflow/example_dags/example_datasets.py took 0.273 seconds
[2024-04-25T12:11:15.107+0800] {processor.py:161} INFO - Started process (PID=1940059) to work on /mnt/c/Users/Jason/Desktop/IS3107/is3107_DataEngineering/.venv/lib/python3.8/site-packages/airflow/example_dags/example_datasets.py
[2024-04-25T12:11:15.110+0800] {processor.py:830} INFO - Processing file /mnt/c/Users/Jason/Desktop/IS3107/is3107_DataEngineering/.venv/lib/python3.8/site-packages/airflow/example_dags/example_datasets.py for tasks to queue
[2024-04-25T12:11:15.113+0800] {logging_mixin.py:188} INFO - [2024-04-25T12:11:15.112+0800] {dagbag.py:540} INFO - Filling up the DagBag from /mnt/c/Users/Jason/Desktop/IS3107/is3107_DataEngineering/.venv/lib/python3.8/site-packages/airflow/example_dags/example_datasets.py
[2024-04-25T12:11:15.212+0800] {processor.py:840} INFO - DAG(s) 'consume_1_or_both_2_and_3_with_dataset_expressions', 'consume_1_and_2_with_dataset_expressions', 'dataset_consumes_unknown_never_scheduled', 'conditional_dataset_and_time_based_timetable', 'dataset_consumes_1', 'dataset_produces_2', 'dataset_consumes_1_and_2', 'consume_1_or_2_with_dataset_expressions', 'dataset_consumes_1_never_scheduled', 'dataset_produces_1' retrieved from /mnt/c/Users/Jason/Desktop/IS3107/is3107_DataEngineering/.venv/lib/python3.8/site-packages/airflow/example_dags/example_datasets.py
[2024-04-25T12:11:15.344+0800] {logging_mixin.py:188} INFO - [2024-04-25T12:11:15.342+0800] {dag.py:3096} INFO - Sync 10 DAGs
[2024-04-25T12:11:15.387+0800] {logging_mixin.py:188} INFO - [2024-04-25T12:11:15.385+0800] {dag.py:3954} INFO - Setting next_dagrun for conditional_dataset_and_time_based_timetable to 2024-04-24 01:00:00+00:00, run_after=2024-04-24 01:00:00+00:00
[2024-04-25T12:11:15.398+0800] {logging_mixin.py:188} INFO - [2024-04-25T12:11:15.396+0800] {dag.py:3954} INFO - Setting next_dagrun for consume_1_and_2_with_dataset_expressions to None, run_after=None
[2024-04-25T12:11:15.408+0800] {logging_mixin.py:188} INFO - [2024-04-25T12:11:15.405+0800] {dag.py:3954} INFO - Setting next_dagrun for consume_1_or_2_with_dataset_expressions to None, run_after=None
[2024-04-25T12:11:15.416+0800] {logging_mixin.py:188} INFO - [2024-04-25T12:11:15.415+0800] {dag.py:3954} INFO - Setting next_dagrun for consume_1_or_both_2_and_3_with_dataset_expressions to None, run_after=None
[2024-04-25T12:11:15.422+0800] {logging_mixin.py:188} INFO - [2024-04-25T12:11:15.421+0800] {dag.py:3954} INFO - Setting next_dagrun for dataset_consumes_1 to None, run_after=None
[2024-04-25T12:11:15.430+0800] {logging_mixin.py:188} INFO - [2024-04-25T12:11:15.428+0800] {dag.py:3954} INFO - Setting next_dagrun for dataset_consumes_1_and_2 to None, run_after=None
[2024-04-25T12:11:15.440+0800] {logging_mixin.py:188} INFO - [2024-04-25T12:11:15.437+0800] {dag.py:3954} INFO - Setting next_dagrun for dataset_consumes_1_never_scheduled to None, run_after=None
[2024-04-25T12:11:15.446+0800] {logging_mixin.py:188} INFO - [2024-04-25T12:11:15.445+0800] {dag.py:3954} INFO - Setting next_dagrun for dataset_consumes_unknown_never_scheduled to None, run_after=None
[2024-04-25T12:11:15.456+0800] {logging_mixin.py:188} INFO - [2024-04-25T12:11:15.454+0800] {dag.py:3954} INFO - Setting next_dagrun for dataset_produces_1 to 2024-04-24 00:00:00+00:00, run_after=2024-04-25 00:00:00+00:00
[2024-04-25T12:11:15.468+0800] {logging_mixin.py:188} INFO - [2024-04-25T12:11:15.466+0800] {dag.py:3954} INFO - Setting next_dagrun for dataset_produces_2 to None, run_after=None
[2024-04-25T12:11:15.601+0800] {processor.py:183} INFO - Processing /mnt/c/Users/Jason/Desktop/IS3107/is3107_DataEngineering/.venv/lib/python3.8/site-packages/airflow/example_dags/example_datasets.py took 0.512 seconds
[2024-04-25T12:12:29.981+0800] {processor.py:161} INFO - Started process (PID=1940776) to work on /mnt/c/Users/Jason/Desktop/IS3107/is3107_DataEngineering/.venv/lib/python3.8/site-packages/airflow/example_dags/example_datasets.py
[2024-04-25T12:12:29.984+0800] {processor.py:830} INFO - Processing file /mnt/c/Users/Jason/Desktop/IS3107/is3107_DataEngineering/.venv/lib/python3.8/site-packages/airflow/example_dags/example_datasets.py for tasks to queue
[2024-04-25T12:12:29.987+0800] {logging_mixin.py:188} INFO - [2024-04-25T12:12:29.985+0800] {dagbag.py:540} INFO - Filling up the DagBag from /mnt/c/Users/Jason/Desktop/IS3107/is3107_DataEngineering/.venv/lib/python3.8/site-packages/airflow/example_dags/example_datasets.py
[2024-04-25T12:12:30.100+0800] {processor.py:840} INFO - DAG(s) 'dataset_produces_1', 'dataset_consumes_1_and_2', 'conditional_dataset_and_time_based_timetable', 'dataset_consumes_1', 'consume_1_and_2_with_dataset_expressions', 'dataset_consumes_1_never_scheduled', 'consume_1_or_2_with_dataset_expressions', 'consume_1_or_both_2_and_3_with_dataset_expressions', 'dataset_consumes_unknown_never_scheduled', 'dataset_produces_2' retrieved from /mnt/c/Users/Jason/Desktop/IS3107/is3107_DataEngineering/.venv/lib/python3.8/site-packages/airflow/example_dags/example_datasets.py
[2024-04-25T12:12:30.232+0800] {logging_mixin.py:188} INFO - [2024-04-25T12:12:30.230+0800] {dag.py:3096} INFO - Sync 10 DAGs
[2024-04-25T12:12:30.274+0800] {logging_mixin.py:188} INFO - [2024-04-25T12:12:30.273+0800] {dag.py:3954} INFO - Setting next_dagrun for conditional_dataset_and_time_based_timetable to 2024-04-24 01:00:00+00:00, run_after=2024-04-24 01:00:00+00:00
[2024-04-25T12:12:30.282+0800] {logging_mixin.py:188} INFO - [2024-04-25T12:12:30.281+0800] {dag.py:3954} INFO - Setting next_dagrun for consume_1_and_2_with_dataset_expressions to None, run_after=None
[2024-04-25T12:12:30.289+0800] {logging_mixin.py:188} INFO - [2024-04-25T12:12:30.288+0800] {dag.py:3954} INFO - Setting next_dagrun for consume_1_or_2_with_dataset_expressions to None, run_after=None
[2024-04-25T12:12:30.295+0800] {logging_mixin.py:188} INFO - [2024-04-25T12:12:30.293+0800] {dag.py:3954} INFO - Setting next_dagrun for consume_1_or_both_2_and_3_with_dataset_expressions to None, run_after=None
[2024-04-25T12:12:30.302+0800] {logging_mixin.py:188} INFO - [2024-04-25T12:12:30.300+0800] {dag.py:3954} INFO - Setting next_dagrun for dataset_consumes_1 to None, run_after=None
[2024-04-25T12:12:30.310+0800] {logging_mixin.py:188} INFO - [2024-04-25T12:12:30.309+0800] {dag.py:3954} INFO - Setting next_dagrun for dataset_consumes_1_and_2 to None, run_after=None
[2024-04-25T12:12:30.319+0800] {logging_mixin.py:188} INFO - [2024-04-25T12:12:30.317+0800] {dag.py:3954} INFO - Setting next_dagrun for dataset_consumes_1_never_scheduled to None, run_after=None
[2024-04-25T12:12:30.327+0800] {logging_mixin.py:188} INFO - [2024-04-25T12:12:30.325+0800] {dag.py:3954} INFO - Setting next_dagrun for dataset_consumes_unknown_never_scheduled to None, run_after=None
[2024-04-25T12:12:30.337+0800] {logging_mixin.py:188} INFO - [2024-04-25T12:12:30.336+0800] {dag.py:3954} INFO - Setting next_dagrun for dataset_produces_1 to 2024-04-24 00:00:00+00:00, run_after=2024-04-25 00:00:00+00:00
[2024-04-25T12:12:30.346+0800] {logging_mixin.py:188} INFO - [2024-04-25T12:12:30.344+0800] {dag.py:3954} INFO - Setting next_dagrun for dataset_produces_2 to None, run_after=None
[2024-04-25T12:12:30.501+0800] {processor.py:183} INFO - Processing /mnt/c/Users/Jason/Desktop/IS3107/is3107_DataEngineering/.venv/lib/python3.8/site-packages/airflow/example_dags/example_datasets.py took 0.537 seconds
