[2024-04-25T09:40:03.264+0800] {processor.py:161} INFO - Started process (PID=1859915) to work on /mnt/c/Users/Jason/Desktop/IS3107/is3107_DataEngineering/.venv/lib/python3.8/site-packages/airflow/example_dags/example_complex.py
[2024-04-25T09:40:03.266+0800] {processor.py:830} INFO - Processing file /mnt/c/Users/Jason/Desktop/IS3107/is3107_DataEngineering/.venv/lib/python3.8/site-packages/airflow/example_dags/example_complex.py for tasks to queue
[2024-04-25T09:40:03.272+0800] {logging_mixin.py:188} INFO - [2024-04-25T09:40:03.270+0800] {dagbag.py:540} INFO - Filling up the DagBag from /mnt/c/Users/Jason/Desktop/IS3107/is3107_DataEngineering/.venv/lib/python3.8/site-packages/airflow/example_dags/example_complex.py
[2024-04-25T09:40:03.413+0800] {processor.py:840} INFO - DAG(s) 'example_complex' retrieved from /mnt/c/Users/Jason/Desktop/IS3107/is3107_DataEngineering/.venv/lib/python3.8/site-packages/airflow/example_dags/example_complex.py
[2024-04-25T09:40:05.283+0800] {logging_mixin.py:188} INFO - [2024-04-25T09:40:05.282+0800] {dag.py:3096} INFO - Sync 1 DAGs
[2024-04-25T09:40:05.303+0800] {logging_mixin.py:188} INFO - [2024-04-25T09:40:05.301+0800] {dag.py:3954} INFO - Setting next_dagrun for example_complex to None, run_after=None
[2024-04-25T09:40:05.415+0800] {processor.py:183} INFO - Processing /mnt/c/Users/Jason/Desktop/IS3107/is3107_DataEngineering/.venv/lib/python3.8/site-packages/airflow/example_dags/example_complex.py took 2.169 seconds
[2024-04-25T11:50:39.593+0800] {processor.py:161} INFO - Started process (PID=1928241) to work on /mnt/c/Users/Jason/Desktop/IS3107/is3107_DataEngineering/.venv/lib/python3.8/site-packages/airflow/example_dags/example_complex.py
[2024-04-25T11:50:39.596+0800] {processor.py:830} INFO - Processing file /mnt/c/Users/Jason/Desktop/IS3107/is3107_DataEngineering/.venv/lib/python3.8/site-packages/airflow/example_dags/example_complex.py for tasks to queue
[2024-04-25T11:50:39.601+0800] {logging_mixin.py:188} INFO - [2024-04-25T11:50:39.598+0800] {dagbag.py:540} INFO - Filling up the DagBag from /mnt/c/Users/Jason/Desktop/IS3107/is3107_DataEngineering/.venv/lib/python3.8/site-packages/airflow/example_dags/example_complex.py
[2024-04-25T11:50:39.635+0800] {processor.py:840} INFO - DAG(s) 'example_complex' retrieved from /mnt/c/Users/Jason/Desktop/IS3107/is3107_DataEngineering/.venv/lib/python3.8/site-packages/airflow/example_dags/example_complex.py
[2024-04-25T11:50:41.241+0800] {logging_mixin.py:188} INFO - [2024-04-25T11:50:41.239+0800] {dag.py:3096} INFO - Sync 1 DAGs
[2024-04-25T11:50:41.263+0800] {logging_mixin.py:188} INFO - [2024-04-25T11:50:41.261+0800] {dag.py:3954} INFO - Setting next_dagrun for example_complex to None, run_after=None
[2024-04-25T11:50:41.380+0800] {processor.py:183} INFO - Processing /mnt/c/Users/Jason/Desktop/IS3107/is3107_DataEngineering/.venv/lib/python3.8/site-packages/airflow/example_dags/example_complex.py took 1.809 seconds
[2024-04-25T11:53:14.158+0800] {processor.py:161} INFO - Started process (PID=1929679) to work on /mnt/c/Users/Jason/Desktop/IS3107/is3107_DataEngineering/.venv/lib/python3.8/site-packages/airflow/example_dags/example_complex.py
[2024-04-25T11:53:14.160+0800] {processor.py:830} INFO - Processing file /mnt/c/Users/Jason/Desktop/IS3107/is3107_DataEngineering/.venv/lib/python3.8/site-packages/airflow/example_dags/example_complex.py for tasks to queue
[2024-04-25T11:53:14.163+0800] {logging_mixin.py:188} INFO - [2024-04-25T11:53:14.162+0800] {dagbag.py:540} INFO - Filling up the DagBag from /mnt/c/Users/Jason/Desktop/IS3107/is3107_DataEngineering/.venv/lib/python3.8/site-packages/airflow/example_dags/example_complex.py
[2024-04-25T11:53:14.199+0800] {processor.py:840} INFO - DAG(s) 'example_complex' retrieved from /mnt/c/Users/Jason/Desktop/IS3107/is3107_DataEngineering/.venv/lib/python3.8/site-packages/airflow/example_dags/example_complex.py
[2024-04-25T11:53:14.255+0800] {logging_mixin.py:188} INFO - [2024-04-25T11:53:14.254+0800] {dag.py:3096} INFO - Sync 1 DAGs
[2024-04-25T11:53:14.279+0800] {logging_mixin.py:188} INFO - [2024-04-25T11:53:14.277+0800] {dag.py:3954} INFO - Setting next_dagrun for example_complex to None, run_after=None
[2024-04-25T11:53:14.373+0800] {processor.py:183} INFO - Processing /mnt/c/Users/Jason/Desktop/IS3107/is3107_DataEngineering/.venv/lib/python3.8/site-packages/airflow/example_dags/example_complex.py took 0.231 seconds
[2024-04-25T11:55:09.947+0800] {processor.py:161} INFO - Started process (PID=1930761) to work on /mnt/c/Users/Jason/Desktop/IS3107/is3107_DataEngineering/.venv/lib/python3.8/site-packages/airflow/example_dags/example_complex.py
[2024-04-25T11:55:09.951+0800] {processor.py:830} INFO - Processing file /mnt/c/Users/Jason/Desktop/IS3107/is3107_DataEngineering/.venv/lib/python3.8/site-packages/airflow/example_dags/example_complex.py for tasks to queue
[2024-04-25T11:55:09.957+0800] {logging_mixin.py:188} INFO - [2024-04-25T11:55:09.954+0800] {dagbag.py:540} INFO - Filling up the DagBag from /mnt/c/Users/Jason/Desktop/IS3107/is3107_DataEngineering/.venv/lib/python3.8/site-packages/airflow/example_dags/example_complex.py
[2024-04-25T11:55:09.998+0800] {processor.py:840} INFO - DAG(s) 'example_complex' retrieved from /mnt/c/Users/Jason/Desktop/IS3107/is3107_DataEngineering/.venv/lib/python3.8/site-packages/airflow/example_dags/example_complex.py
[2024-04-25T11:55:10.060+0800] {logging_mixin.py:188} INFO - [2024-04-25T11:55:10.058+0800] {dag.py:3096} INFO - Sync 1 DAGs
[2024-04-25T11:55:10.082+0800] {logging_mixin.py:188} INFO - [2024-04-25T11:55:10.080+0800] {dag.py:3954} INFO - Setting next_dagrun for example_complex to None, run_after=None
[2024-04-25T11:55:10.211+0800] {processor.py:183} INFO - Processing /mnt/c/Users/Jason/Desktop/IS3107/is3107_DataEngineering/.venv/lib/python3.8/site-packages/airflow/example_dags/example_complex.py took 0.292 seconds
[2024-04-25T11:56:21.923+0800] {processor.py:161} INFO - Started process (PID=1931444) to work on /mnt/c/Users/Jason/Desktop/IS3107/is3107_DataEngineering/.venv/lib/python3.8/site-packages/airflow/example_dags/example_complex.py
[2024-04-25T11:56:21.925+0800] {processor.py:830} INFO - Processing file /mnt/c/Users/Jason/Desktop/IS3107/is3107_DataEngineering/.venv/lib/python3.8/site-packages/airflow/example_dags/example_complex.py for tasks to queue
[2024-04-25T11:56:21.929+0800] {logging_mixin.py:188} INFO - [2024-04-25T11:56:21.928+0800] {dagbag.py:540} INFO - Filling up the DagBag from /mnt/c/Users/Jason/Desktop/IS3107/is3107_DataEngineering/.venv/lib/python3.8/site-packages/airflow/example_dags/example_complex.py
[2024-04-25T11:56:21.961+0800] {processor.py:840} INFO - DAG(s) 'example_complex' retrieved from /mnt/c/Users/Jason/Desktop/IS3107/is3107_DataEngineering/.venv/lib/python3.8/site-packages/airflow/example_dags/example_complex.py
[2024-04-25T11:56:22.010+0800] {logging_mixin.py:188} INFO - [2024-04-25T11:56:22.009+0800] {dag.py:3096} INFO - Sync 1 DAGs
[2024-04-25T11:56:22.027+0800] {logging_mixin.py:188} INFO - [2024-04-25T11:56:22.026+0800] {dag.py:3954} INFO - Setting next_dagrun for example_complex to None, run_after=None
[2024-04-25T11:56:22.112+0800] {processor.py:183} INFO - Processing /mnt/c/Users/Jason/Desktop/IS3107/is3107_DataEngineering/.venv/lib/python3.8/site-packages/airflow/example_dags/example_complex.py took 0.210 seconds
[2024-04-25T11:57:26.418+0800] {processor.py:161} INFO - Started process (PID=1932075) to work on /mnt/c/Users/Jason/Desktop/IS3107/is3107_DataEngineering/.venv/lib/python3.8/site-packages/airflow/example_dags/example_complex.py
[2024-04-25T11:57:26.420+0800] {processor.py:830} INFO - Processing file /mnt/c/Users/Jason/Desktop/IS3107/is3107_DataEngineering/.venv/lib/python3.8/site-packages/airflow/example_dags/example_complex.py for tasks to queue
[2024-04-25T11:57:26.424+0800] {logging_mixin.py:188} INFO - [2024-04-25T11:57:26.422+0800] {dagbag.py:540} INFO - Filling up the DagBag from /mnt/c/Users/Jason/Desktop/IS3107/is3107_DataEngineering/.venv/lib/python3.8/site-packages/airflow/example_dags/example_complex.py
[2024-04-25T11:57:26.473+0800] {processor.py:840} INFO - DAG(s) 'example_complex' retrieved from /mnt/c/Users/Jason/Desktop/IS3107/is3107_DataEngineering/.venv/lib/python3.8/site-packages/airflow/example_dags/example_complex.py
[2024-04-25T11:57:26.527+0800] {logging_mixin.py:188} INFO - [2024-04-25T11:57:26.526+0800] {dag.py:3096} INFO - Sync 1 DAGs
[2024-04-25T11:57:26.549+0800] {logging_mixin.py:188} INFO - [2024-04-25T11:57:26.547+0800] {dag.py:3954} INFO - Setting next_dagrun for example_complex to None, run_after=None
[2024-04-25T11:57:26.638+0800] {processor.py:183} INFO - Processing /mnt/c/Users/Jason/Desktop/IS3107/is3107_DataEngineering/.venv/lib/python3.8/site-packages/airflow/example_dags/example_complex.py took 0.236 seconds
[2024-04-25T11:59:42.023+0800] {processor.py:161} INFO - Started process (PID=1933385) to work on /mnt/c/Users/Jason/Desktop/IS3107/is3107_DataEngineering/.venv/lib/python3.8/site-packages/airflow/example_dags/example_complex.py
[2024-04-25T11:59:42.024+0800] {processor.py:830} INFO - Processing file /mnt/c/Users/Jason/Desktop/IS3107/is3107_DataEngineering/.venv/lib/python3.8/site-packages/airflow/example_dags/example_complex.py for tasks to queue
[2024-04-25T11:59:42.027+0800] {logging_mixin.py:188} INFO - [2024-04-25T11:59:42.026+0800] {dagbag.py:540} INFO - Filling up the DagBag from /mnt/c/Users/Jason/Desktop/IS3107/is3107_DataEngineering/.venv/lib/python3.8/site-packages/airflow/example_dags/example_complex.py
[2024-04-25T11:59:42.053+0800] {processor.py:840} INFO - DAG(s) 'example_complex' retrieved from /mnt/c/Users/Jason/Desktop/IS3107/is3107_DataEngineering/.venv/lib/python3.8/site-packages/airflow/example_dags/example_complex.py
[2024-04-25T11:59:42.095+0800] {logging_mixin.py:188} INFO - [2024-04-25T11:59:42.094+0800] {dag.py:3096} INFO - Sync 1 DAGs
[2024-04-25T11:59:42.111+0800] {logging_mixin.py:188} INFO - [2024-04-25T11:59:42.110+0800] {dag.py:3954} INFO - Setting next_dagrun for example_complex to None, run_after=None
[2024-04-25T11:59:42.185+0800] {processor.py:183} INFO - Processing /mnt/c/Users/Jason/Desktop/IS3107/is3107_DataEngineering/.venv/lib/python3.8/site-packages/airflow/example_dags/example_complex.py took 0.177 seconds
[2024-04-25T12:00:58.491+0800] {processor.py:161} INFO - Started process (PID=1934121) to work on /mnt/c/Users/Jason/Desktop/IS3107/is3107_DataEngineering/.venv/lib/python3.8/site-packages/airflow/example_dags/example_complex.py
[2024-04-25T12:00:58.494+0800] {processor.py:830} INFO - Processing file /mnt/c/Users/Jason/Desktop/IS3107/is3107_DataEngineering/.venv/lib/python3.8/site-packages/airflow/example_dags/example_complex.py for tasks to queue
[2024-04-25T12:00:58.497+0800] {logging_mixin.py:188} INFO - [2024-04-25T12:00:58.496+0800] {dagbag.py:540} INFO - Filling up the DagBag from /mnt/c/Users/Jason/Desktop/IS3107/is3107_DataEngineering/.venv/lib/python3.8/site-packages/airflow/example_dags/example_complex.py
[2024-04-25T12:00:58.535+0800] {processor.py:840} INFO - DAG(s) 'example_complex' retrieved from /mnt/c/Users/Jason/Desktop/IS3107/is3107_DataEngineering/.venv/lib/python3.8/site-packages/airflow/example_dags/example_complex.py
[2024-04-25T12:00:58.610+0800] {logging_mixin.py:188} INFO - [2024-04-25T12:00:58.608+0800] {dag.py:3096} INFO - Sync 1 DAGs
[2024-04-25T12:00:58.637+0800] {logging_mixin.py:188} INFO - [2024-04-25T12:00:58.635+0800] {dag.py:3954} INFO - Setting next_dagrun for example_complex to None, run_after=None
[2024-04-25T12:00:58.889+0800] {processor.py:183} INFO - Processing /mnt/c/Users/Jason/Desktop/IS3107/is3107_DataEngineering/.venv/lib/python3.8/site-packages/airflow/example_dags/example_complex.py took 0.417 seconds
[2024-04-25T12:02:13.906+0800] {processor.py:161} INFO - Started process (PID=1934830) to work on /mnt/c/Users/Jason/Desktop/IS3107/is3107_DataEngineering/.venv/lib/python3.8/site-packages/airflow/example_dags/example_complex.py
[2024-04-25T12:02:13.908+0800] {processor.py:830} INFO - Processing file /mnt/c/Users/Jason/Desktop/IS3107/is3107_DataEngineering/.venv/lib/python3.8/site-packages/airflow/example_dags/example_complex.py for tasks to queue
[2024-04-25T12:02:13.910+0800] {logging_mixin.py:188} INFO - [2024-04-25T12:02:13.909+0800] {dagbag.py:540} INFO - Filling up the DagBag from /mnt/c/Users/Jason/Desktop/IS3107/is3107_DataEngineering/.venv/lib/python3.8/site-packages/airflow/example_dags/example_complex.py
[2024-04-25T12:02:13.933+0800] {processor.py:840} INFO - DAG(s) 'example_complex' retrieved from /mnt/c/Users/Jason/Desktop/IS3107/is3107_DataEngineering/.venv/lib/python3.8/site-packages/airflow/example_dags/example_complex.py
[2024-04-25T12:02:13.973+0800] {logging_mixin.py:188} INFO - [2024-04-25T12:02:13.972+0800] {dag.py:3096} INFO - Sync 1 DAGs
[2024-04-25T12:02:13.990+0800] {logging_mixin.py:188} INFO - [2024-04-25T12:02:13.988+0800] {dag.py:3954} INFO - Setting next_dagrun for example_complex to None, run_after=None
[2024-04-25T12:02:14.055+0800] {processor.py:183} INFO - Processing /mnt/c/Users/Jason/Desktop/IS3107/is3107_DataEngineering/.venv/lib/python3.8/site-packages/airflow/example_dags/example_complex.py took 0.161 seconds
[2024-04-25T12:03:23.253+0800] {processor.py:161} INFO - Started process (PID=1935511) to work on /mnt/c/Users/Jason/Desktop/IS3107/is3107_DataEngineering/.venv/lib/python3.8/site-packages/airflow/example_dags/example_complex.py
[2024-04-25T12:03:23.256+0800] {processor.py:830} INFO - Processing file /mnt/c/Users/Jason/Desktop/IS3107/is3107_DataEngineering/.venv/lib/python3.8/site-packages/airflow/example_dags/example_complex.py for tasks to queue
[2024-04-25T12:03:23.261+0800] {logging_mixin.py:188} INFO - [2024-04-25T12:03:23.259+0800] {dagbag.py:540} INFO - Filling up the DagBag from /mnt/c/Users/Jason/Desktop/IS3107/is3107_DataEngineering/.venv/lib/python3.8/site-packages/airflow/example_dags/example_complex.py
[2024-04-25T12:03:23.294+0800] {processor.py:840} INFO - DAG(s) 'example_complex' retrieved from /mnt/c/Users/Jason/Desktop/IS3107/is3107_DataEngineering/.venv/lib/python3.8/site-packages/airflow/example_dags/example_complex.py
[2024-04-25T12:03:23.358+0800] {logging_mixin.py:188} INFO - [2024-04-25T12:03:23.355+0800] {dag.py:3096} INFO - Sync 1 DAGs
[2024-04-25T12:03:23.382+0800] {logging_mixin.py:188} INFO - [2024-04-25T12:03:23.380+0800] {dag.py:3954} INFO - Setting next_dagrun for example_complex to None, run_after=None
[2024-04-25T12:03:23.469+0800] {processor.py:183} INFO - Processing /mnt/c/Users/Jason/Desktop/IS3107/is3107_DataEngineering/.venv/lib/python3.8/site-packages/airflow/example_dags/example_complex.py took 0.233 seconds
[2024-04-25T12:04:36.876+0800] {processor.py:161} INFO - Started process (PID=1936201) to work on /mnt/c/Users/Jason/Desktop/IS3107/is3107_DataEngineering/.venv/lib/python3.8/site-packages/airflow/example_dags/example_complex.py
[2024-04-25T12:04:36.877+0800] {processor.py:830} INFO - Processing file /mnt/c/Users/Jason/Desktop/IS3107/is3107_DataEngineering/.venv/lib/python3.8/site-packages/airflow/example_dags/example_complex.py for tasks to queue
[2024-04-25T12:04:36.879+0800] {logging_mixin.py:188} INFO - [2024-04-25T12:04:36.879+0800] {dagbag.py:540} INFO - Filling up the DagBag from /mnt/c/Users/Jason/Desktop/IS3107/is3107_DataEngineering/.venv/lib/python3.8/site-packages/airflow/example_dags/example_complex.py
[2024-04-25T12:04:36.903+0800] {processor.py:840} INFO - DAG(s) 'example_complex' retrieved from /mnt/c/Users/Jason/Desktop/IS3107/is3107_DataEngineering/.venv/lib/python3.8/site-packages/airflow/example_dags/example_complex.py
[2024-04-25T12:04:36.949+0800] {logging_mixin.py:188} INFO - [2024-04-25T12:04:36.948+0800] {dag.py:3096} INFO - Sync 1 DAGs
[2024-04-25T12:04:36.970+0800] {logging_mixin.py:188} INFO - [2024-04-25T12:04:36.968+0800] {dag.py:3954} INFO - Setting next_dagrun for example_complex to None, run_after=None
[2024-04-25T12:04:37.044+0800] {processor.py:183} INFO - Processing /mnt/c/Users/Jason/Desktop/IS3107/is3107_DataEngineering/.venv/lib/python3.8/site-packages/airflow/example_dags/example_complex.py took 0.181 seconds
[2024-04-25T12:05:46.847+0800] {processor.py:161} INFO - Started process (PID=1936887) to work on /mnt/c/Users/Jason/Desktop/IS3107/is3107_DataEngineering/.venv/lib/python3.8/site-packages/airflow/example_dags/example_complex.py
[2024-04-25T12:05:46.849+0800] {processor.py:830} INFO - Processing file /mnt/c/Users/Jason/Desktop/IS3107/is3107_DataEngineering/.venv/lib/python3.8/site-packages/airflow/example_dags/example_complex.py for tasks to queue
[2024-04-25T12:05:46.851+0800] {logging_mixin.py:188} INFO - [2024-04-25T12:05:46.850+0800] {dagbag.py:540} INFO - Filling up the DagBag from /mnt/c/Users/Jason/Desktop/IS3107/is3107_DataEngineering/.venv/lib/python3.8/site-packages/airflow/example_dags/example_complex.py
[2024-04-25T12:05:46.887+0800] {processor.py:840} INFO - DAG(s) 'example_complex' retrieved from /mnt/c/Users/Jason/Desktop/IS3107/is3107_DataEngineering/.venv/lib/python3.8/site-packages/airflow/example_dags/example_complex.py
[2024-04-25T12:05:46.934+0800] {logging_mixin.py:188} INFO - [2024-04-25T12:05:46.933+0800] {dag.py:3096} INFO - Sync 1 DAGs
[2024-04-25T12:05:46.950+0800] {logging_mixin.py:188} INFO - [2024-04-25T12:05:46.949+0800] {dag.py:3954} INFO - Setting next_dagrun for example_complex to None, run_after=None
[2024-04-25T12:05:47.039+0800] {processor.py:183} INFO - Processing /mnt/c/Users/Jason/Desktop/IS3107/is3107_DataEngineering/.venv/lib/python3.8/site-packages/airflow/example_dags/example_complex.py took 0.211 seconds
[2024-04-25T12:06:49.563+0800] {processor.py:161} INFO - Started process (PID=1937478) to work on /mnt/c/Users/Jason/Desktop/IS3107/is3107_DataEngineering/.venv/lib/python3.8/site-packages/airflow/example_dags/example_complex.py
[2024-04-25T12:06:49.565+0800] {processor.py:830} INFO - Processing file /mnt/c/Users/Jason/Desktop/IS3107/is3107_DataEngineering/.venv/lib/python3.8/site-packages/airflow/example_dags/example_complex.py for tasks to queue
[2024-04-25T12:06:49.567+0800] {logging_mixin.py:188} INFO - [2024-04-25T12:06:49.566+0800] {dagbag.py:540} INFO - Filling up the DagBag from /mnt/c/Users/Jason/Desktop/IS3107/is3107_DataEngineering/.venv/lib/python3.8/site-packages/airflow/example_dags/example_complex.py
[2024-04-25T12:06:49.617+0800] {processor.py:840} INFO - DAG(s) 'example_complex' retrieved from /mnt/c/Users/Jason/Desktop/IS3107/is3107_DataEngineering/.venv/lib/python3.8/site-packages/airflow/example_dags/example_complex.py
[2024-04-25T12:06:49.679+0800] {logging_mixin.py:188} INFO - [2024-04-25T12:06:49.678+0800] {dag.py:3096} INFO - Sync 1 DAGs
[2024-04-25T12:06:49.704+0800] {logging_mixin.py:188} INFO - [2024-04-25T12:06:49.702+0800] {dag.py:3954} INFO - Setting next_dagrun for example_complex to None, run_after=None
[2024-04-25T12:06:49.759+0800] {processor.py:183} INFO - Processing /mnt/c/Users/Jason/Desktop/IS3107/is3107_DataEngineering/.venv/lib/python3.8/site-packages/airflow/example_dags/example_complex.py took 0.214 seconds
[2024-04-25T12:08:45.829+0800] {processor.py:161} INFO - Started process (PID=1938617) to work on /mnt/c/Users/Jason/Desktop/IS3107/is3107_DataEngineering/.venv/lib/python3.8/site-packages/airflow/example_dags/example_complex.py
[2024-04-25T12:08:45.830+0800] {processor.py:830} INFO - Processing file /mnt/c/Users/Jason/Desktop/IS3107/is3107_DataEngineering/.venv/lib/python3.8/site-packages/airflow/example_dags/example_complex.py for tasks to queue
[2024-04-25T12:08:45.832+0800] {logging_mixin.py:188} INFO - [2024-04-25T12:08:45.831+0800] {dagbag.py:540} INFO - Filling up the DagBag from /mnt/c/Users/Jason/Desktop/IS3107/is3107_DataEngineering/.venv/lib/python3.8/site-packages/airflow/example_dags/example_complex.py
[2024-04-25T12:08:45.851+0800] {processor.py:840} INFO - DAG(s) 'example_complex' retrieved from /mnt/c/Users/Jason/Desktop/IS3107/is3107_DataEngineering/.venv/lib/python3.8/site-packages/airflow/example_dags/example_complex.py
[2024-04-25T12:08:45.881+0800] {logging_mixin.py:188} INFO - [2024-04-25T12:08:45.880+0800] {dag.py:3096} INFO - Sync 1 DAGs
[2024-04-25T12:08:45.893+0800] {logging_mixin.py:188} INFO - [2024-04-25T12:08:45.892+0800] {dag.py:3954} INFO - Setting next_dagrun for example_complex to None, run_after=None
[2024-04-25T12:08:45.976+0800] {processor.py:183} INFO - Processing /mnt/c/Users/Jason/Desktop/IS3107/is3107_DataEngineering/.venv/lib/python3.8/site-packages/airflow/example_dags/example_complex.py took 0.156 seconds
[2024-04-25T12:11:08.012+0800] {processor.py:161} INFO - Started process (PID=1939990) to work on /mnt/c/Users/Jason/Desktop/IS3107/is3107_DataEngineering/.venv/lib/python3.8/site-packages/airflow/example_dags/example_complex.py
[2024-04-25T12:11:08.016+0800] {processor.py:830} INFO - Processing file /mnt/c/Users/Jason/Desktop/IS3107/is3107_DataEngineering/.venv/lib/python3.8/site-packages/airflow/example_dags/example_complex.py for tasks to queue
[2024-04-25T12:11:08.021+0800] {logging_mixin.py:188} INFO - [2024-04-25T12:11:08.019+0800] {dagbag.py:540} INFO - Filling up the DagBag from /mnt/c/Users/Jason/Desktop/IS3107/is3107_DataEngineering/.venv/lib/python3.8/site-packages/airflow/example_dags/example_complex.py
[2024-04-25T12:11:08.083+0800] {processor.py:840} INFO - DAG(s) 'example_complex' retrieved from /mnt/c/Users/Jason/Desktop/IS3107/is3107_DataEngineering/.venv/lib/python3.8/site-packages/airflow/example_dags/example_complex.py
[2024-04-25T12:11:08.151+0800] {logging_mixin.py:188} INFO - [2024-04-25T12:11:08.149+0800] {dag.py:3096} INFO - Sync 1 DAGs
[2024-04-25T12:11:08.178+0800] {logging_mixin.py:188} INFO - [2024-04-25T12:11:08.175+0800] {dag.py:3954} INFO - Setting next_dagrun for example_complex to None, run_after=None
[2024-04-25T12:11:08.304+0800] {processor.py:183} INFO - Processing /mnt/c/Users/Jason/Desktop/IS3107/is3107_DataEngineering/.venv/lib/python3.8/site-packages/airflow/example_dags/example_complex.py took 0.315 seconds
[2024-04-25T12:12:23.203+0800] {processor.py:161} INFO - Started process (PID=1940705) to work on /mnt/c/Users/Jason/Desktop/IS3107/is3107_DataEngineering/.venv/lib/python3.8/site-packages/airflow/example_dags/example_complex.py
[2024-04-25T12:12:23.206+0800] {processor.py:830} INFO - Processing file /mnt/c/Users/Jason/Desktop/IS3107/is3107_DataEngineering/.venv/lib/python3.8/site-packages/airflow/example_dags/example_complex.py for tasks to queue
[2024-04-25T12:12:23.210+0800] {logging_mixin.py:188} INFO - [2024-04-25T12:12:23.208+0800] {dagbag.py:540} INFO - Filling up the DagBag from /mnt/c/Users/Jason/Desktop/IS3107/is3107_DataEngineering/.venv/lib/python3.8/site-packages/airflow/example_dags/example_complex.py
[2024-04-25T12:12:23.241+0800] {processor.py:840} INFO - DAG(s) 'example_complex' retrieved from /mnt/c/Users/Jason/Desktop/IS3107/is3107_DataEngineering/.venv/lib/python3.8/site-packages/airflow/example_dags/example_complex.py
[2024-04-25T12:12:23.292+0800] {logging_mixin.py:188} INFO - [2024-04-25T12:12:23.290+0800] {dag.py:3096} INFO - Sync 1 DAGs
[2024-04-25T12:12:23.315+0800] {logging_mixin.py:188} INFO - [2024-04-25T12:12:23.314+0800] {dag.py:3954} INFO - Setting next_dagrun for example_complex to None, run_after=None
[2024-04-25T12:12:23.417+0800] {processor.py:183} INFO - Processing /mnt/c/Users/Jason/Desktop/IS3107/is3107_DataEngineering/.venv/lib/python3.8/site-packages/airflow/example_dags/example_complex.py took 0.229 seconds
[2024-04-25T12:13:31.259+0800] {processor.py:161} INFO - Started process (PID=1941368) to work on /mnt/c/Users/Jason/Desktop/IS3107/is3107_DataEngineering/.venv/lib/python3.8/site-packages/airflow/example_dags/example_complex.py
[2024-04-25T12:13:31.261+0800] {processor.py:830} INFO - Processing file /mnt/c/Users/Jason/Desktop/IS3107/is3107_DataEngineering/.venv/lib/python3.8/site-packages/airflow/example_dags/example_complex.py for tasks to queue
[2024-04-25T12:13:31.264+0800] {logging_mixin.py:188} INFO - [2024-04-25T12:13:31.263+0800] {dagbag.py:540} INFO - Filling up the DagBag from /mnt/c/Users/Jason/Desktop/IS3107/is3107_DataEngineering/.venv/lib/python3.8/site-packages/airflow/example_dags/example_complex.py
[2024-04-25T12:13:31.291+0800] {processor.py:840} INFO - DAG(s) 'example_complex' retrieved from /mnt/c/Users/Jason/Desktop/IS3107/is3107_DataEngineering/.venv/lib/python3.8/site-packages/airflow/example_dags/example_complex.py
[2024-04-25T12:13:31.344+0800] {logging_mixin.py:188} INFO - [2024-04-25T12:13:31.342+0800] {dag.py:3096} INFO - Sync 1 DAGs
[2024-04-25T12:13:31.364+0800] {logging_mixin.py:188} INFO - [2024-04-25T12:13:31.362+0800] {dag.py:3954} INFO - Setting next_dagrun for example_complex to None, run_after=None
[2024-04-25T12:13:31.494+0800] {processor.py:183} INFO - Processing /mnt/c/Users/Jason/Desktop/IS3107/is3107_DataEngineering/.venv/lib/python3.8/site-packages/airflow/example_dags/example_complex.py took 0.249 seconds
