[2024-04-25T11:52:05.648+0800] {processor.py:161} INFO - Started process (PID=1929019) to work on /mnt/c/Users/Jason/Desktop/IS3107/is3107_DataEngineering/.venv/lib/python3.8/site-packages/airflow/example_dags/example_xcom.py
[2024-04-25T11:52:05.651+0800] {processor.py:830} INFO - Processing file /mnt/c/Users/Jason/Desktop/IS3107/is3107_DataEngineering/.venv/lib/python3.8/site-packages/airflow/example_dags/example_xcom.py for tasks to queue
[2024-04-25T11:52:05.656+0800] {logging_mixin.py:188} INFO - [2024-04-25T11:52:05.654+0800] {dagbag.py:540} INFO - Filling up the DagBag from /mnt/c/Users/Jason/Desktop/IS3107/is3107_DataEngineering/.venv/lib/python3.8/site-packages/airflow/example_dags/example_xcom.py
[2024-04-25T11:52:05.685+0800] {processor.py:840} INFO - DAG(s) 'example_xcom' retrieved from /mnt/c/Users/Jason/Desktop/IS3107/is3107_DataEngineering/.venv/lib/python3.8/site-packages/airflow/example_dags/example_xcom.py
[2024-04-25T11:52:07.096+0800] {logging_mixin.py:188} INFO - [2024-04-25T11:52:07.095+0800] {dag.py:3096} INFO - Sync 1 DAGs
[2024-04-25T11:52:07.134+0800] {logging_mixin.py:188} INFO - [2024-04-25T11:52:07.132+0800] {dag.py:3954} INFO - Setting next_dagrun for example_xcom to 2021-01-01 00:00:00+00:00, run_after=2021-01-01 00:00:00+00:00
[2024-04-25T11:52:07.233+0800] {processor.py:183} INFO - Processing /mnt/c/Users/Jason/Desktop/IS3107/is3107_DataEngineering/.venv/lib/python3.8/site-packages/airflow/example_dags/example_xcom.py took 1.601 seconds
[2024-04-25T11:54:04.241+0800] {processor.py:161} INFO - Started process (PID=1930131) to work on /mnt/c/Users/Jason/Desktop/IS3107/is3107_DataEngineering/.venv/lib/python3.8/site-packages/airflow/example_dags/example_xcom.py
[2024-04-25T11:54:04.243+0800] {processor.py:830} INFO - Processing file /mnt/c/Users/Jason/Desktop/IS3107/is3107_DataEngineering/.venv/lib/python3.8/site-packages/airflow/example_dags/example_xcom.py for tasks to queue
[2024-04-25T11:54:04.247+0800] {logging_mixin.py:188} INFO - [2024-04-25T11:54:04.245+0800] {dagbag.py:540} INFO - Filling up the DagBag from /mnt/c/Users/Jason/Desktop/IS3107/is3107_DataEngineering/.venv/lib/python3.8/site-packages/airflow/example_dags/example_xcom.py
[2024-04-25T11:54:04.281+0800] {processor.py:840} INFO - DAG(s) 'example_xcom' retrieved from /mnt/c/Users/Jason/Desktop/IS3107/is3107_DataEngineering/.venv/lib/python3.8/site-packages/airflow/example_dags/example_xcom.py
[2024-04-25T11:54:04.333+0800] {logging_mixin.py:188} INFO - [2024-04-25T11:54:04.332+0800] {dag.py:3096} INFO - Sync 1 DAGs
[2024-04-25T11:54:04.368+0800] {logging_mixin.py:188} INFO - [2024-04-25T11:54:04.367+0800] {dag.py:3954} INFO - Setting next_dagrun for example_xcom to 2021-01-01 00:00:00+00:00, run_after=2021-01-01 00:00:00+00:00
[2024-04-25T11:54:04.510+0800] {processor.py:183} INFO - Processing /mnt/c/Users/Jason/Desktop/IS3107/is3107_DataEngineering/.venv/lib/python3.8/site-packages/airflow/example_dags/example_xcom.py took 0.290 seconds
[2024-04-25T11:56:52.351+0800] {processor.py:161} INFO - Started process (PID=1931727) to work on /mnt/c/Users/Jason/Desktop/IS3107/is3107_DataEngineering/.venv/lib/python3.8/site-packages/airflow/example_dags/example_xcom.py
[2024-04-25T11:56:52.353+0800] {processor.py:830} INFO - Processing file /mnt/c/Users/Jason/Desktop/IS3107/is3107_DataEngineering/.venv/lib/python3.8/site-packages/airflow/example_dags/example_xcom.py for tasks to queue
[2024-04-25T11:56:52.356+0800] {logging_mixin.py:188} INFO - [2024-04-25T11:56:52.354+0800] {dagbag.py:540} INFO - Filling up the DagBag from /mnt/c/Users/Jason/Desktop/IS3107/is3107_DataEngineering/.venv/lib/python3.8/site-packages/airflow/example_dags/example_xcom.py
[2024-04-25T11:56:52.377+0800] {processor.py:840} INFO - DAG(s) 'example_xcom' retrieved from /mnt/c/Users/Jason/Desktop/IS3107/is3107_DataEngineering/.venv/lib/python3.8/site-packages/airflow/example_dags/example_xcom.py
[2024-04-25T11:56:52.404+0800] {logging_mixin.py:188} INFO - [2024-04-25T11:56:52.403+0800] {dag.py:3096} INFO - Sync 1 DAGs
[2024-04-25T11:56:52.429+0800] {logging_mixin.py:188} INFO - [2024-04-25T11:56:52.428+0800] {dag.py:3954} INFO - Setting next_dagrun for example_xcom to 2021-01-01 00:00:00+00:00, run_after=2021-01-01 00:00:00+00:00
[2024-04-25T11:56:52.505+0800] {processor.py:183} INFO - Processing /mnt/c/Users/Jason/Desktop/IS3107/is3107_DataEngineering/.venv/lib/python3.8/site-packages/airflow/example_dags/example_xcom.py took 0.163 seconds
[2024-04-25T11:59:02.200+0800] {processor.py:161} INFO - Started process (PID=1932983) to work on /mnt/c/Users/Jason/Desktop/IS3107/is3107_DataEngineering/.venv/lib/python3.8/site-packages/airflow/example_dags/example_xcom.py
[2024-04-25T11:59:02.201+0800] {processor.py:830} INFO - Processing file /mnt/c/Users/Jason/Desktop/IS3107/is3107_DataEngineering/.venv/lib/python3.8/site-packages/airflow/example_dags/example_xcom.py for tasks to queue
[2024-04-25T11:59:02.203+0800] {logging_mixin.py:188} INFO - [2024-04-25T11:59:02.202+0800] {dagbag.py:540} INFO - Filling up the DagBag from /mnt/c/Users/Jason/Desktop/IS3107/is3107_DataEngineering/.venv/lib/python3.8/site-packages/airflow/example_dags/example_xcom.py
[2024-04-25T11:59:02.220+0800] {processor.py:840} INFO - DAG(s) 'example_xcom' retrieved from /mnt/c/Users/Jason/Desktop/IS3107/is3107_DataEngineering/.venv/lib/python3.8/site-packages/airflow/example_dags/example_xcom.py
[2024-04-25T11:59:02.243+0800] {logging_mixin.py:188} INFO - [2024-04-25T11:59:02.243+0800] {dag.py:3096} INFO - Sync 1 DAGs
[2024-04-25T11:59:02.262+0800] {logging_mixin.py:188} INFO - [2024-04-25T11:59:02.261+0800] {dag.py:3954} INFO - Setting next_dagrun for example_xcom to 2021-01-01 00:00:00+00:00, run_after=2021-01-01 00:00:00+00:00
[2024-04-25T11:59:02.327+0800] {processor.py:183} INFO - Processing /mnt/c/Users/Jason/Desktop/IS3107/is3107_DataEngineering/.venv/lib/python3.8/site-packages/airflow/example_dags/example_xcom.py took 0.139 seconds
[2024-04-25T12:01:32.451+0800] {processor.py:161} INFO - Started process (PID=1934433) to work on /mnt/c/Users/Jason/Desktop/IS3107/is3107_DataEngineering/.venv/lib/python3.8/site-packages/airflow/example_dags/example_xcom.py
[2024-04-25T12:01:32.456+0800] {processor.py:830} INFO - Processing file /mnt/c/Users/Jason/Desktop/IS3107/is3107_DataEngineering/.venv/lib/python3.8/site-packages/airflow/example_dags/example_xcom.py for tasks to queue
[2024-04-25T12:01:32.462+0800] {logging_mixin.py:188} INFO - [2024-04-25T12:01:32.459+0800] {dagbag.py:540} INFO - Filling up the DagBag from /mnt/c/Users/Jason/Desktop/IS3107/is3107_DataEngineering/.venv/lib/python3.8/site-packages/airflow/example_dags/example_xcom.py
[2024-04-25T12:01:32.514+0800] {processor.py:840} INFO - DAG(s) 'example_xcom' retrieved from /mnt/c/Users/Jason/Desktop/IS3107/is3107_DataEngineering/.venv/lib/python3.8/site-packages/airflow/example_dags/example_xcom.py
[2024-04-25T12:01:32.572+0800] {logging_mixin.py:188} INFO - [2024-04-25T12:01:32.570+0800] {dag.py:3096} INFO - Sync 1 DAGs
[2024-04-25T12:01:32.615+0800] {logging_mixin.py:188} INFO - [2024-04-25T12:01:32.613+0800] {dag.py:3954} INFO - Setting next_dagrun for example_xcom to 2021-01-01 00:00:00+00:00, run_after=2021-01-01 00:00:00+00:00
[2024-04-25T12:01:32.730+0800] {processor.py:183} INFO - Processing /mnt/c/Users/Jason/Desktop/IS3107/is3107_DataEngineering/.venv/lib/python3.8/site-packages/airflow/example_dags/example_xcom.py took 0.309 seconds
[2024-04-25T12:03:56.864+0800] {processor.py:161} INFO - Started process (PID=1935803) to work on /mnt/c/Users/Jason/Desktop/IS3107/is3107_DataEngineering/.venv/lib/python3.8/site-packages/airflow/example_dags/example_xcom.py
[2024-04-25T12:03:56.867+0800] {processor.py:830} INFO - Processing file /mnt/c/Users/Jason/Desktop/IS3107/is3107_DataEngineering/.venv/lib/python3.8/site-packages/airflow/example_dags/example_xcom.py for tasks to queue
[2024-04-25T12:03:56.870+0800] {logging_mixin.py:188} INFO - [2024-04-25T12:03:56.869+0800] {dagbag.py:540} INFO - Filling up the DagBag from /mnt/c/Users/Jason/Desktop/IS3107/is3107_DataEngineering/.venv/lib/python3.8/site-packages/airflow/example_dags/example_xcom.py
[2024-04-25T12:03:56.900+0800] {processor.py:840} INFO - DAG(s) 'example_xcom' retrieved from /mnt/c/Users/Jason/Desktop/IS3107/is3107_DataEngineering/.venv/lib/python3.8/site-packages/airflow/example_dags/example_xcom.py
[2024-04-25T12:03:56.943+0800] {logging_mixin.py:188} INFO - [2024-04-25T12:03:56.941+0800] {dag.py:3096} INFO - Sync 1 DAGs
[2024-04-25T12:03:56.990+0800] {logging_mixin.py:188} INFO - [2024-04-25T12:03:56.988+0800] {dag.py:3954} INFO - Setting next_dagrun for example_xcom to 2021-01-01 00:00:00+00:00, run_after=2021-01-01 00:00:00+00:00
[2024-04-25T12:03:57.075+0800] {processor.py:183} INFO - Processing /mnt/c/Users/Jason/Desktop/IS3107/is3107_DataEngineering/.venv/lib/python3.8/site-packages/airflow/example_dags/example_xcom.py took 0.229 seconds
[2024-04-25T12:06:16.134+0800] {processor.py:161} INFO - Started process (PID=1937153) to work on /mnt/c/Users/Jason/Desktop/IS3107/is3107_DataEngineering/.venv/lib/python3.8/site-packages/airflow/example_dags/example_xcom.py
[2024-04-25T12:06:16.135+0800] {processor.py:830} INFO - Processing file /mnt/c/Users/Jason/Desktop/IS3107/is3107_DataEngineering/.venv/lib/python3.8/site-packages/airflow/example_dags/example_xcom.py for tasks to queue
[2024-04-25T12:06:16.137+0800] {logging_mixin.py:188} INFO - [2024-04-25T12:06:16.136+0800] {dagbag.py:540} INFO - Filling up the DagBag from /mnt/c/Users/Jason/Desktop/IS3107/is3107_DataEngineering/.venv/lib/python3.8/site-packages/airflow/example_dags/example_xcom.py
[2024-04-25T12:06:16.161+0800] {processor.py:840} INFO - DAG(s) 'example_xcom' retrieved from /mnt/c/Users/Jason/Desktop/IS3107/is3107_DataEngineering/.venv/lib/python3.8/site-packages/airflow/example_dags/example_xcom.py
[2024-04-25T12:06:16.201+0800] {logging_mixin.py:188} INFO - [2024-04-25T12:06:16.200+0800] {dag.py:3096} INFO - Sync 1 DAGs
[2024-04-25T12:06:16.234+0800] {logging_mixin.py:188} INFO - [2024-04-25T12:06:16.233+0800] {dag.py:3954} INFO - Setting next_dagrun for example_xcom to 2021-01-01 00:00:00+00:00, run_after=2021-01-01 00:00:00+00:00
[2024-04-25T12:06:16.307+0800] {processor.py:183} INFO - Processing /mnt/c/Users/Jason/Desktop/IS3107/is3107_DataEngineering/.venv/lib/python3.8/site-packages/airflow/example_dags/example_xcom.py took 0.184 seconds
[2024-04-25T12:08:14.016+0800] {processor.py:161} INFO - Started process (PID=1938310) to work on /mnt/c/Users/Jason/Desktop/IS3107/is3107_DataEngineering/.venv/lib/python3.8/site-packages/airflow/example_dags/example_xcom.py
[2024-04-25T12:08:14.018+0800] {processor.py:830} INFO - Processing file /mnt/c/Users/Jason/Desktop/IS3107/is3107_DataEngineering/.venv/lib/python3.8/site-packages/airflow/example_dags/example_xcom.py for tasks to queue
[2024-04-25T12:08:14.020+0800] {logging_mixin.py:188} INFO - [2024-04-25T12:08:14.019+0800] {dagbag.py:540} INFO - Filling up the DagBag from /mnt/c/Users/Jason/Desktop/IS3107/is3107_DataEngineering/.venv/lib/python3.8/site-packages/airflow/example_dags/example_xcom.py
[2024-04-25T12:08:14.038+0800] {processor.py:840} INFO - DAG(s) 'example_xcom' retrieved from /mnt/c/Users/Jason/Desktop/IS3107/is3107_DataEngineering/.venv/lib/python3.8/site-packages/airflow/example_dags/example_xcom.py
[2024-04-25T12:08:14.066+0800] {logging_mixin.py:188} INFO - [2024-04-25T12:08:14.065+0800] {dag.py:3096} INFO - Sync 1 DAGs
[2024-04-25T12:08:14.088+0800] {logging_mixin.py:188} INFO - [2024-04-25T12:08:14.087+0800] {dag.py:3954} INFO - Setting next_dagrun for example_xcom to 2021-01-01 00:00:00+00:00, run_after=2021-01-01 00:00:00+00:00
[2024-04-25T12:08:14.165+0800] {processor.py:183} INFO - Processing /mnt/c/Users/Jason/Desktop/IS3107/is3107_DataEngineering/.venv/lib/python3.8/site-packages/airflow/example_dags/example_xcom.py took 0.160 seconds
[2024-04-25T12:10:24.539+0800] {processor.py:161} INFO - Started process (PID=1939569) to work on /mnt/c/Users/Jason/Desktop/IS3107/is3107_DataEngineering/.venv/lib/python3.8/site-packages/airflow/example_dags/example_xcom.py
[2024-04-25T12:10:24.541+0800] {processor.py:830} INFO - Processing file /mnt/c/Users/Jason/Desktop/IS3107/is3107_DataEngineering/.venv/lib/python3.8/site-packages/airflow/example_dags/example_xcom.py for tasks to queue
[2024-04-25T12:10:24.544+0800] {logging_mixin.py:188} INFO - [2024-04-25T12:10:24.543+0800] {dagbag.py:540} INFO - Filling up the DagBag from /mnt/c/Users/Jason/Desktop/IS3107/is3107_DataEngineering/.venv/lib/python3.8/site-packages/airflow/example_dags/example_xcom.py
[2024-04-25T12:10:24.575+0800] {processor.py:840} INFO - DAG(s) 'example_xcom' retrieved from /mnt/c/Users/Jason/Desktop/IS3107/is3107_DataEngineering/.venv/lib/python3.8/site-packages/airflow/example_dags/example_xcom.py
[2024-04-25T12:10:24.617+0800] {logging_mixin.py:188} INFO - [2024-04-25T12:10:24.616+0800] {dag.py:3096} INFO - Sync 1 DAGs
[2024-04-25T12:10:24.653+0800] {logging_mixin.py:188} INFO - [2024-04-25T12:10:24.652+0800] {dag.py:3954} INFO - Setting next_dagrun for example_xcom to 2021-01-01 00:00:00+00:00, run_after=2021-01-01 00:00:00+00:00
[2024-04-25T12:10:24.757+0800] {processor.py:183} INFO - Processing /mnt/c/Users/Jason/Desktop/IS3107/is3107_DataEngineering/.venv/lib/python3.8/site-packages/airflow/example_dags/example_xcom.py took 0.232 seconds
[2024-04-25T12:12:57.283+0800] {processor.py:161} INFO - Started process (PID=1941013) to work on /mnt/c/Users/Jason/Desktop/IS3107/is3107_DataEngineering/.venv/lib/python3.8/site-packages/airflow/example_dags/example_xcom.py
[2024-04-25T12:12:57.285+0800] {processor.py:830} INFO - Processing file /mnt/c/Users/Jason/Desktop/IS3107/is3107_DataEngineering/.venv/lib/python3.8/site-packages/airflow/example_dags/example_xcom.py for tasks to queue
[2024-04-25T12:12:57.288+0800] {logging_mixin.py:188} INFO - [2024-04-25T12:12:57.287+0800] {dagbag.py:540} INFO - Filling up the DagBag from /mnt/c/Users/Jason/Desktop/IS3107/is3107_DataEngineering/.venv/lib/python3.8/site-packages/airflow/example_dags/example_xcom.py
[2024-04-25T12:12:57.308+0800] {processor.py:840} INFO - DAG(s) 'example_xcom' retrieved from /mnt/c/Users/Jason/Desktop/IS3107/is3107_DataEngineering/.venv/lib/python3.8/site-packages/airflow/example_dags/example_xcom.py
[2024-04-25T12:12:57.335+0800] {logging_mixin.py:188} INFO - [2024-04-25T12:12:57.334+0800] {dag.py:3096} INFO - Sync 1 DAGs
[2024-04-25T12:12:57.360+0800] {logging_mixin.py:188} INFO - [2024-04-25T12:12:57.359+0800] {dag.py:3954} INFO - Setting next_dagrun for example_xcom to 2021-01-01 00:00:00+00:00, run_after=2021-01-01 00:00:00+00:00
[2024-04-25T12:12:57.454+0800] {processor.py:183} INFO - Processing /mnt/c/Users/Jason/Desktop/IS3107/is3107_DataEngineering/.venv/lib/python3.8/site-packages/airflow/example_dags/example_xcom.py took 0.191 seconds
