[2024-04-25T11:51:04.110+0800] {processor.py:161} INFO - Started process (PID=1928470) to work on /mnt/c/Users/Jason/Desktop/IS3107/is3107_DataEngineering/.venv/lib/python3.8/site-packages/airflow/example_dags/example_latest_only.py
[2024-04-25T11:51:04.111+0800] {processor.py:830} INFO - Processing file /mnt/c/Users/Jason/Desktop/IS3107/is3107_DataEngineering/.venv/lib/python3.8/site-packages/airflow/example_dags/example_latest_only.py for tasks to queue
[2024-04-25T11:51:04.114+0800] {logging_mixin.py:188} INFO - [2024-04-25T11:51:04.113+0800] {dagbag.py:540} INFO - Filling up the DagBag from /mnt/c/Users/Jason/Desktop/IS3107/is3107_DataEngineering/.venv/lib/python3.8/site-packages/airflow/example_dags/example_latest_only.py
[2024-04-25T11:51:04.136+0800] {processor.py:840} INFO - DAG(s) 'latest_only' retrieved from /mnt/c/Users/Jason/Desktop/IS3107/is3107_DataEngineering/.venv/lib/python3.8/site-packages/airflow/example_dags/example_latest_only.py
[2024-04-25T11:51:05.768+0800] {logging_mixin.py:188} INFO - [2024-04-25T11:51:05.766+0800] {dag.py:3096} INFO - Sync 1 DAGs
[2024-04-25T11:51:05.827+0800] {logging_mixin.py:188} INFO - [2024-04-25T11:51:05.825+0800] {dag.py:3954} INFO - Setting next_dagrun for latest_only to 2024-04-24 20:00:00+00:00, run_after=2024-04-25 00:00:00+00:00
[2024-04-25T11:51:05.953+0800] {processor.py:183} INFO - Processing /mnt/c/Users/Jason/Desktop/IS3107/is3107_DataEngineering/.venv/lib/python3.8/site-packages/airflow/example_dags/example_latest_only.py took 1.856 seconds
[2024-04-25T11:53:30.129+0800] {processor.py:161} INFO - Started process (PID=1929796) to work on /mnt/c/Users/Jason/Desktop/IS3107/is3107_DataEngineering/.venv/lib/python3.8/site-packages/airflow/example_dags/example_latest_only.py
[2024-04-25T11:53:30.133+0800] {processor.py:830} INFO - Processing file /mnt/c/Users/Jason/Desktop/IS3107/is3107_DataEngineering/.venv/lib/python3.8/site-packages/airflow/example_dags/example_latest_only.py for tasks to queue
[2024-04-25T11:53:30.138+0800] {logging_mixin.py:188} INFO - [2024-04-25T11:53:30.136+0800] {dagbag.py:540} INFO - Filling up the DagBag from /mnt/c/Users/Jason/Desktop/IS3107/is3107_DataEngineering/.venv/lib/python3.8/site-packages/airflow/example_dags/example_latest_only.py
[2024-04-25T11:53:30.186+0800] {processor.py:840} INFO - DAG(s) 'latest_only' retrieved from /mnt/c/Users/Jason/Desktop/IS3107/is3107_DataEngineering/.venv/lib/python3.8/site-packages/airflow/example_dags/example_latest_only.py
[2024-04-25T11:53:30.241+0800] {logging_mixin.py:188} INFO - [2024-04-25T11:53:30.239+0800] {dag.py:3096} INFO - Sync 1 DAGs
[2024-04-25T11:53:30.285+0800] {logging_mixin.py:188} INFO - [2024-04-25T11:53:30.284+0800] {dag.py:3954} INFO - Setting next_dagrun for latest_only to 2024-04-24 20:00:00+00:00, run_after=2024-04-25 00:00:00+00:00
[2024-04-25T11:53:30.459+0800] {processor.py:183} INFO - Processing /mnt/c/Users/Jason/Desktop/IS3107/is3107_DataEngineering/.venv/lib/python3.8/site-packages/airflow/example_dags/example_latest_only.py took 0.353 seconds
[2024-04-25T11:55:24.418+0800] {processor.py:161} INFO - Started process (PID=1930867) to work on /mnt/c/Users/Jason/Desktop/IS3107/is3107_DataEngineering/.venv/lib/python3.8/site-packages/airflow/example_dags/example_latest_only.py
[2024-04-25T11:55:24.421+0800] {processor.py:830} INFO - Processing file /mnt/c/Users/Jason/Desktop/IS3107/is3107_DataEngineering/.venv/lib/python3.8/site-packages/airflow/example_dags/example_latest_only.py for tasks to queue
[2024-04-25T11:55:24.425+0800] {logging_mixin.py:188} INFO - [2024-04-25T11:55:24.423+0800] {dagbag.py:540} INFO - Filling up the DagBag from /mnt/c/Users/Jason/Desktop/IS3107/is3107_DataEngineering/.venv/lib/python3.8/site-packages/airflow/example_dags/example_latest_only.py
[2024-04-25T11:55:24.464+0800] {processor.py:840} INFO - DAG(s) 'latest_only' retrieved from /mnt/c/Users/Jason/Desktop/IS3107/is3107_DataEngineering/.venv/lib/python3.8/site-packages/airflow/example_dags/example_latest_only.py
[2024-04-25T11:55:24.514+0800] {logging_mixin.py:188} INFO - [2024-04-25T11:55:24.513+0800] {dag.py:3096} INFO - Sync 1 DAGs
[2024-04-25T11:55:24.573+0800] {logging_mixin.py:188} INFO - [2024-04-25T11:55:24.571+0800] {dag.py:3954} INFO - Setting next_dagrun for latest_only to 2024-04-24 20:00:00+00:00, run_after=2024-04-25 00:00:00+00:00
[2024-04-25T11:55:24.673+0800] {processor.py:183} INFO - Processing /mnt/c/Users/Jason/Desktop/IS3107/is3107_DataEngineering/.venv/lib/python3.8/site-packages/airflow/example_dags/example_latest_only.py took 0.271 seconds
[2024-04-25T11:57:33.191+0800] {processor.py:161} INFO - Started process (PID=1932115) to work on /mnt/c/Users/Jason/Desktop/IS3107/is3107_DataEngineering/.venv/lib/python3.8/site-packages/airflow/example_dags/example_latest_only.py
[2024-04-25T11:57:33.193+0800] {processor.py:830} INFO - Processing file /mnt/c/Users/Jason/Desktop/IS3107/is3107_DataEngineering/.venv/lib/python3.8/site-packages/airflow/example_dags/example_latest_only.py for tasks to queue
[2024-04-25T11:57:33.197+0800] {logging_mixin.py:188} INFO - [2024-04-25T11:57:33.195+0800] {dagbag.py:540} INFO - Filling up the DagBag from /mnt/c/Users/Jason/Desktop/IS3107/is3107_DataEngineering/.venv/lib/python3.8/site-packages/airflow/example_dags/example_latest_only.py
[2024-04-25T11:57:33.224+0800] {processor.py:840} INFO - DAG(s) 'latest_only' retrieved from /mnt/c/Users/Jason/Desktop/IS3107/is3107_DataEngineering/.venv/lib/python3.8/site-packages/airflow/example_dags/example_latest_only.py
[2024-04-25T11:57:33.265+0800] {logging_mixin.py:188} INFO - [2024-04-25T11:57:33.263+0800] {dag.py:3096} INFO - Sync 1 DAGs
[2024-04-25T11:57:33.309+0800] {logging_mixin.py:188} INFO - [2024-04-25T11:57:33.308+0800] {dag.py:3954} INFO - Setting next_dagrun for latest_only to 2024-04-24 20:00:00+00:00, run_after=2024-04-25 00:00:00+00:00
[2024-04-25T11:57:33.402+0800] {processor.py:183} INFO - Processing /mnt/c/Users/Jason/Desktop/IS3107/is3107_DataEngineering/.venv/lib/python3.8/site-packages/airflow/example_dags/example_latest_only.py took 0.231 seconds
[2024-04-25T11:59:53.604+0800] {processor.py:161} INFO - Started process (PID=1933481) to work on /mnt/c/Users/Jason/Desktop/IS3107/is3107_DataEngineering/.venv/lib/python3.8/site-packages/airflow/example_dags/example_latest_only.py
[2024-04-25T11:59:53.606+0800] {processor.py:830} INFO - Processing file /mnt/c/Users/Jason/Desktop/IS3107/is3107_DataEngineering/.venv/lib/python3.8/site-packages/airflow/example_dags/example_latest_only.py for tasks to queue
[2024-04-25T11:59:53.608+0800] {logging_mixin.py:188} INFO - [2024-04-25T11:59:53.607+0800] {dagbag.py:540} INFO - Filling up the DagBag from /mnt/c/Users/Jason/Desktop/IS3107/is3107_DataEngineering/.venv/lib/python3.8/site-packages/airflow/example_dags/example_latest_only.py
[2024-04-25T11:59:53.632+0800] {processor.py:840} INFO - DAG(s) 'latest_only' retrieved from /mnt/c/Users/Jason/Desktop/IS3107/is3107_DataEngineering/.venv/lib/python3.8/site-packages/airflow/example_dags/example_latest_only.py
[2024-04-25T11:59:53.672+0800] {logging_mixin.py:188} INFO - [2024-04-25T11:59:53.670+0800] {dag.py:3096} INFO - Sync 1 DAGs
[2024-04-25T11:59:53.716+0800] {logging_mixin.py:188} INFO - [2024-04-25T11:59:53.715+0800] {dag.py:3954} INFO - Setting next_dagrun for latest_only to 2024-04-24 20:00:00+00:00, run_after=2024-04-25 00:00:00+00:00
[2024-04-25T11:59:53.802+0800] {processor.py:183} INFO - Processing /mnt/c/Users/Jason/Desktop/IS3107/is3107_DataEngineering/.venv/lib/python3.8/site-packages/airflow/example_dags/example_latest_only.py took 0.216 seconds
[2024-04-25T12:02:24.273+0800] {processor.py:161} INFO - Started process (PID=1934926) to work on /mnt/c/Users/Jason/Desktop/IS3107/is3107_DataEngineering/.venv/lib/python3.8/site-packages/airflow/example_dags/example_latest_only.py
[2024-04-25T12:02:24.275+0800] {processor.py:830} INFO - Processing file /mnt/c/Users/Jason/Desktop/IS3107/is3107_DataEngineering/.venv/lib/python3.8/site-packages/airflow/example_dags/example_latest_only.py for tasks to queue
[2024-04-25T12:02:24.279+0800] {logging_mixin.py:188} INFO - [2024-04-25T12:02:24.277+0800] {dagbag.py:540} INFO - Filling up the DagBag from /mnt/c/Users/Jason/Desktop/IS3107/is3107_DataEngineering/.venv/lib/python3.8/site-packages/airflow/example_dags/example_latest_only.py
[2024-04-25T12:02:24.309+0800] {processor.py:840} INFO - DAG(s) 'latest_only' retrieved from /mnt/c/Users/Jason/Desktop/IS3107/is3107_DataEngineering/.venv/lib/python3.8/site-packages/airflow/example_dags/example_latest_only.py
[2024-04-25T12:02:24.345+0800] {logging_mixin.py:188} INFO - [2024-04-25T12:02:24.344+0800] {dag.py:3096} INFO - Sync 1 DAGs
[2024-04-25T12:02:24.383+0800] {logging_mixin.py:188} INFO - [2024-04-25T12:02:24.382+0800] {dag.py:3954} INFO - Setting next_dagrun for latest_only to 2024-04-25 00:00:00+00:00, run_after=2024-04-25 04:00:00+00:00
[2024-04-25T12:02:24.507+0800] {processor.py:183} INFO - Processing /mnt/c/Users/Jason/Desktop/IS3107/is3107_DataEngineering/.venv/lib/python3.8/site-packages/airflow/example_dags/example_latest_only.py took 0.250 seconds
[2024-04-25T12:04:48.199+0800] {processor.py:161} INFO - Started process (PID=1936301) to work on /mnt/c/Users/Jason/Desktop/IS3107/is3107_DataEngineering/.venv/lib/python3.8/site-packages/airflow/example_dags/example_latest_only.py
[2024-04-25T12:04:48.200+0800] {processor.py:830} INFO - Processing file /mnt/c/Users/Jason/Desktop/IS3107/is3107_DataEngineering/.venv/lib/python3.8/site-packages/airflow/example_dags/example_latest_only.py for tasks to queue
[2024-04-25T12:04:48.202+0800] {logging_mixin.py:188} INFO - [2024-04-25T12:04:48.201+0800] {dagbag.py:540} INFO - Filling up the DagBag from /mnt/c/Users/Jason/Desktop/IS3107/is3107_DataEngineering/.venv/lib/python3.8/site-packages/airflow/example_dags/example_latest_only.py
[2024-04-25T12:04:48.218+0800] {processor.py:840} INFO - DAG(s) 'latest_only' retrieved from /mnt/c/Users/Jason/Desktop/IS3107/is3107_DataEngineering/.venv/lib/python3.8/site-packages/airflow/example_dags/example_latest_only.py
[2024-04-25T12:04:48.246+0800] {logging_mixin.py:188} INFO - [2024-04-25T12:04:48.245+0800] {dag.py:3096} INFO - Sync 1 DAGs
[2024-04-25T12:04:48.288+0800] {logging_mixin.py:188} INFO - [2024-04-25T12:04:48.287+0800] {dag.py:3954} INFO - Setting next_dagrun for latest_only to 2024-04-25 00:00:00+00:00, run_after=2024-04-25 04:00:00+00:00
[2024-04-25T12:04:48.421+0800] {processor.py:183} INFO - Processing /mnt/c/Users/Jason/Desktop/IS3107/is3107_DataEngineering/.venv/lib/python3.8/site-packages/airflow/example_dags/example_latest_only.py took 0.234 seconds
[2024-04-25T12:06:56.080+0800] {processor.py:161} INFO - Started process (PID=1937549) to work on /mnt/c/Users/Jason/Desktop/IS3107/is3107_DataEngineering/.venv/lib/python3.8/site-packages/airflow/example_dags/example_latest_only.py
[2024-04-25T12:06:56.083+0800] {processor.py:830} INFO - Processing file /mnt/c/Users/Jason/Desktop/IS3107/is3107_DataEngineering/.venv/lib/python3.8/site-packages/airflow/example_dags/example_latest_only.py for tasks to queue
[2024-04-25T12:06:56.086+0800] {logging_mixin.py:188} INFO - [2024-04-25T12:06:56.084+0800] {dagbag.py:540} INFO - Filling up the DagBag from /mnt/c/Users/Jason/Desktop/IS3107/is3107_DataEngineering/.venv/lib/python3.8/site-packages/airflow/example_dags/example_latest_only.py
[2024-04-25T12:06:56.109+0800] {processor.py:840} INFO - DAG(s) 'latest_only' retrieved from /mnt/c/Users/Jason/Desktop/IS3107/is3107_DataEngineering/.venv/lib/python3.8/site-packages/airflow/example_dags/example_latest_only.py
[2024-04-25T12:06:56.142+0800] {logging_mixin.py:188} INFO - [2024-04-25T12:06:56.141+0800] {dag.py:3096} INFO - Sync 1 DAGs
[2024-04-25T12:06:56.180+0800] {logging_mixin.py:188} INFO - [2024-04-25T12:06:56.179+0800] {dag.py:3954} INFO - Setting next_dagrun for latest_only to 2024-04-25 00:00:00+00:00, run_after=2024-04-25 04:00:00+00:00
[2024-04-25T12:06:56.259+0800] {processor.py:183} INFO - Processing /mnt/c/Users/Jason/Desktop/IS3107/is3107_DataEngineering/.venv/lib/python3.8/site-packages/airflow/example_dags/example_latest_only.py took 0.192 seconds
[2024-04-25T12:08:53.795+0800] {processor.py:161} INFO - Started process (PID=1938700) to work on /mnt/c/Users/Jason/Desktop/IS3107/is3107_DataEngineering/.venv/lib/python3.8/site-packages/airflow/example_dags/example_latest_only.py
[2024-04-25T12:08:53.797+0800] {processor.py:830} INFO - Processing file /mnt/c/Users/Jason/Desktop/IS3107/is3107_DataEngineering/.venv/lib/python3.8/site-packages/airflow/example_dags/example_latest_only.py for tasks to queue
[2024-04-25T12:08:53.800+0800] {logging_mixin.py:188} INFO - [2024-04-25T12:08:53.799+0800] {dagbag.py:540} INFO - Filling up the DagBag from /mnt/c/Users/Jason/Desktop/IS3107/is3107_DataEngineering/.venv/lib/python3.8/site-packages/airflow/example_dags/example_latest_only.py
[2024-04-25T12:08:53.822+0800] {processor.py:840} INFO - DAG(s) 'latest_only' retrieved from /mnt/c/Users/Jason/Desktop/IS3107/is3107_DataEngineering/.venv/lib/python3.8/site-packages/airflow/example_dags/example_latest_only.py
[2024-04-25T12:08:53.853+0800] {logging_mixin.py:188} INFO - [2024-04-25T12:08:53.852+0800] {dag.py:3096} INFO - Sync 1 DAGs
[2024-04-25T12:08:53.883+0800] {logging_mixin.py:188} INFO - [2024-04-25T12:08:53.882+0800] {dag.py:3954} INFO - Setting next_dagrun for latest_only to 2024-04-25 00:00:00+00:00, run_after=2024-04-25 04:00:00+00:00
[2024-04-25T12:08:53.957+0800] {processor.py:183} INFO - Processing /mnt/c/Users/Jason/Desktop/IS3107/is3107_DataEngineering/.venv/lib/python3.8/site-packages/airflow/example_dags/example_latest_only.py took 0.178 seconds
[2024-04-25T12:11:22.002+0800] {processor.py:161} INFO - Started process (PID=1940115) to work on /mnt/c/Users/Jason/Desktop/IS3107/is3107_DataEngineering/.venv/lib/python3.8/site-packages/airflow/example_dags/example_latest_only.py
[2024-04-25T12:11:22.004+0800] {processor.py:830} INFO - Processing file /mnt/c/Users/Jason/Desktop/IS3107/is3107_DataEngineering/.venv/lib/python3.8/site-packages/airflow/example_dags/example_latest_only.py for tasks to queue
[2024-04-25T12:11:22.007+0800] {logging_mixin.py:188} INFO - [2024-04-25T12:11:22.006+0800] {dagbag.py:540} INFO - Filling up the DagBag from /mnt/c/Users/Jason/Desktop/IS3107/is3107_DataEngineering/.venv/lib/python3.8/site-packages/airflow/example_dags/example_latest_only.py
[2024-04-25T12:11:22.031+0800] {processor.py:840} INFO - DAG(s) 'latest_only' retrieved from /mnt/c/Users/Jason/Desktop/IS3107/is3107_DataEngineering/.venv/lib/python3.8/site-packages/airflow/example_dags/example_latest_only.py
[2024-04-25T12:11:22.060+0800] {logging_mixin.py:188} INFO - [2024-04-25T12:11:22.059+0800] {dag.py:3096} INFO - Sync 1 DAGs
[2024-04-25T12:11:22.094+0800] {logging_mixin.py:188} INFO - [2024-04-25T12:11:22.093+0800] {dag.py:3954} INFO - Setting next_dagrun for latest_only to 2024-04-25 00:00:00+00:00, run_after=2024-04-25 04:00:00+00:00
[2024-04-25T12:11:22.158+0800] {processor.py:183} INFO - Processing /mnt/c/Users/Jason/Desktop/IS3107/is3107_DataEngineering/.venv/lib/python3.8/site-packages/airflow/example_dags/example_latest_only.py took 0.167 seconds
[2024-04-25T12:13:39.855+0800] {processor.py:161} INFO - Started process (PID=1941441) to work on /mnt/c/Users/Jason/Desktop/IS3107/is3107_DataEngineering/.venv/lib/python3.8/site-packages/airflow/example_dags/example_latest_only.py
[2024-04-25T12:13:39.856+0800] {processor.py:830} INFO - Processing file /mnt/c/Users/Jason/Desktop/IS3107/is3107_DataEngineering/.venv/lib/python3.8/site-packages/airflow/example_dags/example_latest_only.py for tasks to queue
[2024-04-25T12:13:39.858+0800] {logging_mixin.py:188} INFO - [2024-04-25T12:13:39.857+0800] {dagbag.py:540} INFO - Filling up the DagBag from /mnt/c/Users/Jason/Desktop/IS3107/is3107_DataEngineering/.venv/lib/python3.8/site-packages/airflow/example_dags/example_latest_only.py
[2024-04-25T12:13:39.879+0800] {processor.py:840} INFO - DAG(s) 'latest_only' retrieved from /mnt/c/Users/Jason/Desktop/IS3107/is3107_DataEngineering/.venv/lib/python3.8/site-packages/airflow/example_dags/example_latest_only.py
[2024-04-25T12:13:39.915+0800] {logging_mixin.py:188} INFO - [2024-04-25T12:13:39.914+0800] {dag.py:3096} INFO - Sync 1 DAGs
[2024-04-25T12:13:39.959+0800] {logging_mixin.py:188} INFO - [2024-04-25T12:13:39.958+0800] {dag.py:3954} INFO - Setting next_dagrun for latest_only to 2024-04-25 00:00:00+00:00, run_after=2024-04-25 04:00:00+00:00
[2024-04-25T12:13:40.046+0800] {processor.py:183} INFO - Processing /mnt/c/Users/Jason/Desktop/IS3107/is3107_DataEngineering/.venv/lib/python3.8/site-packages/airflow/example_dags/example_latest_only.py took 0.202 seconds
