[2024-04-25T11:51:07.273+0800] {processor.py:161} INFO - Started process (PID=1928481) to work on /mnt/c/Users/Jason/Desktop/IS3107/is3107_DataEngineering/.venv/lib/python3.8/site-packages/airflow/example_dags/example_latest_only_with_trigger.py
[2024-04-25T11:51:07.276+0800] {processor.py:830} INFO - Processing file /mnt/c/Users/Jason/Desktop/IS3107/is3107_DataEngineering/.venv/lib/python3.8/site-packages/airflow/example_dags/example_latest_only_with_trigger.py for tasks to queue
[2024-04-25T11:51:07.280+0800] {logging_mixin.py:188} INFO - [2024-04-25T11:51:07.278+0800] {dagbag.py:540} INFO - Filling up the DagBag from /mnt/c/Users/Jason/Desktop/IS3107/is3107_DataEngineering/.venv/lib/python3.8/site-packages/airflow/example_dags/example_latest_only_with_trigger.py
[2024-04-25T11:51:07.320+0800] {processor.py:840} INFO - DAG(s) 'latest_only_with_trigger' retrieved from /mnt/c/Users/Jason/Desktop/IS3107/is3107_DataEngineering/.venv/lib/python3.8/site-packages/airflow/example_dags/example_latest_only_with_trigger.py
[2024-04-25T11:51:09.155+0800] {logging_mixin.py:188} INFO - [2024-04-25T11:51:09.153+0800] {dag.py:3096} INFO - Sync 1 DAGs
[2024-04-25T11:51:09.217+0800] {logging_mixin.py:188} INFO - [2024-04-25T11:51:09.215+0800] {dag.py:3954} INFO - Setting next_dagrun for latest_only_with_trigger to 2024-04-24 20:00:00+00:00, run_after=2024-04-25 00:00:00+00:00
[2024-04-25T11:51:09.382+0800] {processor.py:183} INFO - Processing /mnt/c/Users/Jason/Desktop/IS3107/is3107_DataEngineering/.venv/lib/python3.8/site-packages/airflow/example_dags/example_latest_only_with_trigger.py took 2.125 seconds
[2024-04-25T11:53:32.130+0800] {processor.py:161} INFO - Started process (PID=1929807) to work on /mnt/c/Users/Jason/Desktop/IS3107/is3107_DataEngineering/.venv/lib/python3.8/site-packages/airflow/example_dags/example_latest_only_with_trigger.py
[2024-04-25T11:53:32.135+0800] {processor.py:830} INFO - Processing file /mnt/c/Users/Jason/Desktop/IS3107/is3107_DataEngineering/.venv/lib/python3.8/site-packages/airflow/example_dags/example_latest_only_with_trigger.py for tasks to queue
[2024-04-25T11:53:32.139+0800] {logging_mixin.py:188} INFO - [2024-04-25T11:53:32.137+0800] {dagbag.py:540} INFO - Filling up the DagBag from /mnt/c/Users/Jason/Desktop/IS3107/is3107_DataEngineering/.venv/lib/python3.8/site-packages/airflow/example_dags/example_latest_only_with_trigger.py
[2024-04-25T11:53:32.183+0800] {processor.py:840} INFO - DAG(s) 'latest_only_with_trigger' retrieved from /mnt/c/Users/Jason/Desktop/IS3107/is3107_DataEngineering/.venv/lib/python3.8/site-packages/airflow/example_dags/example_latest_only_with_trigger.py
[2024-04-25T11:53:32.245+0800] {logging_mixin.py:188} INFO - [2024-04-25T11:53:32.243+0800] {dag.py:3096} INFO - Sync 1 DAGs
[2024-04-25T11:53:32.314+0800] {logging_mixin.py:188} INFO - [2024-04-25T11:53:32.312+0800] {dag.py:3954} INFO - Setting next_dagrun for latest_only_with_trigger to 2024-04-24 20:00:00+00:00, run_after=2024-04-25 00:00:00+00:00
[2024-04-25T11:53:32.424+0800] {processor.py:183} INFO - Processing /mnt/c/Users/Jason/Desktop/IS3107/is3107_DataEngineering/.venv/lib/python3.8/site-packages/airflow/example_dags/example_latest_only_with_trigger.py took 0.318 seconds
[2024-04-25T11:55:25.581+0800] {processor.py:161} INFO - Started process (PID=1930888) to work on /mnt/c/Users/Jason/Desktop/IS3107/is3107_DataEngineering/.venv/lib/python3.8/site-packages/airflow/example_dags/example_latest_only_with_trigger.py
[2024-04-25T11:55:25.584+0800] {processor.py:830} INFO - Processing file /mnt/c/Users/Jason/Desktop/IS3107/is3107_DataEngineering/.venv/lib/python3.8/site-packages/airflow/example_dags/example_latest_only_with_trigger.py for tasks to queue
[2024-04-25T11:55:25.588+0800] {logging_mixin.py:188} INFO - [2024-04-25T11:55:25.586+0800] {dagbag.py:540} INFO - Filling up the DagBag from /mnt/c/Users/Jason/Desktop/IS3107/is3107_DataEngineering/.venv/lib/python3.8/site-packages/airflow/example_dags/example_latest_only_with_trigger.py
[2024-04-25T11:55:25.614+0800] {processor.py:840} INFO - DAG(s) 'latest_only_with_trigger' retrieved from /mnt/c/Users/Jason/Desktop/IS3107/is3107_DataEngineering/.venv/lib/python3.8/site-packages/airflow/example_dags/example_latest_only_with_trigger.py
[2024-04-25T11:55:25.675+0800] {logging_mixin.py:188} INFO - [2024-04-25T11:55:25.673+0800] {dag.py:3096} INFO - Sync 1 DAGs
[2024-04-25T11:55:25.726+0800] {logging_mixin.py:188} INFO - [2024-04-25T11:55:25.724+0800] {dag.py:3954} INFO - Setting next_dagrun for latest_only_with_trigger to 2024-04-24 20:00:00+00:00, run_after=2024-04-25 00:00:00+00:00
[2024-04-25T11:55:25.844+0800] {processor.py:183} INFO - Processing /mnt/c/Users/Jason/Desktop/IS3107/is3107_DataEngineering/.venv/lib/python3.8/site-packages/airflow/example_dags/example_latest_only_with_trigger.py took 0.278 seconds
[2024-04-25T11:57:34.620+0800] {processor.py:161} INFO - Started process (PID=1932135) to work on /mnt/c/Users/Jason/Desktop/IS3107/is3107_DataEngineering/.venv/lib/python3.8/site-packages/airflow/example_dags/example_latest_only_with_trigger.py
[2024-04-25T11:57:34.624+0800] {processor.py:830} INFO - Processing file /mnt/c/Users/Jason/Desktop/IS3107/is3107_DataEngineering/.venv/lib/python3.8/site-packages/airflow/example_dags/example_latest_only_with_trigger.py for tasks to queue
[2024-04-25T11:57:34.629+0800] {logging_mixin.py:188} INFO - [2024-04-25T11:57:34.627+0800] {dagbag.py:540} INFO - Filling up the DagBag from /mnt/c/Users/Jason/Desktop/IS3107/is3107_DataEngineering/.venv/lib/python3.8/site-packages/airflow/example_dags/example_latest_only_with_trigger.py
[2024-04-25T11:57:34.668+0800] {processor.py:840} INFO - DAG(s) 'latest_only_with_trigger' retrieved from /mnt/c/Users/Jason/Desktop/IS3107/is3107_DataEngineering/.venv/lib/python3.8/site-packages/airflow/example_dags/example_latest_only_with_trigger.py
[2024-04-25T11:57:34.723+0800] {logging_mixin.py:188} INFO - [2024-04-25T11:57:34.722+0800] {dag.py:3096} INFO - Sync 1 DAGs
[2024-04-25T11:57:34.782+0800] {logging_mixin.py:188} INFO - [2024-04-25T11:57:34.781+0800] {dag.py:3954} INFO - Setting next_dagrun for latest_only_with_trigger to 2024-04-24 20:00:00+00:00, run_after=2024-04-25 00:00:00+00:00
[2024-04-25T11:57:34.906+0800] {processor.py:183} INFO - Processing /mnt/c/Users/Jason/Desktop/IS3107/is3107_DataEngineering/.venv/lib/python3.8/site-packages/airflow/example_dags/example_latest_only_with_trigger.py took 0.305 seconds
[2024-04-25T11:59:54.896+0800] {processor.py:161} INFO - Started process (PID=1933486) to work on /mnt/c/Users/Jason/Desktop/IS3107/is3107_DataEngineering/.venv/lib/python3.8/site-packages/airflow/example_dags/example_latest_only_with_trigger.py
[2024-04-25T11:59:54.898+0800] {processor.py:830} INFO - Processing file /mnt/c/Users/Jason/Desktop/IS3107/is3107_DataEngineering/.venv/lib/python3.8/site-packages/airflow/example_dags/example_latest_only_with_trigger.py for tasks to queue
[2024-04-25T11:59:54.900+0800] {logging_mixin.py:188} INFO - [2024-04-25T11:59:54.899+0800] {dagbag.py:540} INFO - Filling up the DagBag from /mnt/c/Users/Jason/Desktop/IS3107/is3107_DataEngineering/.venv/lib/python3.8/site-packages/airflow/example_dags/example_latest_only_with_trigger.py
[2024-04-25T11:59:54.921+0800] {processor.py:840} INFO - DAG(s) 'latest_only_with_trigger' retrieved from /mnt/c/Users/Jason/Desktop/IS3107/is3107_DataEngineering/.venv/lib/python3.8/site-packages/airflow/example_dags/example_latest_only_with_trigger.py
[2024-04-25T11:59:54.950+0800] {logging_mixin.py:188} INFO - [2024-04-25T11:59:54.949+0800] {dag.py:3096} INFO - Sync 1 DAGs
[2024-04-25T11:59:54.988+0800] {logging_mixin.py:188} INFO - [2024-04-25T11:59:54.987+0800] {dag.py:3954} INFO - Setting next_dagrun for latest_only_with_trigger to 2024-04-24 20:00:00+00:00, run_after=2024-04-25 00:00:00+00:00
[2024-04-25T11:59:55.069+0800] {processor.py:183} INFO - Processing /mnt/c/Users/Jason/Desktop/IS3107/is3107_DataEngineering/.venv/lib/python3.8/site-packages/airflow/example_dags/example_latest_only_with_trigger.py took 0.185 seconds
[2024-04-25T12:02:25.794+0800] {processor.py:161} INFO - Started process (PID=1934937) to work on /mnt/c/Users/Jason/Desktop/IS3107/is3107_DataEngineering/.venv/lib/python3.8/site-packages/airflow/example_dags/example_latest_only_with_trigger.py
[2024-04-25T12:02:25.796+0800] {processor.py:830} INFO - Processing file /mnt/c/Users/Jason/Desktop/IS3107/is3107_DataEngineering/.venv/lib/python3.8/site-packages/airflow/example_dags/example_latest_only_with_trigger.py for tasks to queue
[2024-04-25T12:02:25.800+0800] {logging_mixin.py:188} INFO - [2024-04-25T12:02:25.799+0800] {dagbag.py:540} INFO - Filling up the DagBag from /mnt/c/Users/Jason/Desktop/IS3107/is3107_DataEngineering/.venv/lib/python3.8/site-packages/airflow/example_dags/example_latest_only_with_trigger.py
[2024-04-25T12:02:25.840+0800] {processor.py:840} INFO - DAG(s) 'latest_only_with_trigger' retrieved from /mnt/c/Users/Jason/Desktop/IS3107/is3107_DataEngineering/.venv/lib/python3.8/site-packages/airflow/example_dags/example_latest_only_with_trigger.py
[2024-04-25T12:02:25.880+0800] {logging_mixin.py:188} INFO - [2024-04-25T12:02:25.879+0800] {dag.py:3096} INFO - Sync 1 DAGs
[2024-04-25T12:02:25.923+0800] {logging_mixin.py:188} INFO - [2024-04-25T12:02:25.921+0800] {dag.py:3954} INFO - Setting next_dagrun for latest_only_with_trigger to 2024-04-25 00:00:00+00:00, run_after=2024-04-25 04:00:00+00:00
[2024-04-25T12:02:26.047+0800] {processor.py:183} INFO - Processing /mnt/c/Users/Jason/Desktop/IS3107/is3107_DataEngineering/.venv/lib/python3.8/site-packages/airflow/example_dags/example_latest_only_with_trigger.py took 0.270 seconds
[2024-04-25T12:04:49.672+0800] {processor.py:161} INFO - Started process (PID=1936316) to work on /mnt/c/Users/Jason/Desktop/IS3107/is3107_DataEngineering/.venv/lib/python3.8/site-packages/airflow/example_dags/example_latest_only_with_trigger.py
[2024-04-25T12:04:49.675+0800] {processor.py:830} INFO - Processing file /mnt/c/Users/Jason/Desktop/IS3107/is3107_DataEngineering/.venv/lib/python3.8/site-packages/airflow/example_dags/example_latest_only_with_trigger.py for tasks to queue
[2024-04-25T12:04:49.679+0800] {logging_mixin.py:188} INFO - [2024-04-25T12:04:49.677+0800] {dagbag.py:540} INFO - Filling up the DagBag from /mnt/c/Users/Jason/Desktop/IS3107/is3107_DataEngineering/.venv/lib/python3.8/site-packages/airflow/example_dags/example_latest_only_with_trigger.py
[2024-04-25T12:04:49.706+0800] {processor.py:840} INFO - DAG(s) 'latest_only_with_trigger' retrieved from /mnt/c/Users/Jason/Desktop/IS3107/is3107_DataEngineering/.venv/lib/python3.8/site-packages/airflow/example_dags/example_latest_only_with_trigger.py
[2024-04-25T12:04:49.748+0800] {logging_mixin.py:188} INFO - [2024-04-25T12:04:49.746+0800] {dag.py:3096} INFO - Sync 1 DAGs
[2024-04-25T12:04:49.789+0800] {logging_mixin.py:188} INFO - [2024-04-25T12:04:49.788+0800] {dag.py:3954} INFO - Setting next_dagrun for latest_only_with_trigger to 2024-04-25 00:00:00+00:00, run_after=2024-04-25 04:00:00+00:00
[2024-04-25T12:04:49.865+0800] {processor.py:183} INFO - Processing /mnt/c/Users/Jason/Desktop/IS3107/is3107_DataEngineering/.venv/lib/python3.8/site-packages/airflow/example_dags/example_latest_only_with_trigger.py took 0.210 seconds
[2024-04-25T12:06:56.696+0800] {processor.py:161} INFO - Started process (PID=1937552) to work on /mnt/c/Users/Jason/Desktop/IS3107/is3107_DataEngineering/.venv/lib/python3.8/site-packages/airflow/example_dags/example_latest_only_with_trigger.py
[2024-04-25T12:06:56.699+0800] {processor.py:830} INFO - Processing file /mnt/c/Users/Jason/Desktop/IS3107/is3107_DataEngineering/.venv/lib/python3.8/site-packages/airflow/example_dags/example_latest_only_with_trigger.py for tasks to queue
[2024-04-25T12:06:56.703+0800] {logging_mixin.py:188} INFO - [2024-04-25T12:06:56.702+0800] {dagbag.py:540} INFO - Filling up the DagBag from /mnt/c/Users/Jason/Desktop/IS3107/is3107_DataEngineering/.venv/lib/python3.8/site-packages/airflow/example_dags/example_latest_only_with_trigger.py
[2024-04-25T12:06:56.738+0800] {processor.py:840} INFO - DAG(s) 'latest_only_with_trigger' retrieved from /mnt/c/Users/Jason/Desktop/IS3107/is3107_DataEngineering/.venv/lib/python3.8/site-packages/airflow/example_dags/example_latest_only_with_trigger.py
[2024-04-25T12:06:56.782+0800] {logging_mixin.py:188} INFO - [2024-04-25T12:06:56.781+0800] {dag.py:3096} INFO - Sync 1 DAGs
[2024-04-25T12:06:56.820+0800] {logging_mixin.py:188} INFO - [2024-04-25T12:06:56.819+0800] {dag.py:3954} INFO - Setting next_dagrun for latest_only_with_trigger to 2024-04-25 00:00:00+00:00, run_after=2024-04-25 04:00:00+00:00
[2024-04-25T12:06:56.917+0800] {processor.py:183} INFO - Processing /mnt/c/Users/Jason/Desktop/IS3107/is3107_DataEngineering/.venv/lib/python3.8/site-packages/airflow/example_dags/example_latest_only_with_trigger.py took 0.239 seconds
[2024-04-25T12:08:54.501+0800] {processor.py:161} INFO - Started process (PID=1938704) to work on /mnt/c/Users/Jason/Desktop/IS3107/is3107_DataEngineering/.venv/lib/python3.8/site-packages/airflow/example_dags/example_latest_only_with_trigger.py
[2024-04-25T12:08:54.503+0800] {processor.py:830} INFO - Processing file /mnt/c/Users/Jason/Desktop/IS3107/is3107_DataEngineering/.venv/lib/python3.8/site-packages/airflow/example_dags/example_latest_only_with_trigger.py for tasks to queue
[2024-04-25T12:08:54.505+0800] {logging_mixin.py:188} INFO - [2024-04-25T12:08:54.504+0800] {dagbag.py:540} INFO - Filling up the DagBag from /mnt/c/Users/Jason/Desktop/IS3107/is3107_DataEngineering/.venv/lib/python3.8/site-packages/airflow/example_dags/example_latest_only_with_trigger.py
[2024-04-25T12:08:54.526+0800] {processor.py:840} INFO - DAG(s) 'latest_only_with_trigger' retrieved from /mnt/c/Users/Jason/Desktop/IS3107/is3107_DataEngineering/.venv/lib/python3.8/site-packages/airflow/example_dags/example_latest_only_with_trigger.py
[2024-04-25T12:08:54.558+0800] {logging_mixin.py:188} INFO - [2024-04-25T12:08:54.556+0800] {dag.py:3096} INFO - Sync 1 DAGs
[2024-04-25T12:08:54.598+0800] {logging_mixin.py:188} INFO - [2024-04-25T12:08:54.597+0800] {dag.py:3954} INFO - Setting next_dagrun for latest_only_with_trigger to 2024-04-25 00:00:00+00:00, run_after=2024-04-25 04:00:00+00:00
[2024-04-25T12:08:54.680+0800] {processor.py:183} INFO - Processing /mnt/c/Users/Jason/Desktop/IS3107/is3107_DataEngineering/.venv/lib/python3.8/site-packages/airflow/example_dags/example_latest_only_with_trigger.py took 0.191 seconds
[2024-04-25T12:11:23.329+0800] {processor.py:161} INFO - Started process (PID=1940132) to work on /mnt/c/Users/Jason/Desktop/IS3107/is3107_DataEngineering/.venv/lib/python3.8/site-packages/airflow/example_dags/example_latest_only_with_trigger.py
[2024-04-25T12:11:23.331+0800] {processor.py:830} INFO - Processing file /mnt/c/Users/Jason/Desktop/IS3107/is3107_DataEngineering/.venv/lib/python3.8/site-packages/airflow/example_dags/example_latest_only_with_trigger.py for tasks to queue
[2024-04-25T12:11:23.334+0800] {logging_mixin.py:188} INFO - [2024-04-25T12:11:23.333+0800] {dagbag.py:540} INFO - Filling up the DagBag from /mnt/c/Users/Jason/Desktop/IS3107/is3107_DataEngineering/.venv/lib/python3.8/site-packages/airflow/example_dags/example_latest_only_with_trigger.py
[2024-04-25T12:11:23.356+0800] {processor.py:840} INFO - DAG(s) 'latest_only_with_trigger' retrieved from /mnt/c/Users/Jason/Desktop/IS3107/is3107_DataEngineering/.venv/lib/python3.8/site-packages/airflow/example_dags/example_latest_only_with_trigger.py
[2024-04-25T12:11:23.386+0800] {logging_mixin.py:188} INFO - [2024-04-25T12:11:23.385+0800] {dag.py:3096} INFO - Sync 1 DAGs
[2024-04-25T12:11:23.424+0800] {logging_mixin.py:188} INFO - [2024-04-25T12:11:23.423+0800] {dag.py:3954} INFO - Setting next_dagrun for latest_only_with_trigger to 2024-04-25 00:00:00+00:00, run_after=2024-04-25 04:00:00+00:00
[2024-04-25T12:11:23.493+0800] {processor.py:183} INFO - Processing /mnt/c/Users/Jason/Desktop/IS3107/is3107_DataEngineering/.venv/lib/python3.8/site-packages/airflow/example_dags/example_latest_only_with_trigger.py took 0.176 seconds
[2024-04-25T12:13:40.536+0800] {processor.py:161} INFO - Started process (PID=1941462) to work on /mnt/c/Users/Jason/Desktop/IS3107/is3107_DataEngineering/.venv/lib/python3.8/site-packages/airflow/example_dags/example_latest_only_with_trigger.py
[2024-04-25T12:13:40.537+0800] {processor.py:830} INFO - Processing file /mnt/c/Users/Jason/Desktop/IS3107/is3107_DataEngineering/.venv/lib/python3.8/site-packages/airflow/example_dags/example_latest_only_with_trigger.py for tasks to queue
[2024-04-25T12:13:40.540+0800] {logging_mixin.py:188} INFO - [2024-04-25T12:13:40.538+0800] {dagbag.py:540} INFO - Filling up the DagBag from /mnt/c/Users/Jason/Desktop/IS3107/is3107_DataEngineering/.venv/lib/python3.8/site-packages/airflow/example_dags/example_latest_only_with_trigger.py
[2024-04-25T12:13:40.558+0800] {processor.py:840} INFO - DAG(s) 'latest_only_with_trigger' retrieved from /mnt/c/Users/Jason/Desktop/IS3107/is3107_DataEngineering/.venv/lib/python3.8/site-packages/airflow/example_dags/example_latest_only_with_trigger.py
[2024-04-25T12:13:40.584+0800] {logging_mixin.py:188} INFO - [2024-04-25T12:13:40.583+0800] {dag.py:3096} INFO - Sync 1 DAGs
[2024-04-25T12:13:40.610+0800] {logging_mixin.py:188} INFO - [2024-04-25T12:13:40.609+0800] {dag.py:3954} INFO - Setting next_dagrun for latest_only_with_trigger to 2024-04-25 00:00:00+00:00, run_after=2024-04-25 04:00:00+00:00
[2024-04-25T12:13:40.726+0800] {processor.py:183} INFO - Processing /mnt/c/Users/Jason/Desktop/IS3107/is3107_DataEngineering/.venv/lib/python3.8/site-packages/airflow/example_dags/example_latest_only_with_trigger.py took 0.203 seconds
