[2024-04-25T09:39:25.003+0800] {processor.py:161} INFO - Started process (PID=1859586) to work on /mnt/c/Users/Jason/Desktop/IS3107/is3107_DataEngineering/.venv/lib/python3.8/site-packages/airflow/example_dags/example_bash_decorator.py
[2024-04-25T09:39:25.012+0800] {processor.py:830} INFO - Processing file /mnt/c/Users/Jason/Desktop/IS3107/is3107_DataEngineering/.venv/lib/python3.8/site-packages/airflow/example_dags/example_bash_decorator.py for tasks to queue
[2024-04-25T09:39:25.040+0800] {logging_mixin.py:188} INFO - [2024-04-25T09:39:25.035+0800] {dagbag.py:540} INFO - Filling up the DagBag from /mnt/c/Users/Jason/Desktop/IS3107/is3107_DataEngineering/.venv/lib/python3.8/site-packages/airflow/example_dags/example_bash_decorator.py
[2024-04-25T09:39:25.358+0800] {processor.py:840} INFO - DAG(s) 'example_bash_decorator' retrieved from /mnt/c/Users/Jason/Desktop/IS3107/is3107_DataEngineering/.venv/lib/python3.8/site-packages/airflow/example_dags/example_bash_decorator.py
[2024-04-25T09:39:27.827+0800] {logging_mixin.py:188} INFO - [2024-04-25T09:39:27.823+0800] {dag.py:3096} INFO - Sync 1 DAGs
[2024-04-25T09:39:28.004+0800] {logging_mixin.py:188} INFO - [2024-04-25T09:39:28.002+0800] {dag.py:3954} INFO - Setting next_dagrun for example_bash_decorator to None, run_after=None
[2024-04-25T09:39:28.101+0800] {processor.py:183} INFO - Processing /mnt/c/Users/Jason/Desktop/IS3107/is3107_DataEngineering/.venv/lib/python3.8/site-packages/airflow/example_dags/example_bash_decorator.py took 3.139 seconds
[2024-04-25T11:50:14.328+0800] {processor.py:161} INFO - Started process (PID=1928028) to work on /mnt/c/Users/Jason/Desktop/IS3107/is3107_DataEngineering/.venv/lib/python3.8/site-packages/airflow/example_dags/example_bash_decorator.py
[2024-04-25T11:50:14.331+0800] {processor.py:830} INFO - Processing file /mnt/c/Users/Jason/Desktop/IS3107/is3107_DataEngineering/.venv/lib/python3.8/site-packages/airflow/example_dags/example_bash_decorator.py for tasks to queue
[2024-04-25T11:50:14.333+0800] {logging_mixin.py:188} INFO - [2024-04-25T11:50:14.332+0800] {dagbag.py:540} INFO - Filling up the DagBag from /mnt/c/Users/Jason/Desktop/IS3107/is3107_DataEngineering/.venv/lib/python3.8/site-packages/airflow/example_dags/example_bash_decorator.py
[2024-04-25T11:50:14.371+0800] {processor.py:840} INFO - DAG(s) 'example_bash_decorator' retrieved from /mnt/c/Users/Jason/Desktop/IS3107/is3107_DataEngineering/.venv/lib/python3.8/site-packages/airflow/example_dags/example_bash_decorator.py
[2024-04-25T11:50:16.142+0800] {logging_mixin.py:188} INFO - [2024-04-25T11:50:16.140+0800] {dag.py:3096} INFO - Sync 1 DAGs
[2024-04-25T11:50:16.167+0800] {logging_mixin.py:188} INFO - [2024-04-25T11:50:16.164+0800] {dag.py:3954} INFO - Setting next_dagrun for example_bash_decorator to None, run_after=None
[2024-04-25T11:50:16.282+0800] {processor.py:183} INFO - Processing /mnt/c/Users/Jason/Desktop/IS3107/is3107_DataEngineering/.venv/lib/python3.8/site-packages/airflow/example_dags/example_bash_decorator.py took 1.969 seconds
[2024-04-25T11:53:05.005+0800] {processor.py:161} INFO - Started process (PID=1929596) to work on /mnt/c/Users/Jason/Desktop/IS3107/is3107_DataEngineering/.venv/lib/python3.8/site-packages/airflow/example_dags/example_bash_decorator.py
[2024-04-25T11:53:05.008+0800] {processor.py:830} INFO - Processing file /mnt/c/Users/Jason/Desktop/IS3107/is3107_DataEngineering/.venv/lib/python3.8/site-packages/airflow/example_dags/example_bash_decorator.py for tasks to queue
[2024-04-25T11:53:05.012+0800] {logging_mixin.py:188} INFO - [2024-04-25T11:53:05.010+0800] {dagbag.py:540} INFO - Filling up the DagBag from /mnt/c/Users/Jason/Desktop/IS3107/is3107_DataEngineering/.venv/lib/python3.8/site-packages/airflow/example_dags/example_bash_decorator.py
[2024-04-25T11:53:05.069+0800] {processor.py:840} INFO - DAG(s) 'example_bash_decorator' retrieved from /mnt/c/Users/Jason/Desktop/IS3107/is3107_DataEngineering/.venv/lib/python3.8/site-packages/airflow/example_dags/example_bash_decorator.py
[2024-04-25T11:53:05.122+0800] {logging_mixin.py:188} INFO - [2024-04-25T11:53:05.121+0800] {dag.py:3096} INFO - Sync 1 DAGs
[2024-04-25T11:53:05.157+0800] {logging_mixin.py:188} INFO - [2024-04-25T11:53:05.155+0800] {dag.py:3954} INFO - Setting next_dagrun for example_bash_decorator to None, run_after=None
[2024-04-25T11:53:05.259+0800] {processor.py:183} INFO - Processing /mnt/c/Users/Jason/Desktop/IS3107/is3107_DataEngineering/.venv/lib/python3.8/site-packages/airflow/example_dags/example_bash_decorator.py took 0.274 seconds
[2024-04-25T11:54:56.340+0800] {processor.py:161} INFO - Started process (PID=1930645) to work on /mnt/c/Users/Jason/Desktop/IS3107/is3107_DataEngineering/.venv/lib/python3.8/site-packages/airflow/example_dags/example_bash_decorator.py
[2024-04-25T11:54:56.345+0800] {processor.py:830} INFO - Processing file /mnt/c/Users/Jason/Desktop/IS3107/is3107_DataEngineering/.venv/lib/python3.8/site-packages/airflow/example_dags/example_bash_decorator.py for tasks to queue
[2024-04-25T11:54:56.353+0800] {logging_mixin.py:188} INFO - [2024-04-25T11:54:56.348+0800] {dagbag.py:540} INFO - Filling up the DagBag from /mnt/c/Users/Jason/Desktop/IS3107/is3107_DataEngineering/.venv/lib/python3.8/site-packages/airflow/example_dags/example_bash_decorator.py
[2024-04-25T11:54:56.447+0800] {processor.py:840} INFO - DAG(s) 'example_bash_decorator' retrieved from /mnt/c/Users/Jason/Desktop/IS3107/is3107_DataEngineering/.venv/lib/python3.8/site-packages/airflow/example_dags/example_bash_decorator.py
[2024-04-25T11:54:56.566+0800] {logging_mixin.py:188} INFO - [2024-04-25T11:54:56.561+0800] {dag.py:3096} INFO - Sync 1 DAGs
[2024-04-25T11:54:56.627+0800] {logging_mixin.py:188} INFO - [2024-04-25T11:54:56.624+0800] {dag.py:3954} INFO - Setting next_dagrun for example_bash_decorator to None, run_after=None
[2024-04-25T11:54:56.796+0800] {processor.py:183} INFO - Processing /mnt/c/Users/Jason/Desktop/IS3107/is3107_DataEngineering/.venv/lib/python3.8/site-packages/airflow/example_dags/example_bash_decorator.py took 0.488 seconds
[2024-04-25T11:56:11.089+0800] {processor.py:161} INFO - Started process (PID=1931354) to work on /mnt/c/Users/Jason/Desktop/IS3107/is3107_DataEngineering/.venv/lib/python3.8/site-packages/airflow/example_dags/example_bash_decorator.py
[2024-04-25T11:56:11.091+0800] {processor.py:830} INFO - Processing file /mnt/c/Users/Jason/Desktop/IS3107/is3107_DataEngineering/.venv/lib/python3.8/site-packages/airflow/example_dags/example_bash_decorator.py for tasks to queue
[2024-04-25T11:56:11.094+0800] {logging_mixin.py:188} INFO - [2024-04-25T11:56:11.093+0800] {dagbag.py:540} INFO - Filling up the DagBag from /mnt/c/Users/Jason/Desktop/IS3107/is3107_DataEngineering/.venv/lib/python3.8/site-packages/airflow/example_dags/example_bash_decorator.py
[2024-04-25T11:56:11.134+0800] {processor.py:840} INFO - DAG(s) 'example_bash_decorator' retrieved from /mnt/c/Users/Jason/Desktop/IS3107/is3107_DataEngineering/.venv/lib/python3.8/site-packages/airflow/example_dags/example_bash_decorator.py
[2024-04-25T11:56:11.177+0800] {logging_mixin.py:188} INFO - [2024-04-25T11:56:11.176+0800] {dag.py:3096} INFO - Sync 1 DAGs
[2024-04-25T11:56:11.201+0800] {logging_mixin.py:188} INFO - [2024-04-25T11:56:11.199+0800] {dag.py:3954} INFO - Setting next_dagrun for example_bash_decorator to None, run_after=None
[2024-04-25T11:56:11.286+0800] {processor.py:183} INFO - Processing /mnt/c/Users/Jason/Desktop/IS3107/is3107_DataEngineering/.venv/lib/python3.8/site-packages/airflow/example_dags/example_bash_decorator.py took 0.212 seconds
[2024-04-25T11:57:17.261+0800] {processor.py:161} INFO - Started process (PID=1931990) to work on /mnt/c/Users/Jason/Desktop/IS3107/is3107_DataEngineering/.venv/lib/python3.8/site-packages/airflow/example_dags/example_bash_decorator.py
[2024-04-25T11:57:17.263+0800] {processor.py:830} INFO - Processing file /mnt/c/Users/Jason/Desktop/IS3107/is3107_DataEngineering/.venv/lib/python3.8/site-packages/airflow/example_dags/example_bash_decorator.py for tasks to queue
[2024-04-25T11:57:17.265+0800] {logging_mixin.py:188} INFO - [2024-04-25T11:57:17.264+0800] {dagbag.py:540} INFO - Filling up the DagBag from /mnt/c/Users/Jason/Desktop/IS3107/is3107_DataEngineering/.venv/lib/python3.8/site-packages/airflow/example_dags/example_bash_decorator.py
[2024-04-25T11:57:17.296+0800] {processor.py:840} INFO - DAG(s) 'example_bash_decorator' retrieved from /mnt/c/Users/Jason/Desktop/IS3107/is3107_DataEngineering/.venv/lib/python3.8/site-packages/airflow/example_dags/example_bash_decorator.py
[2024-04-25T11:57:17.330+0800] {logging_mixin.py:188} INFO - [2024-04-25T11:57:17.330+0800] {dag.py:3096} INFO - Sync 1 DAGs
[2024-04-25T11:57:17.348+0800] {logging_mixin.py:188} INFO - [2024-04-25T11:57:17.347+0800] {dag.py:3954} INFO - Setting next_dagrun for example_bash_decorator to None, run_after=None
[2024-04-25T11:57:17.418+0800] {processor.py:183} INFO - Processing /mnt/c/Users/Jason/Desktop/IS3107/is3107_DataEngineering/.venv/lib/python3.8/site-packages/airflow/example_dags/example_bash_decorator.py took 0.168 seconds
[2024-04-25T11:58:20.689+0800] {processor.py:161} INFO - Started process (PID=1932606) to work on /mnt/c/Users/Jason/Desktop/IS3107/is3107_DataEngineering/.venv/lib/python3.8/site-packages/airflow/example_dags/example_bash_decorator.py
[2024-04-25T11:58:20.691+0800] {processor.py:830} INFO - Processing file /mnt/c/Users/Jason/Desktop/IS3107/is3107_DataEngineering/.venv/lib/python3.8/site-packages/airflow/example_dags/example_bash_decorator.py for tasks to queue
[2024-04-25T11:58:20.695+0800] {logging_mixin.py:188} INFO - [2024-04-25T11:58:20.693+0800] {dagbag.py:540} INFO - Filling up the DagBag from /mnt/c/Users/Jason/Desktop/IS3107/is3107_DataEngineering/.venv/lib/python3.8/site-packages/airflow/example_dags/example_bash_decorator.py
[2024-04-25T11:58:20.729+0800] {processor.py:840} INFO - DAG(s) 'example_bash_decorator' retrieved from /mnt/c/Users/Jason/Desktop/IS3107/is3107_DataEngineering/.venv/lib/python3.8/site-packages/airflow/example_dags/example_bash_decorator.py
[2024-04-25T11:58:20.771+0800] {logging_mixin.py:188} INFO - [2024-04-25T11:58:20.769+0800] {dag.py:3096} INFO - Sync 1 DAGs
[2024-04-25T11:58:20.793+0800] {logging_mixin.py:188} INFO - [2024-04-25T11:58:20.791+0800] {dag.py:3954} INFO - Setting next_dagrun for example_bash_decorator to None, run_after=None
[2024-04-25T11:58:20.900+0800] {processor.py:183} INFO - Processing /mnt/c/Users/Jason/Desktop/IS3107/is3107_DataEngineering/.venv/lib/python3.8/site-packages/airflow/example_dags/example_bash_decorator.py took 0.224 seconds
[2024-04-25T11:59:30.164+0800] {processor.py:161} INFO - Started process (PID=1933281) to work on /mnt/c/Users/Jason/Desktop/IS3107/is3107_DataEngineering/.venv/lib/python3.8/site-packages/airflow/example_dags/example_bash_decorator.py
[2024-04-25T11:59:30.166+0800] {processor.py:830} INFO - Processing file /mnt/c/Users/Jason/Desktop/IS3107/is3107_DataEngineering/.venv/lib/python3.8/site-packages/airflow/example_dags/example_bash_decorator.py for tasks to queue
[2024-04-25T11:59:30.170+0800] {logging_mixin.py:188} INFO - [2024-04-25T11:59:30.168+0800] {dagbag.py:540} INFO - Filling up the DagBag from /mnt/c/Users/Jason/Desktop/IS3107/is3107_DataEngineering/.venv/lib/python3.8/site-packages/airflow/example_dags/example_bash_decorator.py
[2024-04-25T11:59:30.219+0800] {processor.py:840} INFO - DAG(s) 'example_bash_decorator' retrieved from /mnt/c/Users/Jason/Desktop/IS3107/is3107_DataEngineering/.venv/lib/python3.8/site-packages/airflow/example_dags/example_bash_decorator.py
[2024-04-25T11:59:30.267+0800] {logging_mixin.py:188} INFO - [2024-04-25T11:59:30.265+0800] {dag.py:3096} INFO - Sync 1 DAGs
[2024-04-25T11:59:30.290+0800] {logging_mixin.py:188} INFO - [2024-04-25T11:59:30.288+0800] {dag.py:3954} INFO - Setting next_dagrun for example_bash_decorator to None, run_after=None
[2024-04-25T11:59:30.378+0800] {processor.py:183} INFO - Processing /mnt/c/Users/Jason/Desktop/IS3107/is3107_DataEngineering/.venv/lib/python3.8/site-packages/airflow/example_dags/example_bash_decorator.py took 0.235 seconds
[2024-04-25T12:00:45.998+0800] {processor.py:161} INFO - Started process (PID=1934001) to work on /mnt/c/Users/Jason/Desktop/IS3107/is3107_DataEngineering/.venv/lib/python3.8/site-packages/airflow/example_dags/example_bash_decorator.py
[2024-04-25T12:00:46.001+0800] {processor.py:830} INFO - Processing file /mnt/c/Users/Jason/Desktop/IS3107/is3107_DataEngineering/.venv/lib/python3.8/site-packages/airflow/example_dags/example_bash_decorator.py for tasks to queue
[2024-04-25T12:00:46.006+0800] {logging_mixin.py:188} INFO - [2024-04-25T12:00:46.004+0800] {dagbag.py:540} INFO - Filling up the DagBag from /mnt/c/Users/Jason/Desktop/IS3107/is3107_DataEngineering/.venv/lib/python3.8/site-packages/airflow/example_dags/example_bash_decorator.py
[2024-04-25T12:00:46.077+0800] {processor.py:840} INFO - DAG(s) 'example_bash_decorator' retrieved from /mnt/c/Users/Jason/Desktop/IS3107/is3107_DataEngineering/.venv/lib/python3.8/site-packages/airflow/example_dags/example_bash_decorator.py
[2024-04-25T12:00:46.126+0800] {logging_mixin.py:188} INFO - [2024-04-25T12:00:46.125+0800] {dag.py:3096} INFO - Sync 1 DAGs
[2024-04-25T12:00:46.144+0800] {logging_mixin.py:188} INFO - [2024-04-25T12:00:46.142+0800] {dag.py:3954} INFO - Setting next_dagrun for example_bash_decorator to None, run_after=None
[2024-04-25T12:00:46.262+0800] {processor.py:183} INFO - Processing /mnt/c/Users/Jason/Desktop/IS3107/is3107_DataEngineering/.venv/lib/python3.8/site-packages/airflow/example_dags/example_bash_decorator.py took 0.282 seconds
[2024-04-25T12:02:03.426+0800] {processor.py:161} INFO - Started process (PID=1934729) to work on /mnt/c/Users/Jason/Desktop/IS3107/is3107_DataEngineering/.venv/lib/python3.8/site-packages/airflow/example_dags/example_bash_decorator.py
[2024-04-25T12:02:03.428+0800] {processor.py:830} INFO - Processing file /mnt/c/Users/Jason/Desktop/IS3107/is3107_DataEngineering/.venv/lib/python3.8/site-packages/airflow/example_dags/example_bash_decorator.py for tasks to queue
[2024-04-25T12:02:03.432+0800] {logging_mixin.py:188} INFO - [2024-04-25T12:02:03.431+0800] {dagbag.py:540} INFO - Filling up the DagBag from /mnt/c/Users/Jason/Desktop/IS3107/is3107_DataEngineering/.venv/lib/python3.8/site-packages/airflow/example_dags/example_bash_decorator.py
[2024-04-25T12:02:03.479+0800] {processor.py:840} INFO - DAG(s) 'example_bash_decorator' retrieved from /mnt/c/Users/Jason/Desktop/IS3107/is3107_DataEngineering/.venv/lib/python3.8/site-packages/airflow/example_dags/example_bash_decorator.py
[2024-04-25T12:02:03.540+0800] {logging_mixin.py:188} INFO - [2024-04-25T12:02:03.537+0800] {dag.py:3096} INFO - Sync 1 DAGs
[2024-04-25T12:02:03.567+0800] {logging_mixin.py:188} INFO - [2024-04-25T12:02:03.564+0800] {dag.py:3954} INFO - Setting next_dagrun for example_bash_decorator to None, run_after=None
[2024-04-25T12:02:03.647+0800] {processor.py:183} INFO - Processing /mnt/c/Users/Jason/Desktop/IS3107/is3107_DataEngineering/.venv/lib/python3.8/site-packages/airflow/example_dags/example_bash_decorator.py took 0.241 seconds
[2024-04-25T12:03:13.634+0800] {processor.py:161} INFO - Started process (PID=1935415) to work on /mnt/c/Users/Jason/Desktop/IS3107/is3107_DataEngineering/.venv/lib/python3.8/site-packages/airflow/example_dags/example_bash_decorator.py
[2024-04-25T12:03:13.636+0800] {processor.py:830} INFO - Processing file /mnt/c/Users/Jason/Desktop/IS3107/is3107_DataEngineering/.venv/lib/python3.8/site-packages/airflow/example_dags/example_bash_decorator.py for tasks to queue
[2024-04-25T12:03:13.638+0800] {logging_mixin.py:188} INFO - [2024-04-25T12:03:13.637+0800] {dagbag.py:540} INFO - Filling up the DagBag from /mnt/c/Users/Jason/Desktop/IS3107/is3107_DataEngineering/.venv/lib/python3.8/site-packages/airflow/example_dags/example_bash_decorator.py
[2024-04-25T12:03:13.667+0800] {processor.py:840} INFO - DAG(s) 'example_bash_decorator' retrieved from /mnt/c/Users/Jason/Desktop/IS3107/is3107_DataEngineering/.venv/lib/python3.8/site-packages/airflow/example_dags/example_bash_decorator.py
[2024-04-25T12:03:13.700+0800] {logging_mixin.py:188} INFO - [2024-04-25T12:03:13.699+0800] {dag.py:3096} INFO - Sync 1 DAGs
[2024-04-25T12:03:13.713+0800] {logging_mixin.py:188} INFO - [2024-04-25T12:03:13.712+0800] {dag.py:3954} INFO - Setting next_dagrun for example_bash_decorator to None, run_after=None
[2024-04-25T12:03:13.824+0800] {processor.py:183} INFO - Processing /mnt/c/Users/Jason/Desktop/IS3107/is3107_DataEngineering/.venv/lib/python3.8/site-packages/airflow/example_dags/example_bash_decorator.py took 0.204 seconds
[2024-04-25T12:04:25.683+0800] {processor.py:161} INFO - Started process (PID=1936091) to work on /mnt/c/Users/Jason/Desktop/IS3107/is3107_DataEngineering/.venv/lib/python3.8/site-packages/airflow/example_dags/example_bash_decorator.py
[2024-04-25T12:04:25.685+0800] {processor.py:830} INFO - Processing file /mnt/c/Users/Jason/Desktop/IS3107/is3107_DataEngineering/.venv/lib/python3.8/site-packages/airflow/example_dags/example_bash_decorator.py for tasks to queue
[2024-04-25T12:04:25.688+0800] {logging_mixin.py:188} INFO - [2024-04-25T12:04:25.687+0800] {dagbag.py:540} INFO - Filling up the DagBag from /mnt/c/Users/Jason/Desktop/IS3107/is3107_DataEngineering/.venv/lib/python3.8/site-packages/airflow/example_dags/example_bash_decorator.py
[2024-04-25T12:04:25.723+0800] {processor.py:840} INFO - DAG(s) 'example_bash_decorator' retrieved from /mnt/c/Users/Jason/Desktop/IS3107/is3107_DataEngineering/.venv/lib/python3.8/site-packages/airflow/example_dags/example_bash_decorator.py
[2024-04-25T12:04:25.753+0800] {logging_mixin.py:188} INFO - [2024-04-25T12:04:25.752+0800] {dag.py:3096} INFO - Sync 1 DAGs
[2024-04-25T12:04:25.776+0800] {logging_mixin.py:188} INFO - [2024-04-25T12:04:25.775+0800] {dag.py:3954} INFO - Setting next_dagrun for example_bash_decorator to None, run_after=None
[2024-04-25T12:04:25.888+0800] {processor.py:183} INFO - Processing /mnt/c/Users/Jason/Desktop/IS3107/is3107_DataEngineering/.venv/lib/python3.8/site-packages/airflow/example_dags/example_bash_decorator.py took 0.216 seconds
[2024-04-25T12:05:36.973+0800] {processor.py:161} INFO - Started process (PID=1936790) to work on /mnt/c/Users/Jason/Desktop/IS3107/is3107_DataEngineering/.venv/lib/python3.8/site-packages/airflow/example_dags/example_bash_decorator.py
[2024-04-25T12:05:36.975+0800] {processor.py:830} INFO - Processing file /mnt/c/Users/Jason/Desktop/IS3107/is3107_DataEngineering/.venv/lib/python3.8/site-packages/airflow/example_dags/example_bash_decorator.py for tasks to queue
[2024-04-25T12:05:36.978+0800] {logging_mixin.py:188} INFO - [2024-04-25T12:05:36.977+0800] {dagbag.py:540} INFO - Filling up the DagBag from /mnt/c/Users/Jason/Desktop/IS3107/is3107_DataEngineering/.venv/lib/python3.8/site-packages/airflow/example_dags/example_bash_decorator.py
[2024-04-25T12:05:37.010+0800] {processor.py:840} INFO - DAG(s) 'example_bash_decorator' retrieved from /mnt/c/Users/Jason/Desktop/IS3107/is3107_DataEngineering/.venv/lib/python3.8/site-packages/airflow/example_dags/example_bash_decorator.py
[2024-04-25T12:05:37.043+0800] {logging_mixin.py:188} INFO - [2024-04-25T12:05:37.042+0800] {dag.py:3096} INFO - Sync 1 DAGs
[2024-04-25T12:05:37.059+0800] {logging_mixin.py:188} INFO - [2024-04-25T12:05:37.059+0800] {dag.py:3954} INFO - Setting next_dagrun for example_bash_decorator to None, run_after=None
[2024-04-25T12:05:37.132+0800] {processor.py:183} INFO - Processing /mnt/c/Users/Jason/Desktop/IS3107/is3107_DataEngineering/.venv/lib/python3.8/site-packages/airflow/example_dags/example_bash_decorator.py took 0.169 seconds
[2024-04-25T12:06:38.909+0800] {processor.py:161} INFO - Started process (PID=1937380) to work on /mnt/c/Users/Jason/Desktop/IS3107/is3107_DataEngineering/.venv/lib/python3.8/site-packages/airflow/example_dags/example_bash_decorator.py
[2024-04-25T12:06:38.911+0800] {processor.py:830} INFO - Processing file /mnt/c/Users/Jason/Desktop/IS3107/is3107_DataEngineering/.venv/lib/python3.8/site-packages/airflow/example_dags/example_bash_decorator.py for tasks to queue
[2024-04-25T12:06:38.914+0800] {logging_mixin.py:188} INFO - [2024-04-25T12:06:38.913+0800] {dagbag.py:540} INFO - Filling up the DagBag from /mnt/c/Users/Jason/Desktop/IS3107/is3107_DataEngineering/.venv/lib/python3.8/site-packages/airflow/example_dags/example_bash_decorator.py
[2024-04-25T12:06:38.943+0800] {processor.py:840} INFO - DAG(s) 'example_bash_decorator' retrieved from /mnt/c/Users/Jason/Desktop/IS3107/is3107_DataEngineering/.venv/lib/python3.8/site-packages/airflow/example_dags/example_bash_decorator.py
[2024-04-25T12:06:38.970+0800] {logging_mixin.py:188} INFO - [2024-04-25T12:06:38.969+0800] {dag.py:3096} INFO - Sync 1 DAGs
[2024-04-25T12:06:38.986+0800] {logging_mixin.py:188} INFO - [2024-04-25T12:06:38.985+0800] {dag.py:3954} INFO - Setting next_dagrun for example_bash_decorator to None, run_after=None
[2024-04-25T12:06:39.072+0800] {processor.py:183} INFO - Processing /mnt/c/Users/Jason/Desktop/IS3107/is3107_DataEngineering/.venv/lib/python3.8/site-packages/airflow/example_dags/example_bash_decorator.py took 0.173 seconds
[2024-04-25T12:07:39.310+0800] {processor.py:161} INFO - Started process (PID=1937979) to work on /mnt/c/Users/Jason/Desktop/IS3107/is3107_DataEngineering/.venv/lib/python3.8/site-packages/airflow/example_dags/example_bash_decorator.py
[2024-04-25T12:07:39.311+0800] {processor.py:830} INFO - Processing file /mnt/c/Users/Jason/Desktop/IS3107/is3107_DataEngineering/.venv/lib/python3.8/site-packages/airflow/example_dags/example_bash_decorator.py for tasks to queue
[2024-04-25T12:07:39.313+0800] {logging_mixin.py:188} INFO - [2024-04-25T12:07:39.312+0800] {dagbag.py:540} INFO - Filling up the DagBag from /mnt/c/Users/Jason/Desktop/IS3107/is3107_DataEngineering/.venv/lib/python3.8/site-packages/airflow/example_dags/example_bash_decorator.py
[2024-04-25T12:07:39.337+0800] {processor.py:840} INFO - DAG(s) 'example_bash_decorator' retrieved from /mnt/c/Users/Jason/Desktop/IS3107/is3107_DataEngineering/.venv/lib/python3.8/site-packages/airflow/example_dags/example_bash_decorator.py
[2024-04-25T12:07:39.363+0800] {logging_mixin.py:188} INFO - [2024-04-25T12:07:39.362+0800] {dag.py:3096} INFO - Sync 1 DAGs
[2024-04-25T12:07:39.377+0800] {logging_mixin.py:188} INFO - [2024-04-25T12:07:39.376+0800] {dag.py:3954} INFO - Setting next_dagrun for example_bash_decorator to None, run_after=None
[2024-04-25T12:07:39.445+0800] {processor.py:183} INFO - Processing /mnt/c/Users/Jason/Desktop/IS3107/is3107_DataEngineering/.venv/lib/python3.8/site-packages/airflow/example_dags/example_bash_decorator.py took 0.144 seconds
[2024-04-25T12:08:36.862+0800] {processor.py:161} INFO - Started process (PID=1938561) to work on /mnt/c/Users/Jason/Desktop/IS3107/is3107_DataEngineering/.venv/lib/python3.8/site-packages/airflow/example_dags/example_bash_decorator.py
[2024-04-25T12:08:36.865+0800] {processor.py:830} INFO - Processing file /mnt/c/Users/Jason/Desktop/IS3107/is3107_DataEngineering/.venv/lib/python3.8/site-packages/airflow/example_dags/example_bash_decorator.py for tasks to queue
[2024-04-25T12:08:36.870+0800] {logging_mixin.py:188} INFO - [2024-04-25T12:08:36.868+0800] {dagbag.py:540} INFO - Filling up the DagBag from /mnt/c/Users/Jason/Desktop/IS3107/is3107_DataEngineering/.venv/lib/python3.8/site-packages/airflow/example_dags/example_bash_decorator.py
[2024-04-25T12:08:36.911+0800] {processor.py:840} INFO - DAG(s) 'example_bash_decorator' retrieved from /mnt/c/Users/Jason/Desktop/IS3107/is3107_DataEngineering/.venv/lib/python3.8/site-packages/airflow/example_dags/example_bash_decorator.py
[2024-04-25T12:08:36.946+0800] {logging_mixin.py:188} INFO - [2024-04-25T12:08:36.945+0800] {dag.py:3096} INFO - Sync 1 DAGs
[2024-04-25T12:08:36.965+0800] {logging_mixin.py:188} INFO - [2024-04-25T12:08:36.963+0800] {dag.py:3954} INFO - Setting next_dagrun for example_bash_decorator to None, run_after=None
[2024-04-25T12:08:37.058+0800] {processor.py:183} INFO - Processing /mnt/c/Users/Jason/Desktop/IS3107/is3107_DataEngineering/.venv/lib/python3.8/site-packages/airflow/example_dags/example_bash_decorator.py took 0.213 seconds
[2024-04-25T12:09:37.348+0800] {processor.py:161} INFO - Started process (PID=1939154) to work on /mnt/c/Users/Jason/Desktop/IS3107/is3107_DataEngineering/.venv/lib/python3.8/site-packages/airflow/example_dags/example_bash_decorator.py
[2024-04-25T12:09:37.350+0800] {processor.py:830} INFO - Processing file /mnt/c/Users/Jason/Desktop/IS3107/is3107_DataEngineering/.venv/lib/python3.8/site-packages/airflow/example_dags/example_bash_decorator.py for tasks to queue
[2024-04-25T12:09:37.354+0800] {logging_mixin.py:188} INFO - [2024-04-25T12:09:37.352+0800] {dagbag.py:540} INFO - Filling up the DagBag from /mnt/c/Users/Jason/Desktop/IS3107/is3107_DataEngineering/.venv/lib/python3.8/site-packages/airflow/example_dags/example_bash_decorator.py
[2024-04-25T12:09:37.410+0800] {processor.py:840} INFO - DAG(s) 'example_bash_decorator' retrieved from /mnt/c/Users/Jason/Desktop/IS3107/is3107_DataEngineering/.venv/lib/python3.8/site-packages/airflow/example_dags/example_bash_decorator.py
[2024-04-25T12:09:37.450+0800] {logging_mixin.py:188} INFO - [2024-04-25T12:09:37.449+0800] {dag.py:3096} INFO - Sync 1 DAGs
[2024-04-25T12:09:37.472+0800] {logging_mixin.py:188} INFO - [2024-04-25T12:09:37.471+0800] {dag.py:3954} INFO - Setting next_dagrun for example_bash_decorator to None, run_after=None
[2024-04-25T12:09:37.549+0800] {processor.py:183} INFO - Processing /mnt/c/Users/Jason/Desktop/IS3107/is3107_DataEngineering/.venv/lib/python3.8/site-packages/airflow/example_dags/example_bash_decorator.py took 0.215 seconds
[2024-04-25T12:10:56.359+0800] {processor.py:161} INFO - Started process (PID=1939876) to work on /mnt/c/Users/Jason/Desktop/IS3107/is3107_DataEngineering/.venv/lib/python3.8/site-packages/airflow/example_dags/example_bash_decorator.py
[2024-04-25T12:10:56.363+0800] {processor.py:830} INFO - Processing file /mnt/c/Users/Jason/Desktop/IS3107/is3107_DataEngineering/.venv/lib/python3.8/site-packages/airflow/example_dags/example_bash_decorator.py for tasks to queue
[2024-04-25T12:10:56.368+0800] {logging_mixin.py:188} INFO - [2024-04-25T12:10:56.366+0800] {dagbag.py:540} INFO - Filling up the DagBag from /mnt/c/Users/Jason/Desktop/IS3107/is3107_DataEngineering/.venv/lib/python3.8/site-packages/airflow/example_dags/example_bash_decorator.py
[2024-04-25T12:10:56.438+0800] {processor.py:840} INFO - DAG(s) 'example_bash_decorator' retrieved from /mnt/c/Users/Jason/Desktop/IS3107/is3107_DataEngineering/.venv/lib/python3.8/site-packages/airflow/example_dags/example_bash_decorator.py
[2024-04-25T12:10:56.486+0800] {logging_mixin.py:188} INFO - [2024-04-25T12:10:56.484+0800] {dag.py:3096} INFO - Sync 1 DAGs
[2024-04-25T12:10:56.514+0800] {logging_mixin.py:188} INFO - [2024-04-25T12:10:56.512+0800] {dag.py:3954} INFO - Setting next_dagrun for example_bash_decorator to None, run_after=None
[2024-04-25T12:10:56.635+0800] {processor.py:183} INFO - Processing /mnt/c/Users/Jason/Desktop/IS3107/is3107_DataEngineering/.venv/lib/python3.8/site-packages/airflow/example_dags/example_bash_decorator.py took 0.300 seconds
[2024-04-25T12:12:12.783+0800] {processor.py:161} INFO - Started process (PID=1940611) to work on /mnt/c/Users/Jason/Desktop/IS3107/is3107_DataEngineering/.venv/lib/python3.8/site-packages/airflow/example_dags/example_bash_decorator.py
[2024-04-25T12:12:12.785+0800] {processor.py:830} INFO - Processing file /mnt/c/Users/Jason/Desktop/IS3107/is3107_DataEngineering/.venv/lib/python3.8/site-packages/airflow/example_dags/example_bash_decorator.py for tasks to queue
[2024-04-25T12:12:12.789+0800] {logging_mixin.py:188} INFO - [2024-04-25T12:12:12.787+0800] {dagbag.py:540} INFO - Filling up the DagBag from /mnt/c/Users/Jason/Desktop/IS3107/is3107_DataEngineering/.venv/lib/python3.8/site-packages/airflow/example_dags/example_bash_decorator.py
[2024-04-25T12:12:12.822+0800] {processor.py:840} INFO - DAG(s) 'example_bash_decorator' retrieved from /mnt/c/Users/Jason/Desktop/IS3107/is3107_DataEngineering/.venv/lib/python3.8/site-packages/airflow/example_dags/example_bash_decorator.py
[2024-04-25T12:12:12.855+0800] {logging_mixin.py:188} INFO - [2024-04-25T12:12:12.854+0800] {dag.py:3096} INFO - Sync 1 DAGs
[2024-04-25T12:12:12.872+0800] {logging_mixin.py:188} INFO - [2024-04-25T12:12:12.871+0800] {dag.py:3954} INFO - Setting next_dagrun for example_bash_decorator to None, run_after=None
[2024-04-25T12:12:12.960+0800] {processor.py:183} INFO - Processing /mnt/c/Users/Jason/Desktop/IS3107/is3107_DataEngineering/.venv/lib/python3.8/site-packages/airflow/example_dags/example_bash_decorator.py took 0.191 seconds
[2024-04-25T12:13:20.783+0800] {processor.py:161} INFO - Started process (PID=1941278) to work on /mnt/c/Users/Jason/Desktop/IS3107/is3107_DataEngineering/.venv/lib/python3.8/site-packages/airflow/example_dags/example_bash_decorator.py
[2024-04-25T12:13:20.785+0800] {processor.py:830} INFO - Processing file /mnt/c/Users/Jason/Desktop/IS3107/is3107_DataEngineering/.venv/lib/python3.8/site-packages/airflow/example_dags/example_bash_decorator.py for tasks to queue
[2024-04-25T12:13:20.787+0800] {logging_mixin.py:188} INFO - [2024-04-25T12:13:20.786+0800] {dagbag.py:540} INFO - Filling up the DagBag from /mnt/c/Users/Jason/Desktop/IS3107/is3107_DataEngineering/.venv/lib/python3.8/site-packages/airflow/example_dags/example_bash_decorator.py
[2024-04-25T12:13:20.820+0800] {processor.py:840} INFO - DAG(s) 'example_bash_decorator' retrieved from /mnt/c/Users/Jason/Desktop/IS3107/is3107_DataEngineering/.venv/lib/python3.8/site-packages/airflow/example_dags/example_bash_decorator.py
[2024-04-25T12:13:20.857+0800] {logging_mixin.py:188} INFO - [2024-04-25T12:13:20.855+0800] {dag.py:3096} INFO - Sync 1 DAGs
[2024-04-25T12:13:20.875+0800] {logging_mixin.py:188} INFO - [2024-04-25T12:13:20.874+0800] {dag.py:3954} INFO - Setting next_dagrun for example_bash_decorator to None, run_after=None
[2024-04-25T12:13:20.973+0800] {processor.py:183} INFO - Processing /mnt/c/Users/Jason/Desktop/IS3107/is3107_DataEngineering/.venv/lib/python3.8/site-packages/airflow/example_dags/example_bash_decorator.py took 0.202 seconds
