[2024-04-25T11:51:25.131+0800] {processor.py:161} INFO - Started process (PID=1928652) to work on /mnt/c/Users/Jason/Desktop/IS3107/is3107_DataEngineering/.venv/lib/python3.8/site-packages/airflow/example_dags/example_python_operator.py
[2024-04-25T11:51:25.133+0800] {processor.py:830} INFO - Processing file /mnt/c/Users/Jason/Desktop/IS3107/is3107_DataEngineering/.venv/lib/python3.8/site-packages/airflow/example_dags/example_python_operator.py for tasks to queue
[2024-04-25T11:51:25.135+0800] {logging_mixin.py:188} INFO - [2024-04-25T11:51:25.134+0800] {dagbag.py:540} INFO - Filling up the DagBag from /mnt/c/Users/Jason/Desktop/IS3107/is3107_DataEngineering/.venv/lib/python3.8/site-packages/airflow/example_dags/example_python_operator.py
[2024-04-25T11:51:25.185+0800] {processor.py:840} INFO - DAG(s) 'example_python_operator' retrieved from /mnt/c/Users/Jason/Desktop/IS3107/is3107_DataEngineering/.venv/lib/python3.8/site-packages/airflow/example_dags/example_python_operator.py
[2024-04-25T11:51:26.334+0800] {logging_mixin.py:188} INFO - [2024-04-25T11:51:26.333+0800] {dag.py:3096} INFO - Sync 1 DAGs
[2024-04-25T11:51:26.354+0800] {logging_mixin.py:188} INFO - [2024-04-25T11:51:26.352+0800] {dag.py:3954} INFO - Setting next_dagrun for example_python_operator to None, run_after=None
[2024-04-25T11:51:26.452+0800] {processor.py:183} INFO - Processing /mnt/c/Users/Jason/Desktop/IS3107/is3107_DataEngineering/.venv/lib/python3.8/site-packages/airflow/example_dags/example_python_operator.py took 1.332 seconds
[2024-04-25T11:53:42.345+0800] {processor.py:161} INFO - Started process (PID=1929921) to work on /mnt/c/Users/Jason/Desktop/IS3107/is3107_DataEngineering/.venv/lib/python3.8/site-packages/airflow/example_dags/example_python_operator.py
[2024-04-25T11:53:42.348+0800] {processor.py:830} INFO - Processing file /mnt/c/Users/Jason/Desktop/IS3107/is3107_DataEngineering/.venv/lib/python3.8/site-packages/airflow/example_dags/example_python_operator.py for tasks to queue
[2024-04-25T11:53:42.353+0800] {logging_mixin.py:188} INFO - [2024-04-25T11:53:42.351+0800] {dagbag.py:540} INFO - Filling up the DagBag from /mnt/c/Users/Jason/Desktop/IS3107/is3107_DataEngineering/.venv/lib/python3.8/site-packages/airflow/example_dags/example_python_operator.py
[2024-04-25T11:53:42.439+0800] {processor.py:840} INFO - DAG(s) 'example_python_operator' retrieved from /mnt/c/Users/Jason/Desktop/IS3107/is3107_DataEngineering/.venv/lib/python3.8/site-packages/airflow/example_dags/example_python_operator.py
[2024-04-25T11:53:42.503+0800] {logging_mixin.py:188} INFO - [2024-04-25T11:53:42.501+0800] {dag.py:3096} INFO - Sync 1 DAGs
[2024-04-25T11:53:42.536+0800] {logging_mixin.py:188} INFO - [2024-04-25T11:53:42.533+0800] {dag.py:3954} INFO - Setting next_dagrun for example_python_operator to None, run_after=None
[2024-04-25T11:53:42.688+0800] {processor.py:183} INFO - Processing /mnt/c/Users/Jason/Desktop/IS3107/is3107_DataEngineering/.venv/lib/python3.8/site-packages/airflow/example_dags/example_python_operator.py took 0.370 seconds
[2024-04-25T11:56:34.420+0800] {processor.py:161} INFO - Started process (PID=1931547) to work on /mnt/c/Users/Jason/Desktop/IS3107/is3107_DataEngineering/.venv/lib/python3.8/site-packages/airflow/example_dags/example_python_operator.py
[2024-04-25T11:56:34.422+0800] {processor.py:830} INFO - Processing file /mnt/c/Users/Jason/Desktop/IS3107/is3107_DataEngineering/.venv/lib/python3.8/site-packages/airflow/example_dags/example_python_operator.py for tasks to queue
[2024-04-25T11:56:34.424+0800] {logging_mixin.py:188} INFO - [2024-04-25T11:56:34.423+0800] {dagbag.py:540} INFO - Filling up the DagBag from /mnt/c/Users/Jason/Desktop/IS3107/is3107_DataEngineering/.venv/lib/python3.8/site-packages/airflow/example_dags/example_python_operator.py
[2024-04-25T11:56:34.454+0800] {processor.py:840} INFO - DAG(s) 'example_python_operator' retrieved from /mnt/c/Users/Jason/Desktop/IS3107/is3107_DataEngineering/.venv/lib/python3.8/site-packages/airflow/example_dags/example_python_operator.py
[2024-04-25T11:56:34.481+0800] {logging_mixin.py:188} INFO - [2024-04-25T11:56:34.480+0800] {dag.py:3096} INFO - Sync 1 DAGs
[2024-04-25T11:56:34.501+0800] {logging_mixin.py:188} INFO - [2024-04-25T11:56:34.500+0800] {dag.py:3954} INFO - Setting next_dagrun for example_python_operator to None, run_after=None
[2024-04-25T11:56:34.558+0800] {processor.py:183} INFO - Processing /mnt/c/Users/Jason/Desktop/IS3107/is3107_DataEngineering/.venv/lib/python3.8/site-packages/airflow/example_dags/example_python_operator.py took 0.148 seconds
[2024-04-25T11:58:41.936+0800] {processor.py:161} INFO - Started process (PID=1932805) to work on /mnt/c/Users/Jason/Desktop/IS3107/is3107_DataEngineering/.venv/lib/python3.8/site-packages/airflow/example_dags/example_python_operator.py
[2024-04-25T11:58:41.939+0800] {processor.py:830} INFO - Processing file /mnt/c/Users/Jason/Desktop/IS3107/is3107_DataEngineering/.venv/lib/python3.8/site-packages/airflow/example_dags/example_python_operator.py for tasks to queue
[2024-04-25T11:58:41.943+0800] {logging_mixin.py:188} INFO - [2024-04-25T11:58:41.941+0800] {dagbag.py:540} INFO - Filling up the DagBag from /mnt/c/Users/Jason/Desktop/IS3107/is3107_DataEngineering/.venv/lib/python3.8/site-packages/airflow/example_dags/example_python_operator.py
[2024-04-25T11:58:42.011+0800] {processor.py:840} INFO - DAG(s) 'example_python_operator' retrieved from /mnt/c/Users/Jason/Desktop/IS3107/is3107_DataEngineering/.venv/lib/python3.8/site-packages/airflow/example_dags/example_python_operator.py
[2024-04-25T11:58:42.074+0800] {logging_mixin.py:188} INFO - [2024-04-25T11:58:42.071+0800] {dag.py:3096} INFO - Sync 1 DAGs
[2024-04-25T11:58:42.109+0800] {logging_mixin.py:188} INFO - [2024-04-25T11:58:42.107+0800] {dag.py:3954} INFO - Setting next_dagrun for example_python_operator to None, run_after=None
[2024-04-25T11:58:42.228+0800] {processor.py:183} INFO - Processing /mnt/c/Users/Jason/Desktop/IS3107/is3107_DataEngineering/.venv/lib/python3.8/site-packages/airflow/example_dags/example_python_operator.py took 0.312 seconds
[2024-04-25T12:01:12.625+0800] {processor.py:161} INFO - Started process (PID=1934245) to work on /mnt/c/Users/Jason/Desktop/IS3107/is3107_DataEngineering/.venv/lib/python3.8/site-packages/airflow/example_dags/example_python_operator.py
[2024-04-25T12:01:12.628+0800] {processor.py:830} INFO - Processing file /mnt/c/Users/Jason/Desktop/IS3107/is3107_DataEngineering/.venv/lib/python3.8/site-packages/airflow/example_dags/example_python_operator.py for tasks to queue
[2024-04-25T12:01:12.631+0800] {logging_mixin.py:188} INFO - [2024-04-25T12:01:12.629+0800] {dagbag.py:540} INFO - Filling up the DagBag from /mnt/c/Users/Jason/Desktop/IS3107/is3107_DataEngineering/.venv/lib/python3.8/site-packages/airflow/example_dags/example_python_operator.py
[2024-04-25T12:01:12.675+0800] {processor.py:840} INFO - DAG(s) 'example_python_operator' retrieved from /mnt/c/Users/Jason/Desktop/IS3107/is3107_DataEngineering/.venv/lib/python3.8/site-packages/airflow/example_dags/example_python_operator.py
[2024-04-25T12:01:12.717+0800] {logging_mixin.py:188} INFO - [2024-04-25T12:01:12.715+0800] {dag.py:3096} INFO - Sync 1 DAGs
[2024-04-25T12:01:12.741+0800] {logging_mixin.py:188} INFO - [2024-04-25T12:01:12.739+0800] {dag.py:3954} INFO - Setting next_dagrun for example_python_operator to None, run_after=None
[2024-04-25T12:01:12.847+0800] {processor.py:183} INFO - Processing /mnt/c/Users/Jason/Desktop/IS3107/is3107_DataEngineering/.venv/lib/python3.8/site-packages/airflow/example_dags/example_python_operator.py took 0.238 seconds
[2024-04-25T12:03:37.360+0800] {processor.py:161} INFO - Started process (PID=1935623) to work on /mnt/c/Users/Jason/Desktop/IS3107/is3107_DataEngineering/.venv/lib/python3.8/site-packages/airflow/example_dags/example_python_operator.py
[2024-04-25T12:03:37.365+0800] {processor.py:830} INFO - Processing file /mnt/c/Users/Jason/Desktop/IS3107/is3107_DataEngineering/.venv/lib/python3.8/site-packages/airflow/example_dags/example_python_operator.py for tasks to queue
[2024-04-25T12:03:37.367+0800] {logging_mixin.py:188} INFO - [2024-04-25T12:03:37.366+0800] {dagbag.py:540} INFO - Filling up the DagBag from /mnt/c/Users/Jason/Desktop/IS3107/is3107_DataEngineering/.venv/lib/python3.8/site-packages/airflow/example_dags/example_python_operator.py
[2024-04-25T12:03:37.410+0800] {processor.py:840} INFO - DAG(s) 'example_python_operator' retrieved from /mnt/c/Users/Jason/Desktop/IS3107/is3107_DataEngineering/.venv/lib/python3.8/site-packages/airflow/example_dags/example_python_operator.py
[2024-04-25T12:03:37.444+0800] {logging_mixin.py:188} INFO - [2024-04-25T12:03:37.443+0800] {dag.py:3096} INFO - Sync 1 DAGs
[2024-04-25T12:03:37.462+0800] {logging_mixin.py:188} INFO - [2024-04-25T12:03:37.461+0800] {dag.py:3954} INFO - Setting next_dagrun for example_python_operator to None, run_after=None
[2024-04-25T12:03:37.566+0800] {processor.py:183} INFO - Processing /mnt/c/Users/Jason/Desktop/IS3107/is3107_DataEngineering/.venv/lib/python3.8/site-packages/airflow/example_dags/example_python_operator.py took 0.219 seconds
[2024-04-25T12:05:57.044+0800] {processor.py:161} INFO - Started process (PID=1936965) to work on /mnt/c/Users/Jason/Desktop/IS3107/is3107_DataEngineering/.venv/lib/python3.8/site-packages/airflow/example_dags/example_python_operator.py
[2024-04-25T12:05:57.047+0800] {processor.py:830} INFO - Processing file /mnt/c/Users/Jason/Desktop/IS3107/is3107_DataEngineering/.venv/lib/python3.8/site-packages/airflow/example_dags/example_python_operator.py for tasks to queue
[2024-04-25T12:05:57.051+0800] {logging_mixin.py:188} INFO - [2024-04-25T12:05:57.049+0800] {dagbag.py:540} INFO - Filling up the DagBag from /mnt/c/Users/Jason/Desktop/IS3107/is3107_DataEngineering/.venv/lib/python3.8/site-packages/airflow/example_dags/example_python_operator.py
[2024-04-25T12:05:57.099+0800] {processor.py:840} INFO - DAG(s) 'example_python_operator' retrieved from /mnt/c/Users/Jason/Desktop/IS3107/is3107_DataEngineering/.venv/lib/python3.8/site-packages/airflow/example_dags/example_python_operator.py
[2024-04-25T12:05:57.135+0800] {logging_mixin.py:188} INFO - [2024-04-25T12:05:57.134+0800] {dag.py:3096} INFO - Sync 1 DAGs
[2024-04-25T12:05:57.160+0800] {logging_mixin.py:188} INFO - [2024-04-25T12:05:57.159+0800] {dag.py:3954} INFO - Setting next_dagrun for example_python_operator to None, run_after=None
[2024-04-25T12:05:57.249+0800] {processor.py:183} INFO - Processing /mnt/c/Users/Jason/Desktop/IS3107/is3107_DataEngineering/.venv/lib/python3.8/site-packages/airflow/example_dags/example_python_operator.py took 0.222 seconds
[2024-04-25T12:07:58.382+0800] {processor.py:161} INFO - Started process (PID=1938147) to work on /mnt/c/Users/Jason/Desktop/IS3107/is3107_DataEngineering/.venv/lib/python3.8/site-packages/airflow/example_dags/example_python_operator.py
[2024-04-25T12:07:58.383+0800] {processor.py:830} INFO - Processing file /mnt/c/Users/Jason/Desktop/IS3107/is3107_DataEngineering/.venv/lib/python3.8/site-packages/airflow/example_dags/example_python_operator.py for tasks to queue
[2024-04-25T12:07:58.385+0800] {logging_mixin.py:188} INFO - [2024-04-25T12:07:58.384+0800] {dagbag.py:540} INFO - Filling up the DagBag from /mnt/c/Users/Jason/Desktop/IS3107/is3107_DataEngineering/.venv/lib/python3.8/site-packages/airflow/example_dags/example_python_operator.py
[2024-04-25T12:07:58.410+0800] {processor.py:840} INFO - DAG(s) 'example_python_operator' retrieved from /mnt/c/Users/Jason/Desktop/IS3107/is3107_DataEngineering/.venv/lib/python3.8/site-packages/airflow/example_dags/example_python_operator.py
[2024-04-25T12:07:58.435+0800] {logging_mixin.py:188} INFO - [2024-04-25T12:07:58.434+0800] {dag.py:3096} INFO - Sync 1 DAGs
[2024-04-25T12:07:58.448+0800] {logging_mixin.py:188} INFO - [2024-04-25T12:07:58.448+0800] {dag.py:3954} INFO - Setting next_dagrun for example_python_operator to None, run_after=None
[2024-04-25T12:07:58.503+0800] {processor.py:183} INFO - Processing /mnt/c/Users/Jason/Desktop/IS3107/is3107_DataEngineering/.venv/lib/python3.8/site-packages/airflow/example_dags/example_python_operator.py took 0.130 seconds
[2024-04-25T12:10:04.178+0800] {processor.py:161} INFO - Started process (PID=1939382) to work on /mnt/c/Users/Jason/Desktop/IS3107/is3107_DataEngineering/.venv/lib/python3.8/site-packages/airflow/example_dags/example_python_operator.py
[2024-04-25T12:10:04.183+0800] {processor.py:830} INFO - Processing file /mnt/c/Users/Jason/Desktop/IS3107/is3107_DataEngineering/.venv/lib/python3.8/site-packages/airflow/example_dags/example_python_operator.py for tasks to queue
[2024-04-25T12:10:04.188+0800] {logging_mixin.py:188} INFO - [2024-04-25T12:10:04.186+0800] {dagbag.py:540} INFO - Filling up the DagBag from /mnt/c/Users/Jason/Desktop/IS3107/is3107_DataEngineering/.venv/lib/python3.8/site-packages/airflow/example_dags/example_python_operator.py
[2024-04-25T12:10:04.246+0800] {processor.py:840} INFO - DAG(s) 'example_python_operator' retrieved from /mnt/c/Users/Jason/Desktop/IS3107/is3107_DataEngineering/.venv/lib/python3.8/site-packages/airflow/example_dags/example_python_operator.py
[2024-04-25T12:10:04.301+0800] {logging_mixin.py:188} INFO - [2024-04-25T12:10:04.299+0800] {dag.py:3096} INFO - Sync 1 DAGs
[2024-04-25T12:10:04.327+0800] {logging_mixin.py:188} INFO - [2024-04-25T12:10:04.326+0800] {dag.py:3954} INFO - Setting next_dagrun for example_python_operator to None, run_after=None
[2024-04-25T12:10:04.438+0800] {processor.py:183} INFO - Processing /mnt/c/Users/Jason/Desktop/IS3107/is3107_DataEngineering/.venv/lib/python3.8/site-packages/airflow/example_dags/example_python_operator.py took 0.286 seconds
[2024-04-25T12:12:38.555+0800] {processor.py:161} INFO - Started process (PID=1940849) to work on /mnt/c/Users/Jason/Desktop/IS3107/is3107_DataEngineering/.venv/lib/python3.8/site-packages/airflow/example_dags/example_python_operator.py
[2024-04-25T12:12:38.558+0800] {processor.py:830} INFO - Processing file /mnt/c/Users/Jason/Desktop/IS3107/is3107_DataEngineering/.venv/lib/python3.8/site-packages/airflow/example_dags/example_python_operator.py for tasks to queue
[2024-04-25T12:12:38.560+0800] {logging_mixin.py:188} INFO - [2024-04-25T12:12:38.559+0800] {dagbag.py:540} INFO - Filling up the DagBag from /mnt/c/Users/Jason/Desktop/IS3107/is3107_DataEngineering/.venv/lib/python3.8/site-packages/airflow/example_dags/example_python_operator.py
[2024-04-25T12:12:38.607+0800] {processor.py:840} INFO - DAG(s) 'example_python_operator' retrieved from /mnt/c/Users/Jason/Desktop/IS3107/is3107_DataEngineering/.venv/lib/python3.8/site-packages/airflow/example_dags/example_python_operator.py
[2024-04-25T12:12:38.634+0800] {logging_mixin.py:188} INFO - [2024-04-25T12:12:38.634+0800] {dag.py:3096} INFO - Sync 1 DAGs
[2024-04-25T12:12:38.650+0800] {logging_mixin.py:188} INFO - [2024-04-25T12:12:38.650+0800] {dag.py:3954} INFO - Setting next_dagrun for example_python_operator to None, run_after=None
[2024-04-25T12:12:38.744+0800] {processor.py:183} INFO - Processing /mnt/c/Users/Jason/Desktop/IS3107/is3107_DataEngineering/.venv/lib/python3.8/site-packages/airflow/example_dags/example_python_operator.py took 0.210 seconds
