[2024-04-25T11:51:00.177+0800] {processor.py:161} INFO - Started process (PID=1928403) to work on /mnt/c/Users/Jason/Desktop/IS3107/is3107_DataEngineering/.venv/lib/python3.8/site-packages/airflow/example_dags/example_external_task_marker_dag.py
[2024-04-25T11:51:00.180+0800] {processor.py:830} INFO - Processing file /mnt/c/Users/Jason/Desktop/IS3107/is3107_DataEngineering/.venv/lib/python3.8/site-packages/airflow/example_dags/example_external_task_marker_dag.py for tasks to queue
[2024-04-25T11:51:00.183+0800] {logging_mixin.py:188} INFO - [2024-04-25T11:51:00.182+0800] {dagbag.py:540} INFO - Filling up the DagBag from /mnt/c/Users/Jason/Desktop/IS3107/is3107_DataEngineering/.venv/lib/python3.8/site-packages/airflow/example_dags/example_external_task_marker_dag.py
[2024-04-25T11:51:00.209+0800] {processor.py:840} INFO - DAG(s) 'example_external_task_marker_parent', 'example_external_task_marker_child' retrieved from /mnt/c/Users/Jason/Desktop/IS3107/is3107_DataEngineering/.venv/lib/python3.8/site-packages/airflow/example_dags/example_external_task_marker_dag.py
[2024-04-25T11:51:01.604+0800] {logging_mixin.py:188} INFO - [2024-04-25T11:51:01.603+0800] {dag.py:3096} INFO - Sync 2 DAGs
[2024-04-25T11:51:01.628+0800] {logging_mixin.py:188} INFO - [2024-04-25T11:51:01.626+0800] {dag.py:3954} INFO - Setting next_dagrun for example_external_task_marker_child to None, run_after=None
[2024-04-25T11:51:01.636+0800] {logging_mixin.py:188} INFO - [2024-04-25T11:51:01.635+0800] {dag.py:3954} INFO - Setting next_dagrun for example_external_task_marker_parent to None, run_after=None
[2024-04-25T11:51:01.747+0800] {processor.py:183} INFO - Processing /mnt/c/Users/Jason/Desktop/IS3107/is3107_DataEngineering/.venv/lib/python3.8/site-packages/airflow/example_dags/example_external_task_marker_dag.py took 1.582 seconds
[2024-04-25T11:53:27.015+0800] {processor.py:161} INFO - Started process (PID=1929786) to work on /mnt/c/Users/Jason/Desktop/IS3107/is3107_DataEngineering/.venv/lib/python3.8/site-packages/airflow/example_dags/example_external_task_marker_dag.py
[2024-04-25T11:53:27.019+0800] {processor.py:830} INFO - Processing file /mnt/c/Users/Jason/Desktop/IS3107/is3107_DataEngineering/.venv/lib/python3.8/site-packages/airflow/example_dags/example_external_task_marker_dag.py for tasks to queue
[2024-04-25T11:53:27.026+0800] {logging_mixin.py:188} INFO - [2024-04-25T11:53:27.023+0800] {dagbag.py:540} INFO - Filling up the DagBag from /mnt/c/Users/Jason/Desktop/IS3107/is3107_DataEngineering/.venv/lib/python3.8/site-packages/airflow/example_dags/example_external_task_marker_dag.py
[2024-04-25T11:53:27.080+0800] {processor.py:840} INFO - DAG(s) 'example_external_task_marker_parent', 'example_external_task_marker_child' retrieved from /mnt/c/Users/Jason/Desktop/IS3107/is3107_DataEngineering/.venv/lib/python3.8/site-packages/airflow/example_dags/example_external_task_marker_dag.py
[2024-04-25T11:53:27.150+0800] {logging_mixin.py:188} INFO - [2024-04-25T11:53:27.148+0800] {dag.py:3096} INFO - Sync 2 DAGs
[2024-04-25T11:53:27.179+0800] {logging_mixin.py:188} INFO - [2024-04-25T11:53:27.175+0800] {dag.py:3954} INFO - Setting next_dagrun for example_external_task_marker_child to None, run_after=None
[2024-04-25T11:53:27.192+0800] {logging_mixin.py:188} INFO - [2024-04-25T11:53:27.189+0800] {dag.py:3954} INFO - Setting next_dagrun for example_external_task_marker_parent to None, run_after=None
[2024-04-25T11:53:27.335+0800] {processor.py:183} INFO - Processing /mnt/c/Users/Jason/Desktop/IS3107/is3107_DataEngineering/.venv/lib/python3.8/site-packages/airflow/example_dags/example_external_task_marker_dag.py took 0.349 seconds
[2024-04-25T11:55:21.718+0800] {processor.py:161} INFO - Started process (PID=1930853) to work on /mnt/c/Users/Jason/Desktop/IS3107/is3107_DataEngineering/.venv/lib/python3.8/site-packages/airflow/example_dags/example_external_task_marker_dag.py
[2024-04-25T11:55:21.721+0800] {processor.py:830} INFO - Processing file /mnt/c/Users/Jason/Desktop/IS3107/is3107_DataEngineering/.venv/lib/python3.8/site-packages/airflow/example_dags/example_external_task_marker_dag.py for tasks to queue
[2024-04-25T11:55:21.724+0800] {logging_mixin.py:188} INFO - [2024-04-25T11:55:21.723+0800] {dagbag.py:540} INFO - Filling up the DagBag from /mnt/c/Users/Jason/Desktop/IS3107/is3107_DataEngineering/.venv/lib/python3.8/site-packages/airflow/example_dags/example_external_task_marker_dag.py
[2024-04-25T11:55:21.750+0800] {processor.py:840} INFO - DAG(s) 'example_external_task_marker_parent', 'example_external_task_marker_child' retrieved from /mnt/c/Users/Jason/Desktop/IS3107/is3107_DataEngineering/.venv/lib/python3.8/site-packages/airflow/example_dags/example_external_task_marker_dag.py
[2024-04-25T11:55:21.795+0800] {logging_mixin.py:188} INFO - [2024-04-25T11:55:21.793+0800] {dag.py:3096} INFO - Sync 2 DAGs
[2024-04-25T11:55:21.818+0800] {logging_mixin.py:188} INFO - [2024-04-25T11:55:21.816+0800] {dag.py:3954} INFO - Setting next_dagrun for example_external_task_marker_child to None, run_after=None
[2024-04-25T11:55:21.830+0800] {logging_mixin.py:188} INFO - [2024-04-25T11:55:21.828+0800] {dag.py:3954} INFO - Setting next_dagrun for example_external_task_marker_parent to None, run_after=None
[2024-04-25T11:55:21.945+0800] {processor.py:183} INFO - Processing /mnt/c/Users/Jason/Desktop/IS3107/is3107_DataEngineering/.venv/lib/python3.8/site-packages/airflow/example_dags/example_external_task_marker_dag.py took 0.242 seconds
[2024-04-25T11:57:31.224+0800] {processor.py:161} INFO - Started process (PID=1932107) to work on /mnt/c/Users/Jason/Desktop/IS3107/is3107_DataEngineering/.venv/lib/python3.8/site-packages/airflow/example_dags/example_external_task_marker_dag.py
[2024-04-25T11:57:31.226+0800] {processor.py:830} INFO - Processing file /mnt/c/Users/Jason/Desktop/IS3107/is3107_DataEngineering/.venv/lib/python3.8/site-packages/airflow/example_dags/example_external_task_marker_dag.py for tasks to queue
[2024-04-25T11:57:31.228+0800] {logging_mixin.py:188} INFO - [2024-04-25T11:57:31.227+0800] {dagbag.py:540} INFO - Filling up the DagBag from /mnt/c/Users/Jason/Desktop/IS3107/is3107_DataEngineering/.venv/lib/python3.8/site-packages/airflow/example_dags/example_external_task_marker_dag.py
[2024-04-25T11:57:31.247+0800] {processor.py:840} INFO - DAG(s) 'example_external_task_marker_parent', 'example_external_task_marker_child' retrieved from /mnt/c/Users/Jason/Desktop/IS3107/is3107_DataEngineering/.venv/lib/python3.8/site-packages/airflow/example_dags/example_external_task_marker_dag.py
[2024-04-25T11:57:31.279+0800] {logging_mixin.py:188} INFO - [2024-04-25T11:57:31.278+0800] {dag.py:3096} INFO - Sync 2 DAGs
[2024-04-25T11:57:31.295+0800] {logging_mixin.py:188} INFO - [2024-04-25T11:57:31.294+0800] {dag.py:3954} INFO - Setting next_dagrun for example_external_task_marker_child to None, run_after=None
[2024-04-25T11:57:31.303+0800] {logging_mixin.py:188} INFO - [2024-04-25T11:57:31.301+0800] {dag.py:3954} INFO - Setting next_dagrun for example_external_task_marker_parent to None, run_after=None
[2024-04-25T11:57:31.393+0800] {processor.py:183} INFO - Processing /mnt/c/Users/Jason/Desktop/IS3107/is3107_DataEngineering/.venv/lib/python3.8/site-packages/airflow/example_dags/example_external_task_marker_dag.py took 0.182 seconds
[2024-04-25T11:59:50.937+0800] {processor.py:161} INFO - Started process (PID=1933469) to work on /mnt/c/Users/Jason/Desktop/IS3107/is3107_DataEngineering/.venv/lib/python3.8/site-packages/airflow/example_dags/example_external_task_marker_dag.py
[2024-04-25T11:59:50.940+0800] {processor.py:830} INFO - Processing file /mnt/c/Users/Jason/Desktop/IS3107/is3107_DataEngineering/.venv/lib/python3.8/site-packages/airflow/example_dags/example_external_task_marker_dag.py for tasks to queue
[2024-04-25T11:59:50.944+0800] {logging_mixin.py:188} INFO - [2024-04-25T11:59:50.943+0800] {dagbag.py:540} INFO - Filling up the DagBag from /mnt/c/Users/Jason/Desktop/IS3107/is3107_DataEngineering/.venv/lib/python3.8/site-packages/airflow/example_dags/example_external_task_marker_dag.py
[2024-04-25T11:59:50.971+0800] {processor.py:840} INFO - DAG(s) 'example_external_task_marker_parent', 'example_external_task_marker_child' retrieved from /mnt/c/Users/Jason/Desktop/IS3107/is3107_DataEngineering/.venv/lib/python3.8/site-packages/airflow/example_dags/example_external_task_marker_dag.py
[2024-04-25T11:59:51.022+0800] {logging_mixin.py:188} INFO - [2024-04-25T11:59:51.020+0800] {dag.py:3096} INFO - Sync 2 DAGs
[2024-04-25T11:59:51.045+0800] {logging_mixin.py:188} INFO - [2024-04-25T11:59:51.044+0800] {dag.py:3954} INFO - Setting next_dagrun for example_external_task_marker_child to None, run_after=None
[2024-04-25T11:59:51.053+0800] {logging_mixin.py:188} INFO - [2024-04-25T11:59:51.052+0800] {dag.py:3954} INFO - Setting next_dagrun for example_external_task_marker_parent to None, run_after=None
[2024-04-25T11:59:51.186+0800] {processor.py:183} INFO - Processing /mnt/c/Users/Jason/Desktop/IS3107/is3107_DataEngineering/.venv/lib/python3.8/site-packages/airflow/example_dags/example_external_task_marker_dag.py took 0.263 seconds
[2024-04-25T12:02:21.709+0800] {processor.py:161} INFO - Started process (PID=1934899) to work on /mnt/c/Users/Jason/Desktop/IS3107/is3107_DataEngineering/.venv/lib/python3.8/site-packages/airflow/example_dags/example_external_task_marker_dag.py
[2024-04-25T12:02:21.711+0800] {processor.py:830} INFO - Processing file /mnt/c/Users/Jason/Desktop/IS3107/is3107_DataEngineering/.venv/lib/python3.8/site-packages/airflow/example_dags/example_external_task_marker_dag.py for tasks to queue
[2024-04-25T12:02:21.713+0800] {logging_mixin.py:188} INFO - [2024-04-25T12:02:21.712+0800] {dagbag.py:540} INFO - Filling up the DagBag from /mnt/c/Users/Jason/Desktop/IS3107/is3107_DataEngineering/.venv/lib/python3.8/site-packages/airflow/example_dags/example_external_task_marker_dag.py
[2024-04-25T12:02:21.734+0800] {processor.py:840} INFO - DAG(s) 'example_external_task_marker_parent', 'example_external_task_marker_child' retrieved from /mnt/c/Users/Jason/Desktop/IS3107/is3107_DataEngineering/.venv/lib/python3.8/site-packages/airflow/example_dags/example_external_task_marker_dag.py
[2024-04-25T12:02:21.771+0800] {logging_mixin.py:188} INFO - [2024-04-25T12:02:21.770+0800] {dag.py:3096} INFO - Sync 2 DAGs
[2024-04-25T12:02:21.790+0800] {logging_mixin.py:188} INFO - [2024-04-25T12:02:21.789+0800] {dag.py:3954} INFO - Setting next_dagrun for example_external_task_marker_child to None, run_after=None
[2024-04-25T12:02:21.798+0800] {logging_mixin.py:188} INFO - [2024-04-25T12:02:21.797+0800] {dag.py:3954} INFO - Setting next_dagrun for example_external_task_marker_parent to None, run_after=None
[2024-04-25T12:02:21.901+0800] {processor.py:183} INFO - Processing /mnt/c/Users/Jason/Desktop/IS3107/is3107_DataEngineering/.venv/lib/python3.8/site-packages/airflow/example_dags/example_external_task_marker_dag.py took 0.206 seconds
[2024-04-25T12:04:46.461+0800] {processor.py:161} INFO - Started process (PID=1936280) to work on /mnt/c/Users/Jason/Desktop/IS3107/is3107_DataEngineering/.venv/lib/python3.8/site-packages/airflow/example_dags/example_external_task_marker_dag.py
[2024-04-25T12:04:46.464+0800] {processor.py:830} INFO - Processing file /mnt/c/Users/Jason/Desktop/IS3107/is3107_DataEngineering/.venv/lib/python3.8/site-packages/airflow/example_dags/example_external_task_marker_dag.py for tasks to queue
[2024-04-25T12:04:46.467+0800] {logging_mixin.py:188} INFO - [2024-04-25T12:04:46.466+0800] {dagbag.py:540} INFO - Filling up the DagBag from /mnt/c/Users/Jason/Desktop/IS3107/is3107_DataEngineering/.venv/lib/python3.8/site-packages/airflow/example_dags/example_external_task_marker_dag.py
[2024-04-25T12:04:46.492+0800] {processor.py:840} INFO - DAG(s) 'example_external_task_marker_child', 'example_external_task_marker_parent' retrieved from /mnt/c/Users/Jason/Desktop/IS3107/is3107_DataEngineering/.venv/lib/python3.8/site-packages/airflow/example_dags/example_external_task_marker_dag.py
[2024-04-25T12:04:46.543+0800] {logging_mixin.py:188} INFO - [2024-04-25T12:04:46.542+0800] {dag.py:3096} INFO - Sync 2 DAGs
[2024-04-25T12:04:46.567+0800] {logging_mixin.py:188} INFO - [2024-04-25T12:04:46.566+0800] {dag.py:3954} INFO - Setting next_dagrun for example_external_task_marker_child to None, run_after=None
[2024-04-25T12:04:46.576+0800] {logging_mixin.py:188} INFO - [2024-04-25T12:04:46.574+0800] {dag.py:3954} INFO - Setting next_dagrun for example_external_task_marker_parent to None, run_after=None
[2024-04-25T12:04:46.646+0800] {processor.py:183} INFO - Processing /mnt/c/Users/Jason/Desktop/IS3107/is3107_DataEngineering/.venv/lib/python3.8/site-packages/airflow/example_dags/example_external_task_marker_dag.py took 0.200 seconds
[2024-04-25T12:06:53.543+0800] {processor.py:161} INFO - Started process (PID=1937516) to work on /mnt/c/Users/Jason/Desktop/IS3107/is3107_DataEngineering/.venv/lib/python3.8/site-packages/airflow/example_dags/example_external_task_marker_dag.py
[2024-04-25T12:06:53.545+0800] {processor.py:830} INFO - Processing file /mnt/c/Users/Jason/Desktop/IS3107/is3107_DataEngineering/.venv/lib/python3.8/site-packages/airflow/example_dags/example_external_task_marker_dag.py for tasks to queue
[2024-04-25T12:06:53.548+0800] {logging_mixin.py:188} INFO - [2024-04-25T12:06:53.547+0800] {dagbag.py:540} INFO - Filling up the DagBag from /mnt/c/Users/Jason/Desktop/IS3107/is3107_DataEngineering/.venv/lib/python3.8/site-packages/airflow/example_dags/example_external_task_marker_dag.py
[2024-04-25T12:06:53.572+0800] {processor.py:840} INFO - DAG(s) 'example_external_task_marker_child', 'example_external_task_marker_parent' retrieved from /mnt/c/Users/Jason/Desktop/IS3107/is3107_DataEngineering/.venv/lib/python3.8/site-packages/airflow/example_dags/example_external_task_marker_dag.py
[2024-04-25T12:06:53.602+0800] {logging_mixin.py:188} INFO - [2024-04-25T12:06:53.601+0800] {dag.py:3096} INFO - Sync 2 DAGs
[2024-04-25T12:06:53.618+0800] {logging_mixin.py:188} INFO - [2024-04-25T12:06:53.617+0800] {dag.py:3954} INFO - Setting next_dagrun for example_external_task_marker_child to None, run_after=None
[2024-04-25T12:06:53.624+0800] {logging_mixin.py:188} INFO - [2024-04-25T12:06:53.623+0800] {dag.py:3954} INFO - Setting next_dagrun for example_external_task_marker_parent to None, run_after=None
[2024-04-25T12:06:53.690+0800] {processor.py:183} INFO - Processing /mnt/c/Users/Jason/Desktop/IS3107/is3107_DataEngineering/.venv/lib/python3.8/site-packages/airflow/example_dags/example_external_task_marker_dag.py took 0.161 seconds
[2024-04-25T12:08:51.209+0800] {processor.py:161} INFO - Started process (PID=1938667) to work on /mnt/c/Users/Jason/Desktop/IS3107/is3107_DataEngineering/.venv/lib/python3.8/site-packages/airflow/example_dags/example_external_task_marker_dag.py
[2024-04-25T12:08:51.210+0800] {processor.py:830} INFO - Processing file /mnt/c/Users/Jason/Desktop/IS3107/is3107_DataEngineering/.venv/lib/python3.8/site-packages/airflow/example_dags/example_external_task_marker_dag.py for tasks to queue
[2024-04-25T12:08:51.212+0800] {logging_mixin.py:188} INFO - [2024-04-25T12:08:51.211+0800] {dagbag.py:540} INFO - Filling up the DagBag from /mnt/c/Users/Jason/Desktop/IS3107/is3107_DataEngineering/.venv/lib/python3.8/site-packages/airflow/example_dags/example_external_task_marker_dag.py
[2024-04-25T12:08:51.229+0800] {processor.py:840} INFO - DAG(s) 'example_external_task_marker_child', 'example_external_task_marker_parent' retrieved from /mnt/c/Users/Jason/Desktop/IS3107/is3107_DataEngineering/.venv/lib/python3.8/site-packages/airflow/example_dags/example_external_task_marker_dag.py
[2024-04-25T12:08:51.259+0800] {logging_mixin.py:188} INFO - [2024-04-25T12:08:51.259+0800] {dag.py:3096} INFO - Sync 2 DAGs
[2024-04-25T12:08:51.272+0800] {logging_mixin.py:188} INFO - [2024-04-25T12:08:51.271+0800] {dag.py:3954} INFO - Setting next_dagrun for example_external_task_marker_child to None, run_after=None
[2024-04-25T12:08:51.276+0800] {logging_mixin.py:188} INFO - [2024-04-25T12:08:51.276+0800] {dag.py:3954} INFO - Setting next_dagrun for example_external_task_marker_parent to None, run_after=None
[2024-04-25T12:08:51.329+0800] {processor.py:183} INFO - Processing /mnt/c/Users/Jason/Desktop/IS3107/is3107_DataEngineering/.venv/lib/python3.8/site-packages/airflow/example_dags/example_external_task_marker_dag.py took 0.128 seconds
[2024-04-25T12:11:19.063+0800] {processor.py:161} INFO - Started process (PID=1940103) to work on /mnt/c/Users/Jason/Desktop/IS3107/is3107_DataEngineering/.venv/lib/python3.8/site-packages/airflow/example_dags/example_external_task_marker_dag.py
[2024-04-25T12:11:19.066+0800] {processor.py:830} INFO - Processing file /mnt/c/Users/Jason/Desktop/IS3107/is3107_DataEngineering/.venv/lib/python3.8/site-packages/airflow/example_dags/example_external_task_marker_dag.py for tasks to queue
[2024-04-25T12:11:19.069+0800] {logging_mixin.py:188} INFO - [2024-04-25T12:11:19.068+0800] {dagbag.py:540} INFO - Filling up the DagBag from /mnt/c/Users/Jason/Desktop/IS3107/is3107_DataEngineering/.venv/lib/python3.8/site-packages/airflow/example_dags/example_external_task_marker_dag.py
[2024-04-25T12:11:19.099+0800] {processor.py:840} INFO - DAG(s) 'example_external_task_marker_parent', 'example_external_task_marker_child' retrieved from /mnt/c/Users/Jason/Desktop/IS3107/is3107_DataEngineering/.venv/lib/python3.8/site-packages/airflow/example_dags/example_external_task_marker_dag.py
[2024-04-25T12:11:19.158+0800] {logging_mixin.py:188} INFO - [2024-04-25T12:11:19.156+0800] {dag.py:3096} INFO - Sync 2 DAGs
[2024-04-25T12:11:19.195+0800] {logging_mixin.py:188} INFO - [2024-04-25T12:11:19.192+0800] {dag.py:3954} INFO - Setting next_dagrun for example_external_task_marker_child to None, run_after=None
[2024-04-25T12:11:19.207+0800] {logging_mixin.py:188} INFO - [2024-04-25T12:11:19.205+0800] {dag.py:3954} INFO - Setting next_dagrun for example_external_task_marker_parent to None, run_after=None
[2024-04-25T12:11:19.414+0800] {processor.py:183} INFO - Processing /mnt/c/Users/Jason/Desktop/IS3107/is3107_DataEngineering/.venv/lib/python3.8/site-packages/airflow/example_dags/example_external_task_marker_dag.py took 0.370 seconds
[2024-04-25T12:13:37.850+0800] {processor.py:161} INFO - Started process (PID=1941437) to work on /mnt/c/Users/Jason/Desktop/IS3107/is3107_DataEngineering/.venv/lib/python3.8/site-packages/airflow/example_dags/example_external_task_marker_dag.py
[2024-04-25T12:13:37.853+0800] {processor.py:830} INFO - Processing file /mnt/c/Users/Jason/Desktop/IS3107/is3107_DataEngineering/.venv/lib/python3.8/site-packages/airflow/example_dags/example_external_task_marker_dag.py for tasks to queue
[2024-04-25T12:13:37.856+0800] {logging_mixin.py:188} INFO - [2024-04-25T12:13:37.855+0800] {dagbag.py:540} INFO - Filling up the DagBag from /mnt/c/Users/Jason/Desktop/IS3107/is3107_DataEngineering/.venv/lib/python3.8/site-packages/airflow/example_dags/example_external_task_marker_dag.py
[2024-04-25T12:13:37.883+0800] {processor.py:840} INFO - DAG(s) 'example_external_task_marker_child', 'example_external_task_marker_parent' retrieved from /mnt/c/Users/Jason/Desktop/IS3107/is3107_DataEngineering/.venv/lib/python3.8/site-packages/airflow/example_dags/example_external_task_marker_dag.py
[2024-04-25T12:13:37.925+0800] {logging_mixin.py:188} INFO - [2024-04-25T12:13:37.924+0800] {dag.py:3096} INFO - Sync 2 DAGs
[2024-04-25T12:13:37.945+0800] {logging_mixin.py:188} INFO - [2024-04-25T12:13:37.943+0800] {dag.py:3954} INFO - Setting next_dagrun for example_external_task_marker_child to None, run_after=None
[2024-04-25T12:13:37.951+0800] {logging_mixin.py:188} INFO - [2024-04-25T12:13:37.951+0800] {dag.py:3954} INFO - Setting next_dagrun for example_external_task_marker_parent to None, run_after=None
[2024-04-25T12:13:38.032+0800] {processor.py:183} INFO - Processing /mnt/c/Users/Jason/Desktop/IS3107/is3107_DataEngineering/.venv/lib/python3.8/site-packages/airflow/example_dags/example_external_task_marker_dag.py took 0.203 seconds
