[2024-04-25T11:51:16.997+0800] {processor.py:161} INFO - Started process (PID=1928579) to work on /mnt/c/Users/Jason/Desktop/IS3107/is3107_DataEngineering/.venv/lib/python3.8/site-packages/airflow/example_dags/example_params_ui_tutorial.py
[2024-04-25T11:51:16.998+0800] {processor.py:830} INFO - Processing file /mnt/c/Users/Jason/Desktop/IS3107/is3107_DataEngineering/.venv/lib/python3.8/site-packages/airflow/example_dags/example_params_ui_tutorial.py for tasks to queue
[2024-04-25T11:51:17.000+0800] {logging_mixin.py:188} INFO - [2024-04-25T11:51:16.999+0800] {dagbag.py:540} INFO - Filling up the DagBag from /mnt/c/Users/Jason/Desktop/IS3107/is3107_DataEngineering/.venv/lib/python3.8/site-packages/airflow/example_dags/example_params_ui_tutorial.py
[2024-04-25T11:51:17.030+0800] {processor.py:840} INFO - DAG(s) 'example_params_ui_tutorial' retrieved from /mnt/c/Users/Jason/Desktop/IS3107/is3107_DataEngineering/.venv/lib/python3.8/site-packages/airflow/example_dags/example_params_ui_tutorial.py
[2024-04-25T11:51:18.294+0800] {logging_mixin.py:188} INFO - [2024-04-25T11:51:18.292+0800] {dag.py:3096} INFO - Sync 1 DAGs
[2024-04-25T11:51:18.316+0800] {logging_mixin.py:188} INFO - [2024-04-25T11:51:18.314+0800] {dag.py:3954} INFO - Setting next_dagrun for example_params_ui_tutorial to None, run_after=None
[2024-04-25T11:51:18.433+0800] {processor.py:183} INFO - Processing /mnt/c/Users/Jason/Desktop/IS3107/is3107_DataEngineering/.venv/lib/python3.8/site-packages/airflow/example_dags/example_params_ui_tutorial.py took 1.447 seconds
[2024-04-25T11:53:37.761+0800] {processor.py:161} INFO - Started process (PID=1929883) to work on /mnt/c/Users/Jason/Desktop/IS3107/is3107_DataEngineering/.venv/lib/python3.8/site-packages/airflow/example_dags/example_params_ui_tutorial.py
[2024-04-25T11:53:37.765+0800] {processor.py:830} INFO - Processing file /mnt/c/Users/Jason/Desktop/IS3107/is3107_DataEngineering/.venv/lib/python3.8/site-packages/airflow/example_dags/example_params_ui_tutorial.py for tasks to queue
[2024-04-25T11:53:37.771+0800] {logging_mixin.py:188} INFO - [2024-04-25T11:53:37.769+0800] {dagbag.py:540} INFO - Filling up the DagBag from /mnt/c/Users/Jason/Desktop/IS3107/is3107_DataEngineering/.venv/lib/python3.8/site-packages/airflow/example_dags/example_params_ui_tutorial.py
[2024-04-25T11:53:37.844+0800] {processor.py:840} INFO - DAG(s) 'example_params_ui_tutorial' retrieved from /mnt/c/Users/Jason/Desktop/IS3107/is3107_DataEngineering/.venv/lib/python3.8/site-packages/airflow/example_dags/example_params_ui_tutorial.py
[2024-04-25T11:53:37.993+0800] {logging_mixin.py:188} INFO - [2024-04-25T11:53:37.991+0800] {dag.py:3096} INFO - Sync 1 DAGs
[2024-04-25T11:53:38.031+0800] {logging_mixin.py:188} INFO - [2024-04-25T11:53:38.028+0800] {dag.py:3954} INFO - Setting next_dagrun for example_params_ui_tutorial to None, run_after=None
[2024-04-25T11:53:38.200+0800] {processor.py:183} INFO - Processing /mnt/c/Users/Jason/Desktop/IS3107/is3107_DataEngineering/.venv/lib/python3.8/site-packages/airflow/example_dags/example_params_ui_tutorial.py took 0.467 seconds
[2024-04-25T11:56:30.504+0800] {processor.py:161} INFO - Started process (PID=1931520) to work on /mnt/c/Users/Jason/Desktop/IS3107/is3107_DataEngineering/.venv/lib/python3.8/site-packages/airflow/example_dags/example_params_ui_tutorial.py
[2024-04-25T11:56:30.507+0800] {processor.py:830} INFO - Processing file /mnt/c/Users/Jason/Desktop/IS3107/is3107_DataEngineering/.venv/lib/python3.8/site-packages/airflow/example_dags/example_params_ui_tutorial.py for tasks to queue
[2024-04-25T11:56:30.511+0800] {logging_mixin.py:188} INFO - [2024-04-25T11:56:30.509+0800] {dagbag.py:540} INFO - Filling up the DagBag from /mnt/c/Users/Jason/Desktop/IS3107/is3107_DataEngineering/.venv/lib/python3.8/site-packages/airflow/example_dags/example_params_ui_tutorial.py
[2024-04-25T11:56:30.554+0800] {processor.py:840} INFO - DAG(s) 'example_params_ui_tutorial' retrieved from /mnt/c/Users/Jason/Desktop/IS3107/is3107_DataEngineering/.venv/lib/python3.8/site-packages/airflow/example_dags/example_params_ui_tutorial.py
[2024-04-25T11:56:30.638+0800] {logging_mixin.py:188} INFO - [2024-04-25T11:56:30.636+0800] {dag.py:3096} INFO - Sync 1 DAGs
[2024-04-25T11:56:30.658+0800] {logging_mixin.py:188} INFO - [2024-04-25T11:56:30.657+0800] {dag.py:3954} INFO - Setting next_dagrun for example_params_ui_tutorial to None, run_after=None
[2024-04-25T11:56:30.751+0800] {processor.py:183} INFO - Processing /mnt/c/Users/Jason/Desktop/IS3107/is3107_DataEngineering/.venv/lib/python3.8/site-packages/airflow/example_dags/example_params_ui_tutorial.py took 0.265 seconds
[2024-04-25T11:58:37.405+0800] {processor.py:161} INFO - Started process (PID=1932752) to work on /mnt/c/Users/Jason/Desktop/IS3107/is3107_DataEngineering/.venv/lib/python3.8/site-packages/airflow/example_dags/example_params_ui_tutorial.py
[2024-04-25T11:58:37.407+0800] {processor.py:830} INFO - Processing file /mnt/c/Users/Jason/Desktop/IS3107/is3107_DataEngineering/.venv/lib/python3.8/site-packages/airflow/example_dags/example_params_ui_tutorial.py for tasks to queue
[2024-04-25T11:58:37.410+0800] {logging_mixin.py:188} INFO - [2024-04-25T11:58:37.409+0800] {dagbag.py:540} INFO - Filling up the DagBag from /mnt/c/Users/Jason/Desktop/IS3107/is3107_DataEngineering/.venv/lib/python3.8/site-packages/airflow/example_dags/example_params_ui_tutorial.py
[2024-04-25T11:58:37.453+0800] {processor.py:840} INFO - DAG(s) 'example_params_ui_tutorial' retrieved from /mnt/c/Users/Jason/Desktop/IS3107/is3107_DataEngineering/.venv/lib/python3.8/site-packages/airflow/example_dags/example_params_ui_tutorial.py
[2024-04-25T11:58:37.535+0800] {logging_mixin.py:188} INFO - [2024-04-25T11:58:37.534+0800] {dag.py:3096} INFO - Sync 1 DAGs
[2024-04-25T11:58:37.557+0800] {logging_mixin.py:188} INFO - [2024-04-25T11:58:37.555+0800] {dag.py:3954} INFO - Setting next_dagrun for example_params_ui_tutorial to None, run_after=None
[2024-04-25T11:58:37.646+0800] {processor.py:183} INFO - Processing /mnt/c/Users/Jason/Desktop/IS3107/is3107_DataEngineering/.venv/lib/python3.8/site-packages/airflow/example_dags/example_params_ui_tutorial.py took 0.255 seconds
[2024-04-25T12:01:08.393+0800] {processor.py:161} INFO - Started process (PID=1934195) to work on /mnt/c/Users/Jason/Desktop/IS3107/is3107_DataEngineering/.venv/lib/python3.8/site-packages/airflow/example_dags/example_params_ui_tutorial.py
[2024-04-25T12:01:08.395+0800] {processor.py:830} INFO - Processing file /mnt/c/Users/Jason/Desktop/IS3107/is3107_DataEngineering/.venv/lib/python3.8/site-packages/airflow/example_dags/example_params_ui_tutorial.py for tasks to queue
[2024-04-25T12:01:08.398+0800] {logging_mixin.py:188} INFO - [2024-04-25T12:01:08.396+0800] {dagbag.py:540} INFO - Filling up the DagBag from /mnt/c/Users/Jason/Desktop/IS3107/is3107_DataEngineering/.venv/lib/python3.8/site-packages/airflow/example_dags/example_params_ui_tutorial.py
[2024-04-25T12:01:08.439+0800] {processor.py:840} INFO - DAG(s) 'example_params_ui_tutorial' retrieved from /mnt/c/Users/Jason/Desktop/IS3107/is3107_DataEngineering/.venv/lib/python3.8/site-packages/airflow/example_dags/example_params_ui_tutorial.py
[2024-04-25T12:01:08.513+0800] {logging_mixin.py:188} INFO - [2024-04-25T12:01:08.511+0800] {dag.py:3096} INFO - Sync 1 DAGs
[2024-04-25T12:01:08.533+0800] {logging_mixin.py:188} INFO - [2024-04-25T12:01:08.531+0800] {dag.py:3954} INFO - Setting next_dagrun for example_params_ui_tutorial to None, run_after=None
[2024-04-25T12:01:08.637+0800] {processor.py:183} INFO - Processing /mnt/c/Users/Jason/Desktop/IS3107/is3107_DataEngineering/.venv/lib/python3.8/site-packages/airflow/example_dags/example_params_ui_tutorial.py took 0.256 seconds
[2024-04-25T12:03:33.063+0800] {processor.py:161} INFO - Started process (PID=1935599) to work on /mnt/c/Users/Jason/Desktop/IS3107/is3107_DataEngineering/.venv/lib/python3.8/site-packages/airflow/example_dags/example_params_ui_tutorial.py
[2024-04-25T12:03:33.065+0800] {processor.py:830} INFO - Processing file /mnt/c/Users/Jason/Desktop/IS3107/is3107_DataEngineering/.venv/lib/python3.8/site-packages/airflow/example_dags/example_params_ui_tutorial.py for tasks to queue
[2024-04-25T12:03:33.068+0800] {logging_mixin.py:188} INFO - [2024-04-25T12:03:33.067+0800] {dagbag.py:540} INFO - Filling up the DagBag from /mnt/c/Users/Jason/Desktop/IS3107/is3107_DataEngineering/.venv/lib/python3.8/site-packages/airflow/example_dags/example_params_ui_tutorial.py
[2024-04-25T12:03:33.107+0800] {processor.py:840} INFO - DAG(s) 'example_params_ui_tutorial' retrieved from /mnt/c/Users/Jason/Desktop/IS3107/is3107_DataEngineering/.venv/lib/python3.8/site-packages/airflow/example_dags/example_params_ui_tutorial.py
[2024-04-25T12:03:33.188+0800] {logging_mixin.py:188} INFO - [2024-04-25T12:03:33.186+0800] {dag.py:3096} INFO - Sync 1 DAGs
[2024-04-25T12:03:33.210+0800] {logging_mixin.py:188} INFO - [2024-04-25T12:03:33.209+0800] {dag.py:3954} INFO - Setting next_dagrun for example_params_ui_tutorial to None, run_after=None
[2024-04-25T12:03:33.290+0800] {processor.py:183} INFO - Processing /mnt/c/Users/Jason/Desktop/IS3107/is3107_DataEngineering/.venv/lib/python3.8/site-packages/airflow/example_dags/example_params_ui_tutorial.py took 0.241 seconds
[2024-04-25T12:05:54.517+0800] {processor.py:161} INFO - Started process (PID=1936931) to work on /mnt/c/Users/Jason/Desktop/IS3107/is3107_DataEngineering/.venv/lib/python3.8/site-packages/airflow/example_dags/example_params_ui_tutorial.py
[2024-04-25T12:05:54.519+0800] {processor.py:830} INFO - Processing file /mnt/c/Users/Jason/Desktop/IS3107/is3107_DataEngineering/.venv/lib/python3.8/site-packages/airflow/example_dags/example_params_ui_tutorial.py for tasks to queue
[2024-04-25T12:05:54.522+0800] {logging_mixin.py:188} INFO - [2024-04-25T12:05:54.521+0800] {dagbag.py:540} INFO - Filling up the DagBag from /mnt/c/Users/Jason/Desktop/IS3107/is3107_DataEngineering/.venv/lib/python3.8/site-packages/airflow/example_dags/example_params_ui_tutorial.py
[2024-04-25T12:05:54.567+0800] {processor.py:840} INFO - DAG(s) 'example_params_ui_tutorial' retrieved from /mnt/c/Users/Jason/Desktop/IS3107/is3107_DataEngineering/.venv/lib/python3.8/site-packages/airflow/example_dags/example_params_ui_tutorial.py
[2024-04-25T12:05:54.657+0800] {logging_mixin.py:188} INFO - [2024-04-25T12:05:54.656+0800] {dag.py:3096} INFO - Sync 1 DAGs
[2024-04-25T12:05:54.685+0800] {logging_mixin.py:188} INFO - [2024-04-25T12:05:54.684+0800] {dag.py:3954} INFO - Setting next_dagrun for example_params_ui_tutorial to None, run_after=None
[2024-04-25T12:05:54.770+0800] {processor.py:183} INFO - Processing /mnt/c/Users/Jason/Desktop/IS3107/is3107_DataEngineering/.venv/lib/python3.8/site-packages/airflow/example_dags/example_params_ui_tutorial.py took 0.278 seconds
[2024-04-25T12:07:54.302+0800] {processor.py:161} INFO - Started process (PID=1938111) to work on /mnt/c/Users/Jason/Desktop/IS3107/is3107_DataEngineering/.venv/lib/python3.8/site-packages/airflow/example_dags/example_params_ui_tutorial.py
[2024-04-25T12:07:54.304+0800] {processor.py:830} INFO - Processing file /mnt/c/Users/Jason/Desktop/IS3107/is3107_DataEngineering/.venv/lib/python3.8/site-packages/airflow/example_dags/example_params_ui_tutorial.py for tasks to queue
[2024-04-25T12:07:54.305+0800] {logging_mixin.py:188} INFO - [2024-04-25T12:07:54.305+0800] {dagbag.py:540} INFO - Filling up the DagBag from /mnt/c/Users/Jason/Desktop/IS3107/is3107_DataEngineering/.venv/lib/python3.8/site-packages/airflow/example_dags/example_params_ui_tutorial.py
[2024-04-25T12:07:54.330+0800] {processor.py:840} INFO - DAG(s) 'example_params_ui_tutorial' retrieved from /mnt/c/Users/Jason/Desktop/IS3107/is3107_DataEngineering/.venv/lib/python3.8/site-packages/airflow/example_dags/example_params_ui_tutorial.py
[2024-04-25T12:07:54.385+0800] {logging_mixin.py:188} INFO - [2024-04-25T12:07:54.384+0800] {dag.py:3096} INFO - Sync 1 DAGs
[2024-04-25T12:07:54.398+0800] {logging_mixin.py:188} INFO - [2024-04-25T12:07:54.397+0800] {dag.py:3954} INFO - Setting next_dagrun for example_params_ui_tutorial to None, run_after=None
[2024-04-25T12:07:54.468+0800] {processor.py:183} INFO - Processing /mnt/c/Users/Jason/Desktop/IS3107/is3107_DataEngineering/.venv/lib/python3.8/site-packages/airflow/example_dags/example_params_ui_tutorial.py took 0.175 seconds
[2024-04-25T12:10:00.582+0800] {processor.py:161} INFO - Started process (PID=1939346) to work on /mnt/c/Users/Jason/Desktop/IS3107/is3107_DataEngineering/.venv/lib/python3.8/site-packages/airflow/example_dags/example_params_ui_tutorial.py
[2024-04-25T12:10:00.586+0800] {processor.py:830} INFO - Processing file /mnt/c/Users/Jason/Desktop/IS3107/is3107_DataEngineering/.venv/lib/python3.8/site-packages/airflow/example_dags/example_params_ui_tutorial.py for tasks to queue
[2024-04-25T12:10:00.591+0800] {logging_mixin.py:188} INFO - [2024-04-25T12:10:00.589+0800] {dagbag.py:540} INFO - Filling up the DagBag from /mnt/c/Users/Jason/Desktop/IS3107/is3107_DataEngineering/.venv/lib/python3.8/site-packages/airflow/example_dags/example_params_ui_tutorial.py
[2024-04-25T12:10:00.649+0800] {processor.py:840} INFO - DAG(s) 'example_params_ui_tutorial' retrieved from /mnt/c/Users/Jason/Desktop/IS3107/is3107_DataEngineering/.venv/lib/python3.8/site-packages/airflow/example_dags/example_params_ui_tutorial.py
[2024-04-25T12:10:00.765+0800] {logging_mixin.py:188} INFO - [2024-04-25T12:10:00.763+0800] {dag.py:3096} INFO - Sync 1 DAGs
[2024-04-25T12:10:00.795+0800] {logging_mixin.py:188} INFO - [2024-04-25T12:10:00.793+0800] {dag.py:3954} INFO - Setting next_dagrun for example_params_ui_tutorial to None, run_after=None
[2024-04-25T12:10:00.899+0800] {processor.py:183} INFO - Processing /mnt/c/Users/Jason/Desktop/IS3107/is3107_DataEngineering/.venv/lib/python3.8/site-packages/airflow/example_dags/example_params_ui_tutorial.py took 0.335 seconds
[2024-04-25T12:12:35.116+0800] {processor.py:161} INFO - Started process (PID=1940813) to work on /mnt/c/Users/Jason/Desktop/IS3107/is3107_DataEngineering/.venv/lib/python3.8/site-packages/airflow/example_dags/example_params_ui_tutorial.py
[2024-04-25T12:12:35.117+0800] {processor.py:830} INFO - Processing file /mnt/c/Users/Jason/Desktop/IS3107/is3107_DataEngineering/.venv/lib/python3.8/site-packages/airflow/example_dags/example_params_ui_tutorial.py for tasks to queue
[2024-04-25T12:12:35.119+0800] {logging_mixin.py:188} INFO - [2024-04-25T12:12:35.118+0800] {dagbag.py:540} INFO - Filling up the DagBag from /mnt/c/Users/Jason/Desktop/IS3107/is3107_DataEngineering/.venv/lib/python3.8/site-packages/airflow/example_dags/example_params_ui_tutorial.py
[2024-04-25T12:12:35.149+0800] {processor.py:840} INFO - DAG(s) 'example_params_ui_tutorial' retrieved from /mnt/c/Users/Jason/Desktop/IS3107/is3107_DataEngineering/.venv/lib/python3.8/site-packages/airflow/example_dags/example_params_ui_tutorial.py
[2024-04-25T12:12:35.204+0800] {logging_mixin.py:188} INFO - [2024-04-25T12:12:35.203+0800] {dag.py:3096} INFO - Sync 1 DAGs
[2024-04-25T12:12:35.229+0800] {logging_mixin.py:188} INFO - [2024-04-25T12:12:35.228+0800] {dag.py:3954} INFO - Setting next_dagrun for example_params_ui_tutorial to None, run_after=None
[2024-04-25T12:12:35.351+0800] {processor.py:183} INFO - Processing /mnt/c/Users/Jason/Desktop/IS3107/is3107_DataEngineering/.venv/lib/python3.8/site-packages/airflow/example_dags/example_params_ui_tutorial.py took 0.247 seconds
