[2024-04-25T11:51:57.418+0800] {processor.py:161} INFO - Started process (PID=1928934) to work on /mnt/c/Users/Jason/Desktop/IS3107/is3107_DataEngineering/.venv/lib/python3.8/site-packages/airflow/example_dags/example_time_delta_sensor_async.py
[2024-04-25T11:51:57.420+0800] {processor.py:830} INFO - Processing file /mnt/c/Users/Jason/Desktop/IS3107/is3107_DataEngineering/.venv/lib/python3.8/site-packages/airflow/example_dags/example_time_delta_sensor_async.py for tasks to queue
[2024-04-25T11:51:57.423+0800] {logging_mixin.py:188} INFO - [2024-04-25T11:51:57.422+0800] {dagbag.py:540} INFO - Filling up the DagBag from /mnt/c/Users/Jason/Desktop/IS3107/is3107_DataEngineering/.venv/lib/python3.8/site-packages/airflow/example_dags/example_time_delta_sensor_async.py
[2024-04-25T11:51:57.443+0800] {processor.py:840} INFO - DAG(s) 'example_time_delta_sensor_async' retrieved from /mnt/c/Users/Jason/Desktop/IS3107/is3107_DataEngineering/.venv/lib/python3.8/site-packages/airflow/example_dags/example_time_delta_sensor_async.py
[2024-04-25T11:51:58.645+0800] {logging_mixin.py:188} INFO - [2024-04-25T11:51:58.643+0800] {dag.py:3096} INFO - Sync 1 DAGs
[2024-04-25T11:51:58.663+0800] {logging_mixin.py:188} INFO - [2024-04-25T11:51:58.662+0800] {dag.py:3954} INFO - Setting next_dagrun for example_time_delta_sensor_async to None, run_after=None
[2024-04-25T11:51:58.749+0800] {processor.py:183} INFO - Processing /mnt/c/Users/Jason/Desktop/IS3107/is3107_DataEngineering/.venv/lib/python3.8/site-packages/airflow/example_dags/example_time_delta_sensor_async.py took 1.343 seconds
[2024-04-25T11:53:59.408+0800] {processor.py:161} INFO - Started process (PID=1930077) to work on /mnt/c/Users/Jason/Desktop/IS3107/is3107_DataEngineering/.venv/lib/python3.8/site-packages/airflow/example_dags/example_time_delta_sensor_async.py
[2024-04-25T11:53:59.411+0800] {processor.py:830} INFO - Processing file /mnt/c/Users/Jason/Desktop/IS3107/is3107_DataEngineering/.venv/lib/python3.8/site-packages/airflow/example_dags/example_time_delta_sensor_async.py for tasks to queue
[2024-04-25T11:53:59.415+0800] {logging_mixin.py:188} INFO - [2024-04-25T11:53:59.413+0800] {dagbag.py:540} INFO - Filling up the DagBag from /mnt/c/Users/Jason/Desktop/IS3107/is3107_DataEngineering/.venv/lib/python3.8/site-packages/airflow/example_dags/example_time_delta_sensor_async.py
[2024-04-25T11:53:59.453+0800] {processor.py:840} INFO - DAG(s) 'example_time_delta_sensor_async' retrieved from /mnt/c/Users/Jason/Desktop/IS3107/is3107_DataEngineering/.venv/lib/python3.8/site-packages/airflow/example_dags/example_time_delta_sensor_async.py
[2024-04-25T11:53:59.508+0800] {logging_mixin.py:188} INFO - [2024-04-25T11:53:59.506+0800] {dag.py:3096} INFO - Sync 1 DAGs
[2024-04-25T11:53:59.541+0800] {logging_mixin.py:188} INFO - [2024-04-25T11:53:59.539+0800] {dag.py:3954} INFO - Setting next_dagrun for example_time_delta_sensor_async to None, run_after=None
[2024-04-25T11:53:59.686+0800] {processor.py:183} INFO - Processing /mnt/c/Users/Jason/Desktop/IS3107/is3107_DataEngineering/.venv/lib/python3.8/site-packages/airflow/example_dags/example_time_delta_sensor_async.py took 0.300 seconds
[2024-04-25T11:56:48.405+0800] {processor.py:161} INFO - Started process (PID=1931706) to work on /mnt/c/Users/Jason/Desktop/IS3107/is3107_DataEngineering/.venv/lib/python3.8/site-packages/airflow/example_dags/example_time_delta_sensor_async.py
[2024-04-25T11:56:48.407+0800] {processor.py:830} INFO - Processing file /mnt/c/Users/Jason/Desktop/IS3107/is3107_DataEngineering/.venv/lib/python3.8/site-packages/airflow/example_dags/example_time_delta_sensor_async.py for tasks to queue
[2024-04-25T11:56:48.409+0800] {logging_mixin.py:188} INFO - [2024-04-25T11:56:48.408+0800] {dagbag.py:540} INFO - Filling up the DagBag from /mnt/c/Users/Jason/Desktop/IS3107/is3107_DataEngineering/.venv/lib/python3.8/site-packages/airflow/example_dags/example_time_delta_sensor_async.py
[2024-04-25T11:56:48.428+0800] {processor.py:840} INFO - DAG(s) 'example_time_delta_sensor_async' retrieved from /mnt/c/Users/Jason/Desktop/IS3107/is3107_DataEngineering/.venv/lib/python3.8/site-packages/airflow/example_dags/example_time_delta_sensor_async.py
[2024-04-25T11:56:48.451+0800] {logging_mixin.py:188} INFO - [2024-04-25T11:56:48.450+0800] {dag.py:3096} INFO - Sync 1 DAGs
[2024-04-25T11:56:48.468+0800] {logging_mixin.py:188} INFO - [2024-04-25T11:56:48.467+0800] {dag.py:3954} INFO - Setting next_dagrun for example_time_delta_sensor_async to None, run_after=None
[2024-04-25T11:56:48.529+0800] {processor.py:183} INFO - Processing /mnt/c/Users/Jason/Desktop/IS3107/is3107_DataEngineering/.venv/lib/python3.8/site-packages/airflow/example_dags/example_time_delta_sensor_async.py took 0.134 seconds
[2024-04-25T11:58:58.247+0800] {processor.py:161} INFO - Started process (PID=1932959) to work on /mnt/c/Users/Jason/Desktop/IS3107/is3107_DataEngineering/.venv/lib/python3.8/site-packages/airflow/example_dags/example_time_delta_sensor_async.py
[2024-04-25T11:58:58.250+0800] {processor.py:830} INFO - Processing file /mnt/c/Users/Jason/Desktop/IS3107/is3107_DataEngineering/.venv/lib/python3.8/site-packages/airflow/example_dags/example_time_delta_sensor_async.py for tasks to queue
[2024-04-25T11:58:58.253+0800] {logging_mixin.py:188} INFO - [2024-04-25T11:58:58.251+0800] {dagbag.py:540} INFO - Filling up the DagBag from /mnt/c/Users/Jason/Desktop/IS3107/is3107_DataEngineering/.venv/lib/python3.8/site-packages/airflow/example_dags/example_time_delta_sensor_async.py
[2024-04-25T11:58:58.279+0800] {processor.py:840} INFO - DAG(s) 'example_time_delta_sensor_async' retrieved from /mnt/c/Users/Jason/Desktop/IS3107/is3107_DataEngineering/.venv/lib/python3.8/site-packages/airflow/example_dags/example_time_delta_sensor_async.py
[2024-04-25T11:58:58.312+0800] {logging_mixin.py:188} INFO - [2024-04-25T11:58:58.311+0800] {dag.py:3096} INFO - Sync 1 DAGs
[2024-04-25T11:58:58.328+0800] {logging_mixin.py:188} INFO - [2024-04-25T11:58:58.327+0800] {dag.py:3954} INFO - Setting next_dagrun for example_time_delta_sensor_async to None, run_after=None
[2024-04-25T11:58:58.414+0800] {processor.py:183} INFO - Processing /mnt/c/Users/Jason/Desktop/IS3107/is3107_DataEngineering/.venv/lib/python3.8/site-packages/airflow/example_dags/example_time_delta_sensor_async.py took 0.180 seconds
[2024-04-25T12:01:27.991+0800] {processor.py:161} INFO - Started process (PID=1934399) to work on /mnt/c/Users/Jason/Desktop/IS3107/is3107_DataEngineering/.venv/lib/python3.8/site-packages/airflow/example_dags/example_time_delta_sensor_async.py
[2024-04-25T12:01:27.994+0800] {processor.py:830} INFO - Processing file /mnt/c/Users/Jason/Desktop/IS3107/is3107_DataEngineering/.venv/lib/python3.8/site-packages/airflow/example_dags/example_time_delta_sensor_async.py for tasks to queue
[2024-04-25T12:01:27.999+0800] {logging_mixin.py:188} INFO - [2024-04-25T12:01:27.998+0800] {dagbag.py:540} INFO - Filling up the DagBag from /mnt/c/Users/Jason/Desktop/IS3107/is3107_DataEngineering/.venv/lib/python3.8/site-packages/airflow/example_dags/example_time_delta_sensor_async.py
[2024-04-25T12:01:28.032+0800] {processor.py:840} INFO - DAG(s) 'example_time_delta_sensor_async' retrieved from /mnt/c/Users/Jason/Desktop/IS3107/is3107_DataEngineering/.venv/lib/python3.8/site-packages/airflow/example_dags/example_time_delta_sensor_async.py
[2024-04-25T12:01:28.075+0800] {logging_mixin.py:188} INFO - [2024-04-25T12:01:28.074+0800] {dag.py:3096} INFO - Sync 1 DAGs
[2024-04-25T12:01:28.099+0800] {logging_mixin.py:188} INFO - [2024-04-25T12:01:28.097+0800] {dag.py:3954} INFO - Setting next_dagrun for example_time_delta_sensor_async to None, run_after=None
[2024-04-25T12:01:28.211+0800] {processor.py:183} INFO - Processing /mnt/c/Users/Jason/Desktop/IS3107/is3107_DataEngineering/.venv/lib/python3.8/site-packages/airflow/example_dags/example_time_delta_sensor_async.py took 0.240 seconds
[2024-04-25T12:03:53.296+0800] {processor.py:161} INFO - Started process (PID=1935788) to work on /mnt/c/Users/Jason/Desktop/IS3107/is3107_DataEngineering/.venv/lib/python3.8/site-packages/airflow/example_dags/example_time_delta_sensor_async.py
[2024-04-25T12:03:53.298+0800] {processor.py:830} INFO - Processing file /mnt/c/Users/Jason/Desktop/IS3107/is3107_DataEngineering/.venv/lib/python3.8/site-packages/airflow/example_dags/example_time_delta_sensor_async.py for tasks to queue
[2024-04-25T12:03:53.302+0800] {logging_mixin.py:188} INFO - [2024-04-25T12:03:53.300+0800] {dagbag.py:540} INFO - Filling up the DagBag from /mnt/c/Users/Jason/Desktop/IS3107/is3107_DataEngineering/.venv/lib/python3.8/site-packages/airflow/example_dags/example_time_delta_sensor_async.py
[2024-04-25T12:03:53.326+0800] {processor.py:840} INFO - DAG(s) 'example_time_delta_sensor_async' retrieved from /mnt/c/Users/Jason/Desktop/IS3107/is3107_DataEngineering/.venv/lib/python3.8/site-packages/airflow/example_dags/example_time_delta_sensor_async.py
[2024-04-25T12:03:53.360+0800] {logging_mixin.py:188} INFO - [2024-04-25T12:03:53.359+0800] {dag.py:3096} INFO - Sync 1 DAGs
[2024-04-25T12:03:53.381+0800] {logging_mixin.py:188} INFO - [2024-04-25T12:03:53.380+0800] {dag.py:3954} INFO - Setting next_dagrun for example_time_delta_sensor_async to None, run_after=None
[2024-04-25T12:03:53.477+0800] {processor.py:183} INFO - Processing /mnt/c/Users/Jason/Desktop/IS3107/is3107_DataEngineering/.venv/lib/python3.8/site-packages/airflow/example_dags/example_time_delta_sensor_async.py took 0.196 seconds
[2024-04-25T12:06:12.033+0800] {processor.py:161} INFO - Started process (PID=1937104) to work on /mnt/c/Users/Jason/Desktop/IS3107/is3107_DataEngineering/.venv/lib/python3.8/site-packages/airflow/example_dags/example_time_delta_sensor_async.py
[2024-04-25T12:06:12.035+0800] {processor.py:830} INFO - Processing file /mnt/c/Users/Jason/Desktop/IS3107/is3107_DataEngineering/.venv/lib/python3.8/site-packages/airflow/example_dags/example_time_delta_sensor_async.py for tasks to queue
[2024-04-25T12:06:12.037+0800] {logging_mixin.py:188} INFO - [2024-04-25T12:06:12.036+0800] {dagbag.py:540} INFO - Filling up the DagBag from /mnt/c/Users/Jason/Desktop/IS3107/is3107_DataEngineering/.venv/lib/python3.8/site-packages/airflow/example_dags/example_time_delta_sensor_async.py
[2024-04-25T12:06:12.058+0800] {processor.py:840} INFO - DAG(s) 'example_time_delta_sensor_async' retrieved from /mnt/c/Users/Jason/Desktop/IS3107/is3107_DataEngineering/.venv/lib/python3.8/site-packages/airflow/example_dags/example_time_delta_sensor_async.py
[2024-04-25T12:06:12.082+0800] {logging_mixin.py:188} INFO - [2024-04-25T12:06:12.081+0800] {dag.py:3096} INFO - Sync 1 DAGs
[2024-04-25T12:06:12.100+0800] {logging_mixin.py:188} INFO - [2024-04-25T12:06:12.099+0800] {dag.py:3954} INFO - Setting next_dagrun for example_time_delta_sensor_async to None, run_after=None
[2024-04-25T12:06:12.167+0800] {processor.py:183} INFO - Processing /mnt/c/Users/Jason/Desktop/IS3107/is3107_DataEngineering/.venv/lib/python3.8/site-packages/airflow/example_dags/example_time_delta_sensor_async.py took 0.142 seconds
[2024-04-25T12:08:10.450+0800] {processor.py:161} INFO - Started process (PID=1938266) to work on /mnt/c/Users/Jason/Desktop/IS3107/is3107_DataEngineering/.venv/lib/python3.8/site-packages/airflow/example_dags/example_time_delta_sensor_async.py
[2024-04-25T12:08:10.451+0800] {processor.py:830} INFO - Processing file /mnt/c/Users/Jason/Desktop/IS3107/is3107_DataEngineering/.venv/lib/python3.8/site-packages/airflow/example_dags/example_time_delta_sensor_async.py for tasks to queue
[2024-04-25T12:08:10.453+0800] {logging_mixin.py:188} INFO - [2024-04-25T12:08:10.452+0800] {dagbag.py:540} INFO - Filling up the DagBag from /mnt/c/Users/Jason/Desktop/IS3107/is3107_DataEngineering/.venv/lib/python3.8/site-packages/airflow/example_dags/example_time_delta_sensor_async.py
[2024-04-25T12:08:10.470+0800] {processor.py:840} INFO - DAG(s) 'example_time_delta_sensor_async' retrieved from /mnt/c/Users/Jason/Desktop/IS3107/is3107_DataEngineering/.venv/lib/python3.8/site-packages/airflow/example_dags/example_time_delta_sensor_async.py
[2024-04-25T12:08:10.495+0800] {logging_mixin.py:188} INFO - [2024-04-25T12:08:10.494+0800] {dag.py:3096} INFO - Sync 1 DAGs
[2024-04-25T12:08:10.508+0800] {logging_mixin.py:188} INFO - [2024-04-25T12:08:10.507+0800] {dag.py:3954} INFO - Setting next_dagrun for example_time_delta_sensor_async to None, run_after=None
[2024-04-25T12:08:10.564+0800] {processor.py:183} INFO - Processing /mnt/c/Users/Jason/Desktop/IS3107/is3107_DataEngineering/.venv/lib/python3.8/site-packages/airflow/example_dags/example_time_delta_sensor_async.py took 0.126 seconds
[2024-04-25T12:10:20.586+0800] {processor.py:161} INFO - Started process (PID=1939538) to work on /mnt/c/Users/Jason/Desktop/IS3107/is3107_DataEngineering/.venv/lib/python3.8/site-packages/airflow/example_dags/example_time_delta_sensor_async.py
[2024-04-25T12:10:20.589+0800] {processor.py:830} INFO - Processing file /mnt/c/Users/Jason/Desktop/IS3107/is3107_DataEngineering/.venv/lib/python3.8/site-packages/airflow/example_dags/example_time_delta_sensor_async.py for tasks to queue
[2024-04-25T12:10:20.593+0800] {logging_mixin.py:188} INFO - [2024-04-25T12:10:20.591+0800] {dagbag.py:540} INFO - Filling up the DagBag from /mnt/c/Users/Jason/Desktop/IS3107/is3107_DataEngineering/.venv/lib/python3.8/site-packages/airflow/example_dags/example_time_delta_sensor_async.py
[2024-04-25T12:10:20.618+0800] {processor.py:840} INFO - DAG(s) 'example_time_delta_sensor_async' retrieved from /mnt/c/Users/Jason/Desktop/IS3107/is3107_DataEngineering/.venv/lib/python3.8/site-packages/airflow/example_dags/example_time_delta_sensor_async.py
[2024-04-25T12:10:20.655+0800] {logging_mixin.py:188} INFO - [2024-04-25T12:10:20.654+0800] {dag.py:3096} INFO - Sync 1 DAGs
[2024-04-25T12:10:20.678+0800] {logging_mixin.py:188} INFO - [2024-04-25T12:10:20.676+0800] {dag.py:3954} INFO - Setting next_dagrun for example_time_delta_sensor_async to None, run_after=None
[2024-04-25T12:10:20.764+0800] {processor.py:183} INFO - Processing /mnt/c/Users/Jason/Desktop/IS3107/is3107_DataEngineering/.venv/lib/python3.8/site-packages/airflow/example_dags/example_time_delta_sensor_async.py took 0.197 seconds
[2024-04-25T12:12:53.118+0800] {processor.py:161} INFO - Started process (PID=1940985) to work on /mnt/c/Users/Jason/Desktop/IS3107/is3107_DataEngineering/.venv/lib/python3.8/site-packages/airflow/example_dags/example_time_delta_sensor_async.py
[2024-04-25T12:12:53.120+0800] {processor.py:830} INFO - Processing file /mnt/c/Users/Jason/Desktop/IS3107/is3107_DataEngineering/.venv/lib/python3.8/site-packages/airflow/example_dags/example_time_delta_sensor_async.py for tasks to queue
[2024-04-25T12:12:53.123+0800] {logging_mixin.py:188} INFO - [2024-04-25T12:12:53.122+0800] {dagbag.py:540} INFO - Filling up the DagBag from /mnt/c/Users/Jason/Desktop/IS3107/is3107_DataEngineering/.venv/lib/python3.8/site-packages/airflow/example_dags/example_time_delta_sensor_async.py
[2024-04-25T12:12:53.156+0800] {processor.py:840} INFO - DAG(s) 'example_time_delta_sensor_async' retrieved from /mnt/c/Users/Jason/Desktop/IS3107/is3107_DataEngineering/.venv/lib/python3.8/site-packages/airflow/example_dags/example_time_delta_sensor_async.py
[2024-04-25T12:12:53.192+0800] {logging_mixin.py:188} INFO - [2024-04-25T12:12:53.191+0800] {dag.py:3096} INFO - Sync 1 DAGs
[2024-04-25T12:12:53.213+0800] {logging_mixin.py:188} INFO - [2024-04-25T12:12:53.211+0800] {dag.py:3954} INFO - Setting next_dagrun for example_time_delta_sensor_async to None, run_after=None
[2024-04-25T12:12:53.300+0800] {processor.py:183} INFO - Processing /mnt/c/Users/Jason/Desktop/IS3107/is3107_DataEngineering/.venv/lib/python3.8/site-packages/airflow/example_dags/example_time_delta_sensor_async.py took 0.200 seconds
