[2024-04-25T11:51:46.850+0800] {processor.py:161} INFO - Started process (PID=1928853) to work on /mnt/c/Users/Jason/Desktop/IS3107/is3107_DataEngineering/.venv/lib/python3.8/site-packages/airflow/example_dags/example_sla_dag.py
[2024-04-25T11:51:46.852+0800] {processor.py:830} INFO - Processing file /mnt/c/Users/Jason/Desktop/IS3107/is3107_DataEngineering/.venv/lib/python3.8/site-packages/airflow/example_dags/example_sla_dag.py for tasks to queue
[2024-04-25T11:51:46.854+0800] {logging_mixin.py:188} INFO - [2024-04-25T11:51:46.853+0800] {dagbag.py:540} INFO - Filling up the DagBag from /mnt/c/Users/Jason/Desktop/IS3107/is3107_DataEngineering/.venv/lib/python3.8/site-packages/airflow/example_dags/example_sla_dag.py
[2024-04-25T11:51:46.896+0800] {processor.py:840} INFO - DAG(s) 'example_sla_dag' retrieved from /mnt/c/Users/Jason/Desktop/IS3107/is3107_DataEngineering/.venv/lib/python3.8/site-packages/airflow/example_dags/example_sla_dag.py
[2024-04-25T11:51:48.051+0800] {logging_mixin.py:188} INFO - [2024-04-25T11:51:48.050+0800] {dag.py:3096} INFO - Sync 1 DAGs
[2024-04-25T11:51:48.099+0800] {logging_mixin.py:188} INFO - [2024-04-25T11:51:48.097+0800] {dag.py:3954} INFO - Setting next_dagrun for example_sla_dag to 2024-04-25 03:48:00+00:00, run_after=2024-04-25 03:50:00+00:00
[2024-04-25T11:51:48.175+0800] {processor.py:183} INFO - Processing /mnt/c/Users/Jason/Desktop/IS3107/is3107_DataEngineering/.venv/lib/python3.8/site-packages/airflow/example_dags/example_sla_dag.py took 1.336 seconds
[2024-04-25T11:53:53.767+0800] {processor.py:161} INFO - Started process (PID=1930037) to work on /mnt/c/Users/Jason/Desktop/IS3107/is3107_DataEngineering/.venv/lib/python3.8/site-packages/airflow/example_dags/example_sla_dag.py
[2024-04-25T11:53:53.770+0800] {processor.py:830} INFO - Processing file /mnt/c/Users/Jason/Desktop/IS3107/is3107_DataEngineering/.venv/lib/python3.8/site-packages/airflow/example_dags/example_sla_dag.py for tasks to queue
[2024-04-25T11:53:53.775+0800] {logging_mixin.py:188} INFO - [2024-04-25T11:53:53.773+0800] {dagbag.py:540} INFO - Filling up the DagBag from /mnt/c/Users/Jason/Desktop/IS3107/is3107_DataEngineering/.venv/lib/python3.8/site-packages/airflow/example_dags/example_sla_dag.py
[2024-04-25T11:53:53.815+0800] {processor.py:840} INFO - DAG(s) 'example_sla_dag' retrieved from /mnt/c/Users/Jason/Desktop/IS3107/is3107_DataEngineering/.venv/lib/python3.8/site-packages/airflow/example_dags/example_sla_dag.py
[2024-04-25T11:53:53.859+0800] {logging_mixin.py:188} INFO - [2024-04-25T11:53:53.857+0800] {dag.py:3096} INFO - Sync 1 DAGs
[2024-04-25T11:53:53.926+0800] {logging_mixin.py:188} INFO - [2024-04-25T11:53:53.925+0800] {dag.py:3954} INFO - Setting next_dagrun for example_sla_dag to 2024-04-25 03:50:00+00:00, run_after=2024-04-25 03:52:00+00:00
[2024-04-25T11:53:54.083+0800] {processor.py:183} INFO - Processing /mnt/c/Users/Jason/Desktop/IS3107/is3107_DataEngineering/.venv/lib/python3.8/site-packages/airflow/example_dags/example_sla_dag.py took 0.336 seconds
[2024-04-25T11:56:45.424+0800] {processor.py:161} INFO - Started process (PID=1931681) to work on /mnt/c/Users/Jason/Desktop/IS3107/is3107_DataEngineering/.venv/lib/python3.8/site-packages/airflow/example_dags/example_sla_dag.py
[2024-04-25T11:56:45.425+0800] {processor.py:830} INFO - Processing file /mnt/c/Users/Jason/Desktop/IS3107/is3107_DataEngineering/.venv/lib/python3.8/site-packages/airflow/example_dags/example_sla_dag.py for tasks to queue
[2024-04-25T11:56:45.428+0800] {logging_mixin.py:188} INFO - [2024-04-25T11:56:45.427+0800] {dagbag.py:540} INFO - Filling up the DagBag from /mnt/c/Users/Jason/Desktop/IS3107/is3107_DataEngineering/.venv/lib/python3.8/site-packages/airflow/example_dags/example_sla_dag.py
[2024-04-25T11:56:45.454+0800] {processor.py:840} INFO - DAG(s) 'example_sla_dag' retrieved from /mnt/c/Users/Jason/Desktop/IS3107/is3107_DataEngineering/.venv/lib/python3.8/site-packages/airflow/example_dags/example_sla_dag.py
[2024-04-25T11:56:45.482+0800] {logging_mixin.py:188} INFO - [2024-04-25T11:56:45.481+0800] {dag.py:3096} INFO - Sync 1 DAGs
[2024-04-25T11:56:45.530+0800] {logging_mixin.py:188} INFO - [2024-04-25T11:56:45.529+0800] {dag.py:3954} INFO - Setting next_dagrun for example_sla_dag to 2024-04-25 03:54:00+00:00, run_after=2024-04-25 03:56:00+00:00
[2024-04-25T11:56:45.612+0800] {processor.py:183} INFO - Processing /mnt/c/Users/Jason/Desktop/IS3107/is3107_DataEngineering/.venv/lib/python3.8/site-packages/airflow/example_dags/example_sla_dag.py took 0.204 seconds
[2024-04-25T11:58:52.526+0800] {processor.py:161} INFO - Started process (PID=1932900) to work on /mnt/c/Users/Jason/Desktop/IS3107/is3107_DataEngineering/.venv/lib/python3.8/site-packages/airflow/example_dags/example_sla_dag.py
[2024-04-25T11:58:52.528+0800] {processor.py:830} INFO - Processing file /mnt/c/Users/Jason/Desktop/IS3107/is3107_DataEngineering/.venv/lib/python3.8/site-packages/airflow/example_dags/example_sla_dag.py for tasks to queue
[2024-04-25T11:58:52.533+0800] {logging_mixin.py:188} INFO - [2024-04-25T11:58:52.530+0800] {dagbag.py:540} INFO - Filling up the DagBag from /mnt/c/Users/Jason/Desktop/IS3107/is3107_DataEngineering/.venv/lib/python3.8/site-packages/airflow/example_dags/example_sla_dag.py
[2024-04-25T11:58:52.575+0800] {processor.py:840} INFO - DAG(s) 'example_sla_dag' retrieved from /mnt/c/Users/Jason/Desktop/IS3107/is3107_DataEngineering/.venv/lib/python3.8/site-packages/airflow/example_dags/example_sla_dag.py
[2024-04-25T11:58:52.615+0800] {logging_mixin.py:188} INFO - [2024-04-25T11:58:52.614+0800] {dag.py:3096} INFO - Sync 1 DAGs
[2024-04-25T11:58:52.677+0800] {logging_mixin.py:188} INFO - [2024-04-25T11:58:52.675+0800] {dag.py:3954} INFO - Setting next_dagrun for example_sla_dag to 2024-04-25 03:56:00+00:00, run_after=2024-04-25 03:58:00+00:00
[2024-04-25T11:58:52.811+0800] {processor.py:183} INFO - Processing /mnt/c/Users/Jason/Desktop/IS3107/is3107_DataEngineering/.venv/lib/python3.8/site-packages/airflow/example_dags/example_sla_dag.py took 0.302 seconds
[2024-04-25T12:01:22.550+0800] {processor.py:161} INFO - Started process (PID=1934339) to work on /mnt/c/Users/Jason/Desktop/IS3107/is3107_DataEngineering/.venv/lib/python3.8/site-packages/airflow/example_dags/example_sla_dag.py
[2024-04-25T12:01:22.554+0800] {processor.py:830} INFO - Processing file /mnt/c/Users/Jason/Desktop/IS3107/is3107_DataEngineering/.venv/lib/python3.8/site-packages/airflow/example_dags/example_sla_dag.py for tasks to queue
[2024-04-25T12:01:22.558+0800] {logging_mixin.py:188} INFO - [2024-04-25T12:01:22.556+0800] {dagbag.py:540} INFO - Filling up the DagBag from /mnt/c/Users/Jason/Desktop/IS3107/is3107_DataEngineering/.venv/lib/python3.8/site-packages/airflow/example_dags/example_sla_dag.py
[2024-04-25T12:01:22.597+0800] {processor.py:840} INFO - DAG(s) 'example_sla_dag' retrieved from /mnt/c/Users/Jason/Desktop/IS3107/is3107_DataEngineering/.venv/lib/python3.8/site-packages/airflow/example_dags/example_sla_dag.py
[2024-04-25T12:01:22.636+0800] {logging_mixin.py:188} INFO - [2024-04-25T12:01:22.635+0800] {dag.py:3096} INFO - Sync 1 DAGs
[2024-04-25T12:01:22.684+0800] {logging_mixin.py:188} INFO - [2024-04-25T12:01:22.683+0800] {dag.py:3954} INFO - Setting next_dagrun for example_sla_dag to 2024-04-25 03:58:00+00:00, run_after=2024-04-25 04:00:00+00:00
[2024-04-25T12:01:22.812+0800] {processor.py:183} INFO - Processing /mnt/c/Users/Jason/Desktop/IS3107/is3107_DataEngineering/.venv/lib/python3.8/site-packages/airflow/example_dags/example_sla_dag.py took 0.284 seconds
[2024-04-25T12:03:47.859+0800] {processor.py:161} INFO - Started process (PID=1935734) to work on /mnt/c/Users/Jason/Desktop/IS3107/is3107_DataEngineering/.venv/lib/python3.8/site-packages/airflow/example_dags/example_sla_dag.py
[2024-04-25T12:03:47.861+0800] {processor.py:830} INFO - Processing file /mnt/c/Users/Jason/Desktop/IS3107/is3107_DataEngineering/.venv/lib/python3.8/site-packages/airflow/example_dags/example_sla_dag.py for tasks to queue
[2024-04-25T12:03:47.864+0800] {logging_mixin.py:188} INFO - [2024-04-25T12:03:47.863+0800] {dagbag.py:540} INFO - Filling up the DagBag from /mnt/c/Users/Jason/Desktop/IS3107/is3107_DataEngineering/.venv/lib/python3.8/site-packages/airflow/example_dags/example_sla_dag.py
[2024-04-25T12:03:47.898+0800] {processor.py:840} INFO - DAG(s) 'example_sla_dag' retrieved from /mnt/c/Users/Jason/Desktop/IS3107/is3107_DataEngineering/.venv/lib/python3.8/site-packages/airflow/example_dags/example_sla_dag.py
[2024-04-25T12:03:47.938+0800] {logging_mixin.py:188} INFO - [2024-04-25T12:03:47.936+0800] {dag.py:3096} INFO - Sync 1 DAGs
[2024-04-25T12:03:47.990+0800] {logging_mixin.py:188} INFO - [2024-04-25T12:03:47.989+0800] {dag.py:3954} INFO - Setting next_dagrun for example_sla_dag to 2024-04-25 04:00:00+00:00, run_after=2024-04-25 04:02:00+00:00
[2024-04-25T12:03:48.068+0800] {processor.py:183} INFO - Processing /mnt/c/Users/Jason/Desktop/IS3107/is3107_DataEngineering/.venv/lib/python3.8/site-packages/airflow/example_dags/example_sla_dag.py took 0.225 seconds
[2024-04-25T12:06:06.839+0800] {processor.py:161} INFO - Started process (PID=1937077) to work on /mnt/c/Users/Jason/Desktop/IS3107/is3107_DataEngineering/.venv/lib/python3.8/site-packages/airflow/example_dags/example_sla_dag.py
[2024-04-25T12:06:06.841+0800] {processor.py:830} INFO - Processing file /mnt/c/Users/Jason/Desktop/IS3107/is3107_DataEngineering/.venv/lib/python3.8/site-packages/airflow/example_dags/example_sla_dag.py for tasks to queue
[2024-04-25T12:06:06.843+0800] {logging_mixin.py:188} INFO - [2024-04-25T12:06:06.842+0800] {dagbag.py:540} INFO - Filling up the DagBag from /mnt/c/Users/Jason/Desktop/IS3107/is3107_DataEngineering/.venv/lib/python3.8/site-packages/airflow/example_dags/example_sla_dag.py
[2024-04-25T12:06:06.868+0800] {processor.py:840} INFO - DAG(s) 'example_sla_dag' retrieved from /mnt/c/Users/Jason/Desktop/IS3107/is3107_DataEngineering/.venv/lib/python3.8/site-packages/airflow/example_dags/example_sla_dag.py
[2024-04-25T12:06:06.894+0800] {logging_mixin.py:188} INFO - [2024-04-25T12:06:06.893+0800] {dag.py:3096} INFO - Sync 1 DAGs
[2024-04-25T12:06:06.927+0800] {logging_mixin.py:188} INFO - [2024-04-25T12:06:06.926+0800] {dag.py:3954} INFO - Setting next_dagrun for example_sla_dag to 2024-04-25 04:04:00+00:00, run_after=2024-04-25 04:06:00+00:00
[2024-04-25T12:06:07.005+0800] {processor.py:183} INFO - Processing /mnt/c/Users/Jason/Desktop/IS3107/is3107_DataEngineering/.venv/lib/python3.8/site-packages/airflow/example_dags/example_sla_dag.py took 0.178 seconds
[2024-04-25T12:08:06.463+0800] {processor.py:161} INFO - Started process (PID=1938258) to work on /mnt/c/Users/Jason/Desktop/IS3107/is3107_DataEngineering/.venv/lib/python3.8/site-packages/airflow/example_dags/example_sla_dag.py
[2024-04-25T12:08:06.466+0800] {processor.py:830} INFO - Processing file /mnt/c/Users/Jason/Desktop/IS3107/is3107_DataEngineering/.venv/lib/python3.8/site-packages/airflow/example_dags/example_sla_dag.py for tasks to queue
[2024-04-25T12:08:06.468+0800] {logging_mixin.py:188} INFO - [2024-04-25T12:08:06.467+0800] {dagbag.py:540} INFO - Filling up the DagBag from /mnt/c/Users/Jason/Desktop/IS3107/is3107_DataEngineering/.venv/lib/python3.8/site-packages/airflow/example_dags/example_sla_dag.py
[2024-04-25T12:08:06.492+0800] {processor.py:840} INFO - DAG(s) 'example_sla_dag' retrieved from /mnt/c/Users/Jason/Desktop/IS3107/is3107_DataEngineering/.venv/lib/python3.8/site-packages/airflow/example_dags/example_sla_dag.py
[2024-04-25T12:08:06.520+0800] {logging_mixin.py:188} INFO - [2024-04-25T12:08:06.519+0800] {dag.py:3096} INFO - Sync 1 DAGs
[2024-04-25T12:08:06.552+0800] {logging_mixin.py:188} INFO - [2024-04-25T12:08:06.552+0800] {dag.py:3954} INFO - Setting next_dagrun for example_sla_dag to 2024-04-25 04:06:00+00:00, run_after=2024-04-25 04:08:00+00:00
[2024-04-25T12:08:06.622+0800] {processor.py:183} INFO - Processing /mnt/c/Users/Jason/Desktop/IS3107/is3107_DataEngineering/.venv/lib/python3.8/site-packages/airflow/example_dags/example_sla_dag.py took 0.173 seconds
[2024-04-25T12:10:14.605+0800] {processor.py:161} INFO - Started process (PID=1939483) to work on /mnt/c/Users/Jason/Desktop/IS3107/is3107_DataEngineering/.venv/lib/python3.8/site-packages/airflow/example_dags/example_sla_dag.py
[2024-04-25T12:10:14.607+0800] {processor.py:830} INFO - Processing file /mnt/c/Users/Jason/Desktop/IS3107/is3107_DataEngineering/.venv/lib/python3.8/site-packages/airflow/example_dags/example_sla_dag.py for tasks to queue
[2024-04-25T12:10:14.610+0800] {logging_mixin.py:188} INFO - [2024-04-25T12:10:14.609+0800] {dagbag.py:540} INFO - Filling up the DagBag from /mnt/c/Users/Jason/Desktop/IS3107/is3107_DataEngineering/.venv/lib/python3.8/site-packages/airflow/example_dags/example_sla_dag.py
[2024-04-25T12:10:14.631+0800] {processor.py:840} INFO - DAG(s) 'example_sla_dag' retrieved from /mnt/c/Users/Jason/Desktop/IS3107/is3107_DataEngineering/.venv/lib/python3.8/site-packages/airflow/example_dags/example_sla_dag.py
[2024-04-25T12:10:14.657+0800] {logging_mixin.py:188} INFO - [2024-04-25T12:10:14.656+0800] {dag.py:3096} INFO - Sync 1 DAGs
[2024-04-25T12:10:14.694+0800] {logging_mixin.py:188} INFO - [2024-04-25T12:10:14.693+0800] {dag.py:3954} INFO - Setting next_dagrun for example_sla_dag to 2024-04-25 04:08:00+00:00, run_after=2024-04-25 04:10:00+00:00
[2024-04-25T12:10:14.780+0800] {processor.py:183} INFO - Processing /mnt/c/Users/Jason/Desktop/IS3107/is3107_DataEngineering/.venv/lib/python3.8/site-packages/airflow/example_dags/example_sla_dag.py took 0.190 seconds
[2024-04-25T12:12:49.335+0800] {processor.py:161} INFO - Started process (PID=1940948) to work on /mnt/c/Users/Jason/Desktop/IS3107/is3107_DataEngineering/.venv/lib/python3.8/site-packages/airflow/example_dags/example_sla_dag.py
[2024-04-25T12:12:49.336+0800] {processor.py:830} INFO - Processing file /mnt/c/Users/Jason/Desktop/IS3107/is3107_DataEngineering/.venv/lib/python3.8/site-packages/airflow/example_dags/example_sla_dag.py for tasks to queue
[2024-04-25T12:12:49.339+0800] {logging_mixin.py:188} INFO - [2024-04-25T12:12:49.338+0800] {dagbag.py:540} INFO - Filling up the DagBag from /mnt/c/Users/Jason/Desktop/IS3107/is3107_DataEngineering/.venv/lib/python3.8/site-packages/airflow/example_dags/example_sla_dag.py
[2024-04-25T12:12:49.363+0800] {processor.py:840} INFO - DAG(s) 'example_sla_dag' retrieved from /mnt/c/Users/Jason/Desktop/IS3107/is3107_DataEngineering/.venv/lib/python3.8/site-packages/airflow/example_dags/example_sla_dag.py
[2024-04-25T12:12:49.390+0800] {logging_mixin.py:188} INFO - [2024-04-25T12:12:49.389+0800] {dag.py:3096} INFO - Sync 1 DAGs
[2024-04-25T12:12:49.426+0800] {logging_mixin.py:188} INFO - [2024-04-25T12:12:49.425+0800] {dag.py:3954} INFO - Setting next_dagrun for example_sla_dag to 2024-04-25 04:10:00+00:00, run_after=2024-04-25 04:12:00+00:00
[2024-04-25T12:12:49.526+0800] {processor.py:183} INFO - Processing /mnt/c/Users/Jason/Desktop/IS3107/is3107_DataEngineering/.venv/lib/python3.8/site-packages/airflow/example_dags/example_sla_dag.py took 0.202 seconds
