[2024-04-25T09:39:53.387+0800] {processor.py:161} INFO - Started process (PID=1859852) to work on /mnt/c/Users/Jason/Desktop/IS3107/is3107_DataEngineering/.venv/lib/python3.8/site-packages/airflow/example_dags/example_branch_operator.py
[2024-04-25T09:39:53.390+0800] {processor.py:830} INFO - Processing file /mnt/c/Users/Jason/Desktop/IS3107/is3107_DataEngineering/.venv/lib/python3.8/site-packages/airflow/example_dags/example_branch_operator.py for tasks to queue
[2024-04-25T09:39:53.396+0800] {logging_mixin.py:188} INFO - [2024-04-25T09:39:53.394+0800] {dagbag.py:540} INFO - Filling up the DagBag from /mnt/c/Users/Jason/Desktop/IS3107/is3107_DataEngineering/.venv/lib/python3.8/site-packages/airflow/example_dags/example_branch_operator.py
[2024-04-25T09:39:53.581+0800] {processor.py:840} INFO - DAG(s) 'example_branch_operator' retrieved from /mnt/c/Users/Jason/Desktop/IS3107/is3107_DataEngineering/.venv/lib/python3.8/site-packages/airflow/example_dags/example_branch_operator.py
[2024-04-25T09:39:55.393+0800] {logging_mixin.py:188} INFO - [2024-04-25T09:39:55.391+0800] {dag.py:3096} INFO - Sync 1 DAGs
[2024-04-25T09:39:55.437+0800] {logging_mixin.py:188} INFO - [2024-04-25T09:39:55.434+0800] {dag.py:3954} INFO - Setting next_dagrun for example_branch_operator to 2024-04-24 00:00:00+00:00, run_after=2024-04-25 00:00:00+00:00
[2024-04-25T09:39:55.563+0800] {processor.py:183} INFO - Processing /mnt/c/Users/Jason/Desktop/IS3107/is3107_DataEngineering/.venv/lib/python3.8/site-packages/airflow/example_dags/example_branch_operator.py took 2.195 seconds
[2024-04-25T11:50:29.528+0800] {processor.py:161} INFO - Started process (PID=1928134) to work on /mnt/c/Users/Jason/Desktop/IS3107/is3107_DataEngineering/.venv/lib/python3.8/site-packages/airflow/example_dags/example_branch_operator.py
[2024-04-25T11:50:29.532+0800] {processor.py:830} INFO - Processing file /mnt/c/Users/Jason/Desktop/IS3107/is3107_DataEngineering/.venv/lib/python3.8/site-packages/airflow/example_dags/example_branch_operator.py for tasks to queue
[2024-04-25T11:50:29.537+0800] {logging_mixin.py:188} INFO - [2024-04-25T11:50:29.535+0800] {dagbag.py:540} INFO - Filling up the DagBag from /mnt/c/Users/Jason/Desktop/IS3107/is3107_DataEngineering/.venv/lib/python3.8/site-packages/airflow/example_dags/example_branch_operator.py
[2024-04-25T11:50:29.633+0800] {processor.py:840} INFO - DAG(s) 'example_branch_operator' retrieved from /mnt/c/Users/Jason/Desktop/IS3107/is3107_DataEngineering/.venv/lib/python3.8/site-packages/airflow/example_dags/example_branch_operator.py
[2024-04-25T11:50:31.409+0800] {logging_mixin.py:188} INFO - [2024-04-25T11:50:31.408+0800] {dag.py:3096} INFO - Sync 1 DAGs
[2024-04-25T11:50:31.457+0800] {logging_mixin.py:188} INFO - [2024-04-25T11:50:31.455+0800] {dag.py:3954} INFO - Setting next_dagrun for example_branch_operator to 2024-04-24 00:00:00+00:00, run_after=2024-04-25 00:00:00+00:00
[2024-04-25T11:50:31.635+0800] {processor.py:183} INFO - Processing /mnt/c/Users/Jason/Desktop/IS3107/is3107_DataEngineering/.venv/lib/python3.8/site-packages/airflow/example_dags/example_branch_operator.py took 2.133 seconds
[2024-04-25T11:53:11.557+0800] {processor.py:161} INFO - Started process (PID=1929641) to work on /mnt/c/Users/Jason/Desktop/IS3107/is3107_DataEngineering/.venv/lib/python3.8/site-packages/airflow/example_dags/example_branch_operator.py
[2024-04-25T11:53:11.559+0800] {processor.py:830} INFO - Processing file /mnt/c/Users/Jason/Desktop/IS3107/is3107_DataEngineering/.venv/lib/python3.8/site-packages/airflow/example_dags/example_branch_operator.py for tasks to queue
[2024-04-25T11:53:11.563+0800] {logging_mixin.py:188} INFO - [2024-04-25T11:53:11.561+0800] {dagbag.py:540} INFO - Filling up the DagBag from /mnt/c/Users/Jason/Desktop/IS3107/is3107_DataEngineering/.venv/lib/python3.8/site-packages/airflow/example_dags/example_branch_operator.py
[2024-04-25T11:53:11.640+0800] {processor.py:840} INFO - DAG(s) 'example_branch_operator' retrieved from /mnt/c/Users/Jason/Desktop/IS3107/is3107_DataEngineering/.venv/lib/python3.8/site-packages/airflow/example_dags/example_branch_operator.py
[2024-04-25T11:53:11.685+0800] {logging_mixin.py:188} INFO - [2024-04-25T11:53:11.684+0800] {dag.py:3096} INFO - Sync 1 DAGs
[2024-04-25T11:53:11.720+0800] {logging_mixin.py:188} INFO - [2024-04-25T11:53:11.718+0800] {dag.py:3954} INFO - Setting next_dagrun for example_branch_operator to 2024-04-24 00:00:00+00:00, run_after=2024-04-25 00:00:00+00:00
[2024-04-25T11:53:11.800+0800] {processor.py:183} INFO - Processing /mnt/c/Users/Jason/Desktop/IS3107/is3107_DataEngineering/.venv/lib/python3.8/site-packages/airflow/example_dags/example_branch_operator.py took 0.260 seconds
[2024-04-25T11:55:05.323+0800] {processor.py:161} INFO - Started process (PID=1930701) to work on /mnt/c/Users/Jason/Desktop/IS3107/is3107_DataEngineering/.venv/lib/python3.8/site-packages/airflow/example_dags/example_branch_operator.py
[2024-04-25T11:55:05.329+0800] {processor.py:830} INFO - Processing file /mnt/c/Users/Jason/Desktop/IS3107/is3107_DataEngineering/.venv/lib/python3.8/site-packages/airflow/example_dags/example_branch_operator.py for tasks to queue
[2024-04-25T11:55:05.335+0800] {logging_mixin.py:188} INFO - [2024-04-25T11:55:05.332+0800] {dagbag.py:540} INFO - Filling up the DagBag from /mnt/c/Users/Jason/Desktop/IS3107/is3107_DataEngineering/.venv/lib/python3.8/site-packages/airflow/example_dags/example_branch_operator.py
[2024-04-25T11:55:05.568+0800] {processor.py:840} INFO - DAG(s) 'example_branch_operator' retrieved from /mnt/c/Users/Jason/Desktop/IS3107/is3107_DataEngineering/.venv/lib/python3.8/site-packages/airflow/example_dags/example_branch_operator.py
[2024-04-25T11:55:05.699+0800] {logging_mixin.py:188} INFO - [2024-04-25T11:55:05.695+0800] {dag.py:3096} INFO - Sync 1 DAGs
[2024-04-25T11:55:05.788+0800] {logging_mixin.py:188} INFO - [2024-04-25T11:55:05.785+0800] {dag.py:3954} INFO - Setting next_dagrun for example_branch_operator to 2024-04-24 00:00:00+00:00, run_after=2024-04-25 00:00:00+00:00
[2024-04-25T11:55:05.976+0800] {processor.py:183} INFO - Processing /mnt/c/Users/Jason/Desktop/IS3107/is3107_DataEngineering/.venv/lib/python3.8/site-packages/airflow/example_dags/example_branch_operator.py took 0.689 seconds
[2024-04-25T11:56:17.539+0800] {processor.py:161} INFO - Started process (PID=1931424) to work on /mnt/c/Users/Jason/Desktop/IS3107/is3107_DataEngineering/.venv/lib/python3.8/site-packages/airflow/example_dags/example_branch_operator.py
[2024-04-25T11:56:17.541+0800] {processor.py:830} INFO - Processing file /mnt/c/Users/Jason/Desktop/IS3107/is3107_DataEngineering/.venv/lib/python3.8/site-packages/airflow/example_dags/example_branch_operator.py for tasks to queue
[2024-04-25T11:56:17.545+0800] {logging_mixin.py:188} INFO - [2024-04-25T11:56:17.543+0800] {dagbag.py:540} INFO - Filling up the DagBag from /mnt/c/Users/Jason/Desktop/IS3107/is3107_DataEngineering/.venv/lib/python3.8/site-packages/airflow/example_dags/example_branch_operator.py
[2024-04-25T11:56:17.613+0800] {processor.py:840} INFO - DAG(s) 'example_branch_operator' retrieved from /mnt/c/Users/Jason/Desktop/IS3107/is3107_DataEngineering/.venv/lib/python3.8/site-packages/airflow/example_dags/example_branch_operator.py
[2024-04-25T11:56:17.665+0800] {logging_mixin.py:188} INFO - [2024-04-25T11:56:17.664+0800] {dag.py:3096} INFO - Sync 1 DAGs
[2024-04-25T11:56:17.691+0800] {logging_mixin.py:188} INFO - [2024-04-25T11:56:17.690+0800] {dag.py:3954} INFO - Setting next_dagrun for example_branch_operator to 2024-04-24 00:00:00+00:00, run_after=2024-04-25 00:00:00+00:00
[2024-04-25T11:56:17.757+0800] {processor.py:183} INFO - Processing /mnt/c/Users/Jason/Desktop/IS3107/is3107_DataEngineering/.venv/lib/python3.8/site-packages/airflow/example_dags/example_branch_operator.py took 0.230 seconds
[2024-04-25T11:57:23.804+0800] {processor.py:161} INFO - Started process (PID=1932035) to work on /mnt/c/Users/Jason/Desktop/IS3107/is3107_DataEngineering/.venv/lib/python3.8/site-packages/airflow/example_dags/example_branch_operator.py
[2024-04-25T11:57:23.806+0800] {processor.py:830} INFO - Processing file /mnt/c/Users/Jason/Desktop/IS3107/is3107_DataEngineering/.venv/lib/python3.8/site-packages/airflow/example_dags/example_branch_operator.py for tasks to queue
[2024-04-25T11:57:23.808+0800] {logging_mixin.py:188} INFO - [2024-04-25T11:57:23.807+0800] {dagbag.py:540} INFO - Filling up the DagBag from /mnt/c/Users/Jason/Desktop/IS3107/is3107_DataEngineering/.venv/lib/python3.8/site-packages/airflow/example_dags/example_branch_operator.py
[2024-04-25T11:57:23.865+0800] {processor.py:840} INFO - DAG(s) 'example_branch_operator' retrieved from /mnt/c/Users/Jason/Desktop/IS3107/is3107_DataEngineering/.venv/lib/python3.8/site-packages/airflow/example_dags/example_branch_operator.py
[2024-04-25T11:57:23.901+0800] {logging_mixin.py:188} INFO - [2024-04-25T11:57:23.900+0800] {dag.py:3096} INFO - Sync 1 DAGs
[2024-04-25T11:57:23.933+0800] {logging_mixin.py:188} INFO - [2024-04-25T11:57:23.931+0800] {dag.py:3954} INFO - Setting next_dagrun for example_branch_operator to 2024-04-24 00:00:00+00:00, run_after=2024-04-25 00:00:00+00:00
[2024-04-25T11:57:23.999+0800] {processor.py:183} INFO - Processing /mnt/c/Users/Jason/Desktop/IS3107/is3107_DataEngineering/.venv/lib/python3.8/site-packages/airflow/example_dags/example_branch_operator.py took 0.206 seconds
[2024-04-25T11:58:27.460+0800] {processor.py:161} INFO - Started process (PID=1932673) to work on /mnt/c/Users/Jason/Desktop/IS3107/is3107_DataEngineering/.venv/lib/python3.8/site-packages/airflow/example_dags/example_branch_operator.py
[2024-04-25T11:58:27.462+0800] {processor.py:830} INFO - Processing file /mnt/c/Users/Jason/Desktop/IS3107/is3107_DataEngineering/.venv/lib/python3.8/site-packages/airflow/example_dags/example_branch_operator.py for tasks to queue
[2024-04-25T11:58:27.464+0800] {logging_mixin.py:188} INFO - [2024-04-25T11:58:27.463+0800] {dagbag.py:540} INFO - Filling up the DagBag from /mnt/c/Users/Jason/Desktop/IS3107/is3107_DataEngineering/.venv/lib/python3.8/site-packages/airflow/example_dags/example_branch_operator.py
[2024-04-25T11:58:27.531+0800] {processor.py:840} INFO - DAG(s) 'example_branch_operator' retrieved from /mnt/c/Users/Jason/Desktop/IS3107/is3107_DataEngineering/.venv/lib/python3.8/site-packages/airflow/example_dags/example_branch_operator.py
[2024-04-25T11:58:27.587+0800] {logging_mixin.py:188} INFO - [2024-04-25T11:58:27.585+0800] {dag.py:3096} INFO - Sync 1 DAGs
[2024-04-25T11:58:27.625+0800] {logging_mixin.py:188} INFO - [2024-04-25T11:58:27.623+0800] {dag.py:3954} INFO - Setting next_dagrun for example_branch_operator to 2024-04-24 00:00:00+00:00, run_after=2024-04-25 00:00:00+00:00
[2024-04-25T11:58:27.700+0800] {processor.py:183} INFO - Processing /mnt/c/Users/Jason/Desktop/IS3107/is3107_DataEngineering/.venv/lib/python3.8/site-packages/airflow/example_dags/example_branch_operator.py took 0.251 seconds
[2024-04-25T11:59:36.825+0800] {processor.py:161} INFO - Started process (PID=1933331) to work on /mnt/c/Users/Jason/Desktop/IS3107/is3107_DataEngineering/.venv/lib/python3.8/site-packages/airflow/example_dags/example_branch_operator.py
[2024-04-25T11:59:36.828+0800] {processor.py:830} INFO - Processing file /mnt/c/Users/Jason/Desktop/IS3107/is3107_DataEngineering/.venv/lib/python3.8/site-packages/airflow/example_dags/example_branch_operator.py for tasks to queue
[2024-04-25T11:59:36.830+0800] {logging_mixin.py:188} INFO - [2024-04-25T11:59:36.829+0800] {dagbag.py:540} INFO - Filling up the DagBag from /mnt/c/Users/Jason/Desktop/IS3107/is3107_DataEngineering/.venv/lib/python3.8/site-packages/airflow/example_dags/example_branch_operator.py
[2024-04-25T11:59:36.897+0800] {processor.py:840} INFO - DAG(s) 'example_branch_operator' retrieved from /mnt/c/Users/Jason/Desktop/IS3107/is3107_DataEngineering/.venv/lib/python3.8/site-packages/airflow/example_dags/example_branch_operator.py
[2024-04-25T11:59:36.938+0800] {logging_mixin.py:188} INFO - [2024-04-25T11:59:36.937+0800] {dag.py:3096} INFO - Sync 1 DAGs
[2024-04-25T11:59:36.975+0800] {logging_mixin.py:188} INFO - [2024-04-25T11:59:36.973+0800] {dag.py:3954} INFO - Setting next_dagrun for example_branch_operator to 2024-04-24 00:00:00+00:00, run_after=2024-04-25 00:00:00+00:00
[2024-04-25T11:59:37.060+0800] {processor.py:183} INFO - Processing /mnt/c/Users/Jason/Desktop/IS3107/is3107_DataEngineering/.venv/lib/python3.8/site-packages/airflow/example_dags/example_branch_operator.py took 0.247 seconds
[2024-04-25T12:00:53.515+0800] {processor.py:161} INFO - Started process (PID=1934064) to work on /mnt/c/Users/Jason/Desktop/IS3107/is3107_DataEngineering/.venv/lib/python3.8/site-packages/airflow/example_dags/example_branch_operator.py
[2024-04-25T12:00:53.520+0800] {processor.py:830} INFO - Processing file /mnt/c/Users/Jason/Desktop/IS3107/is3107_DataEngineering/.venv/lib/python3.8/site-packages/airflow/example_dags/example_branch_operator.py for tasks to queue
[2024-04-25T12:00:53.536+0800] {logging_mixin.py:188} INFO - [2024-04-25T12:00:53.533+0800] {dagbag.py:540} INFO - Filling up the DagBag from /mnt/c/Users/Jason/Desktop/IS3107/is3107_DataEngineering/.venv/lib/python3.8/site-packages/airflow/example_dags/example_branch_operator.py
[2024-04-25T12:00:53.695+0800] {processor.py:840} INFO - DAG(s) 'example_branch_operator' retrieved from /mnt/c/Users/Jason/Desktop/IS3107/is3107_DataEngineering/.venv/lib/python3.8/site-packages/airflow/example_dags/example_branch_operator.py
[2024-04-25T12:00:53.810+0800] {logging_mixin.py:188} INFO - [2024-04-25T12:00:53.807+0800] {dag.py:3096} INFO - Sync 1 DAGs
[2024-04-25T12:00:53.878+0800] {logging_mixin.py:188} INFO - [2024-04-25T12:00:53.876+0800] {dag.py:3954} INFO - Setting next_dagrun for example_branch_operator to 2024-04-24 00:00:00+00:00, run_after=2024-04-25 00:00:00+00:00
[2024-04-25T12:00:54.064+0800] {processor.py:183} INFO - Processing /mnt/c/Users/Jason/Desktop/IS3107/is3107_DataEngineering/.venv/lib/python3.8/site-packages/airflow/example_dags/example_branch_operator.py took 0.589 seconds
[2024-04-25T12:02:10.887+0800] {processor.py:161} INFO - Started process (PID=1934788) to work on /mnt/c/Users/Jason/Desktop/IS3107/is3107_DataEngineering/.venv/lib/python3.8/site-packages/airflow/example_dags/example_branch_operator.py
[2024-04-25T12:02:10.890+0800] {processor.py:830} INFO - Processing file /mnt/c/Users/Jason/Desktop/IS3107/is3107_DataEngineering/.venv/lib/python3.8/site-packages/airflow/example_dags/example_branch_operator.py for tasks to queue
[2024-04-25T12:02:10.893+0800] {logging_mixin.py:188} INFO - [2024-04-25T12:02:10.892+0800] {dagbag.py:540} INFO - Filling up the DagBag from /mnt/c/Users/Jason/Desktop/IS3107/is3107_DataEngineering/.venv/lib/python3.8/site-packages/airflow/example_dags/example_branch_operator.py
[2024-04-25T12:02:10.972+0800] {processor.py:840} INFO - DAG(s) 'example_branch_operator' retrieved from /mnt/c/Users/Jason/Desktop/IS3107/is3107_DataEngineering/.venv/lib/python3.8/site-packages/airflow/example_dags/example_branch_operator.py
[2024-04-25T12:02:11.026+0800] {logging_mixin.py:188} INFO - [2024-04-25T12:02:11.024+0800] {dag.py:3096} INFO - Sync 1 DAGs
[2024-04-25T12:02:11.065+0800] {logging_mixin.py:188} INFO - [2024-04-25T12:02:11.064+0800] {dag.py:3954} INFO - Setting next_dagrun for example_branch_operator to 2024-04-24 00:00:00+00:00, run_after=2024-04-25 00:00:00+00:00
[2024-04-25T12:02:11.148+0800] {processor.py:183} INFO - Processing /mnt/c/Users/Jason/Desktop/IS3107/is3107_DataEngineering/.venv/lib/python3.8/site-packages/airflow/example_dags/example_branch_operator.py took 0.279 seconds
[2024-04-25T12:03:20.589+0800] {processor.py:161} INFO - Started process (PID=1935478) to work on /mnt/c/Users/Jason/Desktop/IS3107/is3107_DataEngineering/.venv/lib/python3.8/site-packages/airflow/example_dags/example_branch_operator.py
[2024-04-25T12:03:20.591+0800] {processor.py:830} INFO - Processing file /mnt/c/Users/Jason/Desktop/IS3107/is3107_DataEngineering/.venv/lib/python3.8/site-packages/airflow/example_dags/example_branch_operator.py for tasks to queue
[2024-04-25T12:03:20.595+0800] {logging_mixin.py:188} INFO - [2024-04-25T12:03:20.593+0800] {dagbag.py:540} INFO - Filling up the DagBag from /mnt/c/Users/Jason/Desktop/IS3107/is3107_DataEngineering/.venv/lib/python3.8/site-packages/airflow/example_dags/example_branch_operator.py
[2024-04-25T12:03:20.661+0800] {processor.py:840} INFO - DAG(s) 'example_branch_operator' retrieved from /mnt/c/Users/Jason/Desktop/IS3107/is3107_DataEngineering/.venv/lib/python3.8/site-packages/airflow/example_dags/example_branch_operator.py
[2024-04-25T12:03:20.716+0800] {logging_mixin.py:188} INFO - [2024-04-25T12:03:20.715+0800] {dag.py:3096} INFO - Sync 1 DAGs
[2024-04-25T12:03:20.743+0800] {logging_mixin.py:188} INFO - [2024-04-25T12:03:20.742+0800] {dag.py:3954} INFO - Setting next_dagrun for example_branch_operator to 2024-04-24 00:00:00+00:00, run_after=2024-04-25 00:00:00+00:00
[2024-04-25T12:03:20.868+0800] {processor.py:183} INFO - Processing /mnt/c/Users/Jason/Desktop/IS3107/is3107_DataEngineering/.venv/lib/python3.8/site-packages/airflow/example_dags/example_branch_operator.py took 0.297 seconds
[2024-04-25T12:04:33.145+0800] {processor.py:161} INFO - Started process (PID=1936161) to work on /mnt/c/Users/Jason/Desktop/IS3107/is3107_DataEngineering/.venv/lib/python3.8/site-packages/airflow/example_dags/example_branch_operator.py
[2024-04-25T12:04:33.147+0800] {processor.py:830} INFO - Processing file /mnt/c/Users/Jason/Desktop/IS3107/is3107_DataEngineering/.venv/lib/python3.8/site-packages/airflow/example_dags/example_branch_operator.py for tasks to queue
[2024-04-25T12:04:33.150+0800] {logging_mixin.py:188} INFO - [2024-04-25T12:04:33.149+0800] {dagbag.py:540} INFO - Filling up the DagBag from /mnt/c/Users/Jason/Desktop/IS3107/is3107_DataEngineering/.venv/lib/python3.8/site-packages/airflow/example_dags/example_branch_operator.py
[2024-04-25T12:04:33.207+0800] {processor.py:840} INFO - DAG(s) 'example_branch_operator' retrieved from /mnt/c/Users/Jason/Desktop/IS3107/is3107_DataEngineering/.venv/lib/python3.8/site-packages/airflow/example_dags/example_branch_operator.py
[2024-04-25T12:04:33.243+0800] {logging_mixin.py:188} INFO - [2024-04-25T12:04:33.242+0800] {dag.py:3096} INFO - Sync 1 DAGs
[2024-04-25T12:04:33.273+0800] {logging_mixin.py:188} INFO - [2024-04-25T12:04:33.272+0800] {dag.py:3954} INFO - Setting next_dagrun for example_branch_operator to 2024-04-24 00:00:00+00:00, run_after=2024-04-25 00:00:00+00:00
[2024-04-25T12:04:33.360+0800] {processor.py:183} INFO - Processing /mnt/c/Users/Jason/Desktop/IS3107/is3107_DataEngineering/.venv/lib/python3.8/site-packages/airflow/example_dags/example_branch_operator.py took 0.229 seconds
[2024-04-25T12:05:43.770+0800] {processor.py:161} INFO - Started process (PID=1936848) to work on /mnt/c/Users/Jason/Desktop/IS3107/is3107_DataEngineering/.venv/lib/python3.8/site-packages/airflow/example_dags/example_branch_operator.py
[2024-04-25T12:05:43.771+0800] {processor.py:830} INFO - Processing file /mnt/c/Users/Jason/Desktop/IS3107/is3107_DataEngineering/.venv/lib/python3.8/site-packages/airflow/example_dags/example_branch_operator.py for tasks to queue
[2024-04-25T12:05:43.773+0800] {logging_mixin.py:188} INFO - [2024-04-25T12:05:43.772+0800] {dagbag.py:540} INFO - Filling up the DagBag from /mnt/c/Users/Jason/Desktop/IS3107/is3107_DataEngineering/.venv/lib/python3.8/site-packages/airflow/example_dags/example_branch_operator.py
[2024-04-25T12:05:43.822+0800] {processor.py:840} INFO - DAG(s) 'example_branch_operator' retrieved from /mnt/c/Users/Jason/Desktop/IS3107/is3107_DataEngineering/.venv/lib/python3.8/site-packages/airflow/example_dags/example_branch_operator.py
[2024-04-25T12:05:43.857+0800] {logging_mixin.py:188} INFO - [2024-04-25T12:05:43.856+0800] {dag.py:3096} INFO - Sync 1 DAGs
[2024-04-25T12:05:43.885+0800] {logging_mixin.py:188} INFO - [2024-04-25T12:05:43.884+0800] {dag.py:3954} INFO - Setting next_dagrun for example_branch_operator to 2024-04-24 00:00:00+00:00, run_after=2024-04-25 00:00:00+00:00
[2024-04-25T12:05:43.959+0800] {processor.py:183} INFO - Processing /mnt/c/Users/Jason/Desktop/IS3107/is3107_DataEngineering/.venv/lib/python3.8/site-packages/airflow/example_dags/example_branch_operator.py took 0.200 seconds
[2024-04-25T12:06:45.366+0800] {processor.py:161} INFO - Started process (PID=1937455) to work on /mnt/c/Users/Jason/Desktop/IS3107/is3107_DataEngineering/.venv/lib/python3.8/site-packages/airflow/example_dags/example_branch_operator.py
[2024-04-25T12:06:45.368+0800] {processor.py:830} INFO - Processing file /mnt/c/Users/Jason/Desktop/IS3107/is3107_DataEngineering/.venv/lib/python3.8/site-packages/airflow/example_dags/example_branch_operator.py for tasks to queue
[2024-04-25T12:06:45.372+0800] {logging_mixin.py:188} INFO - [2024-04-25T12:06:45.370+0800] {dagbag.py:540} INFO - Filling up the DagBag from /mnt/c/Users/Jason/Desktop/IS3107/is3107_DataEngineering/.venv/lib/python3.8/site-packages/airflow/example_dags/example_branch_operator.py
[2024-04-25T12:06:45.447+0800] {processor.py:840} INFO - DAG(s) 'example_branch_operator' retrieved from /mnt/c/Users/Jason/Desktop/IS3107/is3107_DataEngineering/.venv/lib/python3.8/site-packages/airflow/example_dags/example_branch_operator.py
[2024-04-25T12:06:45.494+0800] {logging_mixin.py:188} INFO - [2024-04-25T12:06:45.492+0800] {dag.py:3096} INFO - Sync 1 DAGs
[2024-04-25T12:06:45.533+0800] {logging_mixin.py:188} INFO - [2024-04-25T12:06:45.530+0800] {dag.py:3954} INFO - Setting next_dagrun for example_branch_operator to 2024-04-24 00:00:00+00:00, run_after=2024-04-25 00:00:00+00:00
[2024-04-25T12:06:45.642+0800] {processor.py:183} INFO - Processing /mnt/c/Users/Jason/Desktop/IS3107/is3107_DataEngineering/.venv/lib/python3.8/site-packages/airflow/example_dags/example_branch_operator.py took 0.292 seconds
[2024-04-25T12:07:45.824+0800] {processor.py:161} INFO - Started process (PID=1938033) to work on /mnt/c/Users/Jason/Desktop/IS3107/is3107_DataEngineering/.venv/lib/python3.8/site-packages/airflow/example_dags/example_branch_operator.py
[2024-04-25T12:07:45.825+0800] {processor.py:830} INFO - Processing file /mnt/c/Users/Jason/Desktop/IS3107/is3107_DataEngineering/.venv/lib/python3.8/site-packages/airflow/example_dags/example_branch_operator.py for tasks to queue
[2024-04-25T12:07:45.827+0800] {logging_mixin.py:188} INFO - [2024-04-25T12:07:45.826+0800] {dagbag.py:540} INFO - Filling up the DagBag from /mnt/c/Users/Jason/Desktop/IS3107/is3107_DataEngineering/.venv/lib/python3.8/site-packages/airflow/example_dags/example_branch_operator.py
[2024-04-25T12:07:45.898+0800] {processor.py:840} INFO - DAG(s) 'example_branch_operator' retrieved from /mnt/c/Users/Jason/Desktop/IS3107/is3107_DataEngineering/.venv/lib/python3.8/site-packages/airflow/example_dags/example_branch_operator.py
[2024-04-25T12:07:45.939+0800] {logging_mixin.py:188} INFO - [2024-04-25T12:07:45.939+0800] {dag.py:3096} INFO - Sync 1 DAGs
[2024-04-25T12:07:45.963+0800] {logging_mixin.py:188} INFO - [2024-04-25T12:07:45.961+0800] {dag.py:3954} INFO - Setting next_dagrun for example_branch_operator to 2024-04-24 00:00:00+00:00, run_after=2024-04-25 00:00:00+00:00
[2024-04-25T12:07:46.023+0800] {processor.py:183} INFO - Processing /mnt/c/Users/Jason/Desktop/IS3107/is3107_DataEngineering/.venv/lib/python3.8/site-packages/airflow/example_dags/example_branch_operator.py took 0.210 seconds
[2024-04-25T12:09:46.508+0800] {processor.py:161} INFO - Started process (PID=1939210) to work on /mnt/c/Users/Jason/Desktop/IS3107/is3107_DataEngineering/.venv/lib/python3.8/site-packages/airflow/example_dags/example_branch_operator.py
[2024-04-25T12:09:46.513+0800] {processor.py:830} INFO - Processing file /mnt/c/Users/Jason/Desktop/IS3107/is3107_DataEngineering/.venv/lib/python3.8/site-packages/airflow/example_dags/example_branch_operator.py for tasks to queue
[2024-04-25T12:09:46.522+0800] {logging_mixin.py:188} INFO - [2024-04-25T12:09:46.518+0800] {dagbag.py:540} INFO - Filling up the DagBag from /mnt/c/Users/Jason/Desktop/IS3107/is3107_DataEngineering/.venv/lib/python3.8/site-packages/airflow/example_dags/example_branch_operator.py
[2024-04-25T12:09:46.868+0800] {processor.py:840} INFO - DAG(s) 'example_branch_operator' retrieved from /mnt/c/Users/Jason/Desktop/IS3107/is3107_DataEngineering/.venv/lib/python3.8/site-packages/airflow/example_dags/example_branch_operator.py
[2024-04-25T12:09:47.021+0800] {logging_mixin.py:188} INFO - [2024-04-25T12:09:47.018+0800] {dag.py:3096} INFO - Sync 1 DAGs
[2024-04-25T12:09:47.191+0800] {logging_mixin.py:188} INFO - [2024-04-25T12:09:47.188+0800] {dag.py:3954} INFO - Setting next_dagrun for example_branch_operator to 2024-04-24 00:00:00+00:00, run_after=2024-04-25 00:00:00+00:00
[2024-04-25T12:09:47.563+0800] {processor.py:183} INFO - Processing /mnt/c/Users/Jason/Desktop/IS3107/is3107_DataEngineering/.venv/lib/python3.8/site-packages/airflow/example_dags/example_branch_operator.py took 1.129 seconds
[2024-04-25T12:11:03.899+0800] {processor.py:161} INFO - Started process (PID=1939948) to work on /mnt/c/Users/Jason/Desktop/IS3107/is3107_DataEngineering/.venv/lib/python3.8/site-packages/airflow/example_dags/example_branch_operator.py
[2024-04-25T12:11:03.903+0800] {processor.py:830} INFO - Processing file /mnt/c/Users/Jason/Desktop/IS3107/is3107_DataEngineering/.venv/lib/python3.8/site-packages/airflow/example_dags/example_branch_operator.py for tasks to queue
[2024-04-25T12:11:03.908+0800] {logging_mixin.py:188} INFO - [2024-04-25T12:11:03.906+0800] {dagbag.py:540} INFO - Filling up the DagBag from /mnt/c/Users/Jason/Desktop/IS3107/is3107_DataEngineering/.venv/lib/python3.8/site-packages/airflow/example_dags/example_branch_operator.py
[2024-04-25T12:11:04.027+0800] {processor.py:840} INFO - DAG(s) 'example_branch_operator' retrieved from /mnt/c/Users/Jason/Desktop/IS3107/is3107_DataEngineering/.venv/lib/python3.8/site-packages/airflow/example_dags/example_branch_operator.py
[2024-04-25T12:11:04.091+0800] {logging_mixin.py:188} INFO - [2024-04-25T12:11:04.089+0800] {dag.py:3096} INFO - Sync 1 DAGs
[2024-04-25T12:11:04.133+0800] {logging_mixin.py:188} INFO - [2024-04-25T12:11:04.131+0800] {dag.py:3954} INFO - Setting next_dagrun for example_branch_operator to 2024-04-24 00:00:00+00:00, run_after=2024-04-25 00:00:00+00:00
[2024-04-25T12:11:04.257+0800] {processor.py:183} INFO - Processing /mnt/c/Users/Jason/Desktop/IS3107/is3107_DataEngineering/.venv/lib/python3.8/site-packages/airflow/example_dags/example_branch_operator.py took 0.378 seconds
[2024-04-25T12:12:19.560+0800] {processor.py:161} INFO - Started process (PID=1940690) to work on /mnt/c/Users/Jason/Desktop/IS3107/is3107_DataEngineering/.venv/lib/python3.8/site-packages/airflow/example_dags/example_branch_operator.py
[2024-04-25T12:12:19.561+0800] {processor.py:830} INFO - Processing file /mnt/c/Users/Jason/Desktop/IS3107/is3107_DataEngineering/.venv/lib/python3.8/site-packages/airflow/example_dags/example_branch_operator.py for tasks to queue
[2024-04-25T12:12:19.564+0800] {logging_mixin.py:188} INFO - [2024-04-25T12:12:19.563+0800] {dagbag.py:540} INFO - Filling up the DagBag from /mnt/c/Users/Jason/Desktop/IS3107/is3107_DataEngineering/.venv/lib/python3.8/site-packages/airflow/example_dags/example_branch_operator.py
[2024-04-25T12:12:19.623+0800] {processor.py:840} INFO - DAG(s) 'example_branch_operator' retrieved from /mnt/c/Users/Jason/Desktop/IS3107/is3107_DataEngineering/.venv/lib/python3.8/site-packages/airflow/example_dags/example_branch_operator.py
[2024-04-25T12:12:19.660+0800] {logging_mixin.py:188} INFO - [2024-04-25T12:12:19.659+0800] {dag.py:3096} INFO - Sync 1 DAGs
[2024-04-25T12:12:19.686+0800] {logging_mixin.py:188} INFO - [2024-04-25T12:12:19.684+0800] {dag.py:3954} INFO - Setting next_dagrun for example_branch_operator to 2024-04-24 00:00:00+00:00, run_after=2024-04-25 00:00:00+00:00
[2024-04-25T12:12:19.761+0800] {processor.py:183} INFO - Processing /mnt/c/Users/Jason/Desktop/IS3107/is3107_DataEngineering/.venv/lib/python3.8/site-packages/airflow/example_dags/example_branch_operator.py took 0.212 seconds
[2024-04-25T12:13:27.200+0800] {processor.py:161} INFO - Started process (PID=1941315) to work on /mnt/c/Users/Jason/Desktop/IS3107/is3107_DataEngineering/.venv/lib/python3.8/site-packages/airflow/example_dags/example_branch_operator.py
[2024-04-25T12:13:27.201+0800] {processor.py:830} INFO - Processing file /mnt/c/Users/Jason/Desktop/IS3107/is3107_DataEngineering/.venv/lib/python3.8/site-packages/airflow/example_dags/example_branch_operator.py for tasks to queue
[2024-04-25T12:13:27.204+0800] {logging_mixin.py:188} INFO - [2024-04-25T12:13:27.204+0800] {dagbag.py:540} INFO - Filling up the DagBag from /mnt/c/Users/Jason/Desktop/IS3107/is3107_DataEngineering/.venv/lib/python3.8/site-packages/airflow/example_dags/example_branch_operator.py
[2024-04-25T12:13:27.259+0800] {processor.py:840} INFO - DAG(s) 'example_branch_operator' retrieved from /mnt/c/Users/Jason/Desktop/IS3107/is3107_DataEngineering/.venv/lib/python3.8/site-packages/airflow/example_dags/example_branch_operator.py
[2024-04-25T12:13:27.290+0800] {logging_mixin.py:188} INFO - [2024-04-25T12:13:27.289+0800] {dag.py:3096} INFO - Sync 1 DAGs
[2024-04-25T12:13:27.311+0800] {logging_mixin.py:188} INFO - [2024-04-25T12:13:27.310+0800] {dag.py:3954} INFO - Setting next_dagrun for example_branch_operator to 2024-04-24 00:00:00+00:00, run_after=2024-04-25 00:00:00+00:00
[2024-04-25T12:13:27.408+0800] {processor.py:183} INFO - Processing /mnt/c/Users/Jason/Desktop/IS3107/is3107_DataEngineering/.venv/lib/python3.8/site-packages/airflow/example_dags/example_branch_operator.py took 0.218 seconds
