[2024-04-25T11:51:41.300+0800] {processor.py:161} INFO - Started process (PID=1928785) to work on /mnt/c/Users/Jason/Desktop/IS3107/is3107_DataEngineering/.venv/lib/python3.8/site-packages/airflow/example_dags/example_short_circuit_operator.py
[2024-04-25T11:51:41.302+0800] {processor.py:830} INFO - Processing file /mnt/c/Users/Jason/Desktop/IS3107/is3107_DataEngineering/.venv/lib/python3.8/site-packages/airflow/example_dags/example_short_circuit_operator.py for tasks to queue
[2024-04-25T11:51:41.304+0800] {logging_mixin.py:188} INFO - [2024-04-25T11:51:41.303+0800] {dagbag.py:540} INFO - Filling up the DagBag from /mnt/c/Users/Jason/Desktop/IS3107/is3107_DataEngineering/.venv/lib/python3.8/site-packages/airflow/example_dags/example_short_circuit_operator.py
[2024-04-25T11:51:41.330+0800] {processor.py:840} INFO - DAG(s) 'example_short_circuit_operator' retrieved from /mnt/c/Users/Jason/Desktop/IS3107/is3107_DataEngineering/.venv/lib/python3.8/site-packages/airflow/example_dags/example_short_circuit_operator.py
[2024-04-25T11:51:42.878+0800] {logging_mixin.py:188} INFO - [2024-04-25T11:51:42.877+0800] {dag.py:3096} INFO - Sync 1 DAGs
[2024-04-25T11:51:42.916+0800] {logging_mixin.py:188} INFO - [2024-04-25T11:51:42.915+0800] {dag.py:3954} INFO - Setting next_dagrun for example_short_circuit_operator to 2024-04-24 00:00:00+00:00, run_after=2024-04-25 00:00:00+00:00
[2024-04-25T11:51:43.072+0800] {processor.py:183} INFO - Processing /mnt/c/Users/Jason/Desktop/IS3107/is3107_DataEngineering/.venv/lib/python3.8/site-packages/airflow/example_dags/example_short_circuit_operator.py took 1.786 seconds
[2024-04-25T11:53:50.601+0800] {processor.py:161} INFO - Started process (PID=1930005) to work on /mnt/c/Users/Jason/Desktop/IS3107/is3107_DataEngineering/.venv/lib/python3.8/site-packages/airflow/example_dags/example_short_circuit_operator.py
[2024-04-25T11:53:50.605+0800] {processor.py:830} INFO - Processing file /mnt/c/Users/Jason/Desktop/IS3107/is3107_DataEngineering/.venv/lib/python3.8/site-packages/airflow/example_dags/example_short_circuit_operator.py for tasks to queue
[2024-04-25T11:53:50.611+0800] {logging_mixin.py:188} INFO - [2024-04-25T11:53:50.608+0800] {dagbag.py:540} INFO - Filling up the DagBag from /mnt/c/Users/Jason/Desktop/IS3107/is3107_DataEngineering/.venv/lib/python3.8/site-packages/airflow/example_dags/example_short_circuit_operator.py
[2024-04-25T11:53:50.653+0800] {processor.py:840} INFO - DAG(s) 'example_short_circuit_operator' retrieved from /mnt/c/Users/Jason/Desktop/IS3107/is3107_DataEngineering/.venv/lib/python3.8/site-packages/airflow/example_dags/example_short_circuit_operator.py
[2024-04-25T11:53:50.724+0800] {logging_mixin.py:188} INFO - [2024-04-25T11:53:50.721+0800] {dag.py:3096} INFO - Sync 1 DAGs
[2024-04-25T11:53:50.788+0800] {logging_mixin.py:188} INFO - [2024-04-25T11:53:50.785+0800] {dag.py:3954} INFO - Setting next_dagrun for example_short_circuit_operator to 2024-04-24 00:00:00+00:00, run_after=2024-04-25 00:00:00+00:00
[2024-04-25T11:53:50.902+0800] {processor.py:183} INFO - Processing /mnt/c/Users/Jason/Desktop/IS3107/is3107_DataEngineering/.venv/lib/python3.8/site-packages/airflow/example_dags/example_short_circuit_operator.py took 0.321 seconds
[2024-04-25T11:56:42.725+0800] {processor.py:161} INFO - Started process (PID=1931635) to work on /mnt/c/Users/Jason/Desktop/IS3107/is3107_DataEngineering/.venv/lib/python3.8/site-packages/airflow/example_dags/example_short_circuit_operator.py
[2024-04-25T11:56:42.727+0800] {processor.py:830} INFO - Processing file /mnt/c/Users/Jason/Desktop/IS3107/is3107_DataEngineering/.venv/lib/python3.8/site-packages/airflow/example_dags/example_short_circuit_operator.py for tasks to queue
[2024-04-25T11:56:42.730+0800] {logging_mixin.py:188} INFO - [2024-04-25T11:56:42.728+0800] {dagbag.py:540} INFO - Filling up the DagBag from /mnt/c/Users/Jason/Desktop/IS3107/is3107_DataEngineering/.venv/lib/python3.8/site-packages/airflow/example_dags/example_short_circuit_operator.py
[2024-04-25T11:56:42.748+0800] {processor.py:840} INFO - DAG(s) 'example_short_circuit_operator' retrieved from /mnt/c/Users/Jason/Desktop/IS3107/is3107_DataEngineering/.venv/lib/python3.8/site-packages/airflow/example_dags/example_short_circuit_operator.py
[2024-04-25T11:56:42.774+0800] {logging_mixin.py:188} INFO - [2024-04-25T11:56:42.773+0800] {dag.py:3096} INFO - Sync 1 DAGs
[2024-04-25T11:56:42.802+0800] {logging_mixin.py:188} INFO - [2024-04-25T11:56:42.801+0800] {dag.py:3954} INFO - Setting next_dagrun for example_short_circuit_operator to 2024-04-24 00:00:00+00:00, run_after=2024-04-25 00:00:00+00:00
[2024-04-25T11:56:42.882+0800] {processor.py:183} INFO - Processing /mnt/c/Users/Jason/Desktop/IS3107/is3107_DataEngineering/.venv/lib/python3.8/site-packages/airflow/example_dags/example_short_circuit_operator.py took 0.171 seconds
[2024-04-25T11:58:49.927+0800] {processor.py:161} INFO - Started process (PID=1932888) to work on /mnt/c/Users/Jason/Desktop/IS3107/is3107_DataEngineering/.venv/lib/python3.8/site-packages/airflow/example_dags/example_short_circuit_operator.py
[2024-04-25T11:58:49.929+0800] {processor.py:830} INFO - Processing file /mnt/c/Users/Jason/Desktop/IS3107/is3107_DataEngineering/.venv/lib/python3.8/site-packages/airflow/example_dags/example_short_circuit_operator.py for tasks to queue
[2024-04-25T11:58:49.932+0800] {logging_mixin.py:188} INFO - [2024-04-25T11:58:49.931+0800] {dagbag.py:540} INFO - Filling up the DagBag from /mnt/c/Users/Jason/Desktop/IS3107/is3107_DataEngineering/.venv/lib/python3.8/site-packages/airflow/example_dags/example_short_circuit_operator.py
[2024-04-25T11:58:49.952+0800] {processor.py:840} INFO - DAG(s) 'example_short_circuit_operator' retrieved from /mnt/c/Users/Jason/Desktop/IS3107/is3107_DataEngineering/.venv/lib/python3.8/site-packages/airflow/example_dags/example_short_circuit_operator.py
[2024-04-25T11:58:49.986+0800] {logging_mixin.py:188} INFO - [2024-04-25T11:58:49.985+0800] {dag.py:3096} INFO - Sync 1 DAGs
[2024-04-25T11:58:50.013+0800] {logging_mixin.py:188} INFO - [2024-04-25T11:58:50.012+0800] {dag.py:3954} INFO - Setting next_dagrun for example_short_circuit_operator to 2024-04-24 00:00:00+00:00, run_after=2024-04-25 00:00:00+00:00
[2024-04-25T11:58:50.091+0800] {processor.py:183} INFO - Processing /mnt/c/Users/Jason/Desktop/IS3107/is3107_DataEngineering/.venv/lib/python3.8/site-packages/airflow/example_dags/example_short_circuit_operator.py took 0.176 seconds
[2024-04-25T12:01:19.471+0800] {processor.py:161} INFO - Started process (PID=1934311) to work on /mnt/c/Users/Jason/Desktop/IS3107/is3107_DataEngineering/.venv/lib/python3.8/site-packages/airflow/example_dags/example_short_circuit_operator.py
[2024-04-25T12:01:19.475+0800] {processor.py:830} INFO - Processing file /mnt/c/Users/Jason/Desktop/IS3107/is3107_DataEngineering/.venv/lib/python3.8/site-packages/airflow/example_dags/example_short_circuit_operator.py for tasks to queue
[2024-04-25T12:01:19.480+0800] {logging_mixin.py:188} INFO - [2024-04-25T12:01:19.478+0800] {dagbag.py:540} INFO - Filling up the DagBag from /mnt/c/Users/Jason/Desktop/IS3107/is3107_DataEngineering/.venv/lib/python3.8/site-packages/airflow/example_dags/example_short_circuit_operator.py
[2024-04-25T12:01:19.518+0800] {processor.py:840} INFO - DAG(s) 'example_short_circuit_operator' retrieved from /mnt/c/Users/Jason/Desktop/IS3107/is3107_DataEngineering/.venv/lib/python3.8/site-packages/airflow/example_dags/example_short_circuit_operator.py
[2024-04-25T12:01:19.591+0800] {logging_mixin.py:188} INFO - [2024-04-25T12:01:19.589+0800] {dag.py:3096} INFO - Sync 1 DAGs
[2024-04-25T12:01:19.659+0800] {logging_mixin.py:188} INFO - [2024-04-25T12:01:19.657+0800] {dag.py:3954} INFO - Setting next_dagrun for example_short_circuit_operator to 2024-04-24 00:00:00+00:00, run_after=2024-04-25 00:00:00+00:00
[2024-04-25T12:01:19.774+0800] {processor.py:183} INFO - Processing /mnt/c/Users/Jason/Desktop/IS3107/is3107_DataEngineering/.venv/lib/python3.8/site-packages/airflow/example_dags/example_short_circuit_operator.py took 0.325 seconds
[2024-04-25T12:03:44.961+0800] {processor.py:161} INFO - Started process (PID=1935702) to work on /mnt/c/Users/Jason/Desktop/IS3107/is3107_DataEngineering/.venv/lib/python3.8/site-packages/airflow/example_dags/example_short_circuit_operator.py
[2024-04-25T12:03:44.964+0800] {processor.py:830} INFO - Processing file /mnt/c/Users/Jason/Desktop/IS3107/is3107_DataEngineering/.venv/lib/python3.8/site-packages/airflow/example_dags/example_short_circuit_operator.py for tasks to queue
[2024-04-25T12:03:44.966+0800] {logging_mixin.py:188} INFO - [2024-04-25T12:03:44.965+0800] {dagbag.py:540} INFO - Filling up the DagBag from /mnt/c/Users/Jason/Desktop/IS3107/is3107_DataEngineering/.venv/lib/python3.8/site-packages/airflow/example_dags/example_short_circuit_operator.py
[2024-04-25T12:03:44.984+0800] {processor.py:840} INFO - DAG(s) 'example_short_circuit_operator' retrieved from /mnt/c/Users/Jason/Desktop/IS3107/is3107_DataEngineering/.venv/lib/python3.8/site-packages/airflow/example_dags/example_short_circuit_operator.py
[2024-04-25T12:03:45.013+0800] {logging_mixin.py:188} INFO - [2024-04-25T12:03:45.012+0800] {dag.py:3096} INFO - Sync 1 DAGs
[2024-04-25T12:03:45.042+0800] {logging_mixin.py:188} INFO - [2024-04-25T12:03:45.041+0800] {dag.py:3954} INFO - Setting next_dagrun for example_short_circuit_operator to 2024-04-24 00:00:00+00:00, run_after=2024-04-25 00:00:00+00:00
[2024-04-25T12:03:45.124+0800] {processor.py:183} INFO - Processing /mnt/c/Users/Jason/Desktop/IS3107/is3107_DataEngineering/.venv/lib/python3.8/site-packages/airflow/example_dags/example_short_circuit_operator.py took 0.174 seconds
[2024-04-25T12:06:05.201+0800] {processor.py:161} INFO - Started process (PID=1937058) to work on /mnt/c/Users/Jason/Desktop/IS3107/is3107_DataEngineering/.venv/lib/python3.8/site-packages/airflow/example_dags/example_short_circuit_operator.py
[2024-04-25T12:06:05.202+0800] {processor.py:830} INFO - Processing file /mnt/c/Users/Jason/Desktop/IS3107/is3107_DataEngineering/.venv/lib/python3.8/site-packages/airflow/example_dags/example_short_circuit_operator.py for tasks to queue
[2024-04-25T12:06:05.205+0800] {logging_mixin.py:188} INFO - [2024-04-25T12:06:05.204+0800] {dagbag.py:540} INFO - Filling up the DagBag from /mnt/c/Users/Jason/Desktop/IS3107/is3107_DataEngineering/.venv/lib/python3.8/site-packages/airflow/example_dags/example_short_circuit_operator.py
[2024-04-25T12:06:05.229+0800] {processor.py:840} INFO - DAG(s) 'example_short_circuit_operator' retrieved from /mnt/c/Users/Jason/Desktop/IS3107/is3107_DataEngineering/.venv/lib/python3.8/site-packages/airflow/example_dags/example_short_circuit_operator.py
[2024-04-25T12:06:05.261+0800] {logging_mixin.py:188} INFO - [2024-04-25T12:06:05.260+0800] {dag.py:3096} INFO - Sync 1 DAGs
[2024-04-25T12:06:05.291+0800] {logging_mixin.py:188} INFO - [2024-04-25T12:06:05.290+0800] {dag.py:3954} INFO - Setting next_dagrun for example_short_circuit_operator to 2024-04-24 00:00:00+00:00, run_after=2024-04-25 00:00:00+00:00
[2024-04-25T12:06:05.359+0800] {processor.py:183} INFO - Processing /mnt/c/Users/Jason/Desktop/IS3107/is3107_DataEngineering/.venv/lib/python3.8/site-packages/airflow/example_dags/example_short_circuit_operator.py took 0.174 seconds
[2024-04-25T12:08:04.271+0800] {processor.py:161} INFO - Started process (PID=1938212) to work on /mnt/c/Users/Jason/Desktop/IS3107/is3107_DataEngineering/.venv/lib/python3.8/site-packages/airflow/example_dags/example_short_circuit_operator.py
[2024-04-25T12:08:04.273+0800] {processor.py:830} INFO - Processing file /mnt/c/Users/Jason/Desktop/IS3107/is3107_DataEngineering/.venv/lib/python3.8/site-packages/airflow/example_dags/example_short_circuit_operator.py for tasks to queue
[2024-04-25T12:08:04.275+0800] {logging_mixin.py:188} INFO - [2024-04-25T12:08:04.274+0800] {dagbag.py:540} INFO - Filling up the DagBag from /mnt/c/Users/Jason/Desktop/IS3107/is3107_DataEngineering/.venv/lib/python3.8/site-packages/airflow/example_dags/example_short_circuit_operator.py
[2024-04-25T12:08:04.296+0800] {processor.py:840} INFO - DAG(s) 'example_short_circuit_operator' retrieved from /mnt/c/Users/Jason/Desktop/IS3107/is3107_DataEngineering/.venv/lib/python3.8/site-packages/airflow/example_dags/example_short_circuit_operator.py
[2024-04-25T12:08:04.329+0800] {logging_mixin.py:188} INFO - [2024-04-25T12:08:04.328+0800] {dag.py:3096} INFO - Sync 1 DAGs
[2024-04-25T12:08:04.370+0800] {logging_mixin.py:188} INFO - [2024-04-25T12:08:04.369+0800] {dag.py:3954} INFO - Setting next_dagrun for example_short_circuit_operator to 2024-04-24 00:00:00+00:00, run_after=2024-04-25 00:00:00+00:00
[2024-04-25T12:08:04.443+0800] {processor.py:183} INFO - Processing /mnt/c/Users/Jason/Desktop/IS3107/is3107_DataEngineering/.venv/lib/python3.8/site-packages/airflow/example_dags/example_short_circuit_operator.py took 0.183 seconds
[2024-04-25T12:10:12.369+0800] {processor.py:161} INFO - Started process (PID=1939461) to work on /mnt/c/Users/Jason/Desktop/IS3107/is3107_DataEngineering/.venv/lib/python3.8/site-packages/airflow/example_dags/example_short_circuit_operator.py
[2024-04-25T12:10:12.370+0800] {processor.py:830} INFO - Processing file /mnt/c/Users/Jason/Desktop/IS3107/is3107_DataEngineering/.venv/lib/python3.8/site-packages/airflow/example_dags/example_short_circuit_operator.py for tasks to queue
[2024-04-25T12:10:12.373+0800] {logging_mixin.py:188} INFO - [2024-04-25T12:10:12.372+0800] {dagbag.py:540} INFO - Filling up the DagBag from /mnt/c/Users/Jason/Desktop/IS3107/is3107_DataEngineering/.venv/lib/python3.8/site-packages/airflow/example_dags/example_short_circuit_operator.py
[2024-04-25T12:10:12.395+0800] {processor.py:840} INFO - DAG(s) 'example_short_circuit_operator' retrieved from /mnt/c/Users/Jason/Desktop/IS3107/is3107_DataEngineering/.venv/lib/python3.8/site-packages/airflow/example_dags/example_short_circuit_operator.py
[2024-04-25T12:10:12.430+0800] {logging_mixin.py:188} INFO - [2024-04-25T12:10:12.429+0800] {dag.py:3096} INFO - Sync 1 DAGs
[2024-04-25T12:10:12.463+0800] {logging_mixin.py:188} INFO - [2024-04-25T12:10:12.462+0800] {dag.py:3954} INFO - Setting next_dagrun for example_short_circuit_operator to 2024-04-24 00:00:00+00:00, run_after=2024-04-25 00:00:00+00:00
[2024-04-25T12:10:12.541+0800] {processor.py:183} INFO - Processing /mnt/c/Users/Jason/Desktop/IS3107/is3107_DataEngineering/.venv/lib/python3.8/site-packages/airflow/example_dags/example_short_circuit_operator.py took 0.185 seconds
[2024-04-25T12:12:46.501+0800] {processor.py:161} INFO - Started process (PID=1940929) to work on /mnt/c/Users/Jason/Desktop/IS3107/is3107_DataEngineering/.venv/lib/python3.8/site-packages/airflow/example_dags/example_short_circuit_operator.py
[2024-04-25T12:12:46.505+0800] {processor.py:830} INFO - Processing file /mnt/c/Users/Jason/Desktop/IS3107/is3107_DataEngineering/.venv/lib/python3.8/site-packages/airflow/example_dags/example_short_circuit_operator.py for tasks to queue
[2024-04-25T12:12:46.507+0800] {logging_mixin.py:188} INFO - [2024-04-25T12:12:46.506+0800] {dagbag.py:540} INFO - Filling up the DagBag from /mnt/c/Users/Jason/Desktop/IS3107/is3107_DataEngineering/.venv/lib/python3.8/site-packages/airflow/example_dags/example_short_circuit_operator.py
[2024-04-25T12:12:46.526+0800] {processor.py:840} INFO - DAG(s) 'example_short_circuit_operator' retrieved from /mnt/c/Users/Jason/Desktop/IS3107/is3107_DataEngineering/.venv/lib/python3.8/site-packages/airflow/example_dags/example_short_circuit_operator.py
[2024-04-25T12:12:46.561+0800] {logging_mixin.py:188} INFO - [2024-04-25T12:12:46.560+0800] {dag.py:3096} INFO - Sync 1 DAGs
[2024-04-25T12:12:46.590+0800] {logging_mixin.py:188} INFO - [2024-04-25T12:12:46.590+0800] {dag.py:3954} INFO - Setting next_dagrun for example_short_circuit_operator to 2024-04-24 00:00:00+00:00, run_after=2024-04-25 00:00:00+00:00
[2024-04-25T12:12:46.771+0800] {processor.py:183} INFO - Processing /mnt/c/Users/Jason/Desktop/IS3107/is3107_DataEngineering/.venv/lib/python3.8/site-packages/airflow/example_dags/example_short_circuit_operator.py took 0.282 seconds
