[2024-04-25T11:52:15.792+0800] {processor.py:161} INFO - Started process (PID=1929117) to work on /mnt/c/Users/Jason/Desktop/IS3107/is3107_DataEngineering/.venv/lib/python3.8/site-packages/airflow/example_dags/tutorial_dag.py
[2024-04-25T11:52:15.794+0800] {processor.py:830} INFO - Processing file /mnt/c/Users/Jason/Desktop/IS3107/is3107_DataEngineering/.venv/lib/python3.8/site-packages/airflow/example_dags/tutorial_dag.py for tasks to queue
[2024-04-25T11:52:15.797+0800] {logging_mixin.py:188} INFO - [2024-04-25T11:52:15.796+0800] {dagbag.py:540} INFO - Filling up the DagBag from /mnt/c/Users/Jason/Desktop/IS3107/is3107_DataEngineering/.venv/lib/python3.8/site-packages/airflow/example_dags/tutorial_dag.py
[2024-04-25T11:52:15.822+0800] {processor.py:840} INFO - DAG(s) 'tutorial_dag' retrieved from /mnt/c/Users/Jason/Desktop/IS3107/is3107_DataEngineering/.venv/lib/python3.8/site-packages/airflow/example_dags/tutorial_dag.py
[2024-04-25T11:52:17.199+0800] {logging_mixin.py:188} INFO - [2024-04-25T11:52:17.197+0800] {dag.py:3096} INFO - Sync 1 DAGs
[2024-04-25T11:52:17.221+0800] {logging_mixin.py:188} INFO - [2024-04-25T11:52:17.220+0800] {dag.py:3954} INFO - Setting next_dagrun for tutorial_dag to None, run_after=None
[2024-04-25T11:52:17.345+0800] {processor.py:183} INFO - Processing /mnt/c/Users/Jason/Desktop/IS3107/is3107_DataEngineering/.venv/lib/python3.8/site-packages/airflow/example_dags/tutorial_dag.py took 1.565 seconds
[2024-04-25T11:55:30.627+0800] {processor.py:161} INFO - Started process (PID=1930928) to work on /mnt/c/Users/Jason/Desktop/IS3107/is3107_DataEngineering/.venv/lib/python3.8/site-packages/airflow/example_dags/tutorial_dag.py
[2024-04-25T11:55:30.629+0800] {processor.py:830} INFO - Processing file /mnt/c/Users/Jason/Desktop/IS3107/is3107_DataEngineering/.venv/lib/python3.8/site-packages/airflow/example_dags/tutorial_dag.py for tasks to queue
[2024-04-25T11:55:30.632+0800] {logging_mixin.py:188} INFO - [2024-04-25T11:55:30.631+0800] {dagbag.py:540} INFO - Filling up the DagBag from /mnt/c/Users/Jason/Desktop/IS3107/is3107_DataEngineering/.venv/lib/python3.8/site-packages/airflow/example_dags/tutorial_dag.py
[2024-04-25T11:55:30.655+0800] {processor.py:840} INFO - DAG(s) 'tutorial_dag' retrieved from /mnt/c/Users/Jason/Desktop/IS3107/is3107_DataEngineering/.venv/lib/python3.8/site-packages/airflow/example_dags/tutorial_dag.py
[2024-04-25T11:55:30.686+0800] {logging_mixin.py:188} INFO - [2024-04-25T11:55:30.685+0800] {dag.py:3096} INFO - Sync 1 DAGs
[2024-04-25T11:55:30.705+0800] {logging_mixin.py:188} INFO - [2024-04-25T11:55:30.704+0800] {dag.py:3954} INFO - Setting next_dagrun for tutorial_dag to None, run_after=None
[2024-04-25T11:55:30.776+0800] {processor.py:183} INFO - Processing /mnt/c/Users/Jason/Desktop/IS3107/is3107_DataEngineering/.venv/lib/python3.8/site-packages/airflow/example_dags/tutorial_dag.py took 0.160 seconds
[2024-04-25T11:57:39.802+0800] {processor.py:161} INFO - Started process (PID=1932186) to work on /mnt/c/Users/Jason/Desktop/IS3107/is3107_DataEngineering/.venv/lib/python3.8/site-packages/airflow/example_dags/tutorial_dag.py
[2024-04-25T11:57:39.805+0800] {processor.py:830} INFO - Processing file /mnt/c/Users/Jason/Desktop/IS3107/is3107_DataEngineering/.venv/lib/python3.8/site-packages/airflow/example_dags/tutorial_dag.py for tasks to queue
[2024-04-25T11:57:39.808+0800] {logging_mixin.py:188} INFO - [2024-04-25T11:57:39.807+0800] {dagbag.py:540} INFO - Filling up the DagBag from /mnt/c/Users/Jason/Desktop/IS3107/is3107_DataEngineering/.venv/lib/python3.8/site-packages/airflow/example_dags/tutorial_dag.py
[2024-04-25T11:57:39.832+0800] {processor.py:840} INFO - DAG(s) 'tutorial_dag' retrieved from /mnt/c/Users/Jason/Desktop/IS3107/is3107_DataEngineering/.venv/lib/python3.8/site-packages/airflow/example_dags/tutorial_dag.py
[2024-04-25T11:57:39.874+0800] {logging_mixin.py:188} INFO - [2024-04-25T11:57:39.873+0800] {dag.py:3096} INFO - Sync 1 DAGs
[2024-04-25T11:57:39.893+0800] {logging_mixin.py:188} INFO - [2024-04-25T11:57:39.892+0800] {dag.py:3954} INFO - Setting next_dagrun for tutorial_dag to None, run_after=None
[2024-04-25T11:57:39.982+0800] {processor.py:183} INFO - Processing /mnt/c/Users/Jason/Desktop/IS3107/is3107_DataEngineering/.venv/lib/python3.8/site-packages/airflow/example_dags/tutorial_dag.py took 0.194 seconds
[2024-04-25T12:00:00.241+0800] {processor.py:161} INFO - Started process (PID=1933560) to work on /mnt/c/Users/Jason/Desktop/IS3107/is3107_DataEngineering/.venv/lib/python3.8/site-packages/airflow/example_dags/tutorial_dag.py
[2024-04-25T12:00:00.245+0800] {processor.py:830} INFO - Processing file /mnt/c/Users/Jason/Desktop/IS3107/is3107_DataEngineering/.venv/lib/python3.8/site-packages/airflow/example_dags/tutorial_dag.py for tasks to queue
[2024-04-25T12:00:00.247+0800] {logging_mixin.py:188} INFO - [2024-04-25T12:00:00.246+0800] {dagbag.py:540} INFO - Filling up the DagBag from /mnt/c/Users/Jason/Desktop/IS3107/is3107_DataEngineering/.venv/lib/python3.8/site-packages/airflow/example_dags/tutorial_dag.py
[2024-04-25T12:00:00.269+0800] {processor.py:840} INFO - DAG(s) 'tutorial_dag' retrieved from /mnt/c/Users/Jason/Desktop/IS3107/is3107_DataEngineering/.venv/lib/python3.8/site-packages/airflow/example_dags/tutorial_dag.py
[2024-04-25T12:00:00.302+0800] {logging_mixin.py:188} INFO - [2024-04-25T12:00:00.301+0800] {dag.py:3096} INFO - Sync 1 DAGs
[2024-04-25T12:00:00.320+0800] {logging_mixin.py:188} INFO - [2024-04-25T12:00:00.319+0800] {dag.py:3954} INFO - Setting next_dagrun for tutorial_dag to None, run_after=None
[2024-04-25T12:00:00.388+0800] {processor.py:183} INFO - Processing /mnt/c/Users/Jason/Desktop/IS3107/is3107_DataEngineering/.venv/lib/python3.8/site-packages/airflow/example_dags/tutorial_dag.py took 0.162 seconds
[2024-04-25T12:02:31.254+0800] {processor.py:161} INFO - Started process (PID=1934989) to work on /mnt/c/Users/Jason/Desktop/IS3107/is3107_DataEngineering/.venv/lib/python3.8/site-packages/airflow/example_dags/tutorial_dag.py
[2024-04-25T12:02:31.256+0800] {processor.py:830} INFO - Processing file /mnt/c/Users/Jason/Desktop/IS3107/is3107_DataEngineering/.venv/lib/python3.8/site-packages/airflow/example_dags/tutorial_dag.py for tasks to queue
[2024-04-25T12:02:31.259+0800] {logging_mixin.py:188} INFO - [2024-04-25T12:02:31.257+0800] {dagbag.py:540} INFO - Filling up the DagBag from /mnt/c/Users/Jason/Desktop/IS3107/is3107_DataEngineering/.venv/lib/python3.8/site-packages/airflow/example_dags/tutorial_dag.py
[2024-04-25T12:02:31.279+0800] {processor.py:840} INFO - DAG(s) 'tutorial_dag' retrieved from /mnt/c/Users/Jason/Desktop/IS3107/is3107_DataEngineering/.venv/lib/python3.8/site-packages/airflow/example_dags/tutorial_dag.py
[2024-04-25T12:02:31.313+0800] {logging_mixin.py:188} INFO - [2024-04-25T12:02:31.311+0800] {dag.py:3096} INFO - Sync 1 DAGs
[2024-04-25T12:02:31.338+0800] {logging_mixin.py:188} INFO - [2024-04-25T12:02:31.336+0800] {dag.py:3954} INFO - Setting next_dagrun for tutorial_dag to None, run_after=None
[2024-04-25T12:02:31.453+0800] {processor.py:183} INFO - Processing /mnt/c/Users/Jason/Desktop/IS3107/is3107_DataEngineering/.venv/lib/python3.8/site-packages/airflow/example_dags/tutorial_dag.py took 0.211 seconds
[2024-04-25T12:04:54.830+0800] {processor.py:161} INFO - Started process (PID=1936367) to work on /mnt/c/Users/Jason/Desktop/IS3107/is3107_DataEngineering/.venv/lib/python3.8/site-packages/airflow/example_dags/tutorial_dag.py
[2024-04-25T12:04:54.831+0800] {processor.py:830} INFO - Processing file /mnt/c/Users/Jason/Desktop/IS3107/is3107_DataEngineering/.venv/lib/python3.8/site-packages/airflow/example_dags/tutorial_dag.py for tasks to queue
[2024-04-25T12:04:54.833+0800] {logging_mixin.py:188} INFO - [2024-04-25T12:04:54.832+0800] {dagbag.py:540} INFO - Filling up the DagBag from /mnt/c/Users/Jason/Desktop/IS3107/is3107_DataEngineering/.venv/lib/python3.8/site-packages/airflow/example_dags/tutorial_dag.py
[2024-04-25T12:04:54.849+0800] {processor.py:840} INFO - DAG(s) 'tutorial_dag' retrieved from /mnt/c/Users/Jason/Desktop/IS3107/is3107_DataEngineering/.venv/lib/python3.8/site-packages/airflow/example_dags/tutorial_dag.py
[2024-04-25T12:04:54.879+0800] {logging_mixin.py:188} INFO - [2024-04-25T12:04:54.878+0800] {dag.py:3096} INFO - Sync 1 DAGs
[2024-04-25T12:04:54.897+0800] {logging_mixin.py:188} INFO - [2024-04-25T12:04:54.896+0800] {dag.py:3954} INFO - Setting next_dagrun for tutorial_dag to None, run_after=None
[2024-04-25T12:04:54.976+0800] {processor.py:183} INFO - Processing /mnt/c/Users/Jason/Desktop/IS3107/is3107_DataEngineering/.venv/lib/python3.8/site-packages/airflow/example_dags/tutorial_dag.py took 0.157 seconds
[2024-04-25T12:07:01.771+0800] {processor.py:161} INFO - Started process (PID=1937608) to work on /mnt/c/Users/Jason/Desktop/IS3107/is3107_DataEngineering/.venv/lib/python3.8/site-packages/airflow/example_dags/tutorial_dag.py
[2024-04-25T12:07:01.773+0800] {processor.py:830} INFO - Processing file /mnt/c/Users/Jason/Desktop/IS3107/is3107_DataEngineering/.venv/lib/python3.8/site-packages/airflow/example_dags/tutorial_dag.py for tasks to queue
[2024-04-25T12:07:01.776+0800] {logging_mixin.py:188} INFO - [2024-04-25T12:07:01.775+0800] {dagbag.py:540} INFO - Filling up the DagBag from /mnt/c/Users/Jason/Desktop/IS3107/is3107_DataEngineering/.venv/lib/python3.8/site-packages/airflow/example_dags/tutorial_dag.py
[2024-04-25T12:07:01.800+0800] {processor.py:840} INFO - DAG(s) 'tutorial_dag' retrieved from /mnt/c/Users/Jason/Desktop/IS3107/is3107_DataEngineering/.venv/lib/python3.8/site-packages/airflow/example_dags/tutorial_dag.py
[2024-04-25T12:07:01.834+0800] {logging_mixin.py:188} INFO - [2024-04-25T12:07:01.832+0800] {dag.py:3096} INFO - Sync 1 DAGs
[2024-04-25T12:07:01.852+0800] {logging_mixin.py:188} INFO - [2024-04-25T12:07:01.850+0800] {dag.py:3954} INFO - Setting next_dagrun for tutorial_dag to None, run_after=None
[2024-04-25T12:07:01.924+0800] {processor.py:183} INFO - Processing /mnt/c/Users/Jason/Desktop/IS3107/is3107_DataEngineering/.venv/lib/python3.8/site-packages/airflow/example_dags/tutorial_dag.py took 0.166 seconds
[2024-04-25T12:08:57.971+0800] {processor.py:161} INFO - Started process (PID=1938729) to work on /mnt/c/Users/Jason/Desktop/IS3107/is3107_DataEngineering/.venv/lib/python3.8/site-packages/airflow/example_dags/tutorial_dag.py
[2024-04-25T12:08:57.974+0800] {processor.py:830} INFO - Processing file /mnt/c/Users/Jason/Desktop/IS3107/is3107_DataEngineering/.venv/lib/python3.8/site-packages/airflow/example_dags/tutorial_dag.py for tasks to queue
[2024-04-25T12:08:57.978+0800] {logging_mixin.py:188} INFO - [2024-04-25T12:08:57.976+0800] {dagbag.py:540} INFO - Filling up the DagBag from /mnt/c/Users/Jason/Desktop/IS3107/is3107_DataEngineering/.venv/lib/python3.8/site-packages/airflow/example_dags/tutorial_dag.py
[2024-04-25T12:08:58.007+0800] {processor.py:840} INFO - DAG(s) 'tutorial_dag' retrieved from /mnt/c/Users/Jason/Desktop/IS3107/is3107_DataEngineering/.venv/lib/python3.8/site-packages/airflow/example_dags/tutorial_dag.py
[2024-04-25T12:08:58.053+0800] {logging_mixin.py:188} INFO - [2024-04-25T12:08:58.052+0800] {dag.py:3096} INFO - Sync 1 DAGs
[2024-04-25T12:08:58.078+0800] {logging_mixin.py:188} INFO - [2024-04-25T12:08:58.076+0800] {dag.py:3954} INFO - Setting next_dagrun for tutorial_dag to None, run_after=None
[2024-04-25T12:08:58.156+0800] {processor.py:183} INFO - Processing /mnt/c/Users/Jason/Desktop/IS3107/is3107_DataEngineering/.venv/lib/python3.8/site-packages/airflow/example_dags/tutorial_dag.py took 0.206 seconds
[2024-04-25T12:11:28.792+0800] {processor.py:161} INFO - Started process (PID=1940157) to work on /mnt/c/Users/Jason/Desktop/IS3107/is3107_DataEngineering/.venv/lib/python3.8/site-packages/airflow/example_dags/tutorial_dag.py
[2024-04-25T12:11:28.794+0800] {processor.py:830} INFO - Processing file /mnt/c/Users/Jason/Desktop/IS3107/is3107_DataEngineering/.venv/lib/python3.8/site-packages/airflow/example_dags/tutorial_dag.py for tasks to queue
[2024-04-25T12:11:28.797+0800] {logging_mixin.py:188} INFO - [2024-04-25T12:11:28.796+0800] {dagbag.py:540} INFO - Filling up the DagBag from /mnt/c/Users/Jason/Desktop/IS3107/is3107_DataEngineering/.venv/lib/python3.8/site-packages/airflow/example_dags/tutorial_dag.py
[2024-04-25T12:11:28.820+0800] {processor.py:840} INFO - DAG(s) 'tutorial_dag' retrieved from /mnt/c/Users/Jason/Desktop/IS3107/is3107_DataEngineering/.venv/lib/python3.8/site-packages/airflow/example_dags/tutorial_dag.py
[2024-04-25T12:11:28.854+0800] {logging_mixin.py:188} INFO - [2024-04-25T12:11:28.853+0800] {dag.py:3096} INFO - Sync 1 DAGs
[2024-04-25T12:11:28.874+0800] {logging_mixin.py:188} INFO - [2024-04-25T12:11:28.873+0800] {dag.py:3954} INFO - Setting next_dagrun for tutorial_dag to None, run_after=None
[2024-04-25T12:11:28.955+0800] {processor.py:183} INFO - Processing /mnt/c/Users/Jason/Desktop/IS3107/is3107_DataEngineering/.venv/lib/python3.8/site-packages/airflow/example_dags/tutorial_dag.py took 0.175 seconds
[2024-04-25T12:13:45.975+0800] {processor.py:161} INFO - Started process (PID=1941519) to work on /mnt/c/Users/Jason/Desktop/IS3107/is3107_DataEngineering/.venv/lib/python3.8/site-packages/airflow/example_dags/tutorial_dag.py
[2024-04-25T12:13:45.976+0800] {processor.py:830} INFO - Processing file /mnt/c/Users/Jason/Desktop/IS3107/is3107_DataEngineering/.venv/lib/python3.8/site-packages/airflow/example_dags/tutorial_dag.py for tasks to queue
[2024-04-25T12:13:45.978+0800] {logging_mixin.py:188} INFO - [2024-04-25T12:13:45.977+0800] {dagbag.py:540} INFO - Filling up the DagBag from /mnt/c/Users/Jason/Desktop/IS3107/is3107_DataEngineering/.venv/lib/python3.8/site-packages/airflow/example_dags/tutorial_dag.py
[2024-04-25T12:13:45.995+0800] {processor.py:840} INFO - DAG(s) 'tutorial_dag' retrieved from /mnt/c/Users/Jason/Desktop/IS3107/is3107_DataEngineering/.venv/lib/python3.8/site-packages/airflow/example_dags/tutorial_dag.py
[2024-04-25T12:13:46.022+0800] {logging_mixin.py:188} INFO - [2024-04-25T12:13:46.021+0800] {dag.py:3096} INFO - Sync 1 DAGs
[2024-04-25T12:13:46.036+0800] {logging_mixin.py:188} INFO - [2024-04-25T12:13:46.035+0800] {dag.py:3954} INFO - Setting next_dagrun for tutorial_dag to None, run_after=None
[2024-04-25T12:13:46.184+0800] {processor.py:183} INFO - Processing /mnt/c/Users/Jason/Desktop/IS3107/is3107_DataEngineering/.venv/lib/python3.8/site-packages/airflow/example_dags/tutorial_dag.py took 0.221 seconds
