[2024-04-25T11:52:21.851+0800] {processor.py:161} INFO - Started process (PID=1929163) to work on /mnt/c/Users/Jason/Desktop/IS3107/is3107_DataEngineering/.venv/lib/python3.8/site-packages/airflow/example_dags/tutorial_taskflow_api.py
[2024-04-25T11:52:21.853+0800] {processor.py:830} INFO - Processing file /mnt/c/Users/Jason/Desktop/IS3107/is3107_DataEngineering/.venv/lib/python3.8/site-packages/airflow/example_dags/tutorial_taskflow_api.py for tasks to queue
[2024-04-25T11:52:21.856+0800] {logging_mixin.py:188} INFO - [2024-04-25T11:52:21.855+0800] {dagbag.py:540} INFO - Filling up the DagBag from /mnt/c/Users/Jason/Desktop/IS3107/is3107_DataEngineering/.venv/lib/python3.8/site-packages/airflow/example_dags/tutorial_taskflow_api.py
[2024-04-25T11:52:21.885+0800] {processor.py:840} INFO - DAG(s) 'tutorial_taskflow_api' retrieved from /mnt/c/Users/Jason/Desktop/IS3107/is3107_DataEngineering/.venv/lib/python3.8/site-packages/airflow/example_dags/tutorial_taskflow_api.py
[2024-04-25T11:52:23.756+0800] {logging_mixin.py:188} INFO - [2024-04-25T11:52:23.755+0800] {dag.py:3096} INFO - Sync 1 DAGs
[2024-04-25T11:52:23.779+0800] {logging_mixin.py:188} INFO - [2024-04-25T11:52:23.777+0800] {dag.py:3954} INFO - Setting next_dagrun for tutorial_taskflow_api to None, run_after=None
[2024-04-25T11:52:23.928+0800] {processor.py:183} INFO - Processing /mnt/c/Users/Jason/Desktop/IS3107/is3107_DataEngineering/.venv/lib/python3.8/site-packages/airflow/example_dags/tutorial_taskflow_api.py took 2.094 seconds
[2024-04-25T11:55:32.745+0800] {processor.py:161} INFO - Started process (PID=1930938) to work on /mnt/c/Users/Jason/Desktop/IS3107/is3107_DataEngineering/.venv/lib/python3.8/site-packages/airflow/example_dags/tutorial_taskflow_api.py
[2024-04-25T11:55:32.748+0800] {processor.py:830} INFO - Processing file /mnt/c/Users/Jason/Desktop/IS3107/is3107_DataEngineering/.venv/lib/python3.8/site-packages/airflow/example_dags/tutorial_taskflow_api.py for tasks to queue
[2024-04-25T11:55:32.752+0800] {logging_mixin.py:188} INFO - [2024-04-25T11:55:32.750+0800] {dagbag.py:540} INFO - Filling up the DagBag from /mnt/c/Users/Jason/Desktop/IS3107/is3107_DataEngineering/.venv/lib/python3.8/site-packages/airflow/example_dags/tutorial_taskflow_api.py
[2024-04-25T11:55:32.788+0800] {processor.py:840} INFO - DAG(s) 'tutorial_taskflow_api' retrieved from /mnt/c/Users/Jason/Desktop/IS3107/is3107_DataEngineering/.venv/lib/python3.8/site-packages/airflow/example_dags/tutorial_taskflow_api.py
[2024-04-25T11:55:32.834+0800] {logging_mixin.py:188} INFO - [2024-04-25T11:55:32.832+0800] {dag.py:3096} INFO - Sync 1 DAGs
[2024-04-25T11:55:32.858+0800] {logging_mixin.py:188} INFO - [2024-04-25T11:55:32.857+0800] {dag.py:3954} INFO - Setting next_dagrun for tutorial_taskflow_api to None, run_after=None
[2024-04-25T11:55:32.953+0800] {processor.py:183} INFO - Processing /mnt/c/Users/Jason/Desktop/IS3107/is3107_DataEngineering/.venv/lib/python3.8/site-packages/airflow/example_dags/tutorial_taskflow_api.py took 0.227 seconds
[2024-04-25T11:57:42.554+0800] {processor.py:161} INFO - Started process (PID=1932224) to work on /mnt/c/Users/Jason/Desktop/IS3107/is3107_DataEngineering/.venv/lib/python3.8/site-packages/airflow/example_dags/tutorial_taskflow_api.py
[2024-04-25T11:57:42.556+0800] {processor.py:830} INFO - Processing file /mnt/c/Users/Jason/Desktop/IS3107/is3107_DataEngineering/.venv/lib/python3.8/site-packages/airflow/example_dags/tutorial_taskflow_api.py for tasks to queue
[2024-04-25T11:57:42.559+0800] {logging_mixin.py:188} INFO - [2024-04-25T11:57:42.558+0800] {dagbag.py:540} INFO - Filling up the DagBag from /mnt/c/Users/Jason/Desktop/IS3107/is3107_DataEngineering/.venv/lib/python3.8/site-packages/airflow/example_dags/tutorial_taskflow_api.py
[2024-04-25T11:57:42.590+0800] {processor.py:840} INFO - DAG(s) 'tutorial_taskflow_api' retrieved from /mnt/c/Users/Jason/Desktop/IS3107/is3107_DataEngineering/.venv/lib/python3.8/site-packages/airflow/example_dags/tutorial_taskflow_api.py
[2024-04-25T11:57:42.629+0800] {logging_mixin.py:188} INFO - [2024-04-25T11:57:42.627+0800] {dag.py:3096} INFO - Sync 1 DAGs
[2024-04-25T11:57:42.648+0800] {logging_mixin.py:188} INFO - [2024-04-25T11:57:42.647+0800] {dag.py:3954} INFO - Setting next_dagrun for tutorial_taskflow_api to None, run_after=None
[2024-04-25T11:57:42.724+0800] {processor.py:183} INFO - Processing /mnt/c/Users/Jason/Desktop/IS3107/is3107_DataEngineering/.venv/lib/python3.8/site-packages/airflow/example_dags/tutorial_taskflow_api.py took 0.185 seconds
[2024-04-25T12:00:01.559+0800] {processor.py:161} INFO - Started process (PID=1933565) to work on /mnt/c/Users/Jason/Desktop/IS3107/is3107_DataEngineering/.venv/lib/python3.8/site-packages/airflow/example_dags/tutorial_taskflow_api.py
[2024-04-25T12:00:01.563+0800] {processor.py:830} INFO - Processing file /mnt/c/Users/Jason/Desktop/IS3107/is3107_DataEngineering/.venv/lib/python3.8/site-packages/airflow/example_dags/tutorial_taskflow_api.py for tasks to queue
[2024-04-25T12:00:01.568+0800] {logging_mixin.py:188} INFO - [2024-04-25T12:00:01.566+0800] {dagbag.py:540} INFO - Filling up the DagBag from /mnt/c/Users/Jason/Desktop/IS3107/is3107_DataEngineering/.venv/lib/python3.8/site-packages/airflow/example_dags/tutorial_taskflow_api.py
[2024-04-25T12:00:01.609+0800] {processor.py:840} INFO - DAG(s) 'tutorial_taskflow_api' retrieved from /mnt/c/Users/Jason/Desktop/IS3107/is3107_DataEngineering/.venv/lib/python3.8/site-packages/airflow/example_dags/tutorial_taskflow_api.py
[2024-04-25T12:00:01.663+0800] {logging_mixin.py:188} INFO - [2024-04-25T12:00:01.661+0800] {dag.py:3096} INFO - Sync 1 DAGs
[2024-04-25T12:00:01.698+0800] {logging_mixin.py:188} INFO - [2024-04-25T12:00:01.696+0800] {dag.py:3954} INFO - Setting next_dagrun for tutorial_taskflow_api to None, run_after=None
[2024-04-25T12:00:01.808+0800] {processor.py:183} INFO - Processing /mnt/c/Users/Jason/Desktop/IS3107/is3107_DataEngineering/.venv/lib/python3.8/site-packages/airflow/example_dags/tutorial_taskflow_api.py took 0.274 seconds
[2024-04-25T12:02:34.022+0800] {processor.py:161} INFO - Started process (PID=1935015) to work on /mnt/c/Users/Jason/Desktop/IS3107/is3107_DataEngineering/.venv/lib/python3.8/site-packages/airflow/example_dags/tutorial_taskflow_api.py
[2024-04-25T12:02:34.024+0800] {processor.py:830} INFO - Processing file /mnt/c/Users/Jason/Desktop/IS3107/is3107_DataEngineering/.venv/lib/python3.8/site-packages/airflow/example_dags/tutorial_taskflow_api.py for tasks to queue
[2024-04-25T12:02:34.027+0800] {logging_mixin.py:188} INFO - [2024-04-25T12:02:34.026+0800] {dagbag.py:540} INFO - Filling up the DagBag from /mnt/c/Users/Jason/Desktop/IS3107/is3107_DataEngineering/.venv/lib/python3.8/site-packages/airflow/example_dags/tutorial_taskflow_api.py
[2024-04-25T12:02:34.052+0800] {processor.py:840} INFO - DAG(s) 'tutorial_taskflow_api' retrieved from /mnt/c/Users/Jason/Desktop/IS3107/is3107_DataEngineering/.venv/lib/python3.8/site-packages/airflow/example_dags/tutorial_taskflow_api.py
[2024-04-25T12:02:34.086+0800] {logging_mixin.py:188} INFO - [2024-04-25T12:02:34.085+0800] {dag.py:3096} INFO - Sync 1 DAGs
[2024-04-25T12:02:34.104+0800] {logging_mixin.py:188} INFO - [2024-04-25T12:02:34.103+0800] {dag.py:3954} INFO - Setting next_dagrun for tutorial_taskflow_api to None, run_after=None
[2024-04-25T12:02:34.209+0800] {processor.py:183} INFO - Processing /mnt/c/Users/Jason/Desktop/IS3107/is3107_DataEngineering/.venv/lib/python3.8/site-packages/airflow/example_dags/tutorial_taskflow_api.py took 0.203 seconds
[2024-04-25T12:04:56.608+0800] {processor.py:161} INFO - Started process (PID=1936377) to work on /mnt/c/Users/Jason/Desktop/IS3107/is3107_DataEngineering/.venv/lib/python3.8/site-packages/airflow/example_dags/tutorial_taskflow_api.py
[2024-04-25T12:04:56.611+0800] {processor.py:830} INFO - Processing file /mnt/c/Users/Jason/Desktop/IS3107/is3107_DataEngineering/.venv/lib/python3.8/site-packages/airflow/example_dags/tutorial_taskflow_api.py for tasks to queue
[2024-04-25T12:04:56.614+0800] {logging_mixin.py:188} INFO - [2024-04-25T12:04:56.613+0800] {dagbag.py:540} INFO - Filling up the DagBag from /mnt/c/Users/Jason/Desktop/IS3107/is3107_DataEngineering/.venv/lib/python3.8/site-packages/airflow/example_dags/tutorial_taskflow_api.py
[2024-04-25T12:04:56.646+0800] {processor.py:840} INFO - DAG(s) 'tutorial_taskflow_api' retrieved from /mnt/c/Users/Jason/Desktop/IS3107/is3107_DataEngineering/.venv/lib/python3.8/site-packages/airflow/example_dags/tutorial_taskflow_api.py
[2024-04-25T12:04:56.691+0800] {logging_mixin.py:188} INFO - [2024-04-25T12:04:56.689+0800] {dag.py:3096} INFO - Sync 1 DAGs
[2024-04-25T12:04:56.714+0800] {logging_mixin.py:188} INFO - [2024-04-25T12:04:56.713+0800] {dag.py:3954} INFO - Setting next_dagrun for tutorial_taskflow_api to None, run_after=None
[2024-04-25T12:04:56.812+0800] {processor.py:183} INFO - Processing /mnt/c/Users/Jason/Desktop/IS3107/is3107_DataEngineering/.venv/lib/python3.8/site-packages/airflow/example_dags/tutorial_taskflow_api.py took 0.221 seconds
[2024-04-25T12:07:03.597+0800] {processor.py:161} INFO - Started process (PID=1937616) to work on /mnt/c/Users/Jason/Desktop/IS3107/is3107_DataEngineering/.venv/lib/python3.8/site-packages/airflow/example_dags/tutorial_taskflow_api.py
[2024-04-25T12:07:03.598+0800] {processor.py:830} INFO - Processing file /mnt/c/Users/Jason/Desktop/IS3107/is3107_DataEngineering/.venv/lib/python3.8/site-packages/airflow/example_dags/tutorial_taskflow_api.py for tasks to queue
[2024-04-25T12:07:03.601+0800] {logging_mixin.py:188} INFO - [2024-04-25T12:07:03.600+0800] {dagbag.py:540} INFO - Filling up the DagBag from /mnt/c/Users/Jason/Desktop/IS3107/is3107_DataEngineering/.venv/lib/python3.8/site-packages/airflow/example_dags/tutorial_taskflow_api.py
[2024-04-25T12:07:03.618+0800] {processor.py:840} INFO - DAG(s) 'tutorial_taskflow_api' retrieved from /mnt/c/Users/Jason/Desktop/IS3107/is3107_DataEngineering/.venv/lib/python3.8/site-packages/airflow/example_dags/tutorial_taskflow_api.py
[2024-04-25T12:07:03.646+0800] {logging_mixin.py:188} INFO - [2024-04-25T12:07:03.645+0800] {dag.py:3096} INFO - Sync 1 DAGs
[2024-04-25T12:07:03.663+0800] {logging_mixin.py:188} INFO - [2024-04-25T12:07:03.662+0800] {dag.py:3954} INFO - Setting next_dagrun for tutorial_taskflow_api to None, run_after=None
[2024-04-25T12:07:03.736+0800] {processor.py:183} INFO - Processing /mnt/c/Users/Jason/Desktop/IS3107/is3107_DataEngineering/.venv/lib/python3.8/site-packages/airflow/example_dags/tutorial_taskflow_api.py took 0.151 seconds
[2024-04-25T12:09:00.685+0800] {processor.py:161} INFO - Started process (PID=1938761) to work on /mnt/c/Users/Jason/Desktop/IS3107/is3107_DataEngineering/.venv/lib/python3.8/site-packages/airflow/example_dags/tutorial_taskflow_api.py
[2024-04-25T12:09:00.687+0800] {processor.py:830} INFO - Processing file /mnt/c/Users/Jason/Desktop/IS3107/is3107_DataEngineering/.venv/lib/python3.8/site-packages/airflow/example_dags/tutorial_taskflow_api.py for tasks to queue
[2024-04-25T12:09:00.689+0800] {logging_mixin.py:188} INFO - [2024-04-25T12:09:00.688+0800] {dagbag.py:540} INFO - Filling up the DagBag from /mnt/c/Users/Jason/Desktop/IS3107/is3107_DataEngineering/.venv/lib/python3.8/site-packages/airflow/example_dags/tutorial_taskflow_api.py
[2024-04-25T12:09:00.706+0800] {processor.py:840} INFO - DAG(s) 'tutorial_taskflow_api' retrieved from /mnt/c/Users/Jason/Desktop/IS3107/is3107_DataEngineering/.venv/lib/python3.8/site-packages/airflow/example_dags/tutorial_taskflow_api.py
[2024-04-25T12:09:00.730+0800] {logging_mixin.py:188} INFO - [2024-04-25T12:09:00.730+0800] {dag.py:3096} INFO - Sync 1 DAGs
[2024-04-25T12:09:00.744+0800] {logging_mixin.py:188} INFO - [2024-04-25T12:09:00.743+0800] {dag.py:3954} INFO - Setting next_dagrun for tutorial_taskflow_api to None, run_after=None
[2024-04-25T12:09:00.808+0800] {processor.py:183} INFO - Processing /mnt/c/Users/Jason/Desktop/IS3107/is3107_DataEngineering/.venv/lib/python3.8/site-packages/airflow/example_dags/tutorial_taskflow_api.py took 0.134 seconds
[2024-04-25T12:11:31.454+0800] {processor.py:161} INFO - Started process (PID=1940206) to work on /mnt/c/Users/Jason/Desktop/IS3107/is3107_DataEngineering/.venv/lib/python3.8/site-packages/airflow/example_dags/tutorial_taskflow_api.py
[2024-04-25T12:11:31.458+0800] {processor.py:830} INFO - Processing file /mnt/c/Users/Jason/Desktop/IS3107/is3107_DataEngineering/.venv/lib/python3.8/site-packages/airflow/example_dags/tutorial_taskflow_api.py for tasks to queue
[2024-04-25T12:11:31.462+0800] {logging_mixin.py:188} INFO - [2024-04-25T12:11:31.460+0800] {dagbag.py:540} INFO - Filling up the DagBag from /mnt/c/Users/Jason/Desktop/IS3107/is3107_DataEngineering/.venv/lib/python3.8/site-packages/airflow/example_dags/tutorial_taskflow_api.py
[2024-04-25T12:11:31.497+0800] {processor.py:840} INFO - DAG(s) 'tutorial_taskflow_api' retrieved from /mnt/c/Users/Jason/Desktop/IS3107/is3107_DataEngineering/.venv/lib/python3.8/site-packages/airflow/example_dags/tutorial_taskflow_api.py
[2024-04-25T12:11:31.554+0800] {logging_mixin.py:188} INFO - [2024-04-25T12:11:31.551+0800] {dag.py:3096} INFO - Sync 1 DAGs
[2024-04-25T12:11:31.585+0800] {logging_mixin.py:188} INFO - [2024-04-25T12:11:31.582+0800] {dag.py:3954} INFO - Setting next_dagrun for tutorial_taskflow_api to None, run_after=None
[2024-04-25T12:11:31.739+0800] {processor.py:183} INFO - Processing /mnt/c/Users/Jason/Desktop/IS3107/is3107_DataEngineering/.venv/lib/python3.8/site-packages/airflow/example_dags/tutorial_taskflow_api.py took 0.304 seconds
[2024-04-25T12:13:48.884+0800] {processor.py:161} INFO - Started process (PID=1941538) to work on /mnt/c/Users/Jason/Desktop/IS3107/is3107_DataEngineering/.venv/lib/python3.8/site-packages/airflow/example_dags/tutorial_taskflow_api.py
[2024-04-25T12:13:48.886+0800] {processor.py:830} INFO - Processing file /mnt/c/Users/Jason/Desktop/IS3107/is3107_DataEngineering/.venv/lib/python3.8/site-packages/airflow/example_dags/tutorial_taskflow_api.py for tasks to queue
[2024-04-25T12:13:48.888+0800] {logging_mixin.py:188} INFO - [2024-04-25T12:13:48.887+0800] {dagbag.py:540} INFO - Filling up the DagBag from /mnt/c/Users/Jason/Desktop/IS3107/is3107_DataEngineering/.venv/lib/python3.8/site-packages/airflow/example_dags/tutorial_taskflow_api.py
[2024-04-25T12:13:48.908+0800] {processor.py:840} INFO - DAG(s) 'tutorial_taskflow_api' retrieved from /mnt/c/Users/Jason/Desktop/IS3107/is3107_DataEngineering/.venv/lib/python3.8/site-packages/airflow/example_dags/tutorial_taskflow_api.py
[2024-04-25T12:13:48.932+0800] {logging_mixin.py:188} INFO - [2024-04-25T12:13:48.931+0800] {dag.py:3096} INFO - Sync 1 DAGs
[2024-04-25T12:13:48.945+0800] {logging_mixin.py:188} INFO - [2024-04-25T12:13:48.945+0800] {dag.py:3954} INFO - Setting next_dagrun for tutorial_taskflow_api to None, run_after=None
[2024-04-25T12:13:49.050+0800] {processor.py:183} INFO - Processing /mnt/c/Users/Jason/Desktop/IS3107/is3107_DataEngineering/.venv/lib/python3.8/site-packages/airflow/example_dags/tutorial_taskflow_api.py took 0.179 seconds
