[2024-04-25T11:52:12.565+0800] {processor.py:161} INFO - Started process (PID=1929076) to work on /mnt/c/Users/Jason/Desktop/IS3107/is3107_DataEngineering/.venv/lib/python3.8/site-packages/airflow/example_dags/tutorial.py
[2024-04-25T11:52:12.569+0800] {processor.py:830} INFO - Processing file /mnt/c/Users/Jason/Desktop/IS3107/is3107_DataEngineering/.venv/lib/python3.8/site-packages/airflow/example_dags/tutorial.py for tasks to queue
[2024-04-25T11:52:12.574+0800] {logging_mixin.py:188} INFO - [2024-04-25T11:52:12.572+0800] {dagbag.py:540} INFO - Filling up the DagBag from /mnt/c/Users/Jason/Desktop/IS3107/is3107_DataEngineering/.venv/lib/python3.8/site-packages/airflow/example_dags/tutorial.py
[2024-04-25T11:52:12.634+0800] {processor.py:840} INFO - DAG(s) 'tutorial' retrieved from /mnt/c/Users/Jason/Desktop/IS3107/is3107_DataEngineering/.venv/lib/python3.8/site-packages/airflow/example_dags/tutorial.py
[2024-04-25T11:52:14.277+0800] {logging_mixin.py:188} INFO - [2024-04-25T11:52:14.276+0800] {dag.py:3096} INFO - Sync 1 DAGs
[2024-04-25T11:52:14.335+0800] {logging_mixin.py:188} INFO - [2024-04-25T11:52:14.333+0800] {dag.py:3954} INFO - Setting next_dagrun for tutorial to 2024-04-24 00:00:00+00:00, run_after=2024-04-25 00:00:00+00:00
[2024-04-25T11:52:14.444+0800] {processor.py:183} INFO - Processing /mnt/c/Users/Jason/Desktop/IS3107/is3107_DataEngineering/.venv/lib/python3.8/site-packages/airflow/example_dags/tutorial.py took 1.909 seconds
[2024-04-25T11:55:29.210+0800] {processor.py:161} INFO - Started process (PID=1930927) to work on /mnt/c/Users/Jason/Desktop/IS3107/is3107_DataEngineering/.venv/lib/python3.8/site-packages/airflow/example_dags/tutorial.py
[2024-04-25T11:55:29.212+0800] {processor.py:830} INFO - Processing file /mnt/c/Users/Jason/Desktop/IS3107/is3107_DataEngineering/.venv/lib/python3.8/site-packages/airflow/example_dags/tutorial.py for tasks to queue
[2024-04-25T11:55:29.214+0800] {logging_mixin.py:188} INFO - [2024-04-25T11:55:29.213+0800] {dagbag.py:540} INFO - Filling up the DagBag from /mnt/c/Users/Jason/Desktop/IS3107/is3107_DataEngineering/.venv/lib/python3.8/site-packages/airflow/example_dags/tutorial.py
[2024-04-25T11:55:29.233+0800] {processor.py:840} INFO - DAG(s) 'tutorial' retrieved from /mnt/c/Users/Jason/Desktop/IS3107/is3107_DataEngineering/.venv/lib/python3.8/site-packages/airflow/example_dags/tutorial.py
[2024-04-25T11:55:29.263+0800] {logging_mixin.py:188} INFO - [2024-04-25T11:55:29.261+0800] {dag.py:3096} INFO - Sync 1 DAGs
[2024-04-25T11:55:29.294+0800] {logging_mixin.py:188} INFO - [2024-04-25T11:55:29.293+0800] {dag.py:3954} INFO - Setting next_dagrun for tutorial to 2024-04-24 00:00:00+00:00, run_after=2024-04-25 00:00:00+00:00
[2024-04-25T11:55:29.395+0800] {processor.py:183} INFO - Processing /mnt/c/Users/Jason/Desktop/IS3107/is3107_DataEngineering/.venv/lib/python3.8/site-packages/airflow/example_dags/tutorial.py took 0.197 seconds
[2024-04-25T11:57:38.548+0800] {processor.py:161} INFO - Started process (PID=1932183) to work on /mnt/c/Users/Jason/Desktop/IS3107/is3107_DataEngineering/.venv/lib/python3.8/site-packages/airflow/example_dags/tutorial.py
[2024-04-25T11:57:38.551+0800] {processor.py:830} INFO - Processing file /mnt/c/Users/Jason/Desktop/IS3107/is3107_DataEngineering/.venv/lib/python3.8/site-packages/airflow/example_dags/tutorial.py for tasks to queue
[2024-04-25T11:57:38.554+0800] {logging_mixin.py:188} INFO - [2024-04-25T11:57:38.552+0800] {dagbag.py:540} INFO - Filling up the DagBag from /mnt/c/Users/Jason/Desktop/IS3107/is3107_DataEngineering/.venv/lib/python3.8/site-packages/airflow/example_dags/tutorial.py
[2024-04-25T11:57:38.574+0800] {processor.py:840} INFO - DAG(s) 'tutorial' retrieved from /mnt/c/Users/Jason/Desktop/IS3107/is3107_DataEngineering/.venv/lib/python3.8/site-packages/airflow/example_dags/tutorial.py
[2024-04-25T11:57:38.603+0800] {logging_mixin.py:188} INFO - [2024-04-25T11:57:38.602+0800] {dag.py:3096} INFO - Sync 1 DAGs
[2024-04-25T11:57:38.636+0800] {logging_mixin.py:188} INFO - [2024-04-25T11:57:38.635+0800] {dag.py:3954} INFO - Setting next_dagrun for tutorial to 2024-04-24 00:00:00+00:00, run_after=2024-04-25 00:00:00+00:00
[2024-04-25T11:57:38.703+0800] {processor.py:183} INFO - Processing /mnt/c/Users/Jason/Desktop/IS3107/is3107_DataEngineering/.venv/lib/python3.8/site-packages/airflow/example_dags/tutorial.py took 0.169 seconds
[2024-04-25T11:59:58.930+0800] {processor.py:161} INFO - Started process (PID=1933542) to work on /mnt/c/Users/Jason/Desktop/IS3107/is3107_DataEngineering/.venv/lib/python3.8/site-packages/airflow/example_dags/tutorial.py
[2024-04-25T11:59:58.932+0800] {processor.py:830} INFO - Processing file /mnt/c/Users/Jason/Desktop/IS3107/is3107_DataEngineering/.venv/lib/python3.8/site-packages/airflow/example_dags/tutorial.py for tasks to queue
[2024-04-25T11:59:58.934+0800] {logging_mixin.py:188} INFO - [2024-04-25T11:59:58.933+0800] {dagbag.py:540} INFO - Filling up the DagBag from /mnt/c/Users/Jason/Desktop/IS3107/is3107_DataEngineering/.venv/lib/python3.8/site-packages/airflow/example_dags/tutorial.py
[2024-04-25T11:59:58.962+0800] {processor.py:840} INFO - DAG(s) 'tutorial' retrieved from /mnt/c/Users/Jason/Desktop/IS3107/is3107_DataEngineering/.venv/lib/python3.8/site-packages/airflow/example_dags/tutorial.py
[2024-04-25T11:59:58.993+0800] {logging_mixin.py:188} INFO - [2024-04-25T11:59:58.992+0800] {dag.py:3096} INFO - Sync 1 DAGs
[2024-04-25T11:59:59.030+0800] {logging_mixin.py:188} INFO - [2024-04-25T11:59:59.029+0800] {dag.py:3954} INFO - Setting next_dagrun for tutorial to 2024-04-24 00:00:00+00:00, run_after=2024-04-25 00:00:00+00:00
[2024-04-25T11:59:59.094+0800] {processor.py:183} INFO - Processing /mnt/c/Users/Jason/Desktop/IS3107/is3107_DataEngineering/.venv/lib/python3.8/site-packages/airflow/example_dags/tutorial.py took 0.177 seconds
[2024-04-25T12:02:29.735+0800] {processor.py:161} INFO - Started process (PID=1934982) to work on /mnt/c/Users/Jason/Desktop/IS3107/is3107_DataEngineering/.venv/lib/python3.8/site-packages/airflow/example_dags/tutorial.py
[2024-04-25T12:02:29.737+0800] {processor.py:830} INFO - Processing file /mnt/c/Users/Jason/Desktop/IS3107/is3107_DataEngineering/.venv/lib/python3.8/site-packages/airflow/example_dags/tutorial.py for tasks to queue
[2024-04-25T12:02:29.741+0800] {logging_mixin.py:188} INFO - [2024-04-25T12:02:29.739+0800] {dagbag.py:540} INFO - Filling up the DagBag from /mnt/c/Users/Jason/Desktop/IS3107/is3107_DataEngineering/.venv/lib/python3.8/site-packages/airflow/example_dags/tutorial.py
[2024-04-25T12:02:29.767+0800] {processor.py:840} INFO - DAG(s) 'tutorial' retrieved from /mnt/c/Users/Jason/Desktop/IS3107/is3107_DataEngineering/.venv/lib/python3.8/site-packages/airflow/example_dags/tutorial.py
[2024-04-25T12:02:29.805+0800] {logging_mixin.py:188} INFO - [2024-04-25T12:02:29.804+0800] {dag.py:3096} INFO - Sync 1 DAGs
[2024-04-25T12:02:29.854+0800] {logging_mixin.py:188} INFO - [2024-04-25T12:02:29.853+0800] {dag.py:3954} INFO - Setting next_dagrun for tutorial to 2024-04-24 00:00:00+00:00, run_after=2024-04-25 00:00:00+00:00
[2024-04-25T12:02:29.959+0800] {processor.py:183} INFO - Processing /mnt/c/Users/Jason/Desktop/IS3107/is3107_DataEngineering/.venv/lib/python3.8/site-packages/airflow/example_dags/tutorial.py took 0.239 seconds
[2024-04-25T12:04:53.657+0800] {processor.py:161} INFO - Started process (PID=1936345) to work on /mnt/c/Users/Jason/Desktop/IS3107/is3107_DataEngineering/.venv/lib/python3.8/site-packages/airflow/example_dags/tutorial.py
[2024-04-25T12:04:53.659+0800] {processor.py:830} INFO - Processing file /mnt/c/Users/Jason/Desktop/IS3107/is3107_DataEngineering/.venv/lib/python3.8/site-packages/airflow/example_dags/tutorial.py for tasks to queue
[2024-04-25T12:04:53.662+0800] {logging_mixin.py:188} INFO - [2024-04-25T12:04:53.661+0800] {dagbag.py:540} INFO - Filling up the DagBag from /mnt/c/Users/Jason/Desktop/IS3107/is3107_DataEngineering/.venv/lib/python3.8/site-packages/airflow/example_dags/tutorial.py
[2024-04-25T12:04:53.681+0800] {processor.py:840} INFO - DAG(s) 'tutorial' retrieved from /mnt/c/Users/Jason/Desktop/IS3107/is3107_DataEngineering/.venv/lib/python3.8/site-packages/airflow/example_dags/tutorial.py
[2024-04-25T12:04:53.714+0800] {logging_mixin.py:188} INFO - [2024-04-25T12:04:53.713+0800] {dag.py:3096} INFO - Sync 1 DAGs
[2024-04-25T12:04:53.746+0800] {logging_mixin.py:188} INFO - [2024-04-25T12:04:53.745+0800] {dag.py:3954} INFO - Setting next_dagrun for tutorial to 2024-04-24 00:00:00+00:00, run_after=2024-04-25 00:00:00+00:00
[2024-04-25T12:04:53.852+0800] {processor.py:183} INFO - Processing /mnt/c/Users/Jason/Desktop/IS3107/is3107_DataEngineering/.venv/lib/python3.8/site-packages/airflow/example_dags/tutorial.py took 0.209 seconds
[2024-04-25T12:07:00.290+0800] {processor.py:161} INFO - Started process (PID=1937581) to work on /mnt/c/Users/Jason/Desktop/IS3107/is3107_DataEngineering/.venv/lib/python3.8/site-packages/airflow/example_dags/tutorial.py
[2024-04-25T12:07:00.293+0800] {processor.py:830} INFO - Processing file /mnt/c/Users/Jason/Desktop/IS3107/is3107_DataEngineering/.venv/lib/python3.8/site-packages/airflow/example_dags/tutorial.py for tasks to queue
[2024-04-25T12:07:00.305+0800] {logging_mixin.py:188} INFO - [2024-04-25T12:07:00.295+0800] {dagbag.py:540} INFO - Filling up the DagBag from /mnt/c/Users/Jason/Desktop/IS3107/is3107_DataEngineering/.venv/lib/python3.8/site-packages/airflow/example_dags/tutorial.py
[2024-04-25T12:07:00.338+0800] {processor.py:840} INFO - DAG(s) 'tutorial' retrieved from /mnt/c/Users/Jason/Desktop/IS3107/is3107_DataEngineering/.venv/lib/python3.8/site-packages/airflow/example_dags/tutorial.py
[2024-04-25T12:07:00.391+0800] {logging_mixin.py:188} INFO - [2024-04-25T12:07:00.389+0800] {dag.py:3096} INFO - Sync 1 DAGs
[2024-04-25T12:07:00.445+0800] {logging_mixin.py:188} INFO - [2024-04-25T12:07:00.443+0800] {dag.py:3954} INFO - Setting next_dagrun for tutorial to 2024-04-24 00:00:00+00:00, run_after=2024-04-25 00:00:00+00:00
[2024-04-25T12:07:00.548+0800] {processor.py:183} INFO - Processing /mnt/c/Users/Jason/Desktop/IS3107/is3107_DataEngineering/.venv/lib/python3.8/site-packages/airflow/example_dags/tutorial.py took 0.275 seconds
[2024-04-25T12:08:56.571+0800] {processor.py:161} INFO - Started process (PID=1938723) to work on /mnt/c/Users/Jason/Desktop/IS3107/is3107_DataEngineering/.venv/lib/python3.8/site-packages/airflow/example_dags/tutorial.py
[2024-04-25T12:08:56.572+0800] {processor.py:830} INFO - Processing file /mnt/c/Users/Jason/Desktop/IS3107/is3107_DataEngineering/.venv/lib/python3.8/site-packages/airflow/example_dags/tutorial.py for tasks to queue
[2024-04-25T12:08:56.575+0800] {logging_mixin.py:188} INFO - [2024-04-25T12:08:56.574+0800] {dagbag.py:540} INFO - Filling up the DagBag from /mnt/c/Users/Jason/Desktop/IS3107/is3107_DataEngineering/.venv/lib/python3.8/site-packages/airflow/example_dags/tutorial.py
[2024-04-25T12:08:56.594+0800] {processor.py:840} INFO - DAG(s) 'tutorial' retrieved from /mnt/c/Users/Jason/Desktop/IS3107/is3107_DataEngineering/.venv/lib/python3.8/site-packages/airflow/example_dags/tutorial.py
[2024-04-25T12:08:56.622+0800] {logging_mixin.py:188} INFO - [2024-04-25T12:08:56.621+0800] {dag.py:3096} INFO - Sync 1 DAGs
[2024-04-25T12:08:56.652+0800] {logging_mixin.py:188} INFO - [2024-04-25T12:08:56.651+0800] {dag.py:3954} INFO - Setting next_dagrun for tutorial to 2024-04-24 00:00:00+00:00, run_after=2024-04-25 00:00:00+00:00
[2024-04-25T12:08:56.713+0800] {processor.py:183} INFO - Processing /mnt/c/Users/Jason/Desktop/IS3107/is3107_DataEngineering/.venv/lib/python3.8/site-packages/airflow/example_dags/tutorial.py took 0.155 seconds
[2024-04-25T12:11:27.357+0800] {processor.py:161} INFO - Started process (PID=1940156) to work on /mnt/c/Users/Jason/Desktop/IS3107/is3107_DataEngineering/.venv/lib/python3.8/site-packages/airflow/example_dags/tutorial.py
[2024-04-25T12:11:27.361+0800] {processor.py:830} INFO - Processing file /mnt/c/Users/Jason/Desktop/IS3107/is3107_DataEngineering/.venv/lib/python3.8/site-packages/airflow/example_dags/tutorial.py for tasks to queue
[2024-04-25T12:11:27.366+0800] {logging_mixin.py:188} INFO - [2024-04-25T12:11:27.364+0800] {dagbag.py:540} INFO - Filling up the DagBag from /mnt/c/Users/Jason/Desktop/IS3107/is3107_DataEngineering/.venv/lib/python3.8/site-packages/airflow/example_dags/tutorial.py
[2024-04-25T12:11:27.407+0800] {processor.py:840} INFO - DAG(s) 'tutorial' retrieved from /mnt/c/Users/Jason/Desktop/IS3107/is3107_DataEngineering/.venv/lib/python3.8/site-packages/airflow/example_dags/tutorial.py
[2024-04-25T12:11:27.465+0800] {logging_mixin.py:188} INFO - [2024-04-25T12:11:27.463+0800] {dag.py:3096} INFO - Sync 1 DAGs
[2024-04-25T12:11:27.516+0800] {logging_mixin.py:188} INFO - [2024-04-25T12:11:27.515+0800] {dag.py:3954} INFO - Setting next_dagrun for tutorial to 2024-04-24 00:00:00+00:00, run_after=2024-04-25 00:00:00+00:00
[2024-04-25T12:11:27.611+0800] {processor.py:183} INFO - Processing /mnt/c/Users/Jason/Desktop/IS3107/is3107_DataEngineering/.venv/lib/python3.8/site-packages/airflow/example_dags/tutorial.py took 0.274 seconds
[2024-04-25T12:13:44.649+0800] {processor.py:161} INFO - Started process (PID=1941500) to work on /mnt/c/Users/Jason/Desktop/IS3107/is3107_DataEngineering/.venv/lib/python3.8/site-packages/airflow/example_dags/tutorial.py
[2024-04-25T12:13:44.651+0800] {processor.py:830} INFO - Processing file /mnt/c/Users/Jason/Desktop/IS3107/is3107_DataEngineering/.venv/lib/python3.8/site-packages/airflow/example_dags/tutorial.py for tasks to queue
[2024-04-25T12:13:44.653+0800] {logging_mixin.py:188} INFO - [2024-04-25T12:13:44.652+0800] {dagbag.py:540} INFO - Filling up the DagBag from /mnt/c/Users/Jason/Desktop/IS3107/is3107_DataEngineering/.venv/lib/python3.8/site-packages/airflow/example_dags/tutorial.py
[2024-04-25T12:13:44.673+0800] {processor.py:840} INFO - DAG(s) 'tutorial' retrieved from /mnt/c/Users/Jason/Desktop/IS3107/is3107_DataEngineering/.venv/lib/python3.8/site-packages/airflow/example_dags/tutorial.py
[2024-04-25T12:13:44.705+0800] {logging_mixin.py:188} INFO - [2024-04-25T12:13:44.704+0800] {dag.py:3096} INFO - Sync 1 DAGs
[2024-04-25T12:13:44.742+0800] {logging_mixin.py:188} INFO - [2024-04-25T12:13:44.741+0800] {dag.py:3954} INFO - Setting next_dagrun for tutorial to 2024-04-24 00:00:00+00:00, run_after=2024-04-25 00:00:00+00:00
[2024-04-25T12:13:44.919+0800] {processor.py:183} INFO - Processing /mnt/c/Users/Jason/Desktop/IS3107/is3107_DataEngineering/.venv/lib/python3.8/site-packages/airflow/example_dags/tutorial.py took 0.283 seconds
