[2024-04-25T11:52:18.505+0800] {processor.py:161} INFO - Started process (PID=1929128) to work on /mnt/c/Users/Jason/Desktop/IS3107/is3107_DataEngineering/.venv/lib/python3.8/site-packages/airflow/example_dags/tutorial_objectstorage.py
[2024-04-25T11:52:18.507+0800] {processor.py:830} INFO - Processing file /mnt/c/Users/Jason/Desktop/IS3107/is3107_DataEngineering/.venv/lib/python3.8/site-packages/airflow/example_dags/tutorial_objectstorage.py for tasks to queue
[2024-04-25T11:52:18.512+0800] {logging_mixin.py:188} INFO - [2024-04-25T11:52:18.510+0800] {dagbag.py:540} INFO - Filling up the DagBag from /mnt/c/Users/Jason/Desktop/IS3107/is3107_DataEngineering/.venv/lib/python3.8/site-packages/airflow/example_dags/tutorial_objectstorage.py
[2024-04-25T11:52:18.546+0800] {processor.py:840} INFO - DAG(s) 'tutorial_objectstorage' retrieved from /mnt/c/Users/Jason/Desktop/IS3107/is3107_DataEngineering/.venv/lib/python3.8/site-packages/airflow/example_dags/tutorial_objectstorage.py
[2024-04-25T11:52:20.269+0800] {logging_mixin.py:188} INFO - [2024-04-25T11:52:20.252+0800] {dag.py:3096} INFO - Sync 1 DAGs
[2024-04-25T11:52:20.318+0800] {logging_mixin.py:188} INFO - [2024-04-25T11:52:20.315+0800] {dag.py:3954} INFO - Setting next_dagrun for tutorial_objectstorage to None, run_after=None
[2024-04-25T11:52:20.508+0800] {processor.py:183} INFO - Processing /mnt/c/Users/Jason/Desktop/IS3107/is3107_DataEngineering/.venv/lib/python3.8/site-packages/airflow/example_dags/tutorial_objectstorage.py took 2.019 seconds
[2024-04-25T11:55:31.086+0800] {processor.py:161} INFO - Started process (PID=1930931) to work on /mnt/c/Users/Jason/Desktop/IS3107/is3107_DataEngineering/.venv/lib/python3.8/site-packages/airflow/example_dags/tutorial_objectstorage.py
[2024-04-25T11:55:31.088+0800] {processor.py:830} INFO - Processing file /mnt/c/Users/Jason/Desktop/IS3107/is3107_DataEngineering/.venv/lib/python3.8/site-packages/airflow/example_dags/tutorial_objectstorage.py for tasks to queue
[2024-04-25T11:55:31.092+0800] {logging_mixin.py:188} INFO - [2024-04-25T11:55:31.090+0800] {dagbag.py:540} INFO - Filling up the DagBag from /mnt/c/Users/Jason/Desktop/IS3107/is3107_DataEngineering/.venv/lib/python3.8/site-packages/airflow/example_dags/tutorial_objectstorage.py
[2024-04-25T11:55:31.130+0800] {processor.py:840} INFO - DAG(s) 'tutorial_objectstorage' retrieved from /mnt/c/Users/Jason/Desktop/IS3107/is3107_DataEngineering/.venv/lib/python3.8/site-packages/airflow/example_dags/tutorial_objectstorage.py
[2024-04-25T11:55:31.286+0800] {logging_mixin.py:188} INFO - [2024-04-25T11:55:31.285+0800] {dag.py:3096} INFO - Sync 1 DAGs
[2024-04-25T11:55:31.312+0800] {logging_mixin.py:188} INFO - [2024-04-25T11:55:31.310+0800] {dag.py:3954} INFO - Setting next_dagrun for tutorial_objectstorage to None, run_after=None
[2024-04-25T11:55:31.419+0800] {processor.py:183} INFO - Processing /mnt/c/Users/Jason/Desktop/IS3107/is3107_DataEngineering/.venv/lib/python3.8/site-packages/airflow/example_dags/tutorial_objectstorage.py took 0.346 seconds
[2024-04-25T11:57:41.236+0800] {processor.py:161} INFO - Started process (PID=1932216) to work on /mnt/c/Users/Jason/Desktop/IS3107/is3107_DataEngineering/.venv/lib/python3.8/site-packages/airflow/example_dags/tutorial_objectstorage.py
[2024-04-25T11:57:41.238+0800] {processor.py:830} INFO - Processing file /mnt/c/Users/Jason/Desktop/IS3107/is3107_DataEngineering/.venv/lib/python3.8/site-packages/airflow/example_dags/tutorial_objectstorage.py for tasks to queue
[2024-04-25T11:57:41.240+0800] {logging_mixin.py:188} INFO - [2024-04-25T11:57:41.239+0800] {dagbag.py:540} INFO - Filling up the DagBag from /mnt/c/Users/Jason/Desktop/IS3107/is3107_DataEngineering/.venv/lib/python3.8/site-packages/airflow/example_dags/tutorial_objectstorage.py
[2024-04-25T11:57:41.266+0800] {processor.py:840} INFO - DAG(s) 'tutorial_objectstorage' retrieved from /mnt/c/Users/Jason/Desktop/IS3107/is3107_DataEngineering/.venv/lib/python3.8/site-packages/airflow/example_dags/tutorial_objectstorage.py
[2024-04-25T11:57:41.299+0800] {logging_mixin.py:188} INFO - [2024-04-25T11:57:41.298+0800] {dag.py:3096} INFO - Sync 1 DAGs
[2024-04-25T11:57:41.319+0800] {logging_mixin.py:188} INFO - [2024-04-25T11:57:41.318+0800] {dag.py:3954} INFO - Setting next_dagrun for tutorial_objectstorage to None, run_after=None
[2024-04-25T11:57:41.407+0800] {processor.py:183} INFO - Processing /mnt/c/Users/Jason/Desktop/IS3107/is3107_DataEngineering/.venv/lib/python3.8/site-packages/airflow/example_dags/tutorial_objectstorage.py took 0.183 seconds
[2024-04-25T12:00:00.923+0800] {processor.py:161} INFO - Started process (PID=1933563) to work on /mnt/c/Users/Jason/Desktop/IS3107/is3107_DataEngineering/.venv/lib/python3.8/site-packages/airflow/example_dags/tutorial_objectstorage.py
[2024-04-25T12:00:00.925+0800] {processor.py:830} INFO - Processing file /mnt/c/Users/Jason/Desktop/IS3107/is3107_DataEngineering/.venv/lib/python3.8/site-packages/airflow/example_dags/tutorial_objectstorage.py for tasks to queue
[2024-04-25T12:00:00.929+0800] {logging_mixin.py:188} INFO - [2024-04-25T12:00:00.928+0800] {dagbag.py:540} INFO - Filling up the DagBag from /mnt/c/Users/Jason/Desktop/IS3107/is3107_DataEngineering/.venv/lib/python3.8/site-packages/airflow/example_dags/tutorial_objectstorage.py
[2024-04-25T12:00:00.953+0800] {processor.py:840} INFO - DAG(s) 'tutorial_objectstorage' retrieved from /mnt/c/Users/Jason/Desktop/IS3107/is3107_DataEngineering/.venv/lib/python3.8/site-packages/airflow/example_dags/tutorial_objectstorage.py
[2024-04-25T12:00:00.998+0800] {logging_mixin.py:188} INFO - [2024-04-25T12:00:00.997+0800] {dag.py:3096} INFO - Sync 1 DAGs
[2024-04-25T12:00:01.022+0800] {logging_mixin.py:188} INFO - [2024-04-25T12:00:01.020+0800] {dag.py:3954} INFO - Setting next_dagrun for tutorial_objectstorage to None, run_after=None
[2024-04-25T12:00:01.127+0800] {processor.py:183} INFO - Processing /mnt/c/Users/Jason/Desktop/IS3107/is3107_DataEngineering/.venv/lib/python3.8/site-packages/airflow/example_dags/tutorial_objectstorage.py took 0.220 seconds
[2024-04-25T12:02:32.694+0800] {processor.py:161} INFO - Started process (PID=1935014) to work on /mnt/c/Users/Jason/Desktop/IS3107/is3107_DataEngineering/.venv/lib/python3.8/site-packages/airflow/example_dags/tutorial_objectstorage.py
[2024-04-25T12:02:32.696+0800] {processor.py:830} INFO - Processing file /mnt/c/Users/Jason/Desktop/IS3107/is3107_DataEngineering/.venv/lib/python3.8/site-packages/airflow/example_dags/tutorial_objectstorage.py for tasks to queue
[2024-04-25T12:02:32.699+0800] {logging_mixin.py:188} INFO - [2024-04-25T12:02:32.698+0800] {dagbag.py:540} INFO - Filling up the DagBag from /mnt/c/Users/Jason/Desktop/IS3107/is3107_DataEngineering/.venv/lib/python3.8/site-packages/airflow/example_dags/tutorial_objectstorage.py
[2024-04-25T12:02:32.722+0800] {processor.py:840} INFO - DAG(s) 'tutorial_objectstorage' retrieved from /mnt/c/Users/Jason/Desktop/IS3107/is3107_DataEngineering/.venv/lib/python3.8/site-packages/airflow/example_dags/tutorial_objectstorage.py
[2024-04-25T12:02:32.750+0800] {logging_mixin.py:188} INFO - [2024-04-25T12:02:32.749+0800] {dag.py:3096} INFO - Sync 1 DAGs
[2024-04-25T12:02:32.767+0800] {logging_mixin.py:188} INFO - [2024-04-25T12:02:32.766+0800] {dag.py:3954} INFO - Setting next_dagrun for tutorial_objectstorage to None, run_after=None
[2024-04-25T12:02:32.858+0800] {processor.py:183} INFO - Processing /mnt/c/Users/Jason/Desktop/IS3107/is3107_DataEngineering/.venv/lib/python3.8/site-packages/airflow/example_dags/tutorial_objectstorage.py took 0.177 seconds
[2024-04-25T12:04:55.224+0800] {processor.py:161} INFO - Started process (PID=1936371) to work on /mnt/c/Users/Jason/Desktop/IS3107/is3107_DataEngineering/.venv/lib/python3.8/site-packages/airflow/example_dags/tutorial_objectstorage.py
[2024-04-25T12:04:55.225+0800] {processor.py:830} INFO - Processing file /mnt/c/Users/Jason/Desktop/IS3107/is3107_DataEngineering/.venv/lib/python3.8/site-packages/airflow/example_dags/tutorial_objectstorage.py for tasks to queue
[2024-04-25T12:04:55.228+0800] {logging_mixin.py:188} INFO - [2024-04-25T12:04:55.227+0800] {dagbag.py:540} INFO - Filling up the DagBag from /mnt/c/Users/Jason/Desktop/IS3107/is3107_DataEngineering/.venv/lib/python3.8/site-packages/airflow/example_dags/tutorial_objectstorage.py
[2024-04-25T12:04:55.254+0800] {processor.py:840} INFO - DAG(s) 'tutorial_objectstorage' retrieved from /mnt/c/Users/Jason/Desktop/IS3107/is3107_DataEngineering/.venv/lib/python3.8/site-packages/airflow/example_dags/tutorial_objectstorage.py
[2024-04-25T12:04:55.292+0800] {logging_mixin.py:188} INFO - [2024-04-25T12:04:55.290+0800] {dag.py:3096} INFO - Sync 1 DAGs
[2024-04-25T12:04:55.313+0800] {logging_mixin.py:188} INFO - [2024-04-25T12:04:55.312+0800] {dag.py:3954} INFO - Setting next_dagrun for tutorial_objectstorage to None, run_after=None
[2024-04-25T12:04:55.390+0800] {processor.py:183} INFO - Processing /mnt/c/Users/Jason/Desktop/IS3107/is3107_DataEngineering/.venv/lib/python3.8/site-packages/airflow/example_dags/tutorial_objectstorage.py took 0.180 seconds
[2024-04-25T12:07:02.127+0800] {processor.py:161} INFO - Started process (PID=1937609) to work on /mnt/c/Users/Jason/Desktop/IS3107/is3107_DataEngineering/.venv/lib/python3.8/site-packages/airflow/example_dags/tutorial_objectstorage.py
[2024-04-25T12:07:02.130+0800] {processor.py:830} INFO - Processing file /mnt/c/Users/Jason/Desktop/IS3107/is3107_DataEngineering/.venv/lib/python3.8/site-packages/airflow/example_dags/tutorial_objectstorage.py for tasks to queue
[2024-04-25T12:07:02.133+0800] {logging_mixin.py:188} INFO - [2024-04-25T12:07:02.131+0800] {dagbag.py:540} INFO - Filling up the DagBag from /mnt/c/Users/Jason/Desktop/IS3107/is3107_DataEngineering/.venv/lib/python3.8/site-packages/airflow/example_dags/tutorial_objectstorage.py
[2024-04-25T12:07:02.158+0800] {processor.py:840} INFO - DAG(s) 'tutorial_objectstorage' retrieved from /mnt/c/Users/Jason/Desktop/IS3107/is3107_DataEngineering/.venv/lib/python3.8/site-packages/airflow/example_dags/tutorial_objectstorage.py
[2024-04-25T12:07:02.189+0800] {logging_mixin.py:188} INFO - [2024-04-25T12:07:02.188+0800] {dag.py:3096} INFO - Sync 1 DAGs
[2024-04-25T12:07:02.211+0800] {logging_mixin.py:188} INFO - [2024-04-25T12:07:02.209+0800] {dag.py:3954} INFO - Setting next_dagrun for tutorial_objectstorage to None, run_after=None
[2024-04-25T12:07:02.311+0800] {processor.py:183} INFO - Processing /mnt/c/Users/Jason/Desktop/IS3107/is3107_DataEngineering/.venv/lib/python3.8/site-packages/airflow/example_dags/tutorial_objectstorage.py took 0.199 seconds
[2024-04-25T12:08:59.377+0800] {processor.py:161} INFO - Started process (PID=1938756) to work on /mnt/c/Users/Jason/Desktop/IS3107/is3107_DataEngineering/.venv/lib/python3.8/site-packages/airflow/example_dags/tutorial_objectstorage.py
[2024-04-25T12:08:59.379+0800] {processor.py:830} INFO - Processing file /mnt/c/Users/Jason/Desktop/IS3107/is3107_DataEngineering/.venv/lib/python3.8/site-packages/airflow/example_dags/tutorial_objectstorage.py for tasks to queue
[2024-04-25T12:08:59.381+0800] {logging_mixin.py:188} INFO - [2024-04-25T12:08:59.380+0800] {dagbag.py:540} INFO - Filling up the DagBag from /mnt/c/Users/Jason/Desktop/IS3107/is3107_DataEngineering/.venv/lib/python3.8/site-packages/airflow/example_dags/tutorial_objectstorage.py
[2024-04-25T12:08:59.404+0800] {processor.py:840} INFO - DAG(s) 'tutorial_objectstorage' retrieved from /mnt/c/Users/Jason/Desktop/IS3107/is3107_DataEngineering/.venv/lib/python3.8/site-packages/airflow/example_dags/tutorial_objectstorage.py
[2024-04-25T12:08:59.431+0800] {logging_mixin.py:188} INFO - [2024-04-25T12:08:59.430+0800] {dag.py:3096} INFO - Sync 1 DAGs
[2024-04-25T12:08:59.449+0800] {logging_mixin.py:188} INFO - [2024-04-25T12:08:59.447+0800] {dag.py:3954} INFO - Setting next_dagrun for tutorial_objectstorage to None, run_after=None
[2024-04-25T12:08:59.523+0800] {processor.py:183} INFO - Processing /mnt/c/Users/Jason/Desktop/IS3107/is3107_DataEngineering/.venv/lib/python3.8/site-packages/airflow/example_dags/tutorial_objectstorage.py took 0.157 seconds
[2024-04-25T12:11:30.085+0800] {processor.py:161} INFO - Started process (PID=1940191) to work on /mnt/c/Users/Jason/Desktop/IS3107/is3107_DataEngineering/.venv/lib/python3.8/site-packages/airflow/example_dags/tutorial_objectstorage.py
[2024-04-25T12:11:30.087+0800] {processor.py:830} INFO - Processing file /mnt/c/Users/Jason/Desktop/IS3107/is3107_DataEngineering/.venv/lib/python3.8/site-packages/airflow/example_dags/tutorial_objectstorage.py for tasks to queue
[2024-04-25T12:11:30.091+0800] {logging_mixin.py:188} INFO - [2024-04-25T12:11:30.089+0800] {dagbag.py:540} INFO - Filling up the DagBag from /mnt/c/Users/Jason/Desktop/IS3107/is3107_DataEngineering/.venv/lib/python3.8/site-packages/airflow/example_dags/tutorial_objectstorage.py
[2024-04-25T12:11:30.116+0800] {processor.py:840} INFO - DAG(s) 'tutorial_objectstorage' retrieved from /mnt/c/Users/Jason/Desktop/IS3107/is3107_DataEngineering/.venv/lib/python3.8/site-packages/airflow/example_dags/tutorial_objectstorage.py
[2024-04-25T12:11:30.147+0800] {logging_mixin.py:188} INFO - [2024-04-25T12:11:30.146+0800] {dag.py:3096} INFO - Sync 1 DAGs
[2024-04-25T12:11:30.163+0800] {logging_mixin.py:188} INFO - [2024-04-25T12:11:30.162+0800] {dag.py:3954} INFO - Setting next_dagrun for tutorial_objectstorage to None, run_after=None
[2024-04-25T12:11:30.233+0800] {processor.py:183} INFO - Processing /mnt/c/Users/Jason/Desktop/IS3107/is3107_DataEngineering/.venv/lib/python3.8/site-packages/airflow/example_dags/tutorial_objectstorage.py took 0.165 seconds
[2024-04-25T12:13:47.463+0800] {processor.py:161} INFO - Started process (PID=1941522) to work on /mnt/c/Users/Jason/Desktop/IS3107/is3107_DataEngineering/.venv/lib/python3.8/site-packages/airflow/example_dags/tutorial_objectstorage.py
[2024-04-25T12:13:47.465+0800] {processor.py:830} INFO - Processing file /mnt/c/Users/Jason/Desktop/IS3107/is3107_DataEngineering/.venv/lib/python3.8/site-packages/airflow/example_dags/tutorial_objectstorage.py for tasks to queue
[2024-04-25T12:13:47.467+0800] {logging_mixin.py:188} INFO - [2024-04-25T12:13:47.466+0800] {dagbag.py:540} INFO - Filling up the DagBag from /mnt/c/Users/Jason/Desktop/IS3107/is3107_DataEngineering/.venv/lib/python3.8/site-packages/airflow/example_dags/tutorial_objectstorage.py
[2024-04-25T12:13:47.494+0800] {processor.py:840} INFO - DAG(s) 'tutorial_objectstorage' retrieved from /mnt/c/Users/Jason/Desktop/IS3107/is3107_DataEngineering/.venv/lib/python3.8/site-packages/airflow/example_dags/tutorial_objectstorage.py
[2024-04-25T12:13:47.527+0800] {logging_mixin.py:188} INFO - [2024-04-25T12:13:47.526+0800] {dag.py:3096} INFO - Sync 1 DAGs
[2024-04-25T12:13:47.546+0800] {logging_mixin.py:188} INFO - [2024-04-25T12:13:47.544+0800] {dag.py:3954} INFO - Setting next_dagrun for tutorial_objectstorage to None, run_after=None
[2024-04-25T12:13:47.647+0800] {processor.py:183} INFO - Processing /mnt/c/Users/Jason/Desktop/IS3107/is3107_DataEngineering/.venv/lib/python3.8/site-packages/airflow/example_dags/tutorial_objectstorage.py took 0.195 seconds
