[2024-04-25T11:52:28.378+0800] {processor.py:161} INFO - Started process (PID=1929208) to work on /mnt/c/Users/Jason/Desktop/IS3107/is3107_DataEngineering/.venv/lib/python3.8/site-packages/airflow/example_dags/plugins/decreasing_priority_weight_strategy.py
[2024-04-25T11:52:28.381+0800] {processor.py:830} INFO - Processing file /mnt/c/Users/Jason/Desktop/IS3107/is3107_DataEngineering/.venv/lib/python3.8/site-packages/airflow/example_dags/plugins/decreasing_priority_weight_strategy.py for tasks to queue
[2024-04-25T11:52:28.385+0800] {logging_mixin.py:188} INFO - [2024-04-25T11:52:28.383+0800] {dagbag.py:540} INFO - Filling up the DagBag from /mnt/c/Users/Jason/Desktop/IS3107/is3107_DataEngineering/.venv/lib/python3.8/site-packages/airflow/example_dags/plugins/decreasing_priority_weight_strategy.py
[2024-04-25T11:52:28.416+0800] {processor.py:842} WARNING - No viable dags retrieved from /mnt/c/Users/Jason/Desktop/IS3107/is3107_DataEngineering/.venv/lib/python3.8/site-packages/airflow/example_dags/plugins/decreasing_priority_weight_strategy.py
[2024-04-25T11:52:28.454+0800] {processor.py:183} INFO - Processing /mnt/c/Users/Jason/Desktop/IS3107/is3107_DataEngineering/.venv/lib/python3.8/site-packages/airflow/example_dags/plugins/decreasing_priority_weight_strategy.py took 0.093 seconds
[2024-04-25T11:55:35.631+0800] {processor.py:161} INFO - Started process (PID=1930981) to work on /mnt/c/Users/Jason/Desktop/IS3107/is3107_DataEngineering/.venv/lib/python3.8/site-packages/airflow/example_dags/plugins/decreasing_priority_weight_strategy.py
[2024-04-25T11:55:35.633+0800] {processor.py:830} INFO - Processing file /mnt/c/Users/Jason/Desktop/IS3107/is3107_DataEngineering/.venv/lib/python3.8/site-packages/airflow/example_dags/plugins/decreasing_priority_weight_strategy.py for tasks to queue
[2024-04-25T11:55:35.636+0800] {logging_mixin.py:188} INFO - [2024-04-25T11:55:35.635+0800] {dagbag.py:540} INFO - Filling up the DagBag from /mnt/c/Users/Jason/Desktop/IS3107/is3107_DataEngineering/.venv/lib/python3.8/site-packages/airflow/example_dags/plugins/decreasing_priority_weight_strategy.py
[2024-04-25T11:55:35.655+0800] {processor.py:842} WARNING - No viable dags retrieved from /mnt/c/Users/Jason/Desktop/IS3107/is3107_DataEngineering/.venv/lib/python3.8/site-packages/airflow/example_dags/plugins/decreasing_priority_weight_strategy.py
[2024-04-25T11:55:35.678+0800] {processor.py:183} INFO - Processing /mnt/c/Users/Jason/Desktop/IS3107/is3107_DataEngineering/.venv/lib/python3.8/site-packages/airflow/example_dags/plugins/decreasing_priority_weight_strategy.py took 0.058 seconds
[2024-04-25T11:57:44.437+0800] {processor.py:161} INFO - Started process (PID=1932226) to work on /mnt/c/Users/Jason/Desktop/IS3107/is3107_DataEngineering/.venv/lib/python3.8/site-packages/airflow/example_dags/plugins/decreasing_priority_weight_strategy.py
[2024-04-25T11:57:44.439+0800] {processor.py:830} INFO - Processing file /mnt/c/Users/Jason/Desktop/IS3107/is3107_DataEngineering/.venv/lib/python3.8/site-packages/airflow/example_dags/plugins/decreasing_priority_weight_strategy.py for tasks to queue
[2024-04-25T11:57:44.441+0800] {logging_mixin.py:188} INFO - [2024-04-25T11:57:44.440+0800] {dagbag.py:540} INFO - Filling up the DagBag from /mnt/c/Users/Jason/Desktop/IS3107/is3107_DataEngineering/.venv/lib/python3.8/site-packages/airflow/example_dags/plugins/decreasing_priority_weight_strategy.py
[2024-04-25T11:57:44.463+0800] {processor.py:842} WARNING - No viable dags retrieved from /mnt/c/Users/Jason/Desktop/IS3107/is3107_DataEngineering/.venv/lib/python3.8/site-packages/airflow/example_dags/plugins/decreasing_priority_weight_strategy.py
[2024-04-25T11:57:44.484+0800] {processor.py:183} INFO - Processing /mnt/c/Users/Jason/Desktop/IS3107/is3107_DataEngineering/.venv/lib/python3.8/site-packages/airflow/example_dags/plugins/decreasing_priority_weight_strategy.py took 0.060 seconds
[2024-04-25T12:00:04.091+0800] {processor.py:161} INFO - Started process (PID=1933569) to work on /mnt/c/Users/Jason/Desktop/IS3107/is3107_DataEngineering/.venv/lib/python3.8/site-packages/airflow/example_dags/plugins/decreasing_priority_weight_strategy.py
[2024-04-25T12:00:04.093+0800] {processor.py:830} INFO - Processing file /mnt/c/Users/Jason/Desktop/IS3107/is3107_DataEngineering/.venv/lib/python3.8/site-packages/airflow/example_dags/plugins/decreasing_priority_weight_strategy.py for tasks to queue
[2024-04-25T12:00:04.096+0800] {logging_mixin.py:188} INFO - [2024-04-25T12:00:04.095+0800] {dagbag.py:540} INFO - Filling up the DagBag from /mnt/c/Users/Jason/Desktop/IS3107/is3107_DataEngineering/.venv/lib/python3.8/site-packages/airflow/example_dags/plugins/decreasing_priority_weight_strategy.py
[2024-04-25T12:00:04.128+0800] {processor.py:842} WARNING - No viable dags retrieved from /mnt/c/Users/Jason/Desktop/IS3107/is3107_DataEngineering/.venv/lib/python3.8/site-packages/airflow/example_dags/plugins/decreasing_priority_weight_strategy.py
[2024-04-25T12:00:04.154+0800] {processor.py:183} INFO - Processing /mnt/c/Users/Jason/Desktop/IS3107/is3107_DataEngineering/.venv/lib/python3.8/site-packages/airflow/example_dags/plugins/decreasing_priority_weight_strategy.py took 0.078 seconds
[2024-04-25T12:02:36.301+0800] {processor.py:161} INFO - Started process (PID=1935036) to work on /mnt/c/Users/Jason/Desktop/IS3107/is3107_DataEngineering/.venv/lib/python3.8/site-packages/airflow/example_dags/plugins/decreasing_priority_weight_strategy.py
[2024-04-25T12:02:36.304+0800] {processor.py:830} INFO - Processing file /mnt/c/Users/Jason/Desktop/IS3107/is3107_DataEngineering/.venv/lib/python3.8/site-packages/airflow/example_dags/plugins/decreasing_priority_weight_strategy.py for tasks to queue
[2024-04-25T12:02:36.309+0800] {logging_mixin.py:188} INFO - [2024-04-25T12:02:36.307+0800] {dagbag.py:540} INFO - Filling up the DagBag from /mnt/c/Users/Jason/Desktop/IS3107/is3107_DataEngineering/.venv/lib/python3.8/site-packages/airflow/example_dags/plugins/decreasing_priority_weight_strategy.py
[2024-04-25T12:02:36.341+0800] {processor.py:842} WARNING - No viable dags retrieved from /mnt/c/Users/Jason/Desktop/IS3107/is3107_DataEngineering/.venv/lib/python3.8/site-packages/airflow/example_dags/plugins/decreasing_priority_weight_strategy.py
[2024-04-25T12:02:36.379+0800] {processor.py:183} INFO - Processing /mnt/c/Users/Jason/Desktop/IS3107/is3107_DataEngineering/.venv/lib/python3.8/site-packages/airflow/example_dags/plugins/decreasing_priority_weight_strategy.py took 0.098 seconds
[2024-04-25T12:04:59.169+0800] {processor.py:161} INFO - Started process (PID=1936411) to work on /mnt/c/Users/Jason/Desktop/IS3107/is3107_DataEngineering/.venv/lib/python3.8/site-packages/airflow/example_dags/plugins/decreasing_priority_weight_strategy.py
[2024-04-25T12:04:59.172+0800] {processor.py:830} INFO - Processing file /mnt/c/Users/Jason/Desktop/IS3107/is3107_DataEngineering/.venv/lib/python3.8/site-packages/airflow/example_dags/plugins/decreasing_priority_weight_strategy.py for tasks to queue
[2024-04-25T12:04:59.176+0800] {logging_mixin.py:188} INFO - [2024-04-25T12:04:59.174+0800] {dagbag.py:540} INFO - Filling up the DagBag from /mnt/c/Users/Jason/Desktop/IS3107/is3107_DataEngineering/.venv/lib/python3.8/site-packages/airflow/example_dags/plugins/decreasing_priority_weight_strategy.py
[2024-04-25T12:04:59.200+0800] {processor.py:842} WARNING - No viable dags retrieved from /mnt/c/Users/Jason/Desktop/IS3107/is3107_DataEngineering/.venv/lib/python3.8/site-packages/airflow/example_dags/plugins/decreasing_priority_weight_strategy.py
[2024-04-25T12:04:59.225+0800] {processor.py:183} INFO - Processing /mnt/c/Users/Jason/Desktop/IS3107/is3107_DataEngineering/.venv/lib/python3.8/site-packages/airflow/example_dags/plugins/decreasing_priority_weight_strategy.py took 0.071 seconds
[2024-04-25T12:07:05.739+0800] {processor.py:161} INFO - Started process (PID=1937645) to work on /mnt/c/Users/Jason/Desktop/IS3107/is3107_DataEngineering/.venv/lib/python3.8/site-packages/airflow/example_dags/plugins/decreasing_priority_weight_strategy.py
[2024-04-25T12:07:05.741+0800] {processor.py:830} INFO - Processing file /mnt/c/Users/Jason/Desktop/IS3107/is3107_DataEngineering/.venv/lib/python3.8/site-packages/airflow/example_dags/plugins/decreasing_priority_weight_strategy.py for tasks to queue
[2024-04-25T12:07:05.743+0800] {logging_mixin.py:188} INFO - [2024-04-25T12:07:05.742+0800] {dagbag.py:540} INFO - Filling up the DagBag from /mnt/c/Users/Jason/Desktop/IS3107/is3107_DataEngineering/.venv/lib/python3.8/site-packages/airflow/example_dags/plugins/decreasing_priority_weight_strategy.py
[2024-04-25T12:07:05.762+0800] {processor.py:842} WARNING - No viable dags retrieved from /mnt/c/Users/Jason/Desktop/IS3107/is3107_DataEngineering/.venv/lib/python3.8/site-packages/airflow/example_dags/plugins/decreasing_priority_weight_strategy.py
[2024-04-25T12:07:05.785+0800] {processor.py:183} INFO - Processing /mnt/c/Users/Jason/Desktop/IS3107/is3107_DataEngineering/.venv/lib/python3.8/site-packages/airflow/example_dags/plugins/decreasing_priority_weight_strategy.py took 0.058 seconds
[2024-04-25T12:09:03.477+0800] {processor.py:161} INFO - Started process (PID=1938797) to work on /mnt/c/Users/Jason/Desktop/IS3107/is3107_DataEngineering/.venv/lib/python3.8/site-packages/airflow/example_dags/plugins/decreasing_priority_weight_strategy.py
[2024-04-25T12:09:03.478+0800] {processor.py:830} INFO - Processing file /mnt/c/Users/Jason/Desktop/IS3107/is3107_DataEngineering/.venv/lib/python3.8/site-packages/airflow/example_dags/plugins/decreasing_priority_weight_strategy.py for tasks to queue
[2024-04-25T12:09:03.481+0800] {logging_mixin.py:188} INFO - [2024-04-25T12:09:03.480+0800] {dagbag.py:540} INFO - Filling up the DagBag from /mnt/c/Users/Jason/Desktop/IS3107/is3107_DataEngineering/.venv/lib/python3.8/site-packages/airflow/example_dags/plugins/decreasing_priority_weight_strategy.py
[2024-04-25T12:09:03.501+0800] {processor.py:842} WARNING - No viable dags retrieved from /mnt/c/Users/Jason/Desktop/IS3107/is3107_DataEngineering/.venv/lib/python3.8/site-packages/airflow/example_dags/plugins/decreasing_priority_weight_strategy.py
[2024-04-25T12:09:03.521+0800] {processor.py:183} INFO - Processing /mnt/c/Users/Jason/Desktop/IS3107/is3107_DataEngineering/.venv/lib/python3.8/site-packages/airflow/example_dags/plugins/decreasing_priority_weight_strategy.py took 0.059 seconds
[2024-04-25T12:11:34.514+0800] {processor.py:161} INFO - Started process (PID=1940227) to work on /mnt/c/Users/Jason/Desktop/IS3107/is3107_DataEngineering/.venv/lib/python3.8/site-packages/airflow/example_dags/plugins/decreasing_priority_weight_strategy.py
[2024-04-25T12:11:34.535+0800] {processor.py:830} INFO - Processing file /mnt/c/Users/Jason/Desktop/IS3107/is3107_DataEngineering/.venv/lib/python3.8/site-packages/airflow/example_dags/plugins/decreasing_priority_weight_strategy.py for tasks to queue
[2024-04-25T12:11:34.539+0800] {logging_mixin.py:188} INFO - [2024-04-25T12:11:34.537+0800] {dagbag.py:540} INFO - Filling up the DagBag from /mnt/c/Users/Jason/Desktop/IS3107/is3107_DataEngineering/.venv/lib/python3.8/site-packages/airflow/example_dags/plugins/decreasing_priority_weight_strategy.py
[2024-04-25T12:11:34.576+0800] {processor.py:842} WARNING - No viable dags retrieved from /mnt/c/Users/Jason/Desktop/IS3107/is3107_DataEngineering/.venv/lib/python3.8/site-packages/airflow/example_dags/plugins/decreasing_priority_weight_strategy.py
[2024-04-25T12:11:34.609+0800] {processor.py:183} INFO - Processing /mnt/c/Users/Jason/Desktop/IS3107/is3107_DataEngineering/.venv/lib/python3.8/site-packages/airflow/example_dags/plugins/decreasing_priority_weight_strategy.py took 0.115 seconds
[2024-04-25T12:13:51.244+0800] {processor.py:161} INFO - Started process (PID=1941563) to work on /mnt/c/Users/Jason/Desktop/IS3107/is3107_DataEngineering/.venv/lib/python3.8/site-packages/airflow/example_dags/plugins/decreasing_priority_weight_strategy.py
[2024-04-25T12:13:51.246+0800] {processor.py:830} INFO - Processing file /mnt/c/Users/Jason/Desktop/IS3107/is3107_DataEngineering/.venv/lib/python3.8/site-packages/airflow/example_dags/plugins/decreasing_priority_weight_strategy.py for tasks to queue
[2024-04-25T12:13:51.249+0800] {logging_mixin.py:188} INFO - [2024-04-25T12:13:51.248+0800] {dagbag.py:540} INFO - Filling up the DagBag from /mnt/c/Users/Jason/Desktop/IS3107/is3107_DataEngineering/.venv/lib/python3.8/site-packages/airflow/example_dags/plugins/decreasing_priority_weight_strategy.py
[2024-04-25T12:13:51.303+0800] {processor.py:842} WARNING - No viable dags retrieved from /mnt/c/Users/Jason/Desktop/IS3107/is3107_DataEngineering/.venv/lib/python3.8/site-packages/airflow/example_dags/plugins/decreasing_priority_weight_strategy.py
[2024-04-25T12:13:51.332+0800] {processor.py:183} INFO - Processing /mnt/c/Users/Jason/Desktop/IS3107/is3107_DataEngineering/.venv/lib/python3.8/site-packages/airflow/example_dags/plugins/decreasing_priority_weight_strategy.py took 0.103 seconds
