[2024-04-25T11:52:29.716+0800] {processor.py:161} INFO - Started process (PID=1929213) to work on /mnt/c/Users/Jason/Desktop/IS3107/is3107_DataEngineering/.venv/lib/python3.8/site-packages/airflow/example_dags/plugins/event_listener.py
[2024-04-25T11:52:29.719+0800] {processor.py:830} INFO - Processing file /mnt/c/Users/Jason/Desktop/IS3107/is3107_DataEngineering/.venv/lib/python3.8/site-packages/airflow/example_dags/plugins/event_listener.py for tasks to queue
[2024-04-25T11:52:29.721+0800] {logging_mixin.py:188} INFO - [2024-04-25T11:52:29.720+0800] {dagbag.py:540} INFO - Filling up the DagBag from /mnt/c/Users/Jason/Desktop/IS3107/is3107_DataEngineering/.venv/lib/python3.8/site-packages/airflow/example_dags/plugins/event_listener.py
[2024-04-25T11:52:29.743+0800] {processor.py:842} WARNING - No viable dags retrieved from /mnt/c/Users/Jason/Desktop/IS3107/is3107_DataEngineering/.venv/lib/python3.8/site-packages/airflow/example_dags/plugins/event_listener.py
[2024-04-25T11:52:29.766+0800] {processor.py:183} INFO - Processing /mnt/c/Users/Jason/Desktop/IS3107/is3107_DataEngineering/.venv/lib/python3.8/site-packages/airflow/example_dags/plugins/event_listener.py took 0.063 seconds
[2024-04-25T11:55:36.715+0800] {processor.py:161} INFO - Started process (PID=1931006) to work on /mnt/c/Users/Jason/Desktop/IS3107/is3107_DataEngineering/.venv/lib/python3.8/site-packages/airflow/example_dags/plugins/event_listener.py
[2024-04-25T11:55:36.717+0800] {processor.py:830} INFO - Processing file /mnt/c/Users/Jason/Desktop/IS3107/is3107_DataEngineering/.venv/lib/python3.8/site-packages/airflow/example_dags/plugins/event_listener.py for tasks to queue
[2024-04-25T11:55:36.719+0800] {logging_mixin.py:188} INFO - [2024-04-25T11:55:36.718+0800] {dagbag.py:540} INFO - Filling up the DagBag from /mnt/c/Users/Jason/Desktop/IS3107/is3107_DataEngineering/.venv/lib/python3.8/site-packages/airflow/example_dags/plugins/event_listener.py
[2024-04-25T11:55:36.739+0800] {processor.py:842} WARNING - No viable dags retrieved from /mnt/c/Users/Jason/Desktop/IS3107/is3107_DataEngineering/.venv/lib/python3.8/site-packages/airflow/example_dags/plugins/event_listener.py
[2024-04-25T11:55:36.759+0800] {processor.py:183} INFO - Processing /mnt/c/Users/Jason/Desktop/IS3107/is3107_DataEngineering/.venv/lib/python3.8/site-packages/airflow/example_dags/plugins/event_listener.py took 0.056 seconds
[2024-04-25T11:57:45.652+0800] {processor.py:161} INFO - Started process (PID=1932251) to work on /mnt/c/Users/Jason/Desktop/IS3107/is3107_DataEngineering/.venv/lib/python3.8/site-packages/airflow/example_dags/plugins/event_listener.py
[2024-04-25T11:57:45.654+0800] {processor.py:830} INFO - Processing file /mnt/c/Users/Jason/Desktop/IS3107/is3107_DataEngineering/.venv/lib/python3.8/site-packages/airflow/example_dags/plugins/event_listener.py for tasks to queue
[2024-04-25T11:57:45.657+0800] {logging_mixin.py:188} INFO - [2024-04-25T11:57:45.656+0800] {dagbag.py:540} INFO - Filling up the DagBag from /mnt/c/Users/Jason/Desktop/IS3107/is3107_DataEngineering/.venv/lib/python3.8/site-packages/airflow/example_dags/plugins/event_listener.py
[2024-04-25T11:57:45.677+0800] {processor.py:842} WARNING - No viable dags retrieved from /mnt/c/Users/Jason/Desktop/IS3107/is3107_DataEngineering/.venv/lib/python3.8/site-packages/airflow/example_dags/plugins/event_listener.py
[2024-04-25T11:57:45.697+0800] {processor.py:183} INFO - Processing /mnt/c/Users/Jason/Desktop/IS3107/is3107_DataEngineering/.venv/lib/python3.8/site-packages/airflow/example_dags/plugins/event_listener.py took 0.057 seconds
[2024-04-25T12:00:05.343+0800] {processor.py:161} INFO - Started process (PID=1933593) to work on /mnt/c/Users/Jason/Desktop/IS3107/is3107_DataEngineering/.venv/lib/python3.8/site-packages/airflow/example_dags/plugins/event_listener.py
[2024-04-25T12:00:05.345+0800] {processor.py:830} INFO - Processing file /mnt/c/Users/Jason/Desktop/IS3107/is3107_DataEngineering/.venv/lib/python3.8/site-packages/airflow/example_dags/plugins/event_listener.py for tasks to queue
[2024-04-25T12:00:05.349+0800] {logging_mixin.py:188} INFO - [2024-04-25T12:00:05.347+0800] {dagbag.py:540} INFO - Filling up the DagBag from /mnt/c/Users/Jason/Desktop/IS3107/is3107_DataEngineering/.venv/lib/python3.8/site-packages/airflow/example_dags/plugins/event_listener.py
[2024-04-25T12:00:05.372+0800] {processor.py:842} WARNING - No viable dags retrieved from /mnt/c/Users/Jason/Desktop/IS3107/is3107_DataEngineering/.venv/lib/python3.8/site-packages/airflow/example_dags/plugins/event_listener.py
[2024-04-25T12:00:05.396+0800] {processor.py:183} INFO - Processing /mnt/c/Users/Jason/Desktop/IS3107/is3107_DataEngineering/.venv/lib/python3.8/site-packages/airflow/example_dags/plugins/event_listener.py took 0.066 seconds
[2024-04-25T12:02:37.664+0800] {processor.py:161} INFO - Started process (PID=1935040) to work on /mnt/c/Users/Jason/Desktop/IS3107/is3107_DataEngineering/.venv/lib/python3.8/site-packages/airflow/example_dags/plugins/event_listener.py
[2024-04-25T12:02:37.667+0800] {processor.py:830} INFO - Processing file /mnt/c/Users/Jason/Desktop/IS3107/is3107_DataEngineering/.venv/lib/python3.8/site-packages/airflow/example_dags/plugins/event_listener.py for tasks to queue
[2024-04-25T12:02:37.672+0800] {logging_mixin.py:188} INFO - [2024-04-25T12:02:37.670+0800] {dagbag.py:540} INFO - Filling up the DagBag from /mnt/c/Users/Jason/Desktop/IS3107/is3107_DataEngineering/.venv/lib/python3.8/site-packages/airflow/example_dags/plugins/event_listener.py
[2024-04-25T12:02:37.706+0800] {processor.py:842} WARNING - No viable dags retrieved from /mnt/c/Users/Jason/Desktop/IS3107/is3107_DataEngineering/.venv/lib/python3.8/site-packages/airflow/example_dags/plugins/event_listener.py
[2024-04-25T12:02:37.749+0800] {processor.py:183} INFO - Processing /mnt/c/Users/Jason/Desktop/IS3107/is3107_DataEngineering/.venv/lib/python3.8/site-packages/airflow/example_dags/plugins/event_listener.py took 0.104 seconds
[2024-04-25T12:05:00.525+0800] {processor.py:161} INFO - Started process (PID=1936428) to work on /mnt/c/Users/Jason/Desktop/IS3107/is3107_DataEngineering/.venv/lib/python3.8/site-packages/airflow/example_dags/plugins/event_listener.py
[2024-04-25T12:05:00.528+0800] {processor.py:830} INFO - Processing file /mnt/c/Users/Jason/Desktop/IS3107/is3107_DataEngineering/.venv/lib/python3.8/site-packages/airflow/example_dags/plugins/event_listener.py for tasks to queue
[2024-04-25T12:05:00.530+0800] {logging_mixin.py:188} INFO - [2024-04-25T12:05:00.529+0800] {dagbag.py:540} INFO - Filling up the DagBag from /mnt/c/Users/Jason/Desktop/IS3107/is3107_DataEngineering/.venv/lib/python3.8/site-packages/airflow/example_dags/plugins/event_listener.py
[2024-04-25T12:05:00.556+0800] {processor.py:842} WARNING - No viable dags retrieved from /mnt/c/Users/Jason/Desktop/IS3107/is3107_DataEngineering/.venv/lib/python3.8/site-packages/airflow/example_dags/plugins/event_listener.py
[2024-04-25T12:05:00.583+0800] {processor.py:183} INFO - Processing /mnt/c/Users/Jason/Desktop/IS3107/is3107_DataEngineering/.venv/lib/python3.8/site-packages/airflow/example_dags/plugins/event_listener.py took 0.073 seconds
[2024-04-25T12:07:06.948+0800] {processor.py:161} INFO - Started process (PID=1937667) to work on /mnt/c/Users/Jason/Desktop/IS3107/is3107_DataEngineering/.venv/lib/python3.8/site-packages/airflow/example_dags/plugins/event_listener.py
[2024-04-25T12:07:06.950+0800] {processor.py:830} INFO - Processing file /mnt/c/Users/Jason/Desktop/IS3107/is3107_DataEngineering/.venv/lib/python3.8/site-packages/airflow/example_dags/plugins/event_listener.py for tasks to queue
[2024-04-25T12:07:06.951+0800] {logging_mixin.py:188} INFO - [2024-04-25T12:07:06.951+0800] {dagbag.py:540} INFO - Filling up the DagBag from /mnt/c/Users/Jason/Desktop/IS3107/is3107_DataEngineering/.venv/lib/python3.8/site-packages/airflow/example_dags/plugins/event_listener.py
[2024-04-25T12:07:06.967+0800] {processor.py:842} WARNING - No viable dags retrieved from /mnt/c/Users/Jason/Desktop/IS3107/is3107_DataEngineering/.venv/lib/python3.8/site-packages/airflow/example_dags/plugins/event_listener.py
[2024-04-25T12:07:06.985+0800] {processor.py:183} INFO - Processing /mnt/c/Users/Jason/Desktop/IS3107/is3107_DataEngineering/.venv/lib/python3.8/site-packages/airflow/example_dags/plugins/event_listener.py took 0.046 seconds
[2024-04-25T12:09:04.694+0800] {processor.py:161} INFO - Started process (PID=1938798) to work on /mnt/c/Users/Jason/Desktop/IS3107/is3107_DataEngineering/.venv/lib/python3.8/site-packages/airflow/example_dags/plugins/event_listener.py
[2024-04-25T12:09:04.696+0800] {processor.py:830} INFO - Processing file /mnt/c/Users/Jason/Desktop/IS3107/is3107_DataEngineering/.venv/lib/python3.8/site-packages/airflow/example_dags/plugins/event_listener.py for tasks to queue
[2024-04-25T12:09:04.698+0800] {logging_mixin.py:188} INFO - [2024-04-25T12:09:04.697+0800] {dagbag.py:540} INFO - Filling up the DagBag from /mnt/c/Users/Jason/Desktop/IS3107/is3107_DataEngineering/.venv/lib/python3.8/site-packages/airflow/example_dags/plugins/event_listener.py
[2024-04-25T12:09:04.712+0800] {processor.py:842} WARNING - No viable dags retrieved from /mnt/c/Users/Jason/Desktop/IS3107/is3107_DataEngineering/.venv/lib/python3.8/site-packages/airflow/example_dags/plugins/event_listener.py
[2024-04-25T12:09:04.727+0800] {processor.py:183} INFO - Processing /mnt/c/Users/Jason/Desktop/IS3107/is3107_DataEngineering/.venv/lib/python3.8/site-packages/airflow/example_dags/plugins/event_listener.py took 0.043 seconds
[2024-04-25T12:11:35.458+0800] {processor.py:161} INFO - Started process (PID=1940244) to work on /mnt/c/Users/Jason/Desktop/IS3107/is3107_DataEngineering/.venv/lib/python3.8/site-packages/airflow/example_dags/plugins/event_listener.py
[2024-04-25T12:11:35.460+0800] {processor.py:830} INFO - Processing file /mnt/c/Users/Jason/Desktop/IS3107/is3107_DataEngineering/.venv/lib/python3.8/site-packages/airflow/example_dags/plugins/event_listener.py for tasks to queue
[2024-04-25T12:11:35.464+0800] {logging_mixin.py:188} INFO - [2024-04-25T12:11:35.462+0800] {dagbag.py:540} INFO - Filling up the DagBag from /mnt/c/Users/Jason/Desktop/IS3107/is3107_DataEngineering/.venv/lib/python3.8/site-packages/airflow/example_dags/plugins/event_listener.py
[2024-04-25T12:11:35.493+0800] {processor.py:842} WARNING - No viable dags retrieved from /mnt/c/Users/Jason/Desktop/IS3107/is3107_DataEngineering/.venv/lib/python3.8/site-packages/airflow/example_dags/plugins/event_listener.py
[2024-04-25T12:11:35.524+0800] {processor.py:183} INFO - Processing /mnt/c/Users/Jason/Desktop/IS3107/is3107_DataEngineering/.venv/lib/python3.8/site-packages/airflow/example_dags/plugins/event_listener.py took 0.085 seconds
[2024-04-25T12:13:52.659+0800] {processor.py:161} INFO - Started process (PID=1941572) to work on /mnt/c/Users/Jason/Desktop/IS3107/is3107_DataEngineering/.venv/lib/python3.8/site-packages/airflow/example_dags/plugins/event_listener.py
[2024-04-25T12:13:52.660+0800] {processor.py:830} INFO - Processing file /mnt/c/Users/Jason/Desktop/IS3107/is3107_DataEngineering/.venv/lib/python3.8/site-packages/airflow/example_dags/plugins/event_listener.py for tasks to queue
[2024-04-25T12:13:52.663+0800] {logging_mixin.py:188} INFO - [2024-04-25T12:13:52.662+0800] {dagbag.py:540} INFO - Filling up the DagBag from /mnt/c/Users/Jason/Desktop/IS3107/is3107_DataEngineering/.venv/lib/python3.8/site-packages/airflow/example_dags/plugins/event_listener.py
[2024-04-25T12:13:52.697+0800] {processor.py:842} WARNING - No viable dags retrieved from /mnt/c/Users/Jason/Desktop/IS3107/is3107_DataEngineering/.venv/lib/python3.8/site-packages/airflow/example_dags/plugins/event_listener.py
[2024-04-25T12:13:52.723+0800] {processor.py:183} INFO - Processing /mnt/c/Users/Jason/Desktop/IS3107/is3107_DataEngineering/.venv/lib/python3.8/site-packages/airflow/example_dags/plugins/event_listener.py took 0.079 seconds
