[2024-04-25T11:52:30.849+0800] {processor.py:161} INFO - Started process (PID=1929224) to work on /mnt/c/Users/Jason/Desktop/IS3107/is3107_DataEngineering/.venv/lib/python3.8/site-packages/airflow/example_dags/plugins/listener_plugin.py
[2024-04-25T11:52:30.851+0800] {processor.py:830} INFO - Processing file /mnt/c/Users/Jason/Desktop/IS3107/is3107_DataEngineering/.venv/lib/python3.8/site-packages/airflow/example_dags/plugins/listener_plugin.py for tasks to queue
[2024-04-25T11:52:30.853+0800] {logging_mixin.py:188} INFO - [2024-04-25T11:52:30.852+0800] {dagbag.py:540} INFO - Filling up the DagBag from /mnt/c/Users/Jason/Desktop/IS3107/is3107_DataEngineering/.venv/lib/python3.8/site-packages/airflow/example_dags/plugins/listener_plugin.py
[2024-04-25T11:52:30.885+0800] {processor.py:842} WARNING - No viable dags retrieved from /mnt/c/Users/Jason/Desktop/IS3107/is3107_DataEngineering/.venv/lib/python3.8/site-packages/airflow/example_dags/plugins/listener_plugin.py
[2024-04-25T11:52:30.907+0800] {processor.py:183} INFO - Processing /mnt/c/Users/Jason/Desktop/IS3107/is3107_DataEngineering/.venv/lib/python3.8/site-packages/airflow/example_dags/plugins/listener_plugin.py took 0.071 seconds
[2024-04-25T11:55:38.029+0800] {processor.py:161} INFO - Started process (PID=1931007) to work on /mnt/c/Users/Jason/Desktop/IS3107/is3107_DataEngineering/.venv/lib/python3.8/site-packages/airflow/example_dags/plugins/listener_plugin.py
[2024-04-25T11:55:38.031+0800] {processor.py:830} INFO - Processing file /mnt/c/Users/Jason/Desktop/IS3107/is3107_DataEngineering/.venv/lib/python3.8/site-packages/airflow/example_dags/plugins/listener_plugin.py for tasks to queue
[2024-04-25T11:55:38.035+0800] {logging_mixin.py:188} INFO - [2024-04-25T11:55:38.033+0800] {dagbag.py:540} INFO - Filling up the DagBag from /mnt/c/Users/Jason/Desktop/IS3107/is3107_DataEngineering/.venv/lib/python3.8/site-packages/airflow/example_dags/plugins/listener_plugin.py
[2024-04-25T11:55:38.065+0800] {processor.py:842} WARNING - No viable dags retrieved from /mnt/c/Users/Jason/Desktop/IS3107/is3107_DataEngineering/.venv/lib/python3.8/site-packages/airflow/example_dags/plugins/listener_plugin.py
[2024-04-25T11:55:38.085+0800] {processor.py:183} INFO - Processing /mnt/c/Users/Jason/Desktop/IS3107/is3107_DataEngineering/.venv/lib/python3.8/site-packages/airflow/example_dags/plugins/listener_plugin.py took 0.071 seconds
[2024-04-25T11:57:46.857+0800] {processor.py:161} INFO - Started process (PID=1932275) to work on /mnt/c/Users/Jason/Desktop/IS3107/is3107_DataEngineering/.venv/lib/python3.8/site-packages/airflow/example_dags/plugins/listener_plugin.py
[2024-04-25T11:57:46.859+0800] {processor.py:830} INFO - Processing file /mnt/c/Users/Jason/Desktop/IS3107/is3107_DataEngineering/.venv/lib/python3.8/site-packages/airflow/example_dags/plugins/listener_plugin.py for tasks to queue
[2024-04-25T11:57:46.862+0800] {logging_mixin.py:188} INFO - [2024-04-25T11:57:46.860+0800] {dagbag.py:540} INFO - Filling up the DagBag from /mnt/c/Users/Jason/Desktop/IS3107/is3107_DataEngineering/.venv/lib/python3.8/site-packages/airflow/example_dags/plugins/listener_plugin.py
[2024-04-25T11:57:46.895+0800] {processor.py:842} WARNING - No viable dags retrieved from /mnt/c/Users/Jason/Desktop/IS3107/is3107_DataEngineering/.venv/lib/python3.8/site-packages/airflow/example_dags/plugins/listener_plugin.py
[2024-04-25T11:57:46.920+0800] {processor.py:183} INFO - Processing /mnt/c/Users/Jason/Desktop/IS3107/is3107_DataEngineering/.venv/lib/python3.8/site-packages/airflow/example_dags/plugins/listener_plugin.py took 0.075 seconds
[2024-04-25T12:00:06.583+0800] {processor.py:161} INFO - Started process (PID=1933594) to work on /mnt/c/Users/Jason/Desktop/IS3107/is3107_DataEngineering/.venv/lib/python3.8/site-packages/airflow/example_dags/plugins/listener_plugin.py
[2024-04-25T12:00:06.585+0800] {processor.py:830} INFO - Processing file /mnt/c/Users/Jason/Desktop/IS3107/is3107_DataEngineering/.venv/lib/python3.8/site-packages/airflow/example_dags/plugins/listener_plugin.py for tasks to queue
[2024-04-25T12:00:06.588+0800] {logging_mixin.py:188} INFO - [2024-04-25T12:00:06.587+0800] {dagbag.py:540} INFO - Filling up the DagBag from /mnt/c/Users/Jason/Desktop/IS3107/is3107_DataEngineering/.venv/lib/python3.8/site-packages/airflow/example_dags/plugins/listener_plugin.py
[2024-04-25T12:00:06.634+0800] {processor.py:842} WARNING - No viable dags retrieved from /mnt/c/Users/Jason/Desktop/IS3107/is3107_DataEngineering/.venv/lib/python3.8/site-packages/airflow/example_dags/plugins/listener_plugin.py
[2024-04-25T12:00:06.666+0800] {processor.py:183} INFO - Processing /mnt/c/Users/Jason/Desktop/IS3107/is3107_DataEngineering/.venv/lib/python3.8/site-packages/airflow/example_dags/plugins/listener_plugin.py took 0.101 seconds
[2024-04-25T12:02:39.028+0800] {processor.py:161} INFO - Started process (PID=1935062) to work on /mnt/c/Users/Jason/Desktop/IS3107/is3107_DataEngineering/.venv/lib/python3.8/site-packages/airflow/example_dags/plugins/listener_plugin.py
[2024-04-25T12:02:39.030+0800] {processor.py:830} INFO - Processing file /mnt/c/Users/Jason/Desktop/IS3107/is3107_DataEngineering/.venv/lib/python3.8/site-packages/airflow/example_dags/plugins/listener_plugin.py for tasks to queue
[2024-04-25T12:02:39.033+0800] {logging_mixin.py:188} INFO - [2024-04-25T12:02:39.032+0800] {dagbag.py:540} INFO - Filling up the DagBag from /mnt/c/Users/Jason/Desktop/IS3107/is3107_DataEngineering/.venv/lib/python3.8/site-packages/airflow/example_dags/plugins/listener_plugin.py
[2024-04-25T12:02:39.074+0800] {processor.py:842} WARNING - No viable dags retrieved from /mnt/c/Users/Jason/Desktop/IS3107/is3107_DataEngineering/.venv/lib/python3.8/site-packages/airflow/example_dags/plugins/listener_plugin.py
[2024-04-25T12:02:39.100+0800] {processor.py:183} INFO - Processing /mnt/c/Users/Jason/Desktop/IS3107/is3107_DataEngineering/.venv/lib/python3.8/site-packages/airflow/example_dags/plugins/listener_plugin.py took 0.089 seconds
[2024-04-25T12:05:01.756+0800] {processor.py:161} INFO - Started process (PID=1936435) to work on /mnt/c/Users/Jason/Desktop/IS3107/is3107_DataEngineering/.venv/lib/python3.8/site-packages/airflow/example_dags/plugins/listener_plugin.py
[2024-04-25T12:05:01.758+0800] {processor.py:830} INFO - Processing file /mnt/c/Users/Jason/Desktop/IS3107/is3107_DataEngineering/.venv/lib/python3.8/site-packages/airflow/example_dags/plugins/listener_plugin.py for tasks to queue
[2024-04-25T12:05:01.761+0800] {logging_mixin.py:188} INFO - [2024-04-25T12:05:01.760+0800] {dagbag.py:540} INFO - Filling up the DagBag from /mnt/c/Users/Jason/Desktop/IS3107/is3107_DataEngineering/.venv/lib/python3.8/site-packages/airflow/example_dags/plugins/listener_plugin.py
[2024-04-25T12:05:01.798+0800] {processor.py:842} WARNING - No viable dags retrieved from /mnt/c/Users/Jason/Desktop/IS3107/is3107_DataEngineering/.venv/lib/python3.8/site-packages/airflow/example_dags/plugins/listener_plugin.py
[2024-04-25T12:05:01.823+0800] {processor.py:183} INFO - Processing /mnt/c/Users/Jason/Desktop/IS3107/is3107_DataEngineering/.venv/lib/python3.8/site-packages/airflow/example_dags/plugins/listener_plugin.py took 0.088 seconds
[2024-04-25T12:07:08.127+0800] {processor.py:161} INFO - Started process (PID=1937668) to work on /mnt/c/Users/Jason/Desktop/IS3107/is3107_DataEngineering/.venv/lib/python3.8/site-packages/airflow/example_dags/plugins/listener_plugin.py
[2024-04-25T12:07:08.128+0800] {processor.py:830} INFO - Processing file /mnt/c/Users/Jason/Desktop/IS3107/is3107_DataEngineering/.venv/lib/python3.8/site-packages/airflow/example_dags/plugins/listener_plugin.py for tasks to queue
[2024-04-25T12:07:08.130+0800] {logging_mixin.py:188} INFO - [2024-04-25T12:07:08.129+0800] {dagbag.py:540} INFO - Filling up the DagBag from /mnt/c/Users/Jason/Desktop/IS3107/is3107_DataEngineering/.venv/lib/python3.8/site-packages/airflow/example_dags/plugins/listener_plugin.py
[2024-04-25T12:07:08.147+0800] {processor.py:842} WARNING - No viable dags retrieved from /mnt/c/Users/Jason/Desktop/IS3107/is3107_DataEngineering/.venv/lib/python3.8/site-packages/airflow/example_dags/plugins/listener_plugin.py
[2024-04-25T12:07:08.161+0800] {processor.py:183} INFO - Processing /mnt/c/Users/Jason/Desktop/IS3107/is3107_DataEngineering/.venv/lib/python3.8/site-packages/airflow/example_dags/plugins/listener_plugin.py took 0.042 seconds
[2024-04-25T12:09:05.891+0800] {processor.py:161} INFO - Started process (PID=1938805) to work on /mnt/c/Users/Jason/Desktop/IS3107/is3107_DataEngineering/.venv/lib/python3.8/site-packages/airflow/example_dags/plugins/listener_plugin.py
[2024-04-25T12:09:05.892+0800] {processor.py:830} INFO - Processing file /mnt/c/Users/Jason/Desktop/IS3107/is3107_DataEngineering/.venv/lib/python3.8/site-packages/airflow/example_dags/plugins/listener_plugin.py for tasks to queue
[2024-04-25T12:09:05.895+0800] {logging_mixin.py:188} INFO - [2024-04-25T12:09:05.894+0800] {dagbag.py:540} INFO - Filling up the DagBag from /mnt/c/Users/Jason/Desktop/IS3107/is3107_DataEngineering/.venv/lib/python3.8/site-packages/airflow/example_dags/plugins/listener_plugin.py
[2024-04-25T12:09:05.919+0800] {processor.py:842} WARNING - No viable dags retrieved from /mnt/c/Users/Jason/Desktop/IS3107/is3107_DataEngineering/.venv/lib/python3.8/site-packages/airflow/example_dags/plugins/listener_plugin.py
[2024-04-25T12:09:05.937+0800] {processor.py:183} INFO - Processing /mnt/c/Users/Jason/Desktop/IS3107/is3107_DataEngineering/.venv/lib/python3.8/site-packages/airflow/example_dags/plugins/listener_plugin.py took 0.056 seconds
[2024-04-25T12:11:36.910+0800] {processor.py:161} INFO - Started process (PID=1940262) to work on /mnt/c/Users/Jason/Desktop/IS3107/is3107_DataEngineering/.venv/lib/python3.8/site-packages/airflow/example_dags/plugins/listener_plugin.py
[2024-04-25T12:11:36.912+0800] {processor.py:830} INFO - Processing file /mnt/c/Users/Jason/Desktop/IS3107/is3107_DataEngineering/.venv/lib/python3.8/site-packages/airflow/example_dags/plugins/listener_plugin.py for tasks to queue
[2024-04-25T12:11:36.915+0800] {logging_mixin.py:188} INFO - [2024-04-25T12:11:36.914+0800] {dagbag.py:540} INFO - Filling up the DagBag from /mnt/c/Users/Jason/Desktop/IS3107/is3107_DataEngineering/.venv/lib/python3.8/site-packages/airflow/example_dags/plugins/listener_plugin.py
[2024-04-25T12:11:36.948+0800] {processor.py:842} WARNING - No viable dags retrieved from /mnt/c/Users/Jason/Desktop/IS3107/is3107_DataEngineering/.venv/lib/python3.8/site-packages/airflow/example_dags/plugins/listener_plugin.py
[2024-04-25T12:11:36.972+0800] {processor.py:183} INFO - Processing /mnt/c/Users/Jason/Desktop/IS3107/is3107_DataEngineering/.venv/lib/python3.8/site-packages/airflow/example_dags/plugins/listener_plugin.py took 0.074 seconds
[2024-04-25T12:13:53.854+0800] {processor.py:161} INFO - Started process (PID=1941577) to work on /mnt/c/Users/Jason/Desktop/IS3107/is3107_DataEngineering/.venv/lib/python3.8/site-packages/airflow/example_dags/plugins/listener_plugin.py
[2024-04-25T12:13:53.856+0800] {processor.py:830} INFO - Processing file /mnt/c/Users/Jason/Desktop/IS3107/is3107_DataEngineering/.venv/lib/python3.8/site-packages/airflow/example_dags/plugins/listener_plugin.py for tasks to queue
[2024-04-25T12:13:53.858+0800] {logging_mixin.py:188} INFO - [2024-04-25T12:13:53.857+0800] {dagbag.py:540} INFO - Filling up the DagBag from /mnt/c/Users/Jason/Desktop/IS3107/is3107_DataEngineering/.venv/lib/python3.8/site-packages/airflow/example_dags/plugins/listener_plugin.py
[2024-04-25T12:13:53.893+0800] {processor.py:842} WARNING - No viable dags retrieved from /mnt/c/Users/Jason/Desktop/IS3107/is3107_DataEngineering/.venv/lib/python3.8/site-packages/airflow/example_dags/plugins/listener_plugin.py
[2024-04-25T12:13:53.923+0800] {processor.py:183} INFO - Processing /mnt/c/Users/Jason/Desktop/IS3107/is3107_DataEngineering/.venv/lib/python3.8/site-packages/airflow/example_dags/plugins/listener_plugin.py took 0.081 seconds
