[2024-04-25T11:52:32.074+0800] {processor.py:161} INFO - Started process (PID=1929257) to work on /mnt/c/Users/Jason/Desktop/IS3107/is3107_DataEngineering/.venv/lib/python3.8/site-packages/airflow/example_dags/plugins/workday.py
[2024-04-25T11:52:32.076+0800] {processor.py:830} INFO - Processing file /mnt/c/Users/Jason/Desktop/IS3107/is3107_DataEngineering/.venv/lib/python3.8/site-packages/airflow/example_dags/plugins/workday.py for tasks to queue
[2024-04-25T11:52:32.078+0800] {logging_mixin.py:188} INFO - [2024-04-25T11:52:32.077+0800] {dagbag.py:540} INFO - Filling up the DagBag from /mnt/c/Users/Jason/Desktop/IS3107/is3107_DataEngineering/.venv/lib/python3.8/site-packages/airflow/example_dags/plugins/workday.py
[2024-04-25T11:52:36.220+0800] {processor.py:842} WARNING - No viable dags retrieved from /mnt/c/Users/Jason/Desktop/IS3107/is3107_DataEngineering/.venv/lib/python3.8/site-packages/airflow/example_dags/plugins/workday.py
[2024-04-25T11:52:36.247+0800] {processor.py:183} INFO - Processing /mnt/c/Users/Jason/Desktop/IS3107/is3107_DataEngineering/.venv/lib/python3.8/site-packages/airflow/example_dags/plugins/workday.py took 4.186 seconds
[2024-04-25T11:55:38.616+0800] {processor.py:161} INFO - Started process (PID=1931012) to work on /mnt/c/Users/Jason/Desktop/IS3107/is3107_DataEngineering/.venv/lib/python3.8/site-packages/airflow/example_dags/plugins/workday.py
[2024-04-25T11:55:38.619+0800] {processor.py:830} INFO - Processing file /mnt/c/Users/Jason/Desktop/IS3107/is3107_DataEngineering/.venv/lib/python3.8/site-packages/airflow/example_dags/plugins/workday.py for tasks to queue
[2024-04-25T11:55:38.623+0800] {logging_mixin.py:188} INFO - [2024-04-25T11:55:38.622+0800] {dagbag.py:540} INFO - Filling up the DagBag from /mnt/c/Users/Jason/Desktop/IS3107/is3107_DataEngineering/.venv/lib/python3.8/site-packages/airflow/example_dags/plugins/workday.py
[2024-04-25T11:55:42.661+0800] {processor.py:842} WARNING - No viable dags retrieved from /mnt/c/Users/Jason/Desktop/IS3107/is3107_DataEngineering/.venv/lib/python3.8/site-packages/airflow/example_dags/plugins/workday.py
[2024-04-25T11:55:42.686+0800] {processor.py:183} INFO - Processing /mnt/c/Users/Jason/Desktop/IS3107/is3107_DataEngineering/.venv/lib/python3.8/site-packages/airflow/example_dags/plugins/workday.py took 4.089 seconds
[2024-04-25T11:57:47.963+0800] {processor.py:161} INFO - Started process (PID=1932276) to work on /mnt/c/Users/Jason/Desktop/IS3107/is3107_DataEngineering/.venv/lib/python3.8/site-packages/airflow/example_dags/plugins/workday.py
[2024-04-25T11:57:47.966+0800] {processor.py:830} INFO - Processing file /mnt/c/Users/Jason/Desktop/IS3107/is3107_DataEngineering/.venv/lib/python3.8/site-packages/airflow/example_dags/plugins/workday.py for tasks to queue
[2024-04-25T11:57:47.969+0800] {logging_mixin.py:188} INFO - [2024-04-25T11:57:47.967+0800] {dagbag.py:540} INFO - Filling up the DagBag from /mnt/c/Users/Jason/Desktop/IS3107/is3107_DataEngineering/.venv/lib/python3.8/site-packages/airflow/example_dags/plugins/workday.py
[2024-04-25T11:57:52.191+0800] {processor.py:842} WARNING - No viable dags retrieved from /mnt/c/Users/Jason/Desktop/IS3107/is3107_DataEngineering/.venv/lib/python3.8/site-packages/airflow/example_dags/plugins/workday.py
[2024-04-25T11:57:52.210+0800] {processor.py:183} INFO - Processing /mnt/c/Users/Jason/Desktop/IS3107/is3107_DataEngineering/.venv/lib/python3.8/site-packages/airflow/example_dags/plugins/workday.py took 4.260 seconds
[2024-04-25T12:00:07.336+0800] {processor.py:161} INFO - Started process (PID=1933615) to work on /mnt/c/Users/Jason/Desktop/IS3107/is3107_DataEngineering/.venv/lib/python3.8/site-packages/airflow/example_dags/plugins/workday.py
[2024-04-25T12:00:07.340+0800] {processor.py:830} INFO - Processing file /mnt/c/Users/Jason/Desktop/IS3107/is3107_DataEngineering/.venv/lib/python3.8/site-packages/airflow/example_dags/plugins/workday.py for tasks to queue
[2024-04-25T12:00:07.346+0800] {logging_mixin.py:188} INFO - [2024-04-25T12:00:07.344+0800] {dagbag.py:540} INFO - Filling up the DagBag from /mnt/c/Users/Jason/Desktop/IS3107/is3107_DataEngineering/.venv/lib/python3.8/site-packages/airflow/example_dags/plugins/workday.py
[2024-04-25T12:00:13.311+0800] {processor.py:842} WARNING - No viable dags retrieved from /mnt/c/Users/Jason/Desktop/IS3107/is3107_DataEngineering/.venv/lib/python3.8/site-packages/airflow/example_dags/plugins/workday.py
[2024-04-25T12:00:13.335+0800] {processor.py:183} INFO - Processing /mnt/c/Users/Jason/Desktop/IS3107/is3107_DataEngineering/.venv/lib/python3.8/site-packages/airflow/example_dags/plugins/workday.py took 6.045 seconds
[2024-04-25T12:02:40.280+0800] {processor.py:161} INFO - Started process (PID=1935067) to work on /mnt/c/Users/Jason/Desktop/IS3107/is3107_DataEngineering/.venv/lib/python3.8/site-packages/airflow/example_dags/plugins/workday.py
[2024-04-25T12:02:40.282+0800] {processor.py:830} INFO - Processing file /mnt/c/Users/Jason/Desktop/IS3107/is3107_DataEngineering/.venv/lib/python3.8/site-packages/airflow/example_dags/plugins/workday.py for tasks to queue
[2024-04-25T12:02:40.285+0800] {logging_mixin.py:188} INFO - [2024-04-25T12:02:40.283+0800] {dagbag.py:540} INFO - Filling up the DagBag from /mnt/c/Users/Jason/Desktop/IS3107/is3107_DataEngineering/.venv/lib/python3.8/site-packages/airflow/example_dags/plugins/workday.py
[2024-04-25T12:02:44.805+0800] {processor.py:842} WARNING - No viable dags retrieved from /mnt/c/Users/Jason/Desktop/IS3107/is3107_DataEngineering/.venv/lib/python3.8/site-packages/airflow/example_dags/plugins/workday.py
[2024-04-25T12:02:44.826+0800] {processor.py:183} INFO - Processing /mnt/c/Users/Jason/Desktop/IS3107/is3107_DataEngineering/.venv/lib/python3.8/site-packages/airflow/example_dags/plugins/workday.py took 4.558 seconds
[2024-04-25T12:05:03.086+0800] {processor.py:161} INFO - Started process (PID=1936442) to work on /mnt/c/Users/Jason/Desktop/IS3107/is3107_DataEngineering/.venv/lib/python3.8/site-packages/airflow/example_dags/plugins/workday.py
[2024-04-25T12:05:03.089+0800] {processor.py:830} INFO - Processing file /mnt/c/Users/Jason/Desktop/IS3107/is3107_DataEngineering/.venv/lib/python3.8/site-packages/airflow/example_dags/plugins/workday.py for tasks to queue
[2024-04-25T12:05:03.092+0800] {logging_mixin.py:188} INFO - [2024-04-25T12:05:03.090+0800] {dagbag.py:540} INFO - Filling up the DagBag from /mnt/c/Users/Jason/Desktop/IS3107/is3107_DataEngineering/.venv/lib/python3.8/site-packages/airflow/example_dags/plugins/workday.py
[2024-04-25T12:05:07.399+0800] {processor.py:842} WARNING - No viable dags retrieved from /mnt/c/Users/Jason/Desktop/IS3107/is3107_DataEngineering/.venv/lib/python3.8/site-packages/airflow/example_dags/plugins/workday.py
[2024-04-25T12:05:07.421+0800] {processor.py:183} INFO - Processing /mnt/c/Users/Jason/Desktop/IS3107/is3107_DataEngineering/.venv/lib/python3.8/site-packages/airflow/example_dags/plugins/workday.py took 4.349 seconds
[2024-04-25T12:07:09.338+0800] {processor.py:161} INFO - Started process (PID=1937669) to work on /mnt/c/Users/Jason/Desktop/IS3107/is3107_DataEngineering/.venv/lib/python3.8/site-packages/airflow/example_dags/plugins/workday.py
[2024-04-25T12:07:09.339+0800] {processor.py:830} INFO - Processing file /mnt/c/Users/Jason/Desktop/IS3107/is3107_DataEngineering/.venv/lib/python3.8/site-packages/airflow/example_dags/plugins/workday.py for tasks to queue
[2024-04-25T12:07:09.341+0800] {logging_mixin.py:188} INFO - [2024-04-25T12:07:09.340+0800] {dagbag.py:540} INFO - Filling up the DagBag from /mnt/c/Users/Jason/Desktop/IS3107/is3107_DataEngineering/.venv/lib/python3.8/site-packages/airflow/example_dags/plugins/workday.py
[2024-04-25T12:07:12.311+0800] {processor.py:842} WARNING - No viable dags retrieved from /mnt/c/Users/Jason/Desktop/IS3107/is3107_DataEngineering/.venv/lib/python3.8/site-packages/airflow/example_dags/plugins/workday.py
[2024-04-25T12:07:12.331+0800] {processor.py:183} INFO - Processing /mnt/c/Users/Jason/Desktop/IS3107/is3107_DataEngineering/.venv/lib/python3.8/site-packages/airflow/example_dags/plugins/workday.py took 3.004 seconds
[2024-04-25T12:09:06.510+0800] {processor.py:161} INFO - Started process (PID=1938829) to work on /mnt/c/Users/Jason/Desktop/IS3107/is3107_DataEngineering/.venv/lib/python3.8/site-packages/airflow/example_dags/plugins/workday.py
[2024-04-25T12:09:06.512+0800] {processor.py:830} INFO - Processing file /mnt/c/Users/Jason/Desktop/IS3107/is3107_DataEngineering/.venv/lib/python3.8/site-packages/airflow/example_dags/plugins/workday.py for tasks to queue
[2024-04-25T12:09:06.515+0800] {logging_mixin.py:188} INFO - [2024-04-25T12:09:06.513+0800] {dagbag.py:540} INFO - Filling up the DagBag from /mnt/c/Users/Jason/Desktop/IS3107/is3107_DataEngineering/.venv/lib/python3.8/site-packages/airflow/example_dags/plugins/workday.py
[2024-04-25T12:09:10.207+0800] {processor.py:842} WARNING - No viable dags retrieved from /mnt/c/Users/Jason/Desktop/IS3107/is3107_DataEngineering/.venv/lib/python3.8/site-packages/airflow/example_dags/plugins/workday.py
[2024-04-25T12:09:10.238+0800] {processor.py:183} INFO - Processing /mnt/c/Users/Jason/Desktop/IS3107/is3107_DataEngineering/.venv/lib/python3.8/site-packages/airflow/example_dags/plugins/workday.py took 3.739 seconds
[2024-04-25T12:11:37.789+0800] {processor.py:161} INFO - Started process (PID=1940265) to work on /mnt/c/Users/Jason/Desktop/IS3107/is3107_DataEngineering/.venv/lib/python3.8/site-packages/airflow/example_dags/plugins/workday.py
[2024-04-25T12:11:37.791+0800] {processor.py:830} INFO - Processing file /mnt/c/Users/Jason/Desktop/IS3107/is3107_DataEngineering/.venv/lib/python3.8/site-packages/airflow/example_dags/plugins/workday.py for tasks to queue
[2024-04-25T12:11:37.794+0800] {logging_mixin.py:188} INFO - [2024-04-25T12:11:37.793+0800] {dagbag.py:540} INFO - Filling up the DagBag from /mnt/c/Users/Jason/Desktop/IS3107/is3107_DataEngineering/.venv/lib/python3.8/site-packages/airflow/example_dags/plugins/workday.py
[2024-04-25T12:11:42.998+0800] {processor.py:842} WARNING - No viable dags retrieved from /mnt/c/Users/Jason/Desktop/IS3107/is3107_DataEngineering/.venv/lib/python3.8/site-packages/airflow/example_dags/plugins/workday.py
[2024-04-25T12:11:43.024+0800] {processor.py:183} INFO - Processing /mnt/c/Users/Jason/Desktop/IS3107/is3107_DataEngineering/.venv/lib/python3.8/site-packages/airflow/example_dags/plugins/workday.py took 5.248 seconds
[2024-04-25T12:13:55.055+0800] {processor.py:161} INFO - Started process (PID=1941594) to work on /mnt/c/Users/Jason/Desktop/IS3107/is3107_DataEngineering/.venv/lib/python3.8/site-packages/airflow/example_dags/plugins/workday.py
[2024-04-25T12:13:55.057+0800] {processor.py:830} INFO - Processing file /mnt/c/Users/Jason/Desktop/IS3107/is3107_DataEngineering/.venv/lib/python3.8/site-packages/airflow/example_dags/plugins/workday.py for tasks to queue
[2024-04-25T12:13:55.058+0800] {logging_mixin.py:188} INFO - [2024-04-25T12:13:55.058+0800] {dagbag.py:540} INFO - Filling up the DagBag from /mnt/c/Users/Jason/Desktop/IS3107/is3107_DataEngineering/.venv/lib/python3.8/site-packages/airflow/example_dags/plugins/workday.py
[2024-04-25T12:13:59.616+0800] {processor.py:842} WARNING - No viable dags retrieved from /mnt/c/Users/Jason/Desktop/IS3107/is3107_DataEngineering/.venv/lib/python3.8/site-packages/airflow/example_dags/plugins/workday.py
[2024-04-25T12:13:59.662+0800] {processor.py:183} INFO - Processing /mnt/c/Users/Jason/Desktop/IS3107/is3107_DataEngineering/.venv/lib/python3.8/site-packages/airflow/example_dags/plugins/workday.py took 4.618 seconds
