[2024-04-25T11:06:52.918+0800] {local_task_job_runner.py:120} INFO - ::group::Pre task execution logs
[2024-04-25T11:06:52.989+0800] {taskinstance.py:2073} INFO - Dependencies all met for dep_context=non-requeueable deps ti=<TaskInstance: 3107_project.clean_linkedin_jobs__1 manual__2024-04-25T01:42:19.198356+00:00 [queued]>
[2024-04-25T11:06:53.002+0800] {taskinstance.py:2073} INFO - Dependencies all met for dep_context=requeueable deps ti=<TaskInstance: 3107_project.clean_linkedin_jobs__1 manual__2024-04-25T01:42:19.198356+00:00 [queued]>
[2024-04-25T11:06:53.003+0800] {taskinstance.py:2303} INFO - Starting attempt 1 of 1
[2024-04-25T11:06:53.040+0800] {taskinstance.py:2327} INFO - Executing <Task(_PythonDecoratedOperator): clean_linkedin_jobs__1> on 2024-04-25 01:42:19.198356+00:00
[2024-04-25T11:06:53.045+0800] {standard_task_runner.py:63} INFO - Started process 1905268 to run task
[2024-04-25T11:06:53.048+0800] {standard_task_runner.py:90} INFO - Running: ['airflow', 'tasks', 'run', '3107_project', 'clean_linkedin_jobs__1', 'manual__2024-04-25T01:42:19.198356+00:00', '--job-id', '547', '--raw', '--subdir', 'DAGS_FOLDER/dag.py', '--cfg-path', '/tmp/tmpwuhzyh7b']
[2024-04-25T11:06:53.050+0800] {standard_task_runner.py:91} INFO - Job 547: Subtask clean_linkedin_jobs__1
[2024-04-25T11:06:53.133+0800] {task_command.py:426} INFO - Running <TaskInstance: 3107_project.clean_linkedin_jobs__1 manual__2024-04-25T01:42:19.198356+00:00 [running]> on host DESKTOP-COSTHAS.
[2024-04-25T11:06:53.305+0800] {taskinstance.py:2644} INFO - Exporting env vars: AIRFLOW_CTX_DAG_OWNER='airflow' AIRFLOW_CTX_DAG_ID='3107_project' AIRFLOW_CTX_TASK_ID='clean_linkedin_jobs__1' AIRFLOW_CTX_EXECUTION_DATE='2024-04-25T01:42:19.198356+00:00' AIRFLOW_CTX_TRY_NUMBER='1' AIRFLOW_CTX_DAG_RUN_ID='manual__2024-04-25T01:42:19.198356+00:00'
[2024-04-25T11:06:53.308+0800] {taskinstance.py:430} INFO - ::endgroup::
[2024-04-25T11:06:53.379+0800] {python.py:237} INFO - Done. Returned value was:                                                    url  ...              location
1    https://www.linkedin.com/jobs/collections/reco...  ...  Singapore, Singapore
2    https://www.linkedin.com/jobs/collections/reco...  ...             Singapore
3    https://www.linkedin.com/jobs/collections/reco...  ...  Singapore, Singapore
5    https://www.linkedin.com/jobs/collections/reco...  ...  Singapore, Singapore
6    https://www.linkedin.com/jobs/collections/reco...  ...             Singapore
..                                                 ...  ...                   ...
337  https://www.linkedin.com/jobs/collections/reco...  ...  Singapore, Singapore
338  https://www.linkedin.com/jobs/collections/reco...  ...  Singapore, Singapore
341  https://www.linkedin.com/jobs/collections/reco...  ...  Singapore, Singapore
351  https://www.linkedin.com/jobs/collections/reco...  ...  Singapore, Singapore
353  https://www.linkedin.com/jobs/collections/reco...  ...             Singapore

[235 rows x 6 columns]
[2024-04-25T11:06:53.398+0800] {taskinstance.py:441} INFO - ::group::Post task execution logs
[2024-04-25T11:06:53.662+0800] {taskinstance.py:1205} INFO - Marking task as SUCCESS. dag_id=3107_project, task_id=clean_linkedin_jobs__1, execution_date=20240425T014219, start_date=20240425T030652, end_date=20240425T030653
[2024-04-25T11:06:53.717+0800] {local_task_job_runner.py:240} INFO - Task exited with return code 0
[2024-04-25T11:06:53.756+0800] {taskinstance.py:3482} INFO - 0 downstream tasks scheduled from follow-on schedule check
[2024-04-25T11:06:53.758+0800] {local_task_job_runner.py:222} INFO - ::endgroup::
