[2024-04-24T09:41:32.709+0800] {local_task_job_runner.py:120} INFO - ::group::Pre task execution logs
[2024-04-24T09:41:32.793+0800] {taskinstance.py:2073} INFO - Dependencies all met for dep_context=non-requeueable deps ti=<TaskInstance: 3107_project.clean_linkedin_jobs manual__2024-04-24T01:38:35.088414+00:00 [queued]>
[2024-04-24T09:41:32.806+0800] {taskinstance.py:2073} INFO - Dependencies all met for dep_context=requeueable deps ti=<TaskInstance: 3107_project.clean_linkedin_jobs manual__2024-04-24T01:38:35.088414+00:00 [queued]>
[2024-04-24T09:41:32.807+0800] {taskinstance.py:2303} INFO - Starting attempt 1 of 1
[2024-04-24T09:41:32.846+0800] {taskinstance.py:2327} INFO - Executing <Task(_PythonDecoratedOperator): clean_linkedin_jobs> on 2024-04-24 01:38:35.088414+00:00
[2024-04-24T09:41:32.851+0800] {standard_task_runner.py:63} INFO - Started process 1075302 to run task
[2024-04-24T09:41:32.854+0800] {standard_task_runner.py:90} INFO - Running: ['airflow', 'tasks', 'run', '3107_project', 'clean_linkedin_jobs', 'manual__2024-04-24T01:38:35.088414+00:00', '--job-id', '419', '--raw', '--subdir', 'DAGS_FOLDER/project_main_CCA23_4.py', '--cfg-path', '/tmp/tmpl24kl0r0']
[2024-04-24T09:41:32.855+0800] {standard_task_runner.py:91} INFO - Job 419: Subtask clean_linkedin_jobs
[2024-04-24T09:41:32.937+0800] {task_command.py:426} INFO - Running <TaskInstance: 3107_project.clean_linkedin_jobs manual__2024-04-24T01:38:35.088414+00:00 [running]> on host DESKTOP-COSTHAS.
[2024-04-24T09:41:33.122+0800] {taskinstance.py:2644} INFO - Exporting env vars: AIRFLOW_CTX_DAG_OWNER='airflow' AIRFLOW_CTX_DAG_ID='3107_project' AIRFLOW_CTX_TASK_ID='clean_linkedin_jobs' AIRFLOW_CTX_EXECUTION_DATE='2024-04-24T01:38:35.088414+00:00' AIRFLOW_CTX_TRY_NUMBER='1' AIRFLOW_CTX_DAG_RUN_ID='manual__2024-04-24T01:38:35.088414+00:00'
[2024-04-24T09:41:33.124+0800] {taskinstance.py:430} INFO - ::endgroup::
[2024-04-24T09:41:33.176+0800] {python.py:237} INFO - Done. Returned value was:                                                    url  ...              location
0    https://www.linkedin.com/jobs/collections/reco...  ...             Singapore
1    https://www.linkedin.com/jobs/collections/reco...  ...             Singapore
2    https://www.linkedin.com/jobs/collections/reco...  ...             Singapore
5    https://www.linkedin.com/jobs/collections/reco...  ...  Singapore, Singapore
7    https://www.linkedin.com/jobs/collections/reco...  ...  Singapore, Singapore
..                                                 ...  ...                   ...
330  https://www.linkedin.com/jobs/collections/reco...  ...             Singapore
336  https://www.linkedin.com/jobs/collections/reco...  ...  Singapore, Singapore
342  https://www.linkedin.com/jobs/collections/reco...  ...  Singapore, Singapore
344  https://www.linkedin.com/jobs/collections/reco...  ...  Singapore, Singapore
346  https://www.linkedin.com/jobs/collections/reco...  ...             Singapore

[240 rows x 6 columns]
[2024-04-24T09:41:33.202+0800] {taskinstance.py:441} INFO - ::group::Post task execution logs
[2024-04-24T09:41:33.803+0800] {taskinstance.py:1205} INFO - Marking task as SUCCESS. dag_id=3107_project, task_id=clean_linkedin_jobs, execution_date=20240424T013835, start_date=20240424T014132, end_date=20240424T014133
[2024-04-24T09:41:33.895+0800] {local_task_job_runner.py:240} INFO - Task exited with return code 0
[2024-04-24T09:41:33.921+0800] {taskinstance.py:3482} INFO - 0 downstream tasks scheduled from follow-on schedule check
[2024-04-24T09:41:33.924+0800] {local_task_job_runner.py:222} INFO - ::endgroup::
