[2024-04-24T09:42:40.800+0800] {local_task_job_runner.py:120} INFO - ::group::Pre task execution logs
[2024-04-24T09:42:40.884+0800] {taskinstance.py:2073} INFO - Dependencies all met for dep_context=non-requeueable deps ti=<TaskInstance: 3107_project.clean_linkedin_jobs__3 manual__2024-04-24T01:38:35.088414+00:00 [queued]>
[2024-04-24T09:42:40.897+0800] {taskinstance.py:2073} INFO - Dependencies all met for dep_context=requeueable deps ti=<TaskInstance: 3107_project.clean_linkedin_jobs__3 manual__2024-04-24T01:38:35.088414+00:00 [queued]>
[2024-04-24T09:42:40.898+0800] {taskinstance.py:2303} INFO - Starting attempt 1 of 1
[2024-04-24T09:42:40.935+0800] {taskinstance.py:2327} INFO - Executing <Task(_PythonDecoratedOperator): clean_linkedin_jobs__3> on 2024-04-24 01:38:35.088414+00:00
[2024-04-24T09:42:40.940+0800] {standard_task_runner.py:63} INFO - Started process 1075919 to run task
[2024-04-24T09:42:40.943+0800] {standard_task_runner.py:90} INFO - Running: ['airflow', 'tasks', 'run', '3107_project', 'clean_linkedin_jobs__3', 'manual__2024-04-24T01:38:35.088414+00:00', '--job-id', '422', '--raw', '--subdir', 'DAGS_FOLDER/project_main_CCA23_4.py', '--cfg-path', '/tmp/tmpfysk06od']
[2024-04-24T09:42:40.944+0800] {standard_task_runner.py:91} INFO - Job 422: Subtask clean_linkedin_jobs__3
[2024-04-24T09:42:41.023+0800] {task_command.py:426} INFO - Running <TaskInstance: 3107_project.clean_linkedin_jobs__3 manual__2024-04-24T01:38:35.088414+00:00 [running]> on host DESKTOP-COSTHAS.
[2024-04-24T09:42:41.212+0800] {taskinstance.py:2644} INFO - Exporting env vars: AIRFLOW_CTX_DAG_OWNER='airflow' AIRFLOW_CTX_DAG_ID='3107_project' AIRFLOW_CTX_TASK_ID='clean_linkedin_jobs__3' AIRFLOW_CTX_EXECUTION_DATE='2024-04-24T01:38:35.088414+00:00' AIRFLOW_CTX_TRY_NUMBER='1' AIRFLOW_CTX_DAG_RUN_ID='manual__2024-04-24T01:38:35.088414+00:00'
[2024-04-24T09:42:41.214+0800] {taskinstance.py:430} INFO - ::endgroup::
[2024-04-24T09:42:41.250+0800] {python.py:237} INFO - Done. Returned value was:                                                    url  ...              location
0    https://www.linkedin.com/jobs/collections/reco...  ...             Singapore
1    https://www.linkedin.com/jobs/collections/reco...  ...             Singapore
2    https://www.linkedin.com/jobs/collections/reco...  ...             Singapore
3    https://www.linkedin.com/jobs/collections/reco...  ...  Singapore, Singapore
4    https://www.linkedin.com/jobs/collections/reco...  ...             Singapore
..                                                 ...  ...                   ...
291  https://www.linkedin.com/jobs/collections/reco...  ...             Singapore
292  https://www.linkedin.com/jobs/collections/reco...  ...  Singapore, Singapore
293  https://www.linkedin.com/jobs/collections/reco...  ...  Singapore, Singapore
294  https://www.linkedin.com/jobs/collections/reco...  ...  Singapore, Singapore
295  https://www.linkedin.com/jobs/collections/reco...  ...  Singapore, Singapore

[237 rows x 6 columns]
[2024-04-24T09:42:41.277+0800] {taskinstance.py:441} INFO - ::group::Post task execution logs
[2024-04-24T09:42:41.529+0800] {taskinstance.py:1205} INFO - Marking task as SUCCESS. dag_id=3107_project, task_id=clean_linkedin_jobs__3, execution_date=20240424T013835, start_date=20240424T014240, end_date=20240424T014241
[2024-04-24T09:42:41.622+0800] {local_task_job_runner.py:240} INFO - Task exited with return code 0
[2024-04-24T09:42:41.663+0800] {taskinstance.py:3482} INFO - 0 downstream tasks scheduled from follow-on schedule check
[2024-04-24T09:42:41.666+0800] {local_task_job_runner.py:222} INFO - ::endgroup::
