[2024-04-25T11:08:43.685+0800] {local_task_job_runner.py:120} INFO - ::group::Pre task execution logs
[2024-04-25T11:08:43.964+0800] {taskinstance.py:2073} INFO - Dependencies all met for dep_context=non-requeueable deps ti=<TaskInstance: 3107_project.clean_linkedin_jobs__5 manual__2024-04-25T01:42:19.198356+00:00 [queued]>
[2024-04-25T11:08:44.039+0800] {taskinstance.py:2073} INFO - Dependencies all met for dep_context=requeueable deps ti=<TaskInstance: 3107_project.clean_linkedin_jobs__5 manual__2024-04-25T01:42:19.198356+00:00 [queued]>
[2024-04-25T11:08:44.043+0800] {taskinstance.py:2303} INFO - Starting attempt 1 of 1
[2024-04-25T11:08:44.170+0800] {taskinstance.py:2327} INFO - Executing <Task(_PythonDecoratedOperator): clean_linkedin_jobs__5> on 2024-04-25 01:42:19.198356+00:00
[2024-04-25T11:08:44.192+0800] {standard_task_runner.py:63} INFO - Started process 1906307 to run task
[2024-04-25T11:08:44.201+0800] {standard_task_runner.py:90} INFO - Running: ['airflow', 'tasks', 'run', '3107_project', 'clean_linkedin_jobs__5', 'manual__2024-04-25T01:42:19.198356+00:00', '--job-id', '551', '--raw', '--subdir', 'DAGS_FOLDER/dag.py', '--cfg-path', '/tmp/tmp7259d0nv']
[2024-04-25T11:08:44.206+0800] {standard_task_runner.py:91} INFO - Job 551: Subtask clean_linkedin_jobs__5
[2024-04-25T11:08:44.492+0800] {task_command.py:426} INFO - Running <TaskInstance: 3107_project.clean_linkedin_jobs__5 manual__2024-04-25T01:42:19.198356+00:00 [running]> on host DESKTOP-COSTHAS.
[2024-04-25T11:08:45.002+0800] {taskinstance.py:2644} INFO - Exporting env vars: AIRFLOW_CTX_DAG_OWNER='airflow' AIRFLOW_CTX_DAG_ID='3107_project' AIRFLOW_CTX_TASK_ID='clean_linkedin_jobs__5' AIRFLOW_CTX_EXECUTION_DATE='2024-04-25T01:42:19.198356+00:00' AIRFLOW_CTX_TRY_NUMBER='1' AIRFLOW_CTX_DAG_RUN_ID='manual__2024-04-25T01:42:19.198356+00:00'
[2024-04-25T11:08:45.007+0800] {taskinstance.py:430} INFO - ::endgroup::
[2024-04-25T11:08:45.081+0800] {python.py:237} INFO - Done. Returned value was:                                                   url  ...              location
2   https://www.linkedin.com/jobs/collections/reco...  ...  Singapore, Singapore
5   https://www.linkedin.com/jobs/collections/reco...  ...             Singapore
8   https://www.linkedin.com/jobs/collections/reco...  ...  Singapore, Singapore
9   https://www.linkedin.com/jobs/collections/reco...  ...  Singapore, Singapore
11  https://www.linkedin.com/jobs/collections/reco...  ...  Singapore, Singapore
12  https://www.linkedin.com/jobs/collections/reco...  ...  Singapore, Singapore
14  https://www.linkedin.com/jobs/collections/reco...  ...             Singapore
16  https://www.linkedin.com/jobs/collections/reco...  ...             Singapore
18  https://www.linkedin.com/jobs/collections/reco...  ...  Singapore, Singapore
19  https://www.linkedin.com/jobs/collections/reco...  ...  Singapore, Singapore
21  https://www.linkedin.com/jobs/collections/reco...  ...  Singapore, Singapore
23  https://www.linkedin.com/jobs/collections/reco...  ...  Singapore, Singapore

[12 rows x 6 columns]
[2024-04-25T11:08:45.125+0800] {taskinstance.py:441} INFO - ::group::Post task execution logs
[2024-04-25T11:08:45.537+0800] {taskinstance.py:1205} INFO - Marking task as SUCCESS. dag_id=3107_project, task_id=clean_linkedin_jobs__5, execution_date=20240425T014219, start_date=20240425T030843, end_date=20240425T030845
[2024-04-25T11:08:45.682+0800] {local_task_job_runner.py:240} INFO - Task exited with return code 0
[2024-04-25T11:08:45.771+0800] {taskinstance.py:3482} INFO - 1 downstream tasks scheduled from follow-on schedule check
[2024-04-25T11:08:45.824+0800] {local_task_job_runner.py:222} INFO - ::endgroup::
