[2024-04-25T09:39:13.779+0800] {processor.py:161} INFO - Started process (PID=1859459) to work on /mnt/c/Users/Jason/Desktop/IS3107/is3107_DataEngineering/dags/Archive/project_main.py
[2024-04-25T09:39:13.785+0800] {processor.py:830} INFO - Processing file /mnt/c/Users/Jason/Desktop/IS3107/is3107_DataEngineering/dags/Archive/project_main.py for tasks to queue
[2024-04-25T09:39:13.791+0800] {logging_mixin.py:188} INFO - [2024-04-25T09:39:13.789+0800] {dagbag.py:540} INFO - Filling up the DagBag from /mnt/c/Users/Jason/Desktop/IS3107/is3107_DataEngineering/dags/Archive/project_main.py
[2024-04-25T09:39:21.022+0800] {processor.py:840} INFO - DAG(s) '3107_project_past' retrieved from /mnt/c/Users/Jason/Desktop/IS3107/is3107_DataEngineering/dags/Archive/project_main.py
[2024-04-25T09:39:22.902+0800] {logging_mixin.py:188} INFO - [2024-04-25T09:39:22.900+0800] {dag.py:3096} INFO - Sync 1 DAGs
[2024-04-25T09:39:22.941+0800] {logging_mixin.py:188} INFO - [2024-04-25T09:39:22.940+0800] {dag.py:3954} INFO - Setting next_dagrun for 3107_project_past to None, run_after=None
[2024-04-25T09:39:23.209+0800] {processor.py:183} INFO - Processing /mnt/c/Users/Jason/Desktop/IS3107/is3107_DataEngineering/dags/Archive/project_main.py took 9.447 seconds
[2024-04-25T11:50:05.946+0800] {processor.py:161} INFO - Started process (PID=1927934) to work on /mnt/c/Users/Jason/Desktop/IS3107/is3107_DataEngineering/dags/Archive/project_main.py
[2024-04-25T11:50:05.951+0800] {processor.py:830} INFO - Processing file /mnt/c/Users/Jason/Desktop/IS3107/is3107_DataEngineering/dags/Archive/project_main.py for tasks to queue
[2024-04-25T11:50:05.956+0800] {logging_mixin.py:188} INFO - [2024-04-25T11:50:05.954+0800] {dagbag.py:540} INFO - Filling up the DagBag from /mnt/c/Users/Jason/Desktop/IS3107/is3107_DataEngineering/dags/Archive/project_main.py
[2024-04-25T11:50:11.481+0800] {processor.py:840} INFO - DAG(s) '3107_project_past' retrieved from /mnt/c/Users/Jason/Desktop/IS3107/is3107_DataEngineering/dags/Archive/project_main.py
[2024-04-25T11:50:12.898+0800] {logging_mixin.py:188} INFO - [2024-04-25T11:50:12.897+0800] {dag.py:3096} INFO - Sync 1 DAGs
[2024-04-25T11:50:12.914+0800] {logging_mixin.py:188} INFO - [2024-04-25T11:50:12.913+0800] {dag.py:3954} INFO - Setting next_dagrun for 3107_project_past to None, run_after=None
[2024-04-25T11:50:13.034+0800] {processor.py:183} INFO - Processing /mnt/c/Users/Jason/Desktop/IS3107/is3107_DataEngineering/dags/Archive/project_main.py took 7.105 seconds
[2024-04-25T11:52:58.074+0800] {processor.py:161} INFO - Started process (PID=1929503) to work on /mnt/c/Users/Jason/Desktop/IS3107/is3107_DataEngineering/dags/Archive/project_main.py
[2024-04-25T11:52:58.076+0800] {processor.py:830} INFO - Processing file /mnt/c/Users/Jason/Desktop/IS3107/is3107_DataEngineering/dags/Archive/project_main.py for tasks to queue
[2024-04-25T11:52:58.079+0800] {logging_mixin.py:188} INFO - [2024-04-25T11:52:58.077+0800] {dagbag.py:540} INFO - Filling up the DagBag from /mnt/c/Users/Jason/Desktop/IS3107/is3107_DataEngineering/dags/Archive/project_main.py
[2024-04-25T11:53:03.345+0800] {processor.py:840} INFO - DAG(s) '3107_project_past' retrieved from /mnt/c/Users/Jason/Desktop/IS3107/is3107_DataEngineering/dags/Archive/project_main.py
[2024-04-25T11:53:03.393+0800] {logging_mixin.py:188} INFO - [2024-04-25T11:53:03.391+0800] {dag.py:3096} INFO - Sync 1 DAGs
[2024-04-25T11:53:03.556+0800] {logging_mixin.py:188} INFO - [2024-04-25T11:53:03.553+0800] {dag.py:3954} INFO - Setting next_dagrun for 3107_project_past to None, run_after=None
[2024-04-25T11:53:03.655+0800] {processor.py:183} INFO - Processing /mnt/c/Users/Jason/Desktop/IS3107/is3107_DataEngineering/dags/Archive/project_main.py took 5.594 seconds
[2024-04-25T11:54:40.805+0800] {processor.py:161} INFO - Started process (PID=1930483) to work on /mnt/c/Users/Jason/Desktop/IS3107/is3107_DataEngineering/dags/Archive/project_main.py
[2024-04-25T11:54:40.809+0800] {processor.py:830} INFO - Processing file /mnt/c/Users/Jason/Desktop/IS3107/is3107_DataEngineering/dags/Archive/project_main.py for tasks to queue
[2024-04-25T11:54:40.816+0800] {logging_mixin.py:188} INFO - [2024-04-25T11:54:40.813+0800] {dagbag.py:540} INFO - Filling up the DagBag from /mnt/c/Users/Jason/Desktop/IS3107/is3107_DataEngineering/dags/Archive/project_main.py
[2024-04-25T11:54:53.583+0800] {processor.py:840} INFO - DAG(s) '3107_project_past' retrieved from /mnt/c/Users/Jason/Desktop/IS3107/is3107_DataEngineering/dags/Archive/project_main.py
[2024-04-25T11:54:53.780+0800] {logging_mixin.py:188} INFO - [2024-04-25T11:54:53.775+0800] {dag.py:3096} INFO - Sync 1 DAGs
[2024-04-25T11:54:53.947+0800] {logging_mixin.py:188} INFO - [2024-04-25T11:54:53.896+0800] {dag.py:3954} INFO - Setting next_dagrun for 3107_project_past to None, run_after=None
[2024-04-25T11:54:54.389+0800] {processor.py:183} INFO - Processing /mnt/c/Users/Jason/Desktop/IS3107/is3107_DataEngineering/dags/Archive/project_main.py took 13.614 seconds
[2024-04-25T11:56:03.580+0800] {processor.py:161} INFO - Started process (PID=1931264) to work on /mnt/c/Users/Jason/Desktop/IS3107/is3107_DataEngineering/dags/Archive/project_main.py
[2024-04-25T11:56:03.583+0800] {processor.py:830} INFO - Processing file /mnt/c/Users/Jason/Desktop/IS3107/is3107_DataEngineering/dags/Archive/project_main.py for tasks to queue
[2024-04-25T11:56:03.587+0800] {logging_mixin.py:188} INFO - [2024-04-25T11:56:03.585+0800] {dagbag.py:540} INFO - Filling up the DagBag from /mnt/c/Users/Jason/Desktop/IS3107/is3107_DataEngineering/dags/Archive/project_main.py
[2024-04-25T11:56:09.623+0800] {processor.py:840} INFO - DAG(s) '3107_project_past' retrieved from /mnt/c/Users/Jason/Desktop/IS3107/is3107_DataEngineering/dags/Archive/project_main.py
[2024-04-25T11:56:09.675+0800] {logging_mixin.py:188} INFO - [2024-04-25T11:56:09.673+0800] {dag.py:3096} INFO - Sync 1 DAGs
[2024-04-25T11:56:09.694+0800] {logging_mixin.py:188} INFO - [2024-04-25T11:56:09.692+0800] {dag.py:3954} INFO - Setting next_dagrun for 3107_project_past to None, run_after=None
[2024-04-25T11:56:09.837+0800] {processor.py:183} INFO - Processing /mnt/c/Users/Jason/Desktop/IS3107/is3107_DataEngineering/dags/Archive/project_main.py took 6.272 seconds
[2024-04-25T11:57:10.407+0800] {processor.py:161} INFO - Started process (PID=1931922) to work on /mnt/c/Users/Jason/Desktop/IS3107/is3107_DataEngineering/dags/Archive/project_main.py
[2024-04-25T11:57:10.410+0800] {processor.py:830} INFO - Processing file /mnt/c/Users/Jason/Desktop/IS3107/is3107_DataEngineering/dags/Archive/project_main.py for tasks to queue
[2024-04-25T11:57:10.414+0800] {logging_mixin.py:188} INFO - [2024-04-25T11:57:10.412+0800] {dagbag.py:540} INFO - Filling up the DagBag from /mnt/c/Users/Jason/Desktop/IS3107/is3107_DataEngineering/dags/Archive/project_main.py
[2024-04-25T11:57:15.803+0800] {processor.py:840} INFO - DAG(s) '3107_project_past' retrieved from /mnt/c/Users/Jason/Desktop/IS3107/is3107_DataEngineering/dags/Archive/project_main.py
[2024-04-25T11:57:15.864+0800] {logging_mixin.py:188} INFO - [2024-04-25T11:57:15.861+0800] {dag.py:3096} INFO - Sync 1 DAGs
[2024-04-25T11:57:15.886+0800] {logging_mixin.py:188} INFO - [2024-04-25T11:57:15.885+0800] {dag.py:3954} INFO - Setting next_dagrun for 3107_project_past to None, run_after=None
[2024-04-25T11:57:16.022+0800] {processor.py:183} INFO - Processing /mnt/c/Users/Jason/Desktop/IS3107/is3107_DataEngineering/dags/Archive/project_main.py took 5.631 seconds
[2024-04-25T11:58:13.945+0800] {processor.py:161} INFO - Started process (PID=1932529) to work on /mnt/c/Users/Jason/Desktop/IS3107/is3107_DataEngineering/dags/Archive/project_main.py
[2024-04-25T11:58:13.947+0800] {processor.py:830} INFO - Processing file /mnt/c/Users/Jason/Desktop/IS3107/is3107_DataEngineering/dags/Archive/project_main.py for tasks to queue
[2024-04-25T11:58:13.949+0800] {logging_mixin.py:188} INFO - [2024-04-25T11:58:13.948+0800] {dagbag.py:540} INFO - Filling up the DagBag from /mnt/c/Users/Jason/Desktop/IS3107/is3107_DataEngineering/dags/Archive/project_main.py
[2024-04-25T11:58:19.212+0800] {processor.py:840} INFO - DAG(s) '3107_project_past' retrieved from /mnt/c/Users/Jason/Desktop/IS3107/is3107_DataEngineering/dags/Archive/project_main.py
[2024-04-25T11:58:19.254+0800] {logging_mixin.py:188} INFO - [2024-04-25T11:58:19.252+0800] {dag.py:3096} INFO - Sync 1 DAGs
[2024-04-25T11:58:19.278+0800] {logging_mixin.py:188} INFO - [2024-04-25T11:58:19.276+0800] {dag.py:3954} INFO - Setting next_dagrun for 3107_project_past to None, run_after=None
[2024-04-25T11:58:19.373+0800] {processor.py:183} INFO - Processing /mnt/c/Users/Jason/Desktop/IS3107/is3107_DataEngineering/dags/Archive/project_main.py took 5.441 seconds
[2024-04-25T11:59:22.854+0800] {processor.py:161} INFO - Started process (PID=1933198) to work on /mnt/c/Users/Jason/Desktop/IS3107/is3107_DataEngineering/dags/Archive/project_main.py
[2024-04-25T11:59:22.856+0800] {processor.py:830} INFO - Processing file /mnt/c/Users/Jason/Desktop/IS3107/is3107_DataEngineering/dags/Archive/project_main.py for tasks to queue
[2024-04-25T11:59:22.859+0800] {logging_mixin.py:188} INFO - [2024-04-25T11:59:22.858+0800] {dagbag.py:540} INFO - Filling up the DagBag from /mnt/c/Users/Jason/Desktop/IS3107/is3107_DataEngineering/dags/Archive/project_main.py
[2024-04-25T11:59:28.599+0800] {processor.py:840} INFO - DAG(s) '3107_project_past' retrieved from /mnt/c/Users/Jason/Desktop/IS3107/is3107_DataEngineering/dags/Archive/project_main.py
[2024-04-25T11:59:28.654+0800] {logging_mixin.py:188} INFO - [2024-04-25T11:59:28.651+0800] {dag.py:3096} INFO - Sync 1 DAGs
[2024-04-25T11:59:28.676+0800] {logging_mixin.py:188} INFO - [2024-04-25T11:59:28.674+0800] {dag.py:3954} INFO - Setting next_dagrun for 3107_project_past to None, run_after=None
[2024-04-25T11:59:28.790+0800] {processor.py:183} INFO - Processing /mnt/c/Users/Jason/Desktop/IS3107/is3107_DataEngineering/dags/Archive/project_main.py took 5.952 seconds
[2024-04-25T12:00:35.375+0800] {processor.py:161} INFO - Started process (PID=1933889) to work on /mnt/c/Users/Jason/Desktop/IS3107/is3107_DataEngineering/dags/Archive/project_main.py
[2024-04-25T12:00:35.378+0800] {processor.py:830} INFO - Processing file /mnt/c/Users/Jason/Desktop/IS3107/is3107_DataEngineering/dags/Archive/project_main.py for tasks to queue
[2024-04-25T12:00:35.383+0800] {logging_mixin.py:188} INFO - [2024-04-25T12:00:35.381+0800] {dagbag.py:540} INFO - Filling up the DagBag from /mnt/c/Users/Jason/Desktop/IS3107/is3107_DataEngineering/dags/Archive/project_main.py
[2024-04-25T12:00:44.402+0800] {processor.py:840} INFO - DAG(s) '3107_project_past' retrieved from /mnt/c/Users/Jason/Desktop/IS3107/is3107_DataEngineering/dags/Archive/project_main.py
[2024-04-25T12:00:44.485+0800] {logging_mixin.py:188} INFO - [2024-04-25T12:00:44.482+0800] {dag.py:3096} INFO - Sync 1 DAGs
[2024-04-25T12:00:44.517+0800] {logging_mixin.py:188} INFO - [2024-04-25T12:00:44.516+0800] {dag.py:3954} INFO - Setting next_dagrun for 3107_project_past to None, run_after=None
[2024-04-25T12:00:44.627+0800] {processor.py:183} INFO - Processing /mnt/c/Users/Jason/Desktop/IS3107/is3107_DataEngineering/dags/Archive/project_main.py took 9.279 seconds
[2024-04-25T12:01:54.312+0800] {processor.py:161} INFO - Started process (PID=1934641) to work on /mnt/c/Users/Jason/Desktop/IS3107/is3107_DataEngineering/dags/Archive/project_main.py
[2024-04-25T12:01:54.316+0800] {processor.py:830} INFO - Processing file /mnt/c/Users/Jason/Desktop/IS3107/is3107_DataEngineering/dags/Archive/project_main.py for tasks to queue
[2024-04-25T12:01:54.320+0800] {logging_mixin.py:188} INFO - [2024-04-25T12:01:54.318+0800] {dagbag.py:540} INFO - Filling up the DagBag from /mnt/c/Users/Jason/Desktop/IS3107/is3107_DataEngineering/dags/Archive/project_main.py
[2024-04-25T12:02:01.963+0800] {processor.py:840} INFO - DAG(s) '3107_project_past' retrieved from /mnt/c/Users/Jason/Desktop/IS3107/is3107_DataEngineering/dags/Archive/project_main.py
[2024-04-25T12:02:02.019+0800] {logging_mixin.py:188} INFO - [2024-04-25T12:02:02.018+0800] {dag.py:3096} INFO - Sync 1 DAGs
[2024-04-25T12:02:02.046+0800] {logging_mixin.py:188} INFO - [2024-04-25T12:02:02.044+0800] {dag.py:3954} INFO - Setting next_dagrun for 3107_project_past to None, run_after=None
[2024-04-25T12:02:02.234+0800] {processor.py:183} INFO - Processing /mnt/c/Users/Jason/Desktop/IS3107/is3107_DataEngineering/dags/Archive/project_main.py took 7.940 seconds
[2024-04-25T12:03:06.522+0800] {processor.py:161} INFO - Started process (PID=1935336) to work on /mnt/c/Users/Jason/Desktop/IS3107/is3107_DataEngineering/dags/Archive/project_main.py
[2024-04-25T12:03:06.524+0800] {processor.py:830} INFO - Processing file /mnt/c/Users/Jason/Desktop/IS3107/is3107_DataEngineering/dags/Archive/project_main.py for tasks to queue
[2024-04-25T12:03:06.527+0800] {logging_mixin.py:188} INFO - [2024-04-25T12:03:06.526+0800] {dagbag.py:540} INFO - Filling up the DagBag from /mnt/c/Users/Jason/Desktop/IS3107/is3107_DataEngineering/dags/Archive/project_main.py
[2024-04-25T12:03:12.127+0800] {processor.py:840} INFO - DAG(s) '3107_project_past' retrieved from /mnt/c/Users/Jason/Desktop/IS3107/is3107_DataEngineering/dags/Archive/project_main.py
[2024-04-25T12:03:12.176+0800] {logging_mixin.py:188} INFO - [2024-04-25T12:03:12.173+0800] {dag.py:3096} INFO - Sync 1 DAGs
[2024-04-25T12:03:12.200+0800] {logging_mixin.py:188} INFO - [2024-04-25T12:03:12.198+0800] {dag.py:3954} INFO - Setting next_dagrun for 3107_project_past to None, run_after=None
[2024-04-25T12:03:12.309+0800] {processor.py:183} INFO - Processing /mnt/c/Users/Jason/Desktop/IS3107/is3107_DataEngineering/dags/Archive/project_main.py took 5.797 seconds
[2024-04-25T12:04:16.110+0800] {processor.py:161} INFO - Started process (PID=1935998) to work on /mnt/c/Users/Jason/Desktop/IS3107/is3107_DataEngineering/dags/Archive/project_main.py
[2024-04-25T12:04:16.113+0800] {processor.py:830} INFO - Processing file /mnt/c/Users/Jason/Desktop/IS3107/is3107_DataEngineering/dags/Archive/project_main.py for tasks to queue
[2024-04-25T12:04:16.116+0800] {logging_mixin.py:188} INFO - [2024-04-25T12:04:16.115+0800] {dagbag.py:540} INFO - Filling up the DagBag from /mnt/c/Users/Jason/Desktop/IS3107/is3107_DataEngineering/dags/Archive/project_main.py
[2024-04-25T12:04:23.959+0800] {processor.py:840} INFO - DAG(s) '3107_project_past' retrieved from /mnt/c/Users/Jason/Desktop/IS3107/is3107_DataEngineering/dags/Archive/project_main.py
[2024-04-25T12:04:24.015+0800] {logging_mixin.py:188} INFO - [2024-04-25T12:04:24.014+0800] {dag.py:3096} INFO - Sync 1 DAGs
[2024-04-25T12:04:24.038+0800] {logging_mixin.py:188} INFO - [2024-04-25T12:04:24.036+0800] {dag.py:3954} INFO - Setting next_dagrun for 3107_project_past to None, run_after=None
[2024-04-25T12:04:24.163+0800] {processor.py:183} INFO - Processing /mnt/c/Users/Jason/Desktop/IS3107/is3107_DataEngineering/dags/Archive/project_main.py took 8.068 seconds
[2024-04-25T12:05:30.676+0800] {processor.py:161} INFO - Started process (PID=1936729) to work on /mnt/c/Users/Jason/Desktop/IS3107/is3107_DataEngineering/dags/Archive/project_main.py
[2024-04-25T12:05:30.677+0800] {processor.py:830} INFO - Processing file /mnt/c/Users/Jason/Desktop/IS3107/is3107_DataEngineering/dags/Archive/project_main.py for tasks to queue
[2024-04-25T12:05:30.679+0800] {logging_mixin.py:188} INFO - [2024-04-25T12:05:30.678+0800] {dagbag.py:540} INFO - Filling up the DagBag from /mnt/c/Users/Jason/Desktop/IS3107/is3107_DataEngineering/dags/Archive/project_main.py
[2024-04-25T12:05:35.488+0800] {processor.py:840} INFO - DAG(s) '3107_project_past' retrieved from /mnt/c/Users/Jason/Desktop/IS3107/is3107_DataEngineering/dags/Archive/project_main.py
[2024-04-25T12:05:35.529+0800] {logging_mixin.py:188} INFO - [2024-04-25T12:05:35.528+0800] {dag.py:3096} INFO - Sync 1 DAGs
[2024-04-25T12:05:35.548+0800] {logging_mixin.py:188} INFO - [2024-04-25T12:05:35.546+0800] {dag.py:3954} INFO - Setting next_dagrun for 3107_project_past to None, run_after=None
[2024-04-25T12:05:35.668+0800] {processor.py:183} INFO - Processing /mnt/c/Users/Jason/Desktop/IS3107/is3107_DataEngineering/dags/Archive/project_main.py took 5.003 seconds
[2024-04-25T12:06:32.627+0800] {processor.py:161} INFO - Started process (PID=1937323) to work on /mnt/c/Users/Jason/Desktop/IS3107/is3107_DataEngineering/dags/Archive/project_main.py
[2024-04-25T12:06:32.629+0800] {processor.py:830} INFO - Processing file /mnt/c/Users/Jason/Desktop/IS3107/is3107_DataEngineering/dags/Archive/project_main.py for tasks to queue
[2024-04-25T12:06:32.631+0800] {logging_mixin.py:188} INFO - [2024-04-25T12:06:32.630+0800] {dagbag.py:540} INFO - Filling up the DagBag from /mnt/c/Users/Jason/Desktop/IS3107/is3107_DataEngineering/dags/Archive/project_main.py
[2024-04-25T12:06:37.466+0800] {processor.py:840} INFO - DAG(s) '3107_project_past' retrieved from /mnt/c/Users/Jason/Desktop/IS3107/is3107_DataEngineering/dags/Archive/project_main.py
[2024-04-25T12:06:37.500+0800] {logging_mixin.py:188} INFO - [2024-04-25T12:06:37.499+0800] {dag.py:3096} INFO - Sync 1 DAGs
[2024-04-25T12:06:37.519+0800] {logging_mixin.py:188} INFO - [2024-04-25T12:06:37.518+0800] {dag.py:3954} INFO - Setting next_dagrun for 3107_project_past to None, run_after=None
[2024-04-25T12:06:37.651+0800] {processor.py:183} INFO - Processing /mnt/c/Users/Jason/Desktop/IS3107/is3107_DataEngineering/dags/Archive/project_main.py took 5.036 seconds
[2024-04-25T12:07:32.995+0800] {processor.py:161} INFO - Started process (PID=1937916) to work on /mnt/c/Users/Jason/Desktop/IS3107/is3107_DataEngineering/dags/Archive/project_main.py
[2024-04-25T12:07:32.996+0800] {processor.py:830} INFO - Processing file /mnt/c/Users/Jason/Desktop/IS3107/is3107_DataEngineering/dags/Archive/project_main.py for tasks to queue
[2024-04-25T12:07:32.998+0800] {logging_mixin.py:188} INFO - [2024-04-25T12:07:32.997+0800] {dagbag.py:540} INFO - Filling up the DagBag from /mnt/c/Users/Jason/Desktop/IS3107/is3107_DataEngineering/dags/Archive/project_main.py
[2024-04-25T12:07:37.888+0800] {processor.py:840} INFO - DAG(s) '3107_project_past' retrieved from /mnt/c/Users/Jason/Desktop/IS3107/is3107_DataEngineering/dags/Archive/project_main.py
[2024-04-25T12:07:37.943+0800] {logging_mixin.py:188} INFO - [2024-04-25T12:07:37.941+0800] {dag.py:3096} INFO - Sync 1 DAGs
[2024-04-25T12:07:37.963+0800] {logging_mixin.py:188} INFO - [2024-04-25T12:07:37.962+0800] {dag.py:3954} INFO - Setting next_dagrun for 3107_project_past to None, run_after=None
[2024-04-25T12:07:38.077+0800] {processor.py:183} INFO - Processing /mnt/c/Users/Jason/Desktop/IS3107/is3107_DataEngineering/dags/Archive/project_main.py took 5.092 seconds
[2024-04-25T12:08:30.023+0800] {processor.py:161} INFO - Started process (PID=1938466) to work on /mnt/c/Users/Jason/Desktop/IS3107/is3107_DataEngineering/dags/Archive/project_main.py
[2024-04-25T12:08:30.025+0800] {processor.py:830} INFO - Processing file /mnt/c/Users/Jason/Desktop/IS3107/is3107_DataEngineering/dags/Archive/project_main.py for tasks to queue
[2024-04-25T12:08:30.027+0800] {logging_mixin.py:188} INFO - [2024-04-25T12:08:30.026+0800] {dagbag.py:540} INFO - Filling up the DagBag from /mnt/c/Users/Jason/Desktop/IS3107/is3107_DataEngineering/dags/Archive/project_main.py
[2024-04-25T12:08:35.357+0800] {processor.py:840} INFO - DAG(s) '3107_project_past' retrieved from /mnt/c/Users/Jason/Desktop/IS3107/is3107_DataEngineering/dags/Archive/project_main.py
[2024-04-25T12:08:35.416+0800] {logging_mixin.py:188} INFO - [2024-04-25T12:08:35.413+0800] {dag.py:3096} INFO - Sync 1 DAGs
[2024-04-25T12:08:35.439+0800] {logging_mixin.py:188} INFO - [2024-04-25T12:08:35.437+0800] {dag.py:3954} INFO - Setting next_dagrun for 3107_project_past to None, run_after=None
[2024-04-25T12:08:35.543+0800] {processor.py:183} INFO - Processing /mnt/c/Users/Jason/Desktop/IS3107/is3107_DataEngineering/dags/Archive/project_main.py took 5.531 seconds
[2024-04-25T12:09:29.989+0800] {processor.py:161} INFO - Started process (PID=1939064) to work on /mnt/c/Users/Jason/Desktop/IS3107/is3107_DataEngineering/dags/Archive/project_main.py
[2024-04-25T12:09:29.991+0800] {processor.py:830} INFO - Processing file /mnt/c/Users/Jason/Desktop/IS3107/is3107_DataEngineering/dags/Archive/project_main.py for tasks to queue
[2024-04-25T12:09:29.995+0800] {logging_mixin.py:188} INFO - [2024-04-25T12:09:29.993+0800] {dagbag.py:540} INFO - Filling up the DagBag from /mnt/c/Users/Jason/Desktop/IS3107/is3107_DataEngineering/dags/Archive/project_main.py
[2024-04-25T12:09:35.825+0800] {processor.py:840} INFO - DAG(s) '3107_project_past' retrieved from /mnt/c/Users/Jason/Desktop/IS3107/is3107_DataEngineering/dags/Archive/project_main.py
[2024-04-25T12:09:35.878+0800] {logging_mixin.py:188} INFO - [2024-04-25T12:09:35.876+0800] {dag.py:3096} INFO - Sync 1 DAGs
[2024-04-25T12:09:35.904+0800] {logging_mixin.py:188} INFO - [2024-04-25T12:09:35.901+0800] {dag.py:3954} INFO - Setting next_dagrun for 3107_project_past to None, run_after=None
[2024-04-25T12:09:36.019+0800] {processor.py:183} INFO - Processing /mnt/c/Users/Jason/Desktop/IS3107/is3107_DataEngineering/dags/Archive/project_main.py took 6.047 seconds
[2024-04-25T12:10:47.423+0800] {processor.py:161} INFO - Started process (PID=1939784) to work on /mnt/c/Users/Jason/Desktop/IS3107/is3107_DataEngineering/dags/Archive/project_main.py
[2024-04-25T12:10:47.426+0800] {processor.py:830} INFO - Processing file /mnt/c/Users/Jason/Desktop/IS3107/is3107_DataEngineering/dags/Archive/project_main.py for tasks to queue
[2024-04-25T12:10:47.430+0800] {logging_mixin.py:188} INFO - [2024-04-25T12:10:47.428+0800] {dagbag.py:540} INFO - Filling up the DagBag from /mnt/c/Users/Jason/Desktop/IS3107/is3107_DataEngineering/dags/Archive/project_main.py
[2024-04-25T12:10:54.700+0800] {processor.py:840} INFO - DAG(s) '3107_project_past' retrieved from /mnt/c/Users/Jason/Desktop/IS3107/is3107_DataEngineering/dags/Archive/project_main.py
[2024-04-25T12:10:54.772+0800] {logging_mixin.py:188} INFO - [2024-04-25T12:10:54.769+0800] {dag.py:3096} INFO - Sync 1 DAGs
[2024-04-25T12:10:54.799+0800] {logging_mixin.py:188} INFO - [2024-04-25T12:10:54.797+0800] {dag.py:3954} INFO - Setting next_dagrun for 3107_project_past to None, run_after=None
[2024-04-25T12:10:54.938+0800] {processor.py:183} INFO - Processing /mnt/c/Users/Jason/Desktop/IS3107/is3107_DataEngineering/dags/Archive/project_main.py took 7.535 seconds
[2024-04-25T12:12:06.161+0800] {processor.py:161} INFO - Started process (PID=1940542) to work on /mnt/c/Users/Jason/Desktop/IS3107/is3107_DataEngineering/dags/Archive/project_main.py
[2024-04-25T12:12:06.164+0800] {processor.py:830} INFO - Processing file /mnt/c/Users/Jason/Desktop/IS3107/is3107_DataEngineering/dags/Archive/project_main.py for tasks to queue
[2024-04-25T12:12:06.168+0800] {logging_mixin.py:188} INFO - [2024-04-25T12:12:06.166+0800] {dagbag.py:540} INFO - Filling up the DagBag from /mnt/c/Users/Jason/Desktop/IS3107/is3107_DataEngineering/dags/Archive/project_main.py
[2024-04-25T12:12:11.386+0800] {processor.py:840} INFO - DAG(s) '3107_project_past' retrieved from /mnt/c/Users/Jason/Desktop/IS3107/is3107_DataEngineering/dags/Archive/project_main.py
[2024-04-25T12:12:11.439+0800] {logging_mixin.py:188} INFO - [2024-04-25T12:12:11.437+0800] {dag.py:3096} INFO - Sync 1 DAGs
[2024-04-25T12:12:11.459+0800] {logging_mixin.py:188} INFO - [2024-04-25T12:12:11.457+0800] {dag.py:3954} INFO - Setting next_dagrun for 3107_project_past to None, run_after=None
[2024-04-25T12:12:11.554+0800] {processor.py:183} INFO - Processing /mnt/c/Users/Jason/Desktop/IS3107/is3107_DataEngineering/dags/Archive/project_main.py took 5.411 seconds
[2024-04-25T12:13:14.285+0800] {processor.py:161} INFO - Started process (PID=1941210) to work on /mnt/c/Users/Jason/Desktop/IS3107/is3107_DataEngineering/dags/Archive/project_main.py
[2024-04-25T12:13:14.287+0800] {processor.py:830} INFO - Processing file /mnt/c/Users/Jason/Desktop/IS3107/is3107_DataEngineering/dags/Archive/project_main.py for tasks to queue
[2024-04-25T12:13:14.291+0800] {logging_mixin.py:188} INFO - [2024-04-25T12:13:14.289+0800] {dagbag.py:540} INFO - Filling up the DagBag from /mnt/c/Users/Jason/Desktop/IS3107/is3107_DataEngineering/dags/Archive/project_main.py
[2024-04-25T12:13:19.306+0800] {processor.py:840} INFO - DAG(s) '3107_project_past' retrieved from /mnt/c/Users/Jason/Desktop/IS3107/is3107_DataEngineering/dags/Archive/project_main.py
[2024-04-25T12:13:19.380+0800] {logging_mixin.py:188} INFO - [2024-04-25T12:13:19.378+0800] {dag.py:3096} INFO - Sync 1 DAGs
[2024-04-25T12:13:19.402+0800] {logging_mixin.py:188} INFO - [2024-04-25T12:13:19.400+0800] {dag.py:3954} INFO - Setting next_dagrun for 3107_project_past to None, run_after=None
[2024-04-25T12:13:19.481+0800] {processor.py:183} INFO - Processing /mnt/c/Users/Jason/Desktop/IS3107/is3107_DataEngineering/dags/Archive/project_main.py took 5.211 seconds
